 
:: initializing oneAPI environment ...
   slurm_script: BASH_VERSION = 4.2.46(1)-release
   args: Using "$@" for setvars.sh arguments: --force
:: advisor -- latest
:: ccl -- latest
:: clck -- latest
:: compiler -- latest
:: dal -- latest
:: debugger -- latest
:: dev-utilities -- latest
:: dnnl -- latest
:: dpcpp-ct -- latest
:: dpl -- latest
:: inspector -- latest
:: intelpython -- latest
:: ipp -- latest
:: ippcp -- latest
:: ipp -- latest
:: itac -- latest
:: mkl -- latest
:: mpi -- latest
:: tbb -- latest
:: vpl -- latest
:: vtune -- latest
:: oneAPI environment initialized ::
 
WARN: HOMO 0.526374733758892 == LUMO 0.526374733758895
WARN: alpha nocc = 14  HOMO 0.532748197143349 >= LUMO 0.532748197143349
WARN: beta  nocc = 14  HOMO 0.532694520684341 >= LUMO 0.532694520684341
WARN: system HOMO 0.532694520684341 >= system LUMO 0.532694520684341
WARN: alpha nocc = 15  HOMO 0.682914284989995 >= LUMO 0.682914284990005
WARN: system HOMO 0.682914284989995 >= system LUMO 0.340262797648808
WARN: system HOMO -0.441677538890275 >= system LUMO -0.641724656843936
WARN: system HOMO 1.12913092625525 >= system LUMO 1.01663236622113
WARN: alpha nocc = 15  HOMO 0.965686675434827 >= LUMO 0.966668123605377
WARN: system HOMO 0.964517481764524 >= system LUMO 0.95862028444476
WARN: system HOMO 0.726266811786203 >= system LUMO 0.711321643987545
WARN: system HOMO 0.33711831311359 >= system LUMO 0.222614508473293
[1.00000000e+00 1.00000000e+00 9.99999992e-01 7.04429867e-01
 6.08200736e-01 3.66619398e-01 2.94810791e-01 1.70659208e-02
 4.73980580e-03 4.12217166e-03 1.13186749e-05 2.70956419e-28
 7.22974373e-29 5.79966271e-29 2.18803780e-29 1.30489111e-29
 7.45705375e-30 4.28840489e-30 2.00018841e-30 4.45250334e-31
 2.96253109e-31 2.81620556e-31 1.48368881e-31]
[ 4  5  6  7  8 12 16 17 18 22]
10
12

dr = -0.10, dr = -0.10
erhf = -169.733573, eu0hf = -169.597438, eu1hf = -169.724419
e_casci_list = -169.746625, e_casscf_list = -169.894058
[1.00000000e+00 1.00000000e+00 9.99999991e-01 6.98769973e-01
 6.14807618e-01 3.65334922e-01 3.00599575e-01 1.34646178e-02
 3.80229078e-03 3.21189984e-03 9.11329543e-06 1.02235733e-28
 2.08611672e-29 1.77520956e-29 1.50353992e-29 5.82317093e-30
 5.56704300e-30 3.86875851e-30 1.64216687e-30 1.25758307e-30
 5.62545653e-31 6.97412408e-32 2.80600992e-32]
[ 4  5  6  7  8 12 16 17 18 22]
10
12

dr = -0.09, dr = -0.09
erhf = -169.736801, eu0hf = -169.601298, eu1hf = -169.724241
e_casci_list = -169.749785, e_casscf_list = -169.898741
[1.00000000e+00 1.00000000e+00 9.99999988e-01 6.93082293e-01
 6.21169234e-01 3.63524794e-01 3.06420975e-01 1.03916972e-02
 2.97033336e-03 2.43352996e-03 7.15502537e-06 1.63162201e-28
 2.66489363e-29 2.18617321e-29 1.85776532e-29 6.94267696e-30
 4.97029867e-30 4.85811078e-30 2.96727749e-30 3.29461157e-31
 1.26288454e-31 4.74297273e-32 1.56630711e-32]
[ 4  5  6  7  8 12 16 17 18 22]
10
12

dr = -0.08, dr = -0.08
erhf = -169.739607, eu0hf = -169.604666, eu1hf = -169.723503
e_casci_list = -169.752531, e_casscf_list = -169.996601
[1.00000000e+00 1.00000000e+00 9.99999985e-01 6.87366568e-01
 6.27296414e-01 3.61223471e-01 3.12279564e-01 7.80535929e-03
 2.24425960e-03 1.77892795e-03 5.45121633e-06 1.81727431e-27
 3.32482270e-28 1.80791928e-28 1.39323350e-29 1.18962690e-29
 8.19787424e-30 7.74334636e-30 2.98977291e-30 1.37248064e-30
 9.45964434e-32 8.65084866e-32 2.42160854e-32]
[ 4  5  6  7  8 12 16 17 18 22]
10
12

dr = -0.07, dr = -0.07
erhf = -169.741998, eu0hf = -169.607545, eu1hf = -169.722244
e_casci_list = -169.754871, e_casscf_list = -169.996840
[1.00000000e+00 1.00000000e+00 9.99999981e-01 6.81620158e-01
 6.33202574e-01 3.58460416e-01 3.18184220e-01 5.66456795e-03
 1.62361549e-03 1.24045949e-03 4.00866577e-06 9.05134188e-28
 3.98298921e-28 5.23545298e-29 4.10837854e-29 2.66644549e-29
 1.73769113e-29 1.54864628e-29 1.01780843e-30 5.85566764e-31
 1.37128508e-31 1.06475175e-31 5.66744984e-32]
[ 4  5  6  7  8 12 16 17 18 22]
10
12

dr = -0.06, dr = -0.06
erhf = -169.743979, eu0hf = -169.609938, eu1hf = -169.720593
e_casci_list = -169.756811, e_casscf_list = -169.899514
[1.00000000e+00 1.00000000e+00 9.99999976e-01 6.75836296e-01
 6.38905389e-01 3.55256097e-01 3.24151503e-01 3.92980858e-03
 1.10720487e-03 8.10892127e-04 2.83367247e-06 4.70123574e-27
 2.82727750e-28 2.79071618e-28 6.48769065e-29 1.63185776e-29
 6.32089246e-30 2.06937989e-30 1.37584573e-30 3.18314498e-31
 3.06992248e-31 9.21066685e-32 8.68736183e-32]
[ 4  5  6  7  8 12 17 18 22]
9
12

dr = -0.05, dr = -0.05
erhf = -169.745554, eu0hf = -169.611847, eu1hf = -169.719232
e_casci_list = -169.758288, e_casscf_list = -169.889274
[1.00000000e+00 1.00000000e+00 9.99999969e-01 6.69999224e-01
 6.44431688e-01 3.51613607e-01 3.30213575e-01 2.56357684e-03
 6.93137874e-04 4.83290445e-04 1.93198009e-06 8.77302571e-27
 6.30436396e-28 1.50698400e-28 7.11648897e-29 5.30076682e-29
 1.73548481e-29 3.95658493e-30 3.95525681e-30 7.93814334e-31
 2.99666749e-31 2.11040271e-31 1.84551126e-31]
[ 4  5  6  7  8 12 17 18]
8
12

dr = -0.04, dr = -0.04
erhf = -169.746727, eu0hf = -169.613269, eu1hf = -169.719714
e_casci_list = -169.755282, e_casscf_list = -169.824664
[1.00000000e+00 1.00000000e+00 9.99999960e-01 6.64070661e-01
 6.49831009e-01 3.47498941e-01 3.36437615e-01 1.53069729e-03
 3.78884847e-04 2.50923471e-04 1.30870678e-06 1.42286227e-26
 7.05775230e-28 2.99707854e-28 4.73878770e-29 2.98724670e-29
 2.00472512e-29 1.70167177e-29 8.73826108e-30 4.21063832e-30
 6.79113541e-31 6.15326161e-31 1.68331444e-31]
[ 4  5  6  7  8 11 17 18]
8
12

dr = -0.03, dr = -0.03
erhf = -169.747497, eu0hf = -169.614204, eu1hf = -169.721294
e_casci_list = -169.755094, e_casscf_list = -169.867108
[1.00000000e+00 1.00000000e+00 1.00000000e+00 6.57942520e-01
 6.55223343e-01 3.42981479e-01 3.42784628e-01 7.98521450e-04
 1.61334900e-04 1.07204815e-04 9.68715575e-07 1.44366267e-25
 2.26420603e-27 1.53431911e-27 1.22755902e-28 9.33401949e-29
 2.79526878e-29 2.23848451e-29 1.04116888e-29 2.89547567e-30
 2.12389697e-30 7.16302757e-31 2.15573748e-31]
[ 5  6  7  8 11 17 18]
7
10

dr = -0.02, dr = -0.02
erhf = -169.747864, eu0hf = -169.614648, eu1hf = -169.723154
e_casci_list = -169.752741, e_casscf_list = -169.862055
[1.00000000e+00 1.00000000e+00 1.00000000e+00 6.61041542e-01
 6.51192539e-01 3.50231247e-01 3.37114422e-01 3.36934712e-04
 4.55460729e-05 3.68540916e-05 9.14819567e-07 3.37958771e-27
 3.10013911e-27 1.95462442e-27 3.34205715e-29 1.85043186e-29
 1.45744702e-29 1.00336583e-29 4.22073133e-30 1.14839421e-30
 1.07973001e-30 5.84995433e-31 2.23334969e-31]
[ 5  6  7  8 11 17 18]
7
10

dr = -0.01, dr = -0.01
erhf = -169.747825, eu0hf = -169.614595, eu1hf = -169.724930
e_casci_list = -169.752468, e_casscf_list = -169.860059
[1.00000000e+00 1.00000000e+00 1.00000000e+00 6.68838120e-01
 6.42280612e-01 3.57539075e-01 3.31161877e-01 1.18407794e-04
 5.94050033e-05 1.35310902e-06 1.15001838e-06 1.74115455e-26
 8.84666948e-29 5.72005352e-29 2.35038697e-29 1.72971986e-29
 9.85932371e-30 7.07624836e-30 2.71285317e-30 1.03054938e-30
 3.23219230e-31 5.69807391e-32 3.57332835e-32]
[ 5  6  7  8 11 17 18]
7
10

dr =  0.00, dr =  0.00
erhf = -169.747378, eu0hf = -169.614039, eu1hf = -169.726446
e_casci_list = -169.751295, e_casscf_list = -169.857948
[1.00000000e+00 1.00000000e+00 1.00000000e+00 6.63022901e-01
 6.46808599e-01 3.44935361e-01 3.44921023e-01 1.42176212e-04
 1.17920107e-04 5.03440948e-05 1.67602623e-06 8.58858578e-26
 1.79038809e-26 1.92161892e-28 3.15015936e-29 1.49925779e-29
 2.94695811e-30 1.85281061e-30 1.36030855e-30 1.16353226e-30
 6.55860322e-31 3.55643293e-31 1.28690302e-31]
[ 5  6  7  8 11 17 18]
7
10

dr =  0.01, dr =  0.01
erhf = -169.746514, eu0hf = -169.612970, eu1hf = -169.727604
e_casci_list = -169.752371, e_casscf_list = -169.858296
[1.00000000e+00 1.00000000e+00 1.00000000e+00 6.69709952e-01
 6.38674272e-01 3.57210654e-01 3.33623631e-01 3.12817841e-04
 2.87172747e-04 1.79006969e-04 2.49339821e-06 4.61719877e-27
 2.19225336e-27 2.98849358e-28 2.29069195e-29 1.42850591e-29
 4.72735287e-30 4.28897080e-30 2.14668378e-30 1.30993267e-30
 5.09155324e-31 3.10856241e-31 2.02346249e-31]
[ 5  6  7  8 11 17 18]
7
10

dr =  0.02, dr =  0.02
erhf = -169.745228, eu0hf = -169.611380, eu1hf = -169.728344
e_casci_list = -169.749646, e_casscf_list = -169.854931
[1.00000000e+00 1.00000000e+00 1.00000000e+00 6.74456163e-01
 6.32332537e-01 3.64983598e-01 3.26671556e-01 6.82689191e-04
 4.87606407e-04 3.82249705e-04 3.60145734e-06 1.69258534e-26
 2.67817987e-27 3.61581226e-28 6.26016439e-29 2.25329321e-29
 9.58472675e-30 9.43098004e-30 7.97086634e-30 5.28520371e-31
 1.72404095e-31 1.20711464e-31 1.13815869e-31]
[ 5  6  7  8 11 17 18]
7
10

dr =  0.03, dr =  0.03
erhf = -169.743509, eu0hf = -169.609255, eu1hf = -169.728623
e_casci_list = -169.748048, e_casscf_list = -169.854695
[1.00000000e+00 1.00000000e+00 1.00000000e+00 6.78661513e-01
 6.26395089e-01 3.71582506e-01 3.20755331e-01 1.20921413e-03
 7.36581276e-04 6.54767683e-04 4.99819350e-06 1.56425547e-28
 2.32158864e-29 9.80670845e-30 4.61950872e-30 4.15473940e-30
 3.11934426e-30 1.72212439e-30 6.51407588e-31 4.82604636e-31
 4.39986981e-31 3.41279767e-31 7.66234768e-32]
[ 4  5  6  7  8 11 17 18]
8
12

dr =  0.04, dr =  0.04
erhf = -169.741346, eu0hf = -169.606582, eu1hf = -169.728404
e_casci_list = -169.746248, e_casscf_list = -169.853035
[1.00000000e+00 1.00000000e+00 1.00000000e+00 6.82571301e-01
 6.20628095e-01 3.77727883e-01 3.15171830e-01 1.87601013e-03
 1.02710057e-03 9.91100555e-04 6.68017234e-06 9.28667568e-28
 5.64562020e-28 4.74146434e-28 5.69372596e-29 3.00012687e-29
 1.72760420e-29 5.97629327e-30 5.91555219e-30 1.02470515e-30
 2.06351842e-31 2.05692746e-31 1.86975308e-31]
[ 4  5  6  7  8 11 16 17 18]
9
12

dr =  0.05, dr =  0.05
erhf = -169.738725, eu0hf = -169.603348, eu1hf = -169.727657
e_casci_list = -169.747638, e_casscf_list = -169.868881
[1.00000000e+00 1.00000000e+00 1.00000000e+00 6.86265709e-01
 6.14962537e-01 3.83638852e-01 3.09718007e-01 2.66848007e-03
 1.38568620e-03 1.35208650e-03 8.64245764e-06 3.67771424e-27
 2.38665167e-27 2.68594134e-29 2.26107945e-29 2.13309019e-29
 1.59468944e-29 2.22296522e-30 9.40731637e-31 3.24966355e-31
 2.90432411e-31 1.10071888e-31 7.03694245e-33]
[ 4  5  6  7  8 11 16 17 18 22]
10
12

dr =  0.06, dr =  0.06
erhf = -169.735630, eu0hf = -169.599533, eu1hf = -169.726355
e_casci_list = -169.744923, e_casscf_list = -169.870778
[1.00000000e+00 1.00000000e+00 1.00000000e+00 6.89781265e-01
 6.09372653e-01 3.89400723e-01 3.04323490e-01 3.57366671e-03
 1.83291138e-03 1.70441238e-03 1.08785500e-05 3.67234016e-27
 1.80548177e-28 7.82345053e-29 6.87317311e-30 2.90272838e-30
 1.70317462e-30 1.26611239e-30 1.11165896e-30 1.09965416e-30
 5.43809524e-31 3.26172163e-31 2.02844488e-31]
[ 4  5  6  7  8 11 16 17 18 22]
10
12

dr =  0.07, dr =  0.07
erhf = -169.732045, eu0hf = -169.595121, eu1hf = -169.724470
e_casci_list = -169.741462, e_casscf_list = -169.857990
[1.00000000e+00 1.00000000e+00 1.00000000e+00 6.93138747e-01
 6.03847928e-01 3.95051947e-01 2.98963776e-01 4.58011627e-03
 2.32715896e-03 2.07694610e-03 1.33803439e-05 5.00037249e-26
 5.92252813e-28 1.86573721e-28 2.01936866e-29 1.13451982e-29
 8.47495650e-30 7.08007293e-30 2.00145947e-30 1.27358573e-30
 3.74996669e-31 9.53002798e-32 5.02446689e-32]
[ 4  5  6  7  8 11 16 17 18 22]
10
12

dr =  0.08, dr =  0.08
erhf = -169.727949, eu0hf = -169.590092, eu1hf = -169.721973
e_casci_list = -169.737489, e_casscf_list = -169.862095
[1.00000000e+00 1.00000000e+00 1.00000000e+00 6.96351980e-01
 5.98384202e-01 4.00611389e-01 2.93633083e-01 5.67775303e-03
 2.86285137e-03 2.46260315e-03 1.61381040e-05 3.78070584e-25
 1.05421990e-27 6.55148933e-29 2.84987387e-29 2.28507059e-29
 2.10798306e-29 9.24947270e-31 7.78024137e-31 3.97660513e-31
 8.20036988e-32 4.25949600e-32 5.93893071e-33]
[ 4  5  6  7  8 12 16 17 18 22]
10
12

dr =  0.09, dr =  0.09
erhf = -169.723320, eu0hf = -169.584422, eu1hf = -169.718839
e_casci_list = -169.732884, e_casscf_list = -169.971664
[1.00000000e+00 1.00000000e+00 1.00000000e+00 6.99431208e-01
 5.92980191e-01 4.06088716e-01 2.88334081e-01 6.85776572e-03
 3.43449030e-03 2.85440765e-03 1.91404614e-05 7.58039584e-27
 3.23145678e-28 6.49008656e-29 4.95173930e-29 2.88123551e-29
 2.56612147e-29 1.40229277e-29 1.01129048e-29 5.46063903e-30
 2.64315776e-31 2.10564836e-31 1.32269072e-31]
[ 4  5  6  7  8 12 16 17 18 22]
10
12

dr =  0.10, dr =  0.10
erhf = -169.718136, eu0hf = -169.578089, eu1hf = -169.715038
e_casci_list = -169.727807, e_casscf_list = -169.961254
