 
:: initializing oneAPI environment ...
   slurm_script: BASH_VERSION = 4.2.46(1)-release
   args: Using "$@" for setvars.sh arguments: --force
:: advisor -- latest
:: ccl -- latest
:: clck -- latest
:: compiler -- latest
:: dal -- latest
:: debugger -- latest
:: dev-utilities -- latest
:: dnnl -- latest
:: dpcpp-ct -- latest
:: dpl -- latest
:: inspector -- latest
:: intelpython -- latest
:: ipp -- latest
:: ippcp -- latest
:: ipp -- latest
:: itac -- latest
:: mkl -- latest
:: mpi -- latest
:: tbb -- latest
:: vpl -- latest
:: vtune -- latest
:: oneAPI environment initialized ::
 
WARN: HOMO 0.52637473375889 == LUMO 0.526374733758891
WARN: alpha nocc = 14  HOMO 0.532748197143295 >= LUMO 0.532748197143296
WARN: beta  nocc = 14  HOMO 0.53269452068429 >= LUMO 0.532694520684292
WARN: system HOMO 0.53269452068429 >= system LUMO 0.532694520684292
WARN: alpha nocc = 15  HOMO 0.682914284989988 >= LUMO 0.682914284989997
WARN: system HOMO 0.682914284989988 >= system LUMO 0.340262797648802
WARN: system HOMO -0.44160120497315 >= system LUMO -0.641811259904234
WARN: system HOMO 1.12913086799692 >= system LUMO 1.0166343641173
WARN: alpha nocc = 15  HOMO 0.965705587628877 >= LUMO 0.966690132376953
WARN: system HOMO 0.964536666113089 >= system LUMO 0.958641597476522
WARN: system HOMO 0.726417049861756 >= system LUMO 0.711384508607344
WARN: system HOMO 0.335956475765824 >= system LUMO 0.165159916823923
[1.00000000e+00 1.00000000e+00 1.00000000e+00 7.04429652e-01
 6.08201017e-01 3.66619201e-01 2.94810933e-01 1.70659058e-02
 4.73980551e-03 4.12216763e-03 1.13188005e-05 3.84970222e-28
 6.60167716e-29 4.80727820e-29 1.83350379e-29 9.98101313e-30
 8.75531508e-30 6.75558481e-30 3.70776794e-30 2.89758355e-30
 4.69239495e-31 3.23831417e-31 2.85705157e-31]
[ 0  4  5  6  7  8 12 16 17 18 22]
[-4.10766122  0.07502491  0.11313118  0.11378728  0.11924575  0.25877058
  0.34342562  0.89949001  1.07987429  1.10778891  2.56034636]
11
14

dr = -0.10, dr = -0.10
erhf = -169.733572, eu0hf = -169.595467, eu1hf = -169.723760
e_casci_list = -169.744950, e_casscf_list = -169.890077
[1.00000000e+00 1.00000000e+00 1.00000000e+00 6.98770289e-01
 6.14807382e-01 3.65335093e-01 3.00599227e-01 1.34647243e-02
 3.80228352e-03 3.21188833e-03 9.11332920e-06 5.46062985e-28
 2.99482882e-28 2.40648638e-28 6.97034215e-29 3.87181141e-29
 1.79246587e-29 9.57935587e-30 9.19165792e-30 6.18502547e-30
 9.99322850e-31 3.06013593e-31 1.22661582e-31]
[ 4  5  6  7  8 12 16 17 18 22]
[0.0762074  0.11541993 0.11648588 0.12144217 0.26252485 0.33939604
 0.89776826 1.08384782 1.11007684 2.57185341]
10
12

dr = -0.09, dr = -0.09
erhf = -169.736800, eu0hf = -169.599284, eu1hf = -169.723506
e_casci_list = -169.749785, e_casscf_list = -169.992587
[1.00000000e+00 1.00000000e+00 1.00000000e+00 6.93082413e-01
 6.21169217e-01 3.63524892e-01 3.06420692e-01 1.03917826e-02
 2.97032739e-03 2.43352109e-03 7.15510632e-06 1.53537002e-28
 7.45219053e-29 6.27625265e-29 5.03269752e-29 2.04659645e-29
 1.83140763e-29 1.01963218e-29 2.28919026e-30 6.66503365e-31
 1.11976606e-31 8.91070082e-32 3.36542801e-32]
[ 4  5  6  7  8 12 16 17 18 22]
[0.07720331 0.11759287 0.11908061 0.12352086 0.2662473  0.33524321
 0.89606593 1.08788364 1.11220939 2.58443898]
10
12

dr = -0.08, dr = -0.08
erhf = -169.739607, eu0hf = -169.602609, eu1hf = -169.722656
e_casci_list = -169.752531, e_casscf_list = -169.899330
[1.00000000e+00 1.00000000e+00 1.00000000e+00 6.87366486e-01
 6.27296624e-01 3.61223471e-01 3.12279362e-01 7.80542791e-03
 2.24425478e-03 1.77892245e-03 5.45135017e-06 1.13644760e-27
 3.72052012e-28 1.09974446e-28 3.84307913e-29 1.78988729e-29
 1.63903130e-29 1.54221645e-29 4.89372493e-30 2.58569501e-30
 3.43453866e-31 1.79446935e-31 1.25012422e-31]
[ 4  5  6  7  8 12 16 17 18 22]
[0.07801884 0.11964598 0.12156599 0.12547781 0.26992343 0.33096534
 0.89438727 1.09198294 1.11418315 2.59810137]
10
12

dr = -0.07, dr = -0.07
erhf = -169.741998, eu0hf = -169.605447, eu1hf = -169.721211
e_casci_list = -169.754871, e_casscf_list = -169.899350
[1.00000000e+00 1.00000000e+00 1.00000000e+00 6.81619860e-01
 6.33203030e-01 3.58460279e-01 3.18184128e-01 5.66462334e-03
 1.62361172e-03 1.24045806e-03 4.00885871e-06 7.28643856e-28
 3.82232988e-28 2.89402690e-28 9.86979370e-29 1.64238601e-29
 7.78772677e-30 2.50985850e-30 1.48571846e-30 7.02279792e-31
 5.23458748e-31 2.30910638e-31 6.89935444e-32]
[ 4  5  6  7  8 12 16 17 18 22]
[0.07865998 0.1215754  0.12393686 0.12730936 0.27353924 0.32656091
 0.89273631 1.09614643 1.11599572 2.61284016]
10
12

dr = -0.06, dr = -0.06
erhf = -169.743979, eu0hf = -169.607800, eu1hf = -169.719171
e_casci_list = -169.756811, e_casscf_list = -169.897682
[1.00000000e+00 1.00000000e+00 1.00000000e+00 6.75835757e-01
 6.38906121e-01 3.55255769e-01 3.24151567e-01 3.92985392e-03
 1.10720206e-03 8.10895437e-04 2.83393099e-06 3.07466064e-27
 9.00174645e-28 7.02826166e-29 4.57334951e-29 3.58340753e-29
 1.06713699e-29 8.81006354e-30 2.83085495e-30 1.95010567e-30
 2.85746329e-31 2.06421799e-31 1.71928748e-31]
[ 4  5  6  7  8 12 16 17 18 22]
[0.07913237 0.12337744 0.12618822 0.12901207 0.27708023 0.32202951
 0.8911168  1.10037495 1.11764503 2.62865607]
10
12

dr = -0.05, dr = -0.05
erhf = -169.745554, eu0hf = -169.609670, eu1hf = -169.716534
e_casci_list = -169.758360, e_casscf_list = -169.895961
[1.00000000e+00 1.00000000e+00 1.00000000e+00 6.69998404e-01
 6.44432744e-01 3.51613000e-01 3.30213870e-01 2.56361498e-03
 6.93135923e-04 4.83299122e-04 1.93231052e-06 4.96687304e-27
 6.37183210e-28 4.29134248e-28 4.29247932e-29 1.66679153e-29
 9.49355090e-30 6.46669598e-30 9.12893259e-31 3.93421401e-31
 2.15651782e-31 1.94969203e-31 9.37394264e-32]
[ 4  5  6  7  8 12 16 17 18 22]
[0.07944129 0.12504863 0.12831521 0.13058269 0.2805303  0.31737311
 0.88953219 1.10466927 1.1191295  2.64555094]
10
12

dr = -0.04, dr = -0.04
erhf = -169.746727, eu0hf = -169.611056, eu1hf = -169.713296
e_casci_list = -169.759527, e_casscf_list = -169.924801
[1.00000000e+00 1.00000000e+00 1.00000000e+00 6.64069478e-01
 6.49832475e-01 3.47497908e-01 3.36438277e-01 1.53073083e-03
 3.78883689e-04 2.50938106e-04 1.30911448e-06 2.80747616e-26
 3.15060633e-27 1.27533729e-29 1.04941710e-29 1.01458651e-29
 6.92369381e-30 2.36818709e-30 8.66629390e-31 4.85457267e-31
 3.71698634e-31 1.96572661e-31 4.75532103e-32]
[ 4  5  6  7  8 11 16 17 18 22]
[0.07959175 0.12658576 0.13031317 0.13201827 0.28386866 0.31259923
 0.88798564 1.10902983 1.1204484  2.66352776]
10
12

dr = -0.03, dr = -0.03
erhf = -169.747497, eu0hf = -169.611956, eu1hf = -169.709453
e_casci_list = -169.757586, e_casscf_list = -169.902741
[1.00000000e+00 1.00000000e+00 1.00000000e+00 6.57940694e-01
 6.55225037e-01 3.42980852e-01 3.42785375e-01 7.98533987e-04
 1.61333907e-04 1.07204871e-04 9.68749981e-07 4.72819938e-27
 1.19989173e-27 1.00228419e-27 4.82324021e-29 3.88368400e-29
 3.24066459e-29 4.05305457e-30 3.12557106e-30 3.00584586e-30
 1.84128898e-30 2.90609602e-31 1.00237270e-31]
[ 4  5  6  7  8 11 16 17 18 22]
[0.07958845 0.12798593 0.13217771 0.13331618 0.28705929 0.30773153
 0.88647998 1.11345523 1.12160333 2.68259065]
10
12

dr = -0.02, dr = -0.02
erhf = -169.747864, eu0hf = -169.612366, eu1hf = -169.704997
e_casci_list = -169.757859, e_casscf_list = -169.898161
[1.00000000e+00 1.00000000e+00 1.00000000e+00 6.61041540e-01
 6.51192540e-01 3.50231248e-01 3.37114421e-01 3.36934700e-04
 4.55460724e-05 3.68540923e-05 9.14819551e-07 8.74554691e-27
 1.06366908e-27 2.06362964e-28 3.61404905e-29 2.81488939e-29
 7.89031154e-30 2.81993716e-30 1.90601066e-30 7.42867593e-31
 5.31408010e-31 3.31709044e-31 2.03951506e-31]
[ 4  5  6  7  8 11 16 17 18 22]
[0.07943585 0.12924665 0.13390471 0.13447421 0.29000164 0.30285921
 0.88501768 1.11793394 1.12260661 2.70274487]
10
12

dr = -0.01, dr = -0.01
erhf = -169.747825, eu0hf = -169.612281, eu1hf = -169.699920
e_casci_list = -169.757758, e_casscf_list = -169.898054
[1.00000000e+00 1.00000000e+00 1.00000000e+00 6.68838120e-01
 6.42280612e-01 3.57539075e-01 3.31161877e-01 1.18407792e-04
 5.94050005e-05 1.35310896e-06 1.15001833e-06 2.53896607e-26
 7.16327350e-28 2.55903379e-28 2.92066571e-29 1.64002995e-29
 9.16425950e-30 5.97557554e-31 5.75845675e-31 5.38151387e-31
 4.72224226e-31 6.12461376e-32 3.42393368e-32]
[ 4  5  6  7  8 11 16 17 18]
[0.07913825 0.13036581 0.13549044 0.13549053 0.29212678 0.29854092
 0.88360086 1.12227816 1.12364745]
9
12

dr =  0.00, dr =  0.00
erhf = -169.747378, eu0hf = -169.611694, eu1hf = -169.694210
e_casci_list = -169.756881, e_casscf_list = -169.885082
[1.00000000e+00 1.00000000e+00 1.00000000e+00 6.63022901e-01
 6.46808599e-01 3.44935360e-01 3.44921023e-01 1.42176208e-04
 1.17920104e-04 5.03440947e-05 1.67602617e-06 1.68390298e-26
 2.76658139e-27 1.01529794e-27 5.55861988e-29 1.51849644e-29
 8.29553275e-30 4.20838350e-30 8.91318717e-31 6.53848471e-31
 6.45647585e-31 5.36827300e-31 3.51202157e-31]
[ 4  5  6  7  8 11 16 17 18 22]
[0.0786998  0.13134181 0.13636383 0.1369315  0.29035439 0.29784785
 0.88223122 1.12386511 1.12735068 2.74635403]
10
12

dr =  0.01, dr =  0.01
erhf = -169.746514, eu0hf = -169.610597, eu1hf = -169.687857
e_casci_list = -169.755762, e_casscf_list = -169.901055
[1.00000000e+00 1.00000000e+00 1.00000000e+00 6.69709952e-01
 6.38674272e-01 3.57210655e-01 3.33623631e-01 3.12817836e-04
 2.87172742e-04 1.79006969e-04 2.49339814e-06 3.38250406e-26
 3.48559804e-27 7.58816902e-29 4.75370152e-29 3.50431831e-29
 1.87797928e-29 1.81754833e-29 1.78613275e-30 1.11147965e-30
 4.09818954e-31 3.72173976e-31 4.21582054e-32]
[ 4  5  6  7  8 11 16 17 18 22]
[0.07812458 0.13217356 0.13709332 0.13822499 0.28546025 0.29999626
 0.8809101  1.12437351 1.13204031 2.76982515]
10
12

dr =  0.02, dr =  0.02
erhf = -169.745228, eu0hf = -169.608980, eu1hf = -169.680846
e_casci_list = -169.750265, e_casscf_list = -169.881194
[1.00000000e+00 1.00000000e+00 1.00000000e+00 6.74456163e-01
 6.32332537e-01 3.64983598e-01 3.26671555e-01 6.82689185e-04
 4.87606401e-04 3.82249705e-04 3.60145726e-06 1.61815552e-26
 4.83490501e-28 6.13426008e-29 4.23254773e-29 2.94859190e-29
 2.46435280e-29 1.27430672e-29 1.50136919e-30 7.69220201e-31
 3.88482430e-31 2.55298294e-31 1.94486333e-31]
[ 4  5  6  7  8 11 16 17 18 22]
[0.07741662 0.13286051 0.13767877 0.13936842 0.27995172 0.3024721
 0.87963838 1.12467067 1.13685249 2.79441996]
10
12

dr =  0.03, dr =  0.03
erhf = -169.743509, eu0hf = -169.606830, eu1hf = -169.673162
e_casci_list = -169.748624, e_casscf_list = -169.878068
[1.00000000e+00 1.00000000e+00 1.00000000e+00 6.78661513e-01
 6.26395089e-01 3.71582507e-01 3.20755330e-01 1.20921412e-03
 7.36581268e-04 6.54767683e-04 4.99819340e-06 5.71876832e-28
 3.99674907e-28 2.99573653e-28 1.62053699e-28 2.66614565e-30
 1.50394158e-30 9.50420755e-31 8.00201895e-31 7.27833437e-31
 5.88539354e-31 4.47084764e-31 8.84605631e-32]
[ 4  5  6  7  8 11 16 17 18 22]
[0.07658002 0.13340273 0.13812052 0.14035984 0.2741866  0.30491207
 0.87841653 1.12478644 1.14176153 2.82014929]
10
12

dr =  0.04, dr =  0.04
erhf = -169.741346, eu0hf = -169.604134, eu1hf = -169.664789
e_casci_list = -169.746555, e_casscf_list = -169.875664
[1.00000000e+00 1.00000000e+00 1.00000000e+00 6.82571301e-01
 6.20628095e-01 3.77727883e-01 3.15171830e-01 1.87601012e-03
 1.02710056e-03 9.91100555e-04 6.68017222e-06 3.76164151e-28
 1.61649696e-28 1.41675241e-28 2.44833082e-29 1.32345042e-29
 1.49651055e-30 7.80762122e-31 6.42876310e-31 6.17478097e-31
 2.88261211e-31 2.18037486e-31 1.91211822e-31]
[ 4  5  6  7  8 11 16 17 18 22]
[0.07561891 0.13380084 0.13841953 0.14119778 0.26823221 0.30724471
 0.87724458 1.1247268  1.14676634 2.84702506]
10
12

dr =  0.05, dr =  0.05
erhf = -169.738725, eu0hf = -169.600878, eu1hf = -169.655709
e_casci_list = -169.747893, e_casscf_list = -169.876898
[1.00000000e+00 1.00000000e+00 1.00000000e+00 6.86265709e-01
 6.14962537e-01 3.83638852e-01 3.09718007e-01 2.66848006e-03
 1.38568619e-03 1.35208648e-03 8.64245750e-06 1.22144075e-28
 8.18841274e-29 5.14214498e-29 2.00691930e-29 8.38378704e-30
 8.35442347e-30 6.03295058e-30 4.93167198e-30 6.35146848e-31
 5.50414454e-31 1.65993635e-31 2.24988960e-32]
[ 4  5  6  7  8 11 16 17 18 22]
[0.07453752 0.13405609 0.13857733 0.14188134 0.26210964 0.30944597
 0.8761221  1.12449455 1.15186975 2.87506015]
10
12

dr =  0.06, dr =  0.06
erhf = -169.735630, eu0hf = -169.597044, eu1hf = -169.645901
e_casci_list = -169.744923, e_casscf_list = -169.869901
[1.00000000e+00 1.00000000e+00 1.00000000e+00 6.89781265e-01
 6.09372653e-01 3.89400723e-01 3.04323490e-01 3.57366669e-03
 1.83291138e-03 1.70441237e-03 1.08785498e-05 6.84325793e-28
 1.38983853e-28 1.13783629e-28 8.75366242e-29 3.71462464e-29
 8.81589431e-30 7.68388575e-30 4.38649740e-30 1.89790403e-30
 4.36391750e-31 1.32942377e-31 9.61519210e-32]
[ 0  4  5  6  7  8 11 16 17 18 22]
[-4.08504626  0.07334022  0.13417031  0.13859605  0.14241012  0.25582801
  0.3115051   0.87504823  1.12409194  1.15707579  2.90426843]
11
14

dr =  0.07, dr =  0.07
erhf = -169.732045, eu0hf = -169.592613, eu1hf = -169.635344
e_casci_list = -169.729999, e_casscf_list = -169.876649
[1.00000000e+00 1.00000000e+00 1.00000000e+00 6.93138747e-01
 6.03847928e-01 3.95051948e-01 2.98963776e-01 4.58011624e-03
 2.32715896e-03 2.07694608e-03 1.33803437e-05 2.24130568e-26
 4.34812930e-28 7.24898976e-29 5.29836429e-29 3.33881638e-29
 1.70746715e-29 1.02535052e-30 3.16635355e-31 2.54213899e-31
 1.66498745e-31 1.31178814e-31 1.10882410e-32]
[ 0  4  5  6  7  8 11 16 17 18 22]
[-4.08507379  0.07203155  0.13414591  0.13847837  0.14278424  0.24939238
  0.31341662  0.87402168  1.12352131  1.16238909  2.93466465]
11
14

dr =  0.08, dr =  0.08
erhf = -169.727949, eu0hf = -169.587567, eu1hf = -169.624016
e_casci_list = -169.724639, e_casscf_list = -169.867971
[1.00000000e+00 1.00000000e+00 1.00000000e+00 6.96351980e-01
 5.98384202e-01 4.00611389e-01 2.93633083e-01 5.67775300e-03
 2.86285137e-03 2.46260313e-03 1.61381038e-05 3.44617420e-25
 3.74890198e-28 3.10891840e-28 2.74824431e-28 9.92563579e-29
 1.00896644e-29 3.38485377e-30 9.47348894e-31 4.17217044e-31
 2.32032463e-31 1.41974173e-31 1.15849877e-31]
[ 0  4  5  6  7  8 12 16 17 18 22]
[-4.08525289  0.07061616  0.13398581  0.1382275   0.1430043   0.24280618
  0.31517777  0.87304072  1.12278525  1.16781457  2.96626437]
11
14

dr =  0.09, dr =  0.09
erhf = -169.723320, eu0hf = -169.581882, eu1hf = -169.611891
e_casci_list = -169.718904, e_casscf_list = -169.865685
[1.00000000e+00 1.00000000e+00 1.00000000e+00 6.99431208e-01
 5.92980191e-01 4.06088717e-01 2.88334081e-01 6.85776567e-03
 3.43449030e-03 2.85440762e-03 1.91404611e-05 1.97925293e-27
 3.44328845e-28 6.83207691e-29 1.99470103e-29 1.64269578e-29
 1.41447952e-29 8.24791737e-30 5.81269715e-30 1.04029753e-30
 1.52260813e-31 9.71327963e-32 2.41464104e-32]
[ 0  4  5  6  7  8 12 16 17 18 22]
[-4.08558114  0.06909892  0.1336934   0.13784709  0.14307135  0.23607222
  0.3167876   0.87210322  1.1218867   1.1733574   2.9990839 ]
11
14

dr =  0.10, dr =  0.10
erhf = -169.718136, eu0hf = -169.575536, eu1hf = -169.598945
e_casci_list = -169.712457, e_casscf_list = -169.861644
