 
:: initializing oneAPI environment ...
   slurm_script: BASH_VERSION = 4.2.46(1)-release
   args: Using "$@" for setvars.sh arguments: --force
:: advisor -- latest
:: ccl -- latest
:: clck -- latest
:: compiler -- latest
:: dal -- latest
:: debugger -- latest
:: dev-utilities -- latest
:: dnnl -- latest
:: dpcpp-ct -- latest
:: dpl -- latest
:: inspector -- latest
:: intelpython -- latest
:: ipp -- latest
:: ippcp -- latest
:: ipp -- latest
:: itac -- latest
:: mkl -- latest
:: mpi -- latest
:: tbb -- latest
:: vpl -- latest
:: vtune -- latest
:: oneAPI environment initialized ::
 
WARN: HOMO 0.526374733758891 == LUMO 0.526374733758891
WARN: alpha nocc = 14  HOMO 0.532748197143327 >= LUMO 0.532748197143331
WARN: beta  nocc = 14  HOMO 0.53269452068432 >= LUMO 0.532694520684325
WARN: system HOMO 0.53269452068432 >= system LUMO 0.532694520684325
WARN: alpha nocc = 15  HOMO 0.68291428498998 >= LUMO 0.68291428499
WARN: system HOMO 0.68291428498998 >= system LUMO 0.340262797648805
WARN: system HOMO -0.441573001859134 >= system LUMO -0.641843259419747
WARN: system HOMO 1.1291308465309 >= system LUMO 1.01663510273533
WARN: alpha nocc = 15  HOMO 0.965712579524115 >= LUMO 0.966698266477929
WARN: system HOMO 0.96454375837105 >= system LUMO 0.958649475623738
WARN: system HOMO 0.72647263742961 >= system LUMO 0.71140772495886
WARN: system HOMO 0.141874615007134 >= system LUMO 0.11904333695942
[2.63817033e-31+0.j 4.60301674e-31+0.j 7.11582552e-31+0.j
 1.41346084e-30+0.j 6.25254292e-30+0.j 7.28332176e-30+0.j
 1.97121232e-29+0.j 2.03786475e-29+0.j 2.75648525e-29+0.j
 3.93625584e-29+0.j 6.11376475e-29+0.j 2.10121955e-27+0.j
 1.13188791e-05+0.j 4.12218837e-03+0.j 4.73980157e-03+0.j
 1.70659772e-02+0.j 2.94810611e-01+0.j 3.66619399e-01+0.j
 6.08200112e-01+0.j 7.04430592e-01+0.j 1.00000000e+00+0.j
 1.00000000e+00+0.j 1.00000000e+00+0.j]
[ 5  6  7  8 12 17 18]
7
10

dr = -0.10, dr = -0.10
erhf = -169.733572, eu0hf = -169.597438, eu1hf = -169.714126
[1.26162446e-31 1.36049956e-31 5.32661406e-31 5.34661653e-31
 2.11929773e-30 3.31937122e-30 5.43894991e-30 9.34796328e-30
 1.20773474e-29 3.86606417e-29 6.87260217e-29 4.23779498e-28
 9.11332921e-06 3.21188832e-03 3.80228352e-03 1.34647243e-02
 3.00599227e-01 3.65335093e-01 6.14807382e-01 6.98770289e-01
 1.00000000e+00 1.00000000e+00 1.00000000e+00]
[ 5  6  7  8 12 17 18]
7
10

dr = -0.09, dr = -0.09
erhf = -169.736800, eu0hf = -169.601298, eu1hf = -169.718006
[7.69063686e-32 8.07195744e-32 3.26946918e-31 2.95648582e-30
 4.14166456e-30 6.59600072e-30 1.26330122e-29 4.61339424e-29
 2.16767477e-28 4.44764242e-28 6.07653382e-28 2.10335310e-27
 7.15510634e-06 2.43352109e-03 2.97032739e-03 1.03917826e-02
 3.06420692e-01 3.63524892e-01 6.21169217e-01 6.93082413e-01
 1.00000000e+00 1.00000000e+00 1.00000000e+00]
[ 5  6  7  8 12 17 18]
7
10

dr = -0.08, dr = -0.08
erhf = -169.739607, eu0hf = -169.604666, eu1hf = -169.721403
[4.29234438e-32+0.j 8.54595674e-32+0.j 1.46600814e-31+0.j
 1.66186779e-30+0.j 4.47509688e-30+0.j 5.30777459e-30+0.j
 1.42947067e-29+0.j 1.69968088e-29+0.j 1.96881257e-29+0.j
 2.76271717e-29+0.j 3.06338053e-29+0.j 5.88989916e-29+0.j
 5.45135019e-06+0.j 1.77892245e-03+0.j 2.24425478e-03+0.j
 7.80542791e-03+0.j 3.12279362e-01+0.j 3.61223471e-01+0.j
 6.27296624e-01+0.j 6.87366486e-01+0.j 1.00000000e+00+0.j
 1.00000000e+00+0.j 1.00000000e+00+0.j]
[ 5  6  7  8 12 17 18]
7
10

dr = -0.07, dr = -0.07
erhf = -169.741998, eu0hf = -169.607545, eu1hf = -169.724321
[2.85451980e-31 4.82016168e-31 5.06789214e-31 1.34534362e-30
 2.49085082e-30 6.97461597e-30 3.46412358e-29 3.72014587e-29
 9.83506114e-29 1.41628737e-28 3.83444250e-28 1.37382274e-27
 4.00885873e-06 1.24045806e-03 1.62361172e-03 5.66462334e-03
 3.18184128e-01 3.58460279e-01 6.33203030e-01 6.81619860e-01
 1.00000000e+00 1.00000000e+00 1.00000000e+00]
[ 5  6  7  8 12 17 18]
7
10

dr = -0.06, dr = -0.06
erhf = -169.743979, eu0hf = -169.609938, eu1hf = -169.726761
[3.21010953e-32 1.61457332e-31 2.62367557e-31 8.07972293e-31
 8.25066424e-31 3.40029590e-30 4.34371477e-30 7.64633408e-30
 1.33808228e-29 1.18024375e-28 8.07199372e-28 9.13138185e-28
 2.83393101e-06 8.10895437e-04 1.10720206e-03 3.92985392e-03
 3.24151567e-01 3.55255769e-01 6.38906121e-01 6.75835757e-01
 1.00000000e+00 1.00000000e+00 1.00000000e+00]
[ 5  6  7  8 12 17 18]
7
10

dr = -0.05, dr = -0.05
erhf = -169.745554, eu0hf = -169.611847, eu1hf = -169.728724
[1.07229930e-31 1.09665071e-31 4.91191659e-31 1.40548606e-30
 6.81278722e-30 8.46665838e-30 1.49124699e-29 2.08176636e-29
 2.18303035e-29 4.53625511e-29 2.67160074e-28 4.14683303e-27
 1.93231055e-06 4.83299123e-04 6.93135923e-04 2.56361498e-03
 3.30213870e-01 3.51613000e-01 6.44432744e-01 6.69998404e-01
 1.00000000e+00 1.00000000e+00 1.00000000e+00]
[ 5  6  7  8 12 17 18]
7
10

dr = -0.04, dr = -0.04
erhf = -169.746727, eu0hf = -169.613269, eu1hf = -169.730209
[1.06423401e-31 1.50886628e-31 1.82880556e-31 4.04807430e-31
 9.51218046e-31 1.10890924e-30 2.37251376e-29 3.48316257e-29
 6.99819202e-29 1.17908667e-27 2.24479795e-27 2.77294843e-27
 1.30911451e-06 2.50938108e-04 3.78883689e-04 1.53073083e-03
 3.36438277e-01 3.47497907e-01 6.49832475e-01 6.64069478e-01
 1.00000000e+00 1.00000000e+00 1.00000000e+00]
[ 5  6  7  8 11 17 18]
7
10

dr = -0.03, dr = -0.03
erhf = -169.747497, eu0hf = -169.614204, eu1hf = -169.731213
[4.76248679e-32 1.72571257e-31 9.97312087e-31 2.92118784e-30
 3.59368978e-30 1.59244804e-29 1.96988492e-29 6.24454221e-29
 2.02820648e-28 2.09820560e-27 5.81775177e-27 2.62447077e-26
 9.68750019e-07 1.07204873e-04 1.61333907e-04 7.98533989e-04
 3.42785375e-01 3.42980852e-01 6.55225037e-01 6.57940694e-01
 1.00000000e+00 1.00000000e+00 1.00000000e+00]
[ 5  6  7  8 11 17 18]
7
10

dr = -0.02, dr = -0.02
erhf = -169.747864, eu0hf = -169.614648, eu1hf = -169.731733
[1.53126577e-31 2.21814380e-31 5.47219938e-31 1.05200744e-30
 2.90925217e-30 7.33765903e-30 1.27663963e-29 1.42092252e-29
 2.60078939e-29 3.36016375e-27 8.08072697e-27 1.90952984e-26
 9.14819596e-07 3.68540924e-05 4.55460746e-05 3.36934701e-04
 3.37114421e-01 3.50231249e-01 6.51192540e-01 6.61041541e-01
 1.00000000e+00 1.00000000e+00 1.00000000e+00]
[ 5  6  7  8 11 17 18]
7
10

dr = -0.01, dr = -0.01
erhf = -169.747825, eu0hf = -169.614595, eu1hf = -169.731761
[1.40779779e-31 1.67931662e-31 5.04135176e-31 1.25020033e-30
 2.09269314e-30 3.52151090e-30 9.17935609e-30 1.98035191e-29
 1.44969621e-28 2.11041027e-28 3.91045689e-26 5.26332703e-26
 1.15001838e-06 1.35310902e-06 5.94050035e-05 1.18407794e-04
 3.31161877e-01 3.57539075e-01 6.42280612e-01 6.68838120e-01
 1.00000000e+00 1.00000000e+00 1.00000000e+00]
[ 5  6  7  8 11 17 18]
7
10

dr =  0.00, dr =  0.00
erhf = -169.747378, eu0hf = -169.614039, eu1hf = -169.731292
[2.68112900e-31 2.92935391e-31 3.11352528e-31 5.92057445e-31
 1.07531600e-30 5.54513493e-30 1.74289979e-29 9.37141174e-29
 1.00879339e-28 5.90554743e-28 1.16083712e-26 4.61473987e-25
 1.67602623e-06 5.03440948e-05 1.17920108e-04 1.42176212e-04
 3.44921023e-01 3.44935361e-01 6.46808599e-01 6.63022901e-01
 1.00000000e+00 1.00000000e+00 1.00000000e+00]
[ 5  6  7  8 11 17 18]
7
10

dr =  0.01, dr =  0.01
erhf = -169.746514, eu0hf = -169.612970, eu1hf = -169.730315
[1.21152614e-31 2.13114733e-31 3.69874707e-31 8.74035716e-31
 2.89281973e-30 4.63980115e-30 6.49407735e-30 9.58417671e-30
 2.24197766e-29 1.16808295e-28 2.49400811e-27 6.83436625e-27
 2.49339822e-06 1.79006969e-04 2.87172747e-04 3.12817841e-04
 3.33623631e-01 3.57210654e-01 6.38674272e-01 6.69709952e-01
 1.00000000e+00 1.00000000e+00 1.00000000e+00]
[ 5  6  7  8 11 17 18]
7
10

dr =  0.02, dr =  0.02
erhf = -169.745228, eu0hf = -169.611380, eu1hf = -169.728820
[1.69197818e-31 1.86239983e-31 2.04564421e-31 8.88782160e-30
 1.33452369e-29 2.45889251e-29 2.78087834e-29 2.85133848e-29
 4.23284022e-29 3.31045396e-27 1.83845526e-26 5.59662973e-26
 3.60145735e-06 3.82249705e-04 4.87606407e-04 6.82689191e-04
 3.26671556e-01 3.64983598e-01 6.32332537e-01 6.74456163e-01
 1.00000000e+00 1.00000000e+00 1.00000000e+00]
[ 5  6  7  8 11 17 18]
7
10

dr =  0.03, dr =  0.03
erhf = -169.743509, eu0hf = -169.609255, eu1hf = -169.726794
[9.26256336e-32 2.91286644e-31 3.04840340e-31 2.20924171e-30
 4.76712476e-30 6.77850965e-30 1.21004288e-29 2.64672756e-29
 4.62195386e-29 1.04627299e-28 2.02743002e-28 2.41015355e-27
 4.99819351e-06 6.54767683e-04 7.36581277e-04 1.20921413e-03
 3.20755331e-01 3.71582506e-01 6.26395089e-01 6.78661513e-01
 1.00000000e+00 1.00000000e+00 1.00000000e+00]
[ 5  6  7  8 11 17 18]
7
10

dr =  0.04, dr =  0.04
erhf = -169.741346, eu0hf = -169.606582, eu1hf = -169.724224
[1.02195833e-31 1.77658611e-31 1.24046382e-30 3.62164585e-30
 3.72880466e-30 6.90396046e-30 2.31694901e-29 4.45696528e-29
 7.38739191e-29 1.81769048e-28 1.47569476e-27 2.09856668e-27
 6.68017235e-06 9.91100555e-04 1.02710057e-03 1.87601013e-03
 3.15171830e-01 3.77727883e-01 6.20628095e-01 6.82571301e-01
 1.00000000e+00 1.00000000e+00 1.00000000e+00]
[ 5  6  7  8 11 17 18]
7
10

dr =  0.05, dr =  0.05
erhf = -169.738725, eu0hf = -169.603348, eu1hf = -169.721094
[3.27589991e-32 6.63387240e-32 9.62698864e-32 1.75636820e-30
 2.26657818e-30 3.36940218e-30 5.70730174e-30 7.84889231e-30
 2.22390681e-29 1.26397519e-28 1.66988767e-28 2.89993571e-27
 8.64245765e-06 1.35208650e-03 1.38568620e-03 2.66848007e-03
 3.09718007e-01 3.83638852e-01 6.14962537e-01 6.86265709e-01
 1.00000000e+00 1.00000000e+00 1.00000000e+00]
[ 5  6  7  8 11 17 18]
7
10

dr =  0.06, dr =  0.06
erhf = -169.735630, eu0hf = -169.599533, eu1hf = -169.717387
[4.81067918e-32 6.22058699e-32 1.27374481e-31 2.04574060e-31
 5.52718928e-31 5.77991172e-31 4.03137586e-30 9.29717633e-30
 3.72053162e-29 8.64010162e-29 1.75547376e-28 1.15911400e-26
 1.08785500e-05 1.70441238e-03 1.83291138e-03 3.57366671e-03
 3.04323490e-01 3.89400723e-01 6.09372653e-01 6.89781265e-01
 1.00000000e+00 1.00000000e+00 1.00000000e+00]
[ 5  6  7  8 11 17 18]
7
10

dr =  0.07, dr =  0.07
erhf = -169.732045, eu0hf = -169.595121, eu1hf = -169.713083
[1.64137769e-31 4.04797973e-31 4.19831702e-31 4.33009088e-31
 7.57232585e-31 1.27669736e-30 1.00445243e-29 1.21408275e-29
 1.23649189e-29 3.38311493e-29 9.85857248e-29 1.26842545e-25
 1.33803439e-05 2.07694611e-03 2.32715896e-03 4.58011627e-03
 2.98963776e-01 3.95051947e-01 6.03847928e-01 6.93138747e-01
 1.00000000e+00 1.00000000e+00 1.00000000e+00]
[ 5  6  7  8 11 17 18]
7
10

dr =  0.08, dr =  0.08
erhf = -169.727949, eu0hf = -169.590092, eu1hf = -169.708162
[9.30716579e-32 2.30561548e-31 3.97305954e-31 8.33446386e-31
 1.66737673e-30 1.13150514e-29 1.96077178e-29 2.42067649e-29
 3.33171385e-29 8.21662863e-29 1.08250275e-28 6.46798157e-27
 1.61381040e-05 2.46260316e-03 2.86285137e-03 5.67775304e-03
 2.93633083e-01 4.00611389e-01 5.98384202e-01 6.96351980e-01
 1.00000000e+00 1.00000000e+00 1.00000000e+00]
[ 5  6  7  8 12 17 18]
7
10

dr =  0.09, dr =  0.09
erhf = -169.723320, eu0hf = -169.584422, eu1hf = -169.702601
[4.52495587e-32 5.73251415e-32 5.88367023e-32 1.30030147e-30
 1.84902816e-30 9.25541975e-30 9.89571995e-30 2.20938288e-29
 4.89819706e-29 6.24620545e-29 1.40605414e-28 2.24366347e-28
 1.91404615e-05 2.85440765e-03 3.43449030e-03 6.85776572e-03
 2.88334081e-01 4.06088716e-01 5.92980191e-01 6.99431208e-01
 1.00000000e+00 1.00000000e+00 1.00000000e+00]
[ 5  6  7  8 12 17 18]
7
10

dr =  0.10, dr =  0.10
erhf = -169.718136, eu0hf = -169.578089, eu1hf = -169.696378
