 
:: initializing oneAPI environment ...
   slurm_script: BASH_VERSION = 4.2.46(1)-release
   args: Using "$@" for setvars.sh arguments: --force
:: advisor -- latest
:: ccl -- latest
:: clck -- latest
:: compiler -- latest
:: dal -- latest
:: debugger -- latest
:: dev-utilities -- latest
:: dnnl -- latest
:: dpcpp-ct -- latest
:: dpl -- latest
:: inspector -- latest
:: intelpython -- latest
:: ipp -- latest
:: ippcp -- latest
:: ipp -- latest
:: itac -- latest
:: mkl -- latest
:: mpi -- latest
:: tbb -- latest
:: vpl -- latest
:: vtune -- latest
:: oneAPI environment initialized ::
 
rm: cannot remove ‘./data/*’: No such file or directory
WARN: HOMO 0.52637473375889 == LUMO 0.526374733758892
WARN: alpha nocc = 14  HOMO 0.532748197143313 >= LUMO 0.532748197143319
WARN: beta  nocc = 14  HOMO 0.532694520684307 >= LUMO 0.532694520684313
WARN: system HOMO 0.532694520684307 >= system LUMO 0.532694520684313
WARN: alpha nocc = 15  HOMO 0.682914284989994 >= LUMO 0.682914284990001
WARN: system HOMO 0.682914284989994 >= system LUMO 0.340262797648804
WARN: system HOMO -0.441586754917562 >= system LUMO -0.641827654919498
WARN: system HOMO 1.12913085699471 >= system LUMO 1.01663474252257
WARN: alpha nocc = 15  HOMO 0.965709169677126 >= LUMO 0.966694299768781
WARN: system HOMO 0.964540299595602 >= system LUMO 0.958645633654708
WARN: system HOMO 0.726445525245793 >= system LUMO 0.711396404353968
WARN: system HOMO 0.335138162513926 >= system LUMO 0.138144671876806
[1.00000000e+00 1.00000000e+00 1.00000000e+00 7.04429934e-01
 6.08200613e-01 3.66619470e-01 2.94810698e-01 1.70659756e-02
 4.73980206e-03 4.12218882e-03 1.13189107e-05 3.28478513e-27
 1.42199402e-27 3.96684215e-28 4.36346846e-29 2.68030151e-29
 1.85028859e-29 1.58624179e-29 7.98067967e-30 4.75461768e-30
 2.33968240e-30 1.66731137e-30 1.06276533e-30]
[ 0  4  5  6  7  8 12 16 17 18 22]
[-4.10766151  0.07502489  0.11313092  0.11378693  0.1192455   0.25877043
  0.34342571  0.89949004  1.07987436  1.10778863  2.56034637]
11
14

dr = -0.10, dr = -0.10
erhf = -169.733572, eu0hf = -169.597438, eu1hf = -169.714127
e_casci_list = -169.744950, e_casscf_list = -169.908389
[1.00000000e+00 1.00000000e+00 1.00000000e+00 6.98770289e-01
 6.14807381e-01 3.65335093e-01 3.00599227e-01 1.34647243e-02
 3.80228352e-03 3.21188832e-03 9.11332922e-06 6.11391521e-28
 1.06702642e-28 6.59314040e-29 2.13547225e-29 7.92732514e-30
 4.74637891e-30 2.75978616e-30 1.30240828e-30 3.79513762e-31
 2.87963828e-31 2.19496958e-31 1.90702210e-31]
[ 4  5  6  7  8 12 16 17 18 22]
[0.0762074  0.11541993 0.11648588 0.12144217 0.26252485 0.33939605
 0.89776826 1.08384782 1.11007684 2.57185341]
10
12

dr = -0.09, dr = -0.09
erhf = -169.736800, eu0hf = -169.601298, eu1hf = -169.718006
e_casci_list = -169.749785, e_casscf_list = -170.001178
[1.00000000e+00 1.00000000e+00 1.00000000e+00 6.93082413e-01
 6.21169217e-01 3.63524892e-01 3.06420692e-01 1.03917826e-02
 2.97032739e-03 2.43352109e-03 7.15510634e-06 6.02333777e-27
 8.94515088e-28 1.40248698e-28 6.91269695e-29 6.45807083e-29
 4.91811430e-29 2.27323133e-29 1.71483491e-29 6.59565518e-30
 9.65765311e-32 9.17153519e-32 8.78495484e-32]
[ 4  5  6  7  8 12 16 17 18 22]
[0.07720331 0.11759287 0.11908061 0.12352086 0.2662473  0.33524321
 0.89606593 1.08788364 1.11220939 2.58443898]
10
12

dr = -0.08, dr = -0.08
erhf = -169.739607, eu0hf = -169.604666, eu1hf = -169.721403
e_casci_list = -169.752531, e_casscf_list = -169.999177
[1.00000000e+00 1.00000000e+00 1.00000000e+00 6.87366486e-01
 6.27296624e-01 3.61223471e-01 3.12279362e-01 7.80542791e-03
 2.24425478e-03 1.77892245e-03 5.45135018e-06 6.48638925e-28
 5.08960829e-29 2.91377216e-29 1.83434380e-29 1.82798022e-29
 1.74111255e-29 1.72329293e-29 8.00203106e-30 2.52629292e-30
 1.91603070e-31 1.04350079e-31 7.60586446e-32]
[ 4  5  6  7  8 12 16 17 18 22]
[0.07801884 0.11964598 0.12156599 0.12547781 0.26992343 0.33096534
 0.89438727 1.09198294 1.11418315 2.59810137]
10
12

dr = -0.07, dr = -0.07
erhf = -169.741998, eu0hf = -169.607545, eu1hf = -169.724321
e_casci_list = -169.754871, e_casscf_list = -170.005667
[1.00000000e+00 1.00000000e+00 1.00000000e+00 6.81619860e-01
 6.33203030e-01 3.58460279e-01 3.18184128e-01 5.66462334e-03
 1.62361172e-03 1.24045806e-03 4.00885873e-06 1.12743968e-26
 1.22755594e-28 7.87072352e-29 7.12321810e-29 2.82895144e-29
 1.23011033e-29 1.01512225e-29 3.60287168e-31 2.76647794e-31
 2.00983043e-31 8.13921555e-32 2.83713210e-32]
[ 4  5  6  7  8 12 16 17 18 22]
[0.07865998 0.1215754  0.12393686 0.12730936 0.27353924 0.32656091
 0.89273631 1.09614643 1.11599572 2.61284016]
10
12

dr = -0.06, dr = -0.06
erhf = -169.743979, eu0hf = -169.609938, eu1hf = -169.726761
e_casci_list = -169.756811, e_casscf_list = -169.914898
[1.00000000e+00 1.00000000e+00 1.00000000e+00 6.75835757e-01
 6.38906121e-01 3.55255769e-01 3.24151567e-01 3.92985392e-03
 1.10720206e-03 8.10895437e-04 2.83393101e-06 6.63027608e-27
 2.99917654e-28 3.19565350e-29 1.71835594e-29 7.20277365e-30
 6.24001796e-30 4.25044675e-30 2.20341458e-30 1.47797361e-30
 2.34378396e-31 1.02468156e-31 4.94293100e-32]
[ 4  5  6  7  8 12 16 17 18 22]
[0.07913237 0.12337744 0.12618822 0.12901207 0.27708023 0.32202951
 0.8911168  1.10037495 1.11764503 2.62865607]
10
12

dr = -0.05, dr = -0.05
erhf = -169.745554, eu0hf = -169.611847, eu1hf = -169.728724
e_casci_list = -169.758360, e_casscf_list = -170.003826
[1.00000000e+00 1.00000000e+00 1.00000000e+00 6.69998404e-01
 6.44432744e-01 3.51613000e-01 3.30213870e-01 2.56361498e-03
 6.93135923e-04 4.83299123e-04 1.93231054e-06 6.70468092e-27
 1.34349715e-27 9.30182076e-29 5.72505253e-29 5.07775966e-30
 2.90980274e-30 2.79461431e-30 2.61086404e-30 1.15636233e-30
 2.35094743e-31 1.91492326e-31 8.21086165e-32]
[ 4  5  6  7  8 12 16 17 18 22]
[0.07944129 0.12504863 0.12831521 0.13058269 0.2805303  0.31737311
 0.88953219 1.10466927 1.1191295  2.64555094]
10
12

dr = -0.04, dr = -0.04
erhf = -169.746727, eu0hf = -169.613269, eu1hf = -169.730209
e_casci_list = -169.759527, e_casscf_list = -170.004372
[1.00000000e+00 1.00000000e+00 1.00000000e+00 6.64069478e-01
 6.49832475e-01 3.47497907e-01 3.36438277e-01 1.53073083e-03
 3.78883689e-04 2.50938107e-04 1.30911451e-06 3.97697893e-26
 1.20151544e-26 8.39276984e-28 1.67627893e-28 1.05233195e-29
 2.49728311e-30 1.54624284e-30 1.32407275e-30 8.28002273e-31
 7.93609104e-31 3.61550191e-31 3.45441919e-31]
[ 4  5  6  7  8 11 16 17 18 22]
[0.07959175 0.12658576 0.13031317 0.13201827 0.28386866 0.31259923
 0.88798564 1.10902983 1.1204484  2.66352776]
10
12

dr = -0.03, dr = -0.03
erhf = -169.747497, eu0hf = -169.614204, eu1hf = -169.731213
e_casci_list = -169.757586, e_casscf_list = -169.912116
[1.00000000e+00 1.00000000e+00 1.00000000e+00 6.57940694e-01
 6.55225037e-01 3.42980852e-01 3.42785375e-01 7.98533988e-04
 1.61333907e-04 1.07204873e-04 9.68750014e-07 9.94967486e-27
 9.48847169e-27 2.20501498e-28 5.50444662e-29 3.69465083e-29
 4.89069283e-30 9.37823795e-31 8.91517783e-31 8.60287906e-31
 8.73673793e-32 6.71947755e-32 2.00706019e-32]
[ 4  5  6  7  8 11 16 17 18 22]
[0.07958845 0.12798593 0.13217771 0.13331619 0.28705929 0.30773153
 0.88647998 1.11345523 1.12160333 2.68259065]
10
12

dr = -0.02, dr = -0.02
erhf = -169.747864, eu0hf = -169.614648, eu1hf = -169.731733
e_casci_list = -169.757859, e_casscf_list = -169.910856
[1.00000000e+00 1.00000000e+00 1.00000000e+00 6.61041541e-01
 6.51192540e-01 3.50231249e-01 3.37114421e-01 3.36934701e-04
 4.55460743e-05 3.68540924e-05 9.14819590e-07 4.07068474e-27
 1.14796110e-27 4.98936229e-29 4.02646414e-29 3.51698480e-29
 1.39034685e-29 9.15505198e-30 5.73575413e-30 8.54286377e-31
 3.99100456e-31 3.85678481e-31 4.13783489e-32]
[ 4  5  6  7  8 11 16 17 18 22]
[0.07943585 0.12924665 0.13390471 0.13447421 0.29000164 0.30285921
 0.88501768 1.11793394 1.12260661 2.70274487]
10
12

dr = -0.01, dr = -0.01
erhf = -169.747825, eu0hf = -169.614595, eu1hf = -169.731761
e_casci_list = -169.757758, e_casscf_list = -169.908980
[1.00000000e+00 1.00000000e+00 1.00000000e+00 6.68838120e-01
 6.42280612e-01 3.57539075e-01 3.31161877e-01 1.18407794e-04
 5.94050031e-05 1.35310901e-06 1.15001838e-06 8.77462340e-26
 3.21171837e-26 6.90970272e-27 8.72882293e-29 4.72181507e-29
 9.40362512e-30 7.86291924e-30 9.84249888e-31 7.28536817e-31
 6.79761739e-31 2.18973798e-31 1.24381447e-31]
[ 4  5  6  7  8 11 16 17 18]
[0.07913825 0.13036581 0.13549044 0.13549053 0.29212678 0.29854092
 0.88360086 1.12227816 1.12364745]
9
12

dr =  0.00, dr =  0.00
erhf = -169.747378, eu0hf = -169.614039, eu1hf = -169.731292
e_casci_list = -169.756881, e_casscf_list = -169.885253
[1.00000000e+00 1.00000000e+00 1.00000000e+00 6.63022901e-01
 6.46808599e-01 3.44935361e-01 3.44921023e-01 1.42176211e-04
 1.17920107e-04 5.03440948e-05 1.67602623e-06 2.04720061e-26
 1.91424924e-27 2.83030872e-28 9.03410968e-30 2.82436246e-30
 1.82621361e-30 1.05630452e-30 3.25401949e-31 3.06720445e-31
 3.04242400e-31 2.74960921e-31 1.08012832e-31]
[ 4  5  6  7  8 11 16 17 18 22]
[0.0786998  0.13134181 0.13636383 0.1369315  0.29035439 0.29784785
 0.88223122 1.12386511 1.12735068 2.74635403]
10
12

dr =  0.01, dr =  0.01
erhf = -169.746514, eu0hf = -169.612970, eu1hf = -169.730315
e_casci_list = -169.755762, e_casscf_list = -169.903469
[1.00000000e+00 1.00000000e+00 1.00000000e+00 6.69709952e-01
 6.38674272e-01 3.57210654e-01 3.33623631e-01 3.12817840e-04
 2.87172747e-04 1.79006969e-04 2.49339821e-06 4.38626194e-27
 1.97812248e-27 1.05168537e-27 6.16750569e-29 1.53660888e-29
 1.09601782e-29 9.22758250e-30 3.76426962e-30 8.42568362e-31
 5.97517766e-31 4.28183348e-31 3.44903743e-31]
[ 4  5  6  7  8 11 16 17 18 22]
[0.07812458 0.13217356 0.13709332 0.13822499 0.28546025 0.29999626
 0.8809101  1.12437351 1.13204031 2.76982515]
10
12

dr =  0.02, dr =  0.02
erhf = -169.745228, eu0hf = -169.611380, eu1hf = -169.728820
e_casci_list = -169.750265, e_casscf_list = -170.003406
[1.00000000e+00 1.00000000e+00 1.00000000e+00 6.74456163e-01
 6.32332537e-01 3.64983598e-01 3.26671556e-01 6.82689191e-04
 4.87606406e-04 3.82249705e-04 3.60145734e-06 1.50718400e-27
 5.71489019e-28 4.02311425e-28 1.09445435e-28 4.01429690e-29
 1.91394111e-29 5.71405977e-30 2.06138301e-30 4.69675342e-31
 2.63313644e-31 9.73796125e-32 8.70222695e-32]
[ 4  5  6  7  8 11 16 17 18 22]
[0.07741662 0.13286051 0.13767877 0.13936842 0.27995172 0.3024721
 0.87963838 1.12467067 1.13685249 2.79441996]
10
12

dr =  0.03, dr =  0.03
erhf = -169.743509, eu0hf = -169.609255, eu1hf = -169.726794
e_casci_list = -169.748624, e_casscf_list = -169.998358
[1.00000000e+00 1.00000000e+00 1.00000000e+00 6.78661513e-01
 6.26395089e-01 3.71582506e-01 3.20755331e-01 1.20921413e-03
 7.36581276e-04 6.54767683e-04 4.99819349e-06 1.04658129e-27
 1.12224377e-28 3.79293748e-29 2.42907621e-29 6.77674377e-30
 4.33936876e-30 1.92350569e-30 4.70079102e-31 4.41231285e-31
 3.57418973e-31 1.21145329e-31 7.09207045e-32]
[ 4  5  6  7  8 11 16 17 18 22]
[0.07658002 0.13340273 0.13812052 0.14035984 0.2741866  0.30491207
 0.87841653 1.12478644 1.14176153 2.82014929]
10
12

dr =  0.04, dr =  0.04
erhf = -169.741346, eu0hf = -169.606582, eu1hf = -169.724224
e_casci_list = -169.746555, e_casscf_list = -169.997888
[1.00000000e+00 1.00000000e+00 1.00000000e+00 6.82571301e-01
 6.20628095e-01 3.77727883e-01 3.15171830e-01 1.87601013e-03
 1.02710057e-03 9.91100555e-04 6.68017233e-06 6.59514484e-27
 2.50915124e-27 8.83735258e-28 2.90138037e-28 1.11105124e-28
 3.75997491e-29 1.30410528e-29 6.00316744e-30 5.34977798e-30
 6.39182485e-31 1.13529964e-31 4.73008293e-32]
[ 4  5  6  7  8 11 16 17 18 22]
[0.07561891 0.13380084 0.13841953 0.14119778 0.26823221 0.30724471
 0.87724458 1.1247268  1.14676634 2.84702506]
10
12

dr =  0.05, dr =  0.05
erhf = -169.738725, eu0hf = -169.603348, eu1hf = -169.721094
e_casci_list = -169.747893, e_casscf_list = -169.896434
[1.00000000e+00 1.00000000e+00 1.00000000e+00 6.86265709e-01
 6.14962537e-01 3.83638852e-01 3.09718007e-01 2.66848007e-03
 1.38568620e-03 1.35208649e-03 8.64245763e-06 1.29159297e-26
 6.13438741e-28 4.05868381e-28 1.34880408e-29 1.20759504e-29
 6.22452384e-30 5.93227322e-30 1.20349363e-30 4.69051589e-31
 2.17201965e-31 1.56869466e-31 7.35447643e-32]
[ 4  5  6  7  8 11 16 17 18 22]
[0.07453752 0.13405609 0.13857733 0.14188134 0.26210964 0.30944597
 0.8761221  1.12449455 1.15186975 2.87506015]
10
12

dr =  0.06, dr =  0.06
erhf = -169.735630, eu0hf = -169.599533, eu1hf = -169.717387
e_casci_list = -169.744923, e_casscf_list = -169.888379
[1.00000000e+00 1.00000000e+00 1.00000000e+00 6.89781265e-01
 6.09372653e-01 3.89400723e-01 3.04323490e-01 3.57366671e-03
 1.83291138e-03 1.70441238e-03 1.08785500e-05 5.98636961e-27
 7.53839418e-28 2.05597633e-28 8.22200147e-29 5.78126260e-29
 3.25911023e-30 2.27776339e-30 1.77320203e-30 6.13921880e-31
 2.03587395e-31 1.85690099e-31 9.88548648e-32]
[ 0  4  5  6  7  8 11 16 17 18 22]
[-4.08504626  0.07334022  0.13417031  0.13859605  0.14241012  0.25582801
  0.3115051   0.87504823  1.12409194  1.15707579  2.90426843]
11
14

dr =  0.07, dr =  0.07
erhf = -169.732045, eu0hf = -169.595121, eu1hf = -169.713083
e_casci_list = -169.729999, e_casscf_list = -169.891850
[1.00000000e+00 1.00000000e+00 1.00000000e+00 6.93138747e-01
 6.03847928e-01 3.95051947e-01 2.98963776e-01 4.58011627e-03
 2.32715896e-03 2.07694610e-03 1.33803439e-05 9.64913042e-26
 6.96449697e-28 1.96276677e-28 1.32426942e-28 8.18942497e-29
 9.35349235e-30 4.71199489e-30 4.55717139e-30 3.85344609e-30
 2.56410438e-31 2.21572606e-31 1.51436281e-31]
[ 0  4  5  6  7  8 11 16 17 18 22]
[-4.08507379  0.07203155  0.13414591  0.13847837  0.14278424  0.24939238
  0.31341662  0.87402168  1.12352131  1.16238909  2.93466465]
11
14

dr =  0.08, dr =  0.08
erhf = -169.727949, eu0hf = -169.590092, eu1hf = -169.708162
e_casci_list = -169.724639, e_casscf_list = -169.882697
[1.00000000e+00 1.00000000e+00 1.00000000e+00 6.96351980e-01
 5.98384202e-01 4.00611389e-01 2.93633083e-01 5.67775303e-03
 2.86285137e-03 2.46260315e-03 1.61381040e-05 8.83943125e-26
 2.44557068e-28 4.67731885e-29 3.10165875e-29 1.30459983e-29
 9.85920727e-30 4.58884477e-30 1.46098336e-30 8.27768475e-31
 1.72040223e-31 1.62304202e-31 1.53424570e-31]
[ 0  4  5  6  7  8 12 16 17 18 22]
[-4.08525289  0.07061616  0.13398581  0.1382275   0.1430043   0.24280618
  0.31517777  0.87304072  1.12278525  1.16781458  2.96626437]
11
14

dr =  0.09, dr =  0.09
erhf = -169.723320, eu0hf = -169.584422, eu1hf = -169.702601
e_casci_list = -169.718904, e_casscf_list = -169.880989
[1.00000000e+00 1.00000000e+00 1.00000000e+00 6.99431208e-01
 5.92980191e-01 4.06088717e-01 2.88334081e-01 6.85776571e-03
 3.43449030e-03 2.85440765e-03 1.91404614e-05 5.27660460e-27
 1.78336277e-28 4.37562008e-29 4.17580045e-29 3.83822653e-29
 6.27249066e-30 3.91166361e-30 2.84995367e-30 1.99342225e-30
 2.13529453e-31 1.44738498e-31 4.80995882e-32]
[ 0  4  5  6  7  8 12 16 17 18 22]
[-4.08558114  0.06909892  0.1336934   0.1378471   0.14307135  0.23607222
  0.3167876   0.87210322  1.1218867   1.1733574   2.9990839 ]
11
14

dr =  0.10, dr =  0.10
erhf = -169.718136, eu0hf = -169.578089, eu1hf = -169.696378
e_casci_list = -169.712457, e_casscf_list = -169.874893
