 
:: initializing oneAPI environment ...
   slurm_script: BASH_VERSION = 4.2.46(1)-release
   args: Using "$@" for setvars.sh arguments: --force
:: advisor -- latest
:: ccl -- latest
:: clck -- latest
:: compiler -- latest
:: dal -- latest
:: debugger -- latest
:: dev-utilities -- latest
:: dnnl -- latest
:: dpcpp-ct -- latest
:: dpl -- latest
:: inspector -- latest
:: intelpython -- latest
:: ipp -- latest
:: ippcp -- latest
:: ipp -- latest
:: itac -- latest
:: mkl -- latest
:: mpi -- latest
:: tbb -- latest
:: vpl -- latest
:: vtune -- latest
:: oneAPI environment initialized ::
 
WARN: HOMO 0.526374733758893 == LUMO 0.526374733758895
WARN: alpha nocc = 14  HOMO 0.532748197143287 >= LUMO 0.532748197143288
WARN: beta  nocc = 14  HOMO 0.532694520684277 >= LUMO 0.532694520684278
WARN: system HOMO 0.532694520684277 >= system LUMO 0.532694520684278
WARN: alpha nocc = 15  HOMO 0.682914284989989 >= LUMO 0.682914284989999
WARN: system HOMO 0.682914284989989 >= system LUMO 0.340262797648803
WARN: system HOMO -0.441562356974372 >= system LUMO -0.641855337521813
WARN: system HOMO 1.12913083843707 >= system LUMO 1.01663538158054
WARN: alpha nocc = 15  HOMO 0.965715219137209 >= LUMO 0.966701336937647
WARN: system HOMO 0.964546435838221 >= system LUMO 0.958652449631017
WARN: system HOMO 0.726493629169188 >= system LUMO 0.711416486216043
WARN: system HOMO 0.0941305322610557 >= system LUMO -0.15591135608469
[1.54233333e-31+0.j 1.63044154e-31+0.j 2.33569545e-31+0.j
 4.83210104e-31+0.j 1.05374029e-30+0.j 4.53619447e-30+0.j
 9.54510241e-30+0.j 9.78479114e-30+0.j 5.76470097e-29+0.j
 6.32257229e-29+0.j 6.62419846e-29+0.j 2.45270662e-28+0.j
 1.13182489e-05+0.j 4.12220400e-03+0.j 4.73980399e-03+0.j
 1.70660330e-02+0.j 2.94810129e-01+0.j 3.66620398e-01+0.j
 6.08199396e-01+0.j 7.04430756e-01+0.j 9.99999962e-01+0.j
 1.00000000e+00+0.j 1.00000000e+00+0.j]
[ 5  6  7  8 12 17 18]
7
10

dr = -0.10, dr = -0.10
erhf = -169.733573, eu0hf = -169.686878, eu1hf = -169.694379
[4.37242595e-32 9.85711295e-32 2.20764639e-31 3.22995490e-31
 7.11221019e-31 2.05277357e-30 2.37664801e-30 8.22467148e-30
 1.32459419e-29 1.76359444e-29 1.64694607e-28 4.17758403e-28
 9.11268976e-06 3.21190836e-03 3.80229125e-03 1.34646672e-02
 3.00598911e-01 3.65335904e-01 6.14806328e-01 6.98770923e-01
 9.99999955e-01 1.00000000e+00 1.00000000e+00]
[ 5  6  7  8 12 17 18]
7
10

dr = -0.09, dr = -0.09
erhf = -169.736801, eu0hf = -169.690744, eu1hf = -169.695406
[9.25152267e-32 1.78840974e-31 5.91073035e-31 2.08996591e-30
 4.41951615e-30 1.04934990e-29 1.06454677e-29 2.21535749e-29
 5.36069243e-29 7.21843584e-29 2.00904281e-28 2.84108917e-28
 7.15433285e-06 2.43353310e-03 2.97033383e-03 1.03917368e-02
 3.06420123e-01 3.63526042e-01 6.21167792e-01 6.93083342e-01
 9.99999944e-01 1.00000000e+00 1.00000000e+00]
[ 5  6  7  8 12 17 18]
7
10

dr = -0.08, dr = -0.08
erhf = -169.739607, eu0hf = -169.694119, eu1hf = -169.696046
[1.07469644e-30+0.j 1.89257993e-30+0.j 3.44482398e-30+0.j
 3.64104330e-30+0.j 4.70641678e-30+0.j 7.17997748e-30+0.j
 1.17512848e-29+0.j 5.95059542e-28+0.j 3.65321019e-27+0.j
 4.97065628e-27+0.j 7.97464439e-27+0.j 3.40487352e-26+0.j
 5.45153303e-06+0.j 1.77892167e-03+0.j 2.24426050e-03+0.j
 7.80533968e-03+0.j 3.12279838e-01+0.j 3.61223154e-01+0.j
 6.27298526e-01+0.j 6.87364509e-01+0.j 1.00000000e+00+0.j
 1.00000000e+00+0.j 1.00000000e+00+0.j]
[ 5  6  7  8 12 17 18]
7
10

dr = -0.07, dr = -0.07
erhf = -169.741998, eu0hf = -169.697007, eu1hf = -169.696322
[9.36326951e-32 2.67061792e-31 8.00949797e-31 1.36394880e-30
 4.13846105e-30 1.04809631e-29 2.44810653e-29 4.05304654e-29
 7.01640271e-29 7.09064059e-29 8.74359493e-29 8.24423494e-28
 4.00885833e-06 1.24045805e-03 1.62361172e-03 5.66462344e-03
 3.18184127e-01 3.58460281e-01 6.33203029e-01 6.81619861e-01
 1.00000000e+00 1.00000000e+00 1.00000000e+00]
[ 5  6  7  8 12 17 18]
7
10

dr = -0.06, dr = -0.06
erhf = -169.743979, eu0hf = -169.699410, eu1hf = -169.696256
[1.37624885e-31 1.46078117e-31 4.35453829e-31 1.66750049e-30
 3.96819397e-30 7.88896698e-30 1.57940730e-29 4.14874899e-29
 1.36724128e-28 1.73710540e-28 2.09470189e-27 2.95237876e-26
 2.83393058e-06 8.10895430e-04 1.10720206e-03 3.92985392e-03
 3.24151566e-01 3.55255770e-01 6.38906121e-01 6.75835758e-01
 1.00000000e+00 1.00000000e+00 1.00000000e+00]
[ 5  6  7  8 12 17 18]
7
10

dr = -0.05, dr = -0.05
erhf = -169.745554, eu0hf = -169.701329, eu1hf = -169.695872
[9.17519508e-32 1.15876988e-31 2.05576668e-31 1.14735051e-30
 4.21488386e-30 8.73455520e-30 1.19622470e-29 1.50265003e-29
 4.06495473e-29 7.53967281e-29 1.71544894e-28 3.21018829e-27
 1.93231005e-06 4.83299111e-04 6.93135923e-04 2.56361498e-03
 3.30213869e-01 3.51613001e-01 6.44432743e-01 6.69998405e-01
 1.00000000e+00 1.00000000e+00 1.00000000e+00]
[ 5  6  7  8 12 17 18]
7
10

dr = -0.04, dr = -0.04
erhf = -169.746727, eu0hf = -169.702765, eu1hf = -169.695188
[5.23185008e-32 3.42833766e-31 3.97277478e-31 1.29957031e-30
 2.27032692e-30 4.13240126e-30 1.41696189e-29 1.44741754e-29
 3.81476454e-29 3.65191806e-28 1.72982451e-27 4.52424238e-26
 1.30911393e-06 2.50938088e-04 3.78883689e-04 1.53073082e-03
 3.36438276e-01 3.47497910e-01 6.49832474e-01 6.64069479e-01
 1.00000000e+00 1.00000000e+00 1.00000000e+00]
[ 5  6  7  8 11 17 18]
7
10

dr = -0.03, dr = -0.03
erhf = -169.747497, eu0hf = -169.703714, eu1hf = -169.694226
[1.21963461e-31 2.13996867e-31 5.76593732e-31 7.17975790e-31
 1.11650437e-30 1.31132869e-30 4.61991876e-30 4.88333501e-30
 1.09985126e-28 3.36707068e-28 3.09110692e-27 1.44828541e-26
 9.68749342e-07 1.07204845e-04 1.61333907e-04 7.98533968e-04
 3.42785378e-01 3.42980850e-01 6.55225035e-01 6.57940696e-01
 1.00000000e+00 1.00000000e+00 1.00000000e+00]
[ 5  6  7  8 11 17 18]
7
10

dr = -0.02, dr = -0.02
erhf = -169.747864, eu0hf = -169.704173, eu1hf = -169.693000
[1.12965786e-31 4.35955416e-31 1.29214023e-30 1.52138246e-30
 4.67569564e-30 5.09320416e-30 1.09047777e-29 1.12118888e-29
 2.47882978e-29 1.17036870e-27 1.53588410e-27 1.27479830e-26
 9.14818800e-07 3.68540918e-05 4.55460357e-05 3.36934670e-04
 3.37114426e-01 3.50231244e-01 6.51192543e-01 6.61041538e-01
 1.00000000e+00 1.00000000e+00 1.00000000e+00]
[ 5  6  7  8 11 17 18]
7
10

dr = -0.01, dr = -0.01
erhf = -169.747825, eu0hf = -169.704136, eu1hf = -169.691526
[5.77849121e-32 2.17176259e-31 5.07812429e-31 1.01038638e-30
 3.61461944e-30 6.85553441e-30 7.10312782e-30 1.87550428e-29
 9.53239477e-29 2.31046580e-28 1.72056497e-27 9.11504042e-27
 1.15001744e-06 1.35310788e-06 5.94049507e-05 1.18407749e-04
 3.31161883e-01 3.57539070e-01 6.42280618e-01 6.68838114e-01
 1.00000000e+00 1.00000000e+00 1.00000000e+00]
[ 5  6  7  8 11 17 18]
7
10

dr =  0.00, dr =  0.00
erhf = -169.747378, eu0hf = -169.703598, eu1hf = -169.689811
[2.14480246e-31 2.52097733e-31 4.87739757e-31 6.38965654e-31
 1.58867385e-30 6.61414362e-30 2.90336518e-29 3.07309639e-29
 9.89846134e-29 1.74738676e-28 9.12150889e-27 7.47613408e-26
 1.67602512e-06 5.03440929e-05 1.17920045e-04 1.42176142e-04
 3.44921035e-01 3.44935349e-01 6.46808596e-01 6.63022903e-01
 1.00000000e+00 1.00000000e+00 1.00000000e+00]
[ 5  6  7  8 11 17 18]
7
10

dr =  0.01, dr =  0.01
erhf = -169.746514, eu0hf = -169.702548, eu1hf = -169.687862
[2.50932617e-32 3.28235937e-32 1.64147741e-31 2.47718122e-30
 3.06960814e-30 3.84710168e-30 5.27374383e-30 5.84014059e-30
 2.11390212e-28 6.64762811e-28 1.62866306e-27 8.87694036e-27
 2.49339689e-06 1.79006966e-04 2.87172655e-04 3.12817756e-04
 3.33623623e-01 3.57210663e-01 6.38674271e-01 6.69709952e-01
 1.00000000e+00 1.00000000e+00 1.00000000e+00]
[ 5  6  7  8 11 17 18]
7
10

dr =  0.02, dr =  0.02
erhf = -169.745228, eu0hf = -169.700977, eu1hf = -169.685676
[5.14319506e-32 1.05743508e-31 5.91944248e-31 8.03003925e-31
 3.85160164e-30 8.44499751e-30 4.27972489e-29 4.53837274e-29
 1.69525275e-28 3.69096344e-28 5.96656471e-27 3.56735008e-26
 3.60145576e-06 3.82249701e-04 4.87606288e-04 6.82689077e-04
 3.26671550e-01 3.64983605e-01 6.32332536e-01 6.74456163e-01
 1.00000000e+00 1.00000000e+00 1.00000000e+00]
[ 5  6  7  8 11 17 18]
7
10

dr =  0.03, dr =  0.03
erhf = -169.743509, eu0hf = -169.698873, eu1hf = -169.683246
[1.08541786e-31 2.28158687e-31 4.15960092e-31 1.59062071e-30
 3.15587865e-30 8.83467018e-30 5.32214925e-29 6.77447726e-29
 6.82555574e-29 2.87985407e-28 6.53659669e-27 8.20193049e-27
 4.99819160e-06 6.54767677e-04 7.36581124e-04 1.20921398e-03
 3.20755327e-01 3.71582512e-01 6.26395088e-01 6.78661512e-01
 1.00000000e+00 1.00000000e+00 1.00000000e+00]
[ 5  6  7  8 11 17 18]
7
10

dr =  0.04, dr =  0.04
erhf = -169.741346, eu0hf = -169.696223, eu1hf = -169.680559
[1.14653089e-31 2.40086347e-31 8.44914235e-31 1.54039847e-30
 8.80425095e-30 9.38482695e-30 4.64709170e-29 8.68470831e-29
 1.08634267e-28 1.44389552e-28 1.22751524e-27 7.24595247e-27
 6.68017004e-06 9.91100548e-04 1.02710038e-03 1.87600992e-03
 3.15171827e-01 3.77727888e-01 6.20628095e-01 6.82571300e-01
 1.00000000e+00 1.00000000e+00 1.00000000e+00]
[ 5  6  7  8 11 17 18]
7
10

dr =  0.05, dr =  0.05
erhf = -169.738725, eu0hf = -169.693012, eu1hf = -169.677594
[5.50318150e-32 6.99049110e-32 1.88444593e-31 6.65867797e-31
 1.21827117e-30 4.33749442e-30 6.07383938e-30 6.95141742e-30
 3.14076361e-29 1.51366391e-28 1.94235173e-28 1.49906487e-27
 8.64245486e-06 1.35208625e-03 1.38568619e-03 2.66847980e-03
 3.09718004e-01 3.83638857e-01 6.14962537e-01 6.86265707e-01
 1.00000000e+00 1.00000000e+00 1.00000000e+00]
[ 5  6  7  8 11 17 18]
7
10

dr =  0.06, dr =  0.06
erhf = -169.735630, eu0hf = -169.689222, eu1hf = -169.674326
[3.36181641e-32 2.56874288e-31 3.33561356e-31 6.67778227e-30
 6.76016872e-30 1.31559421e-29 1.48064407e-29 4.07191773e-29
 7.80890938e-29 1.00205970e-28 1.10827507e-27 2.15780961e-27
 1.08785466e-05 1.70441207e-03 1.83291137e-03 3.57366634e-03
 3.04323488e-01 3.89400729e-01 6.09372653e-01 6.89781263e-01
 1.00000000e+00 1.00000000e+00 1.00000000e+00]
[ 5  6  7  8 11 17 18]
7
10

dr =  0.07, dr =  0.07
erhf = -169.732045, eu0hf = -169.684835, eu1hf = -169.670723
[5.05720338e-32 9.73291790e-32 1.76277946e-31 9.52929343e-31
 4.20221996e-30 4.35979310e-30 8.49546558e-30 9.88083059e-30
 1.01707648e-28 7.00159779e-28 8.18213017e-28 5.39676396e-26
 1.33803398e-05 2.07694572e-03 2.32715894e-03 4.58011577e-03
 2.98963774e-01 3.95051953e-01 6.03847929e-01 6.93138744e-01
 9.99999999e-01 1.00000000e+00 1.00000000e+00]
[ 5  6  7  8 11 17 18]
7
10

dr =  0.08, dr =  0.08
erhf = -169.727949, eu0hf = -169.679831, eu1hf = -169.666749
[1.17233310e-31 2.02728355e-31 2.40032448e-31 3.26214634e-30
 8.55918197e-30 1.13086544e-29 1.60793253e-29 2.69950463e-29
 7.55484678e-29 3.49382885e-28 8.17877151e-28 8.03754144e-26
 1.61380990e-05 2.46260267e-03 2.86285135e-03 5.67775235e-03
 2.93633082e-01 4.00611395e-01 5.98384203e-01 6.96351976e-01
 9.99999999e-01 1.00000000e+00 1.00000000e+00]
[ 5  6  7  8 12 17 18]
7
10

dr =  0.09, dr =  0.09
erhf = -169.723320, eu0hf = -169.674188, eu1hf = -169.662366
[5.35256675e-32 5.36628776e-32 1.37093918e-31 1.55543224e-31
 1.60009149e-31 5.10684738e-31 2.54658973e-30 2.58893024e-29
 6.81376161e-29 1.11938566e-28 1.81353955e-28 8.85272441e-27
 1.91404553e-05 2.85440705e-03 3.43449027e-03 6.85776477e-03
 2.88334080e-01 4.06088724e-01 5.92980191e-01 6.99431203e-01
 9.99999999e-01 1.00000000e+00 1.00000000e+00]
[ 5  6  7  8 12 17 18]
7
10

dr =  0.10, dr =  0.10
erhf = -169.718136, eu0hf = -169.667883, eu1hf = -169.657533
