 
:: initializing oneAPI environment ...
   slurm_script: BASH_VERSION = 4.2.46(1)-release
   args: Using "$@" for setvars.sh arguments: --force
:: advisor -- latest
:: ccl -- latest
:: clck -- latest
:: compiler -- latest
:: dal -- latest
:: debugger -- latest
:: dev-utilities -- latest
:: dnnl -- latest
:: dpcpp-ct -- latest
:: dpl -- latest
:: inspector -- latest
:: intelpython -- latest
:: ipp -- latest
:: ippcp -- latest
:: ipp -- latest
:: itac -- latest
:: mkl -- latest
:: mpi -- latest
:: tbb -- latest
:: vpl -- latest
:: vtune -- latest
:: oneAPI environment initialized ::
 
WARN: HOMO 0.526374733758893 == LUMO 0.526374733758894
WARN: alpha nocc = 14  HOMO 0.532748197143299 >= LUMO 0.532748197143302
WARN: beta  nocc = 14  HOMO 0.532694520684293 >= LUMO 0.532694520684297
WARN: system HOMO 0.532694520684293 >= system LUMO 0.532694520684297
WARN: alpha nocc = 15  HOMO 0.682914284989986 >= LUMO 0.68291428499
WARN: system HOMO 0.682914284989986 >= system LUMO 0.340262797648802
WARN: system HOMO -0.441563203764271 >= system LUMO -0.641854376714563
WARN: system HOMO 1.12913083908076 >= system LUMO 1.01663535939739
WARN: alpha nocc = 15  HOMO 0.965715009146251 >= LUMO 0.966701092678559
WARN: system HOMO 0.96454622283654 >= system LUMO 0.958652213041544
WARN: system HOMO 0.726491959078289 >= system LUMO 0.711415789295766
WARN: system HOMO 0.108543466119601 >= system LUMO -0.122206261227869
[5.26636806e-32+0.j 1.55734497e-31+0.j 1.96075647e-31+0.j
 8.23428606e-31+0.j 9.52699171e-31+0.j 6.12470951e-30+0.j
 1.00917487e-29+0.j 1.01160662e-29+0.j 1.52481512e-29+0.j
 3.47705534e-29+0.j 4.39607743e-29+0.j 2.23734629e-28+0.j
 1.13187048e-05+0.j 4.12217070e-03+0.j 4.73980573e-03+0.j
 1.70659172e-02+0.j 2.94810824e-01+0.j 3.66619351e-01+0.j
 6.08200803e-01+0.j 7.04429815e-01+0.j 9.99999994e-01+0.j
 1.00000000e+00+0.j 1.00000000e+00+0.j]
[ 5  6  7  8 12 17 18]
7
10

dr = -0.10, dr = -0.10
erhf = -169.733573, eu0hf = -169.597438, eu1hf = -169.694379
[4.07631821e-32 6.61369665e-32 8.78292190e-32 1.61035318e-30
 5.19404233e-30 5.99932784e-30 9.76307932e-30 1.34782101e-29
 1.44883471e-29 2.40774622e-29 8.08040318e-29 5.06608648e-28
 9.11322079e-06 3.21189058e-03 3.80228385e-03 1.34647326e-02
 3.00599105e-01 3.65335268e-01 6.14807159e-01 6.98770454e-01
 9.99999993e-01 1.00000000e+00 1.00000000e+00]
[ 5  6  7  8 12 17 18]
7
10

dr = -0.09, dr = -0.09
erhf = -169.736800, eu0hf = -169.601298, eu1hf = -169.695406
[8.24061132e-32 1.59067860e-31 1.69467556e-31 1.31475859e-30
 2.26823317e-30 2.86042335e-30 3.29644816e-30 5.49480147e-30
 9.56699221e-30 1.09010782e-29 3.14116440e-29 2.37625136e-28
 7.15505036e-06 2.43352578e-03 2.97033229e-03 1.03916953e-02
 3.06421037e-01 3.63524744e-01 6.21169267e-01 6.93082251e-01
 9.99999992e-01 1.00000000e+00 1.00000000e+00]
[ 5  6  7  8 12 17 18]
7
10

dr = -0.08, dr = -0.08
erhf = -169.739607, eu0hf = -169.604666, eu1hf = -169.696046
[1.11409909e-32+0.j 2.00963643e-31+0.j 2.10163969e-31+0.j
 3.68205281e-31+0.j 5.52701143e-30+0.j 1.29563318e-29+0.j
 1.44564788e-29+0.j 2.25760653e-29+0.j 2.33929443e-29+0.j
 9.50074099e-29+0.j 3.44662268e-28+0.j 1.16351360e-27+0.j
 5.45127513e-06+0.j 1.77892830e-03+0.j 2.24425958e-03+0.j
 7.80535719e-03+0.j 3.12279645e-01+0.j 3.61223353e-01+0.j
 6.27296534e-01+0.j 6.87366483e-01+0.j 9.99999989e-01+0.j
 1.00000000e+00+0.j 1.00000000e+00+0.j]
[ 5  6  7  8 12 17 18]
7
10

dr = -0.07, dr = -0.07
erhf = -169.741998, eu0hf = -169.607545, eu1hf = -169.696322
[6.03720434e-32 1.27340159e-31 5.88964380e-31 8.99280269e-31
 1.05054811e-30 1.07337861e-30 2.59829129e-30 1.01492748e-29
 3.23908485e-29 3.56729386e-29 3.41705420e-28 4.83703659e-28
 4.00873473e-06 1.24046054e-03 1.62361550e-03 5.66456678e-03
 3.18184330e-01 3.58460259e-01 6.33202711e-01 6.81620063e-01
 9.99999986e-01 1.00000000e+00 1.00000000e+00]
[ 5  6  7  8 12 17 18]
7
10

dr = -0.06, dr = -0.06
erhf = -169.743979, eu0hf = -169.609938, eu1hf = -169.696256
[2.77725781e-32 4.83380592e-32 1.71988353e-31 7.11903120e-31
 1.95790796e-30 3.60565768e-30 1.43374646e-29 3.10035965e-29
 4.77463880e-29 8.57847500e-29 5.31119083e-28 3.76470028e-27
 2.83375301e-06 8.10894043e-04 1.10720490e-03 3.92980851e-03
 3.24151655e-01 3.55255887e-01 6.38905545e-01 6.75836190e-01
 9.99999982e-01 1.00000000e+00 1.00000000e+00]
[ 5  6  7  8 12 17 18]
7
10

dr = -0.05, dr = -0.05
erhf = -169.745554, eu0hf = -169.611847, eu1hf = -169.695872
[3.79917476e-32 1.28183844e-31 1.61793748e-31 9.75012276e-31
 1.12451422e-30 2.03714619e-30 2.42542946e-30 3.38866291e-30
 7.97486562e-30 8.14269202e-29 2.90336398e-28 2.05712471e-27
 1.93207339e-06 4.83293396e-04 6.93137919e-04 2.56357806e-03
 3.30213789e-01 3.51613320e-01 6.44431862e-01 6.69999110e-01
 9.99999977e-01 1.00000000e+00 1.00000000e+00]
[ 5  6  7  8 12 17 18]
7
10

dr = -0.04, dr = -0.04
erhf = -169.746727, eu0hf = -169.613269, eu1hf = -169.695188
[2.45067165e-31 2.92160975e-31 3.44214727e-31 3.13365977e-30
 4.00905943e-30 1.03968395e-29 1.26035146e-29 6.18487146e-29
 7.69207811e-29 1.92002245e-28 1.06132861e-27 9.88945942e-27
 1.30881339e-06 2.50927605e-04 3.78884922e-04 1.53069998e-03
 3.36437928e-01 3.47498541e-01 6.49831198e-01 6.64070542e-01
 9.99999970e-01 1.00000000e+00 1.00000000e+00]
[ 5  6  7  8 11 17 18]
7
10

dr = -0.03, dr = -0.03
erhf = -169.747497, eu0hf = -169.614204, eu1hf = -169.694226
[3.51237149e-31 4.46475097e-31 4.93042479e-31 5.52873114e-31
 1.10618496e-30 1.73715579e-30 7.74797272e-30 1.93201434e-29
 2.62874321e-29 1.15240191e-28 5.32112243e-28 3.34320531e-26
 9.68381185e-07 1.07189177e-04 1.61334454e-04 7.98506964e-04
 3.42786529e-01 3.42980035e-01 6.55223167e-01 6.57942307e-01
 9.99999962e-01 1.00000000e+00 1.00000000e+00]
[ 5  6  7  8 11 17 18]
7
10

dr = -0.02, dr = -0.02
erhf = -169.747864, eu0hf = -169.614648, eu1hf = -169.693000
[1.49919632e-30 3.16400503e-30 5.20609790e-30 7.40178570e-30
 7.69862066e-30 6.27023522e-29 5.32516953e-28 5.80264129e-28
 2.83512973e-27 9.59242616e-27 1.01152104e-26 1.38161231e-26
 9.14780106e-07 3.68545272e-05 4.55456394e-05 3.36929664e-04
 3.37113742e-01 3.50231883e-01 6.51195406e-01 6.61038724e-01
 1.00000000e+00 1.00000000e+00 1.00000000e+00]
[ 5  6  7  8 11 17 18]
7
10

dr = -0.01, dr = -0.01
erhf = -169.747825, eu0hf = -169.614595, eu1hf = -169.691526
[4.84510709e-32 9.77989096e-32 2.58468398e-31 6.62163869e-31
 8.41998278e-31 2.44781471e-30 4.27896565e-30 1.37861657e-29
 7.40256389e-29 2.54261307e-27 3.77786115e-27 7.88676870e-26
 1.15001836e-06 1.35310903e-06 5.94050037e-05 1.18407797e-04
 3.31161877e-01 3.57539075e-01 6.42280612e-01 6.68838120e-01
 1.00000000e+00 1.00000000e+00 1.00000000e+00]
[ 5  6  7  8 11 17 18]
7
10

dr =  0.00, dr =  0.00
erhf = -169.747378, eu0hf = -169.614039, eu1hf = -169.689811
[1.26954412e-31 2.63915240e-31 3.98968259e-31 1.24782357e-30
 1.60547097e-30 4.06113211e-30 6.22792522e-30 1.23862212e-29
 4.66979742e-29 2.78125181e-28 6.14343874e-28 1.59160876e-26
 1.67602623e-06 5.03440948e-05 1.17920108e-04 1.42176212e-04
 3.44921023e-01 3.44935361e-01 6.46808599e-01 6.63022901e-01
 1.00000000e+00 1.00000000e+00 1.00000000e+00]
[ 5  6  7  8 11 17 18]
7
10

dr =  0.01, dr =  0.01
erhf = -169.746514, eu0hf = -169.612970, eu1hf = -169.687862
[1.31670748e-31 1.79244753e-31 2.41732058e-31 2.71957976e-31
 6.70237179e-31 4.01883660e-30 4.93336231e-30 8.64761013e-30
 3.02106961e-29 1.84742354e-28 1.48655195e-27 1.74620796e-26
 2.49339822e-06 1.79006969e-04 2.87172747e-04 3.12817841e-04
 3.33623631e-01 3.57210654e-01 6.38674272e-01 6.69709952e-01
 1.00000000e+00 1.00000000e+00 1.00000000e+00]
[ 5  6  7  8 11 17 18]
7
10

dr =  0.02, dr =  0.02
erhf = -169.745228, eu0hf = -169.611380, eu1hf = -169.685675
[4.30982934e-32 1.35370549e-31 3.45019743e-31 1.29069686e-30
 6.93428835e-30 1.18994209e-29 3.27351522e-29 3.73785998e-29
 1.37969278e-28 9.64773007e-28 1.75624029e-27 4.10777836e-27
 3.60145735e-06 3.82249705e-04 4.87606407e-04 6.82689191e-04
 3.26671556e-01 3.64983598e-01 6.32332537e-01 6.74456163e-01
 1.00000000e+00 1.00000000e+00 1.00000000e+00]
[ 5  6  7  8 11 17 18]
7
10

dr =  0.03, dr =  0.03
erhf = -169.743509, eu0hf = -169.609255, eu1hf = -169.683246
[3.65257294e-32 1.79154972e-31 2.62778295e-31 3.38390304e-31
 7.72699862e-31 4.34214576e-30 4.69829231e-30 5.74269352e-29
 6.47510221e-29 2.25888124e-28 1.76019540e-27 4.04420092e-27
 4.99819351e-06 6.54767683e-04 7.36581277e-04 1.20921413e-03
 3.20755331e-01 3.71582506e-01 6.26395089e-01 6.78661513e-01
 1.00000000e+00 1.00000000e+00 1.00000000e+00]
[ 5  6  7  8 11 17 18]
7
10

dr =  0.04, dr =  0.04
erhf = -169.741346, eu0hf = -169.606582, eu1hf = -169.680559
[8.50734203e-32 1.70720259e-31 4.72631979e-31 1.51313468e-30
 1.16009334e-29 2.21990319e-29 4.71013213e-29 1.28806320e-28
 1.29864686e-28 5.84388683e-28 8.84733148e-28 9.38940639e-28
 6.68017235e-06 9.91100555e-04 1.02710057e-03 1.87601013e-03
 3.15171830e-01 3.77727883e-01 6.20628095e-01 6.82571301e-01
 1.00000000e+00 1.00000000e+00 1.00000000e+00]
[ 5  6  7  8 11 17 18]
7
10

dr =  0.05, dr =  0.05
erhf = -169.738725, eu0hf = -169.603348, eu1hf = -169.677594
[1.06799020e-31 2.04556588e-31 5.14555575e-31 7.78285245e-31
 1.69595957e-30 3.04702405e-30 4.94080863e-30 5.24607123e-30
 1.58008882e-29 2.69345282e-29 5.25979098e-29 1.04460523e-27
 8.64245765e-06 1.35208650e-03 1.38568620e-03 2.66848007e-03
 3.09718007e-01 3.83638852e-01 6.14962537e-01 6.86265709e-01
 1.00000000e+00 1.00000000e+00 1.00000000e+00]
[ 5  6  7  8 11 17 18]
7
10

dr =  0.06, dr =  0.06
erhf = -169.735630, eu0hf = -169.599533, eu1hf = -169.674326
[5.28130348e-32 6.27757942e-32 2.43822693e-31 2.70899239e-31
 3.91732151e-30 4.31237391e-30 8.07389875e-30 9.68934848e-30
 6.11841147e-29 2.14118757e-28 2.57348175e-28 7.82527351e-28
 1.08785500e-05 1.70441238e-03 1.83291138e-03 3.57366671e-03
 3.04323490e-01 3.89400723e-01 6.09372653e-01 6.89781265e-01
 1.00000000e+00 1.00000000e+00 1.00000000e+00]
[ 5  6  7  8 11 17 18]
7
10

dr =  0.07, dr =  0.07
erhf = -169.732045, eu0hf = -169.595122, eu1hf = -169.670723
[5.28670442e-32 1.66730907e-31 1.68316313e-31 1.32264417e-30
 5.12035763e-30 6.47754348e-30 9.88972519e-30 4.72304834e-29
 8.99489235e-29 1.78049519e-28 4.46245651e-28 1.08450428e-27
 1.33803439e-05 2.07694611e-03 2.32715896e-03 4.58011627e-03
 2.98963776e-01 3.95051947e-01 6.03847928e-01 6.93138747e-01
 1.00000000e+00 1.00000000e+00 1.00000000e+00]
[ 5  6  7  8 11 17 18]
7
10

dr =  0.08, dr =  0.08
erhf = -169.727949, eu0hf = -169.590092, eu1hf = -169.666749
[1.34948105e-31 2.02158465e-31 2.34070983e-31 4.32385585e-31
 2.20259137e-30 3.59784171e-30 2.01736034e-29 2.64821310e-29
 3.43996594e-29 7.28999336e-29 3.64581957e-28 4.96654893e-27
 1.61381040e-05 2.46260316e-03 2.86285137e-03 5.67775304e-03
 2.93633083e-01 4.00611389e-01 5.98384202e-01 6.96351980e-01
 1.00000000e+00 1.00000000e+00 1.00000000e+00]
[ 5  6  7  8 12 17 18]
7
10

dr =  0.09, dr =  0.09
erhf = -169.723320, eu0hf = -169.584422, eu1hf = -169.662366
[2.17548792e-32 1.69872970e-31 1.73079688e-31 1.16405949e-30
 1.48523728e-30 8.45789415e-30 1.32518299e-29 1.52841902e-29
 1.58434933e-29 1.34629113e-28 1.40406165e-27 2.54039197e-26
 1.91404614e-05 2.85440765e-03 3.43449030e-03 6.85776572e-03
 2.88334081e-01 4.06088716e-01 5.92980191e-01 6.99431208e-01
 1.00000000e+00 1.00000000e+00 1.00000000e+00]
[ 5  6  7  8 12 17 18]
7
10

dr =  0.10, dr =  0.10
erhf = -169.718136, eu0hf = -169.578089, eu1hf = -169.657533
Traceback (most recent call last):
  File "/home/yangjunjie/test/test-nih6/main.py", line 157, in <module>
    get_r_ene(1.4, dr_max=0.1)
  File "/home/yangjunjie/test/test-nih6/main.py", line 155, in get_r_ene
    numpy.savetxt(f"./data/r_{r:6.4f}.dat", data, fmt="%4.2f %12.8f %12.8f %12.8f %12.8f %12.8f")
  File "<__array_function__ internals>", line 5, in savetxt
  File "/home/yangjunjie/intel/oneapi/intelpython/latest/lib/python3.9/site-packages/numpy/lib/npyio.py", line 1415, in savetxt
    raise error
ValueError: fmt has wrong number of % formats:  %4.2f %12.8f %12.8f %12.8f %12.8f %12.8f
