 
:: initializing oneAPI environment ...
   slurm_script: BASH_VERSION = 4.2.46(1)-release
   args: Using "$@" for setvars.sh arguments: --force
:: advisor -- latest
:: ccl -- latest
:: clck -- latest
:: compiler -- latest
:: dal -- latest
:: debugger -- latest
:: dev-utilities -- latest
:: dnnl -- latest
:: dpcpp-ct -- latest
:: dpl -- latest
:: inspector -- latest
:: intelpython -- latest
:: ipp -- latest
:: ippcp -- latest
:: ipp -- latest
:: itac -- latest
:: mkl -- latest
:: mpi -- latest
:: tbb -- latest
:: vpl -- latest
:: vtune -- latest
:: oneAPI environment initialized ::
 
WARN: HOMO -0.790978914477492 == LUMO -0.790978914477492
[1.38145139e-29 1.54847590e-29 3.79130980e-29 3.89539259e-29
 2.11730969e-28 3.09214391e-28 3.36038723e-28 1.01786557e-27
 1.06082449e-27 1.55100209e-27 6.56967396e-27 1.62497256e-26
 1.06411581e-06 5.64338298e-03 1.51702616e-02 5.61804805e-02
 8.87452092e-02 9.56770728e-02 1.47567024e-01 1.51478132e-01
 1.52447353e-01 3.80922291e-01 4.50697578e-01 4.53625349e-01
 4.54121886e-01 8.47552647e-01 8.48521868e-01 8.51648400e-01]
[ 4  5  6  8  9 17 18 22 23 24]
Traceback (most recent call last):
  File "/home/yangjunjie/test/test-nih6/main.py", line 131, in <module>
    get_r_ene(1.4, dr_max=0.1)
  File "/home/yangjunjie/test/test-nih6/main.py", line 79, in get_r_ene
    assert 1 == 2
AssertionError
