 
:: initializing oneAPI environment ...
   slurm_script: BASH_VERSION = 4.2.46(1)-release
   args: Using "$@" for setvars.sh arguments: --force
:: advisor -- latest
:: ccl -- latest
:: clck -- latest
:: compiler -- latest
:: dal -- latest
:: debugger -- latest
:: dev-utilities -- latest
:: dnnl -- latest
:: dpcpp-ct -- latest
:: dpl -- latest
:: inspector -- latest
:: intelpython -- latest
:: ipp -- latest
:: ippcp -- latest
:: ipp -- latest
:: itac -- latest
:: mkl -- latest
:: mpi -- latest
:: tbb -- latest
:: vpl -- latest
:: vtune -- latest
:: oneAPI environment initialized ::
 
WARN: HOMO 0.526374733758892 == LUMO 0.526374733758894
[1.44224494e-31+0.j 3.41306276e-31+0.j 3.58937766e-31+0.j
 4.79118822e-31+0.j 1.58267816e-30+0.j 9.86584906e-30+0.j
 9.99953786e-30+0.j 1.46557613e-29+0.j 1.47947116e-29+0.j
 1.98294055e-29+0.j 1.15452579e-28+0.j 2.40096722e-28+0.j
 1.13186573e-05+0.j 4.12219355e-03+0.j 4.73980265e-03+0.j
 1.70659983e-02+0.j 2.94810483e-01+0.j 3.66619840e-01+0.j
 6.08200218e-01+0.j 7.04430160e-01+0.j 9.99999986e-01+0.j
 1.00000000e+00+0.j 1.00000000e+00+0.j]
[ 5  6  7  8 12 17 18]
7
10
Traceback (most recent call last):
  File "/home/yangjunjie/test/test-nih6/main.py", line 151, in <module>
    get_r_ene(1.4, dr_max=0.1)
  File "/home/yangjunjie/test/test-nih6/main.py", line 108, in get_r_ene
    mycas = mf.CASCI(ncas, nele)
AttributeError: 'RHF' object has no attribute 'CASCI'
