

******** <class 'pyscf.scf.hf.RHF'> ********
method = RHF
initial guess = minao
damping factor = 0
level_shift factor = 0
DIIS = <class 'pyscf.scf.diis.CDIIS'>
diis_start_cycle = 1
diis_space = 10
SCF conv_tol = 1e-09
SCF conv_tol_grad = None
SCF max_cycles = 1000
direct_scf = True
direct_scf_tol = 1e-13
chkfile to save SCF result = /scratch/global/yangjunjie/test/410937/tmpi8stq7rj
max_memory 4000 MB (current use 81 MB)
Set gradient conv threshold to 3.16228e-05
init E= -167.750200935152
  HOMO = 0.337768473110578  LUMO = 0.57219832266824
cycle= 1 E= -149.55303131056  delta_E= 18.2  |g|= 4.42  |ddm|= 11.7

WARN: HOMO -0.790978914477492 == LUMO -0.790978914477492

cycle= 2 E= -162.11008877423  delta_E= -12.6  |g|= 3.33  |ddm|= 11.6
  HOMO = 0.939000847544035  LUMO = 1.04261116137284
cycle= 3 E= -152.211796749545  delta_E=  9.9  |g|= 5.14  |ddm|= 11.9
  HOMO = 0.247232078568044  LUMO = 0.261955286678644
cycle= 4 E= -165.886157960878  delta_E= -13.7  |g|= 2.92  |ddm|= 11.7
  HOMO = 0.260982596878377  LUMO = 0.293216888363928
cycle= 5 E= -165.990625443358  delta_E= -0.104  |g|= 2.91  |ddm|= 0.123
  HOMO = 0.212490834167947  LUMO = 0.274315465949488
cycle= 6 E= -165.928958428148  delta_E= 0.0617  |g|= 2.93  |ddm|= 1.05
  HOMO = 0.191647907435049  LUMO = 0.255938417790603
cycle= 7 E= -165.866203688572  delta_E= 0.0628  |g|= 2.94  |ddm|=  0.2
  HOMO = 0.211740191679105  LUMO = 0.263074360995177
cycle= 8 E= -165.954316891449  delta_E= -0.0881  |g|= 2.94  |ddm|= 0.0858
  HOMO = 0.204471583260742  LUMO = 0.24145998207563
cycle= 9 E= -165.9391833483  delta_E= 0.0151  |g|= 2.94  |ddm|= 0.09
  HOMO = 0.204342561470075  LUMO = 0.238328279320782
cycle= 10 E= -165.964394478803  delta_E= -0.0252  |g|= 2.94  |ddm|= 0.049
  HOMO = 0.141936284376009  LUMO = 0.169319778393066
cycle= 11 E= -165.548090487013  delta_E= 0.416  |g|= 2.94  |ddm|= 2.18
  HOMO = 0.524624501140792  LUMO = 0.529084840928565
cycle= 12 E= -169.252292644818  delta_E= -3.7  |g|= 2.13  |ddm|= 4.65
  HOMO = 0.14257397823693  LUMO = 0.183820406732272
cycle= 13 E= -166.792827003581  delta_E= 2.46  |g|= 2.85  |ddm|= 4.48
  HOMO = 0.688670495815145  LUMO = 0.714139622805225
cycle= 14 E= -161.305636172313  delta_E= 5.49  |g|= 5.24  |ddm|= 7.79
  HOMO = 0.355391791304194  LUMO = 0.454198694718249
cycle= 15 E= -169.658493917252  delta_E= -8.35  |g|= 1.69  |ddm|= 6.38
  HOMO = 0.393540849386137  LUMO = 0.498020017772209
cycle= 16 E= -169.930340467776  delta_E= -0.272  |g|= 1.31  |ddm|=  0.6
  HOMO = 0.487101892688577  LUMO = 0.544993521300888
cycle= 17 E= -170.275082075374  delta_E= -0.345  |g|= 0.364  |ddm|=  1.1
  HOMO = 0.464632702301298  LUMO = 0.551493554995776
cycle= 18 E= -170.327659277342  delta_E= -0.0526  |g|= 0.145  |ddm|= 0.672
  HOMO = 0.470422757476916  LUMO = 0.555111036117862
cycle= 19 E= -170.340224986987  delta_E= -0.0126  |g|= 0.173  |ddm|= 0.464
  HOMO = 0.46519006351798  LUMO = 0.550136981206661
cycle= 20 E= -170.346693260051  delta_E= -0.00647  |g|= 0.0404  |ddm|= 0.142
  HOMO = 0.464295630960846  LUMO = 0.551625350073272
cycle= 21 E= -170.347094655415  delta_E= -0.000401  |g|= 0.00492  |ddm|= 0.0694
  HOMO = 0.464343685852654  LUMO = 0.551355413766378
cycle= 22 E= -170.347139259013  delta_E= -4.46e-05  |g|= 0.00209  |ddm|= 0.045
  HOMO = 0.464244037972669  LUMO = 0.551421213449177
cycle= 23 E= -170.34715234046  delta_E= -1.31e-05  |g|= 0.00154  |ddm|= 0.0408
  HOMO = 0.46415856136455  LUMO = 0.551374821205747
cycle= 24 E= -170.34716449806  delta_E= -1.22e-05  |g|= 0.000857  |ddm|= 0.0468
  HOMO = 0.464147461972633  LUMO = 0.551382673587347
cycle= 25 E= -170.347171294799  delta_E= -6.8e-06  |g|= 0.000805  |ddm|= 0.0277
  HOMO = 0.464107568279344  LUMO = 0.551367593457342
cycle= 26 E= -170.347190934579  delta_E= -1.96e-05  |g|= 0.000755  |ddm|= 0.0827
  HOMO = 0.463502351247249  LUMO = 0.551283096657189
cycle= 27 E= -170.347279260065  delta_E= -8.83e-05  |g|= 0.000621  |ddm|= 0.449
  HOMO = 0.463755104512349  LUMO = 0.551296779738641
cycle= 28 E= -170.34727519121  delta_E= 4.07e-06  |g|= 0.000581  |ddm|= 0.0255
  HOMO = 0.462213359800758  LUMO = 0.55119978163664
cycle= 29 E= -170.347343927023  delta_E= -6.87e-05  |g|= 0.000901  |ddm|= 0.724
  HOMO = 0.463405659426684  LUMO = 0.551235531003786
cycle= 30 E= -170.347338389196  delta_E= 5.54e-06  |g|= 0.000357  |ddm|= 0.159
  HOMO = 0.462828910689888  LUMO = 0.551213221853586
cycle= 31 E= -170.347346012973  delta_E= -7.62e-06  |g|= 0.000578  |ddm|= 0.25
  HOMO = 0.463279310162189  LUMO = 0.551232203781627
cycle= 32 E= -170.347346429782  delta_E= -4.17e-07  |g|= 0.000343  |ddm|= 0.0262
  HOMO = 0.463697622986618  LUMO = 0.5512442161878
cycle= 33 E= -170.34734656123  delta_E= -1.31e-07  |g|= 0.000124  |ddm|= 0.00179
  HOMO = 0.463877575958436  LUMO = 0.551249138003505
cycle= 34 E= -170.347346580385  delta_E= -1.92e-08  |g|= 3.26e-05  |ddm|= 0.00433
  HOMO = 0.463958668082331  LUMO = 0.551251038939573
cycle= 35 E= -170.34734658145  delta_E= -1.07e-09  |g|= 9.53e-06  |ddm|= 0.000611
  HOMO = 0.463944702841254  LUMO = 0.551250627559704
cycle= 36 E= -170.347346581657  delta_E= -2.07e-10  |g|= 2.41e-06  |ddm|= 0.00107
  HOMO = 0.463940430796631  LUMO = 0.551250699327495
Extra cycle  E= -170.347346581663  delta_E= -5.17e-12  |g|= 8.35e-07  |ddm|= 6.96e-06
converged SCF energy = -170.347346581663
