

******** <class 'pyscf.scf.hf.RHF'> ********
method = RHF
initial guess = minao
damping factor = 0
level_shift factor = 0
DIIS = <class 'pyscf.scf.diis.CDIIS'>
diis_start_cycle = 1
diis_space = 10
SCF conv_tol = 1e-09
SCF conv_tol_grad = None
SCF max_cycles = 1000
direct_scf = True
direct_scf_tol = 1e-13
chkfile to save SCF result = /scratch/global/yangjunjie/test/410939/tmpovx864v3
max_memory 4000 MB (current use 108 MB)
Set gradient conv threshold to 3.16228e-05
init E= -169.727353937242
  HOMO = 0.461612982545378  LUMO = 0.549021428173698
cycle= 1 E= -169.723298630196  delta_E= 0.00406  |g|= 0.00481  |ddm|= 0.0396
  HOMO = 0.461983906638981  LUMO = 0.549361262008847
cycle= 2 E= -169.723313638448  delta_E= -1.5e-05  |g|= 0.00276  |ddm|= 0.015
  HOMO = 0.461913505123255  LUMO = 0.549273511460386
cycle= 3 E= -169.723317673676  delta_E= -4.04e-06  |g|= 0.00146  |ddm|= 0.00557
  HOMO = 0.461902423163912  LUMO = 0.549250623089119
cycle= 4 E= -169.723319998205  delta_E= -2.32e-06  |g|= 0.000474  |ddm|= 0.00603
  HOMO = 0.461896196681436  LUMO = 0.549236888767071
cycle= 5 E= -169.723320315289  delta_E= -3.17e-07  |g|= 0.000113  |ddm|= 0.0021
  HOMO = 0.461898544014795  LUMO = 0.549237522141916
cycle= 6 E= -169.723320331412  delta_E= -1.61e-08  |g|= 6.93e-06  |ddm|= 0.000544
  HOMO = 0.461898133060653  LUMO = 0.549237238239592
cycle= 7 E= -169.723320331466  delta_E= -5.34e-11  |g|= 2.07e-06  |ddm|= 3.7e-05
  HOMO = 0.4618980763746  LUMO = 0.549237210098943
Extra cycle  E= -169.723320331473  delta_E= -7.05e-12  |g|= 1.23e-06  |ddm|= 1.61e-05
converged SCF energy = -169.723320331473


******** <class 'pyscf.scf.uhf.UHF'> ********
method = UHF
initial guess = minao
damping factor = 0
level_shift factor = 0
DIIS = <class 'pyscf.scf.diis.CDIIS'>
diis_start_cycle = 1
diis_space = 10
SCF conv_tol = 1e-09
SCF conv_tol_grad = None
SCF max_cycles = 1000
direct_scf = True
direct_scf_tol = 1e-13
chkfile to save SCF result = /scratch/global/yangjunjie/test/410939/tmpes13rcpn
max_memory 4000 MB (current use 108 MB)
number electrons alpha = 14  beta = 14
Set gradient conv threshold to 3.16228e-05
init E= -169.588032725928
  alpha nocc = 14  HOMO = 0.408417202103008  LUMO = 0.490994697416856
  beta  nocc = 14  HOMO = 0.408417202103262  LUMO = 0.490994697416856
cycle= 1 E= -169.584414965072  delta_E= 0.00362  |g|= 0.00205  |ddm|= 0.0257
  alpha nocc = 14  HOMO = 0.408726034091393  LUMO = 0.491169386414687
  beta  nocc = 14  HOMO = 0.408726034091692  LUMO = 0.491169386414686
cycle= 2 E= -169.584420409256  delta_E= -5.44e-06  |g|= 0.000866  |ddm|= 0.00391
  alpha nocc = 14  HOMO = 0.408740550219596  LUMO = 0.491148538759984
  beta  nocc = 14  HOMO = 0.408740550219989  LUMO = 0.491148538759981
cycle= 3 E= -169.584421998092  delta_E= -1.59e-06  |g|= 0.000251  |ddm|= 0.00263
  alpha nocc = 14  HOMO = 0.408738474224809  LUMO = 0.49114656441299
  beta  nocc = 14  HOMO = 0.408738474225356  LUMO = 0.491146564412983
cycle= 4 E= -169.584422203107  delta_E= -2.05e-07  |g|= 6.42e-05  |ddm|= 0.00208
  alpha nocc = 14  HOMO = 0.408738788917398  LUMO = 0.49114639523836
  beta  nocc = 14  HOMO = 0.40873878891805  LUMO = 0.491146395238352
cycle= 5 E= -169.584422272976  delta_E= -6.99e-08  |g|= 7.99e-05  |ddm|= 0.00132
  alpha nocc = 14  HOMO = 0.408738863930285  LUMO = 0.491146501097009
  beta  nocc = 14  HOMO = 0.408738863930783  LUMO = 0.491146501096998
cycle= 6 E= -169.584422127937  delta_E= 1.45e-07  |g|= 3.48e-05  |ddm|= 0.00348
  alpha nocc = 14  HOMO = 0.408739047054841  LUMO = 0.491146111293949
  beta  nocc = 14  HOMO = 0.408739047055312  LUMO = 0.491146111293929
cycle= 7 E= -169.584422100285  delta_E= 2.77e-08  |g|= 5.74e-06  |ddm|= 0.00228
  alpha nocc = 14  HOMO = 0.408739183595938  LUMO = 0.491145989824973
  beta  nocc = 14  HOMO = 0.408739183596398  LUMO = 0.491145989824974
cycle= 8 E= -169.584422100469  delta_E= -1.84e-10  |g|= 5.47e-06  |ddm|= 0.000111
  alpha nocc = 14  HOMO = 0.408739132566661  LUMO = 0.491146025522145
  beta  nocc = 14  HOMO = 0.408739132567248  LUMO = 0.491146025522138
Extra cycle  E= -169.584422100737  delta_E= -2.68e-10  |g|= 6.75e-06  |ddm|= 8.72e-05
converged SCF energy = -169.584422100737  <S^2> = 2.6709117e-08  2S+1 = 1.0000001


******** <class 'pyscf.scf.uhf.UHF'> ********
method = UHF
initial guess = minao
damping factor = 0
level_shift factor = 0
DIIS = <class 'pyscf.scf.diis.CDIIS'>
diis_start_cycle = 1
diis_space = 10
SCF conv_tol = 1e-09
SCF conv_tol_grad = None
SCF max_cycles = 1000
direct_scf = True
direct_scf_tol = 1e-13
chkfile to save SCF result = /scratch/global/yangjunjie/test/410939/tmpsesgjioz
max_memory 4000 MB (current use 108 MB)
number electrons alpha = 15  beta = 13
Set gradient conv threshold to 3.16228e-05
init E= -169.706567523739
  alpha nocc = 15  HOMO = 0.397528791135948  LUMO = 0.572349632636988
  beta  nocc = 13  HOMO = 0.415086932203083  LUMO = 0.517691157253851
cycle= 1 E= -169.702594427049  delta_E= 0.00397  |g|= 0.00205  |ddm|= 0.0255
  alpha nocc = 15  HOMO = 0.397726863362348  LUMO = 0.572413673135239
  beta  nocc = 13  HOMO = 0.415287229646265  LUMO = 0.518049964007155
cycle= 2 E= -169.70259977955  delta_E= -5.35e-06  |g|= 0.000858  |ddm|= 0.00375
  alpha nocc = 15  HOMO = 0.397701119439202  LUMO = 0.572107031061372
  beta  nocc = 13  HOMO = 0.415262665973196  LUMO = 0.518062553559388
cycle= 3 E= -169.702601271052  delta_E= -1.49e-06  |g|= 0.000269  |ddm|= 0.00226
  alpha nocc = 15  HOMO = 0.39770062875904  LUMO = 0.572090852107942
  beta  nocc = 13  HOMO = 0.415262276674935  LUMO = 0.5180644714261
cycle= 4 E= -169.702601411642  delta_E= -1.41e-07  |g|= 6.49e-05  |ddm|= 0.000854
  alpha nocc = 15  HOMO = 0.397700082568346  LUMO = 0.572060813495222
  beta  nocc = 13  HOMO = 0.41526167358837  LUMO = 0.518063760351556
cycle= 5 E= -169.702601415925  delta_E= -4.28e-09  |g|= 1.66e-05  |ddm|= 0.000119
  alpha nocc = 15  HOMO = 0.397699813800601  LUMO = 0.572058066421949
  beta  nocc = 13  HOMO = 0.415261351612679  LUMO = 0.518063858268197
cycle= 6 E= -169.702601416579  delta_E= -6.54e-10  |g|= 1.08e-05  |ddm|= 4.72e-05
  alpha nocc = 15  HOMO = 0.397699847380813  LUMO = 0.572058628007525
  beta  nocc = 13  HOMO = 0.415261384894964  LUMO = 0.518063821519018
Extra cycle  E= -169.702601416792  delta_E= -2.13e-10  |g|= 8.59e-06  |ddm|= 1.99e-05
converged SCF energy = -169.702601416792  <S^2> = 3.0005698  2S+1 = 3.6058673
