

******** <class 'pyscf.scf.hf.RHF'> ********
method = RHF
initial guess = minao
damping factor = 0
level_shift factor = 0
DIIS = <class 'pyscf.scf.diis.CDIIS'>
diis_start_cycle = 1
diis_space = 10
SCF conv_tol = 1e-09
SCF conv_tol_grad = None
SCF max_cycles = 1000
direct_scf = True
direct_scf_tol = 1e-13
chkfile to save SCF result = /scratch/global/yangjunjie/test/410939/tmpm975srul
max_memory 4000 MB (current use 108 MB)
Set gradient conv threshold to 3.16228e-05
init E= -169.735549249249
  HOMO = 0.462250808918527  LUMO = 0.549817290993626
cycle= 1 E= -169.732022747071  delta_E= 0.00353  |g|= 0.00475  |ddm|= 0.0394
  HOMO = 0.462560162028035  LUMO = 0.550091374943182
cycle= 2 E= -169.732037785242  delta_E= -1.5e-05  |g|= 0.00269  |ddm|= 0.0147
  HOMO = 0.462493526560563  LUMO = 0.550006984526062
cycle= 3 E= -169.732041871215  delta_E= -4.09e-06  |g|= 0.0015  |ddm|= 0.00568
  HOMO = 0.462485057418818  LUMO = 0.549986897673235
cycle= 4 E= -169.732044269031  delta_E= -2.4e-06  |g|= 0.000489  |ddm|= 0.00595
  HOMO = 0.46247770185556  LUMO = 0.549972082688681
cycle= 5 E= -169.732044615382  delta_E= -3.46e-07  |g|= 0.000117  |ddm|= 0.00218
  HOMO = 0.46247998822834  LUMO = 0.549972767452869
cycle= 6 E= -169.732044633064  delta_E= -1.77e-08  |g|= 7.14e-06  |ddm|= 0.000582
  HOMO = 0.462479626616074  LUMO = 0.54997255661536
cycle= 7 E= -169.732044633127  delta_E= -6.3e-11  |g|= 2.16e-06  |ddm|= 3.86e-05
  HOMO = 0.462479583746874  LUMO = 0.549972551452137
Extra cycle  E= -169.732044633135  delta_E= -7.45e-12  |g|= 1.25e-06  |ddm|= 1.41e-05
converged SCF energy = -169.732044633135


******** <class 'pyscf.scf.uhf.UHF'> ********
method = UHF
initial guess = minao
damping factor = 0
level_shift factor = 0
DIIS = <class 'pyscf.scf.diis.CDIIS'>
diis_start_cycle = 1
diis_space = 10
SCF conv_tol = 1e-09
SCF conv_tol_grad = None
SCF max_cycles = 1000
direct_scf = True
direct_scf_tol = 1e-13
chkfile to save SCF result = /scratch/global/yangjunjie/test/410939/tmp0pe6_7c6
max_memory 4000 MB (current use 108 MB)
number electrons alpha = 14  beta = 14
Set gradient conv threshold to 3.16228e-05
init E= -169.59828258499
  alpha nocc = 14  HOMO = 0.408542956487372  LUMO = 0.49114771639153
  beta  nocc = 14  HOMO = 0.408542956487528  LUMO = 0.491147716391558
cycle= 1 E= -169.595113777074  delta_E= 0.00317  |g|= 0.00212  |ddm|= 0.0256
  alpha nocc = 14  HOMO = 0.40870335383316  LUMO = 0.491172513839087
  beta  nocc = 14  HOMO = 0.408703353833293  LUMO = 0.491172513839111
cycle= 2 E= -169.595119613236  delta_E= -5.84e-06  |g|= 0.000909  |ddm|= 0.00411
  alpha nocc = 14  HOMO = 0.408721323211637  LUMO = 0.491155588215895
  beta  nocc = 14  HOMO = 0.408721323211747  LUMO = 0.491155588215915
cycle= 3 E= -169.595121302003  delta_E= -1.69e-06  |g|= 0.000311  |ddm|= 0.00245
  alpha nocc = 14  HOMO = 0.408718793646347  LUMO = 0.491150603706272
  beta  nocc = 14  HOMO = 0.408718793646446  LUMO = 0.491150603706287
cycle= 4 E= -169.595121501187  delta_E= -1.99e-07  |g|= 8.91e-05  |ddm|= 0.0011
  alpha nocc = 14  HOMO = 0.40871878800532  LUMO = 0.491150926179191
  beta  nocc = 14  HOMO = 0.408718788005415  LUMO = 0.491150926179202
cycle= 5 E= -169.595121520638  delta_E= -1.95e-08  |g|= 2.87e-05  |ddm|= 0.000652
  alpha nocc = 14  HOMO = 0.408718890641954  LUMO = 0.491150777402456
  beta  nocc = 14  HOMO = 0.408718890642051  LUMO = 0.491150777402467
cycle= 6 E= -169.595121535608  delta_E= -1.5e-08  |g|= 3.61e-05  |ddm|= 0.000623
  alpha nocc = 14  HOMO = 0.408718968874648  LUMO = 0.491150656243968
  beta  nocc = 14  HOMO = 0.408718968874738  LUMO = 0.49115065624399
cycle= 7 E= -169.59512149901  delta_E= 3.66e-08  |g|= 5.54e-06  |ddm|= 0.00247
  alpha nocc = 14  HOMO = 0.408718995905296  LUMO = 0.491150618746124
  beta  nocc = 14  HOMO = 0.408718995905375  LUMO = 0.491150618746129
cycle= 8 E= -169.595121498673  delta_E= 3.37e-10  |g|= 1.25e-06  |ddm|= 0.000271
  alpha nocc = 14  HOMO = 0.408718974078924  LUMO = 0.491150631287302
  beta  nocc = 14  HOMO = 0.408718974079009  LUMO = 0.491150631287309
Extra cycle  E= -169.59512149868  delta_E= -7.33e-12  |g|= 1.02e-06  |ddm|= 1.33e-05
converged SCF energy = -169.59512149868  <S^2> = 5.3043081e-10  2S+1 = 1


******** <class 'pyscf.scf.uhf.UHF'> ********
method = UHF
initial guess = minao
damping factor = 0
level_shift factor = 0
DIIS = <class 'pyscf.scf.diis.CDIIS'>
diis_start_cycle = 1
diis_space = 10
SCF conv_tol = 1e-09
SCF conv_tol_grad = None
SCF max_cycles = 1000
direct_scf = True
direct_scf_tol = 1e-13
chkfile to save SCF result = /scratch/global/yangjunjie/test/410939/tmp8bq5ij6p
max_memory 4000 MB (current use 108 MB)
number electrons alpha = 15  beta = 13
Set gradient conv threshold to 3.16228e-05
init E= -169.716599885338
  alpha nocc = 15  HOMO = 0.397756884596184  LUMO = 0.57839524305275
  beta  nocc = 13  HOMO = 0.415316686019021  LUMO = 0.517812696532433
cycle= 1 E= -169.71307515045  delta_E= 0.00352  |g|= 0.00211  |ddm|= 0.0255
  alpha nocc = 15  HOMO = 0.397807702368661  LUMO = 0.57805153005387
  beta  nocc = 13  HOMO = 0.415369948523654  LUMO = 0.518023247980025
cycle= 2 E= -169.713080889694  delta_E= -5.74e-06  |g|= 0.000895  |ddm|= 0.00388
  alpha nocc = 15  HOMO = 0.397783677673039  LUMO = 0.57781261185204
  beta  nocc = 13  HOMO = 0.415347263216791  LUMO = 0.518040174778745
cycle= 3 E= -169.713082564946  delta_E= -1.68e-06  |g|= 0.000259  |ddm|= 0.00244
  alpha nocc = 15  HOMO = 0.397781919935655  LUMO = 0.577712555863782
  beta  nocc = 13  HOMO = 0.415345603437489  LUMO = 0.51803922059582
cycle= 4 E= -169.713082710552  delta_E= -1.46e-07  |g|= 4.22e-05  |ddm|= 0.000917
  alpha nocc = 15  HOMO = 0.397781883546264  LUMO = 0.577719765092785
  beta  nocc = 13  HOMO = 0.415345490599559  LUMO = 0.518039573755857
cycle= 5 E= -169.713082712344  delta_E= -1.79e-09  |g|= 1.8e-05  |ddm|= 7.1e-05
  alpha nocc = 15  HOMO = 0.397781554532981  LUMO = 0.577714735361105
  beta  nocc = 13  HOMO = 0.415345100380055  LUMO = 0.518039562516998
cycle= 6 E= -169.713082713107  delta_E= -7.63e-10  |g|= 1.21e-05  |ddm|= 4.96e-05
  alpha nocc = 15  HOMO = 0.397781602353297  LUMO = 0.577715622547567
  beta  nocc = 13  HOMO = 0.415345145717801  LUMO = 0.518039536780066
Extra cycle  E= -169.713082713379  delta_E= -2.71e-10  |g|= 9.68e-06  |ddm|= 2.24e-05
converged SCF energy = -169.713082713379  <S^2> = 3.0006324  2S+1 = 3.605902
