

******** <class 'pyscf.scf.hf.RHF'> ********
method = RHF
initial guess = minao
damping factor = 0
level_shift factor = 0
DIIS = <class 'pyscf.scf.diis.CDIIS'>
diis_start_cycle = 1
diis_space = 10
SCF conv_tol = 1e-09
SCF conv_tol_grad = None
SCF max_cycles = 1000
direct_scf = True
direct_scf_tol = 1e-13
chkfile to save SCF result = /scratch/global/yangjunjie/test/410941/tmp675ej3iy
max_memory 4000 MB (current use 559 MB)
Set gradient conv threshold to 3.16228e-05
init E= -169.739513100718
  HOMO = 0.466382903134591  LUMO = 0.548782965950868
cycle= 1 E= -169.739587216986  delta_E= -7.41e-05  |g|= 0.00426  |ddm|= 0.0347
  HOMO = 0.466278678592523  LUMO = 0.548714493235986
cycle= 2 E= -169.739599816847  delta_E= -1.26e-05  |g|= 0.00214  |ddm|= 0.0108
  HOMO = 0.466245277665079  LUMO = 0.548719601276817
cycle= 3 E= -169.739603916809  delta_E= -4.1e-06  |g|= 0.00153  |ddm|= 0.00588
  HOMO = 0.466255859764781  LUMO = 0.548771019731829
cycle= 4 E= -169.739605988438  delta_E= -2.07e-06  |g|= 0.000549  |ddm|= 0.00415
  HOMO = 0.466241610871505  LUMO = 0.548784798860665
cycle= 5 E= -169.739606512538  delta_E= -5.24e-07  |g|= 0.000122  |ddm|= 0.00281
  HOMO = 0.466241988409219  LUMO = 0.548783776473508
cycle= 6 E= -169.739606534955  delta_E= -2.24e-08  |g|= 9.68e-06  |ddm|= 0.000742
  HOMO = 0.466242516631099  LUMO = 0.548783918557823
cycle= 7 E= -169.739606535209  delta_E= -2.55e-10  |g|= 3e-06  |ddm|= 7.52e-05
  HOMO = 0.466242542044882  LUMO = 0.548783792651235
Extra cycle  E= -169.739606535229  delta_E= -2.03e-11  |g|= 1.54e-06  |ddm|= 1.64e-05
converged SCF energy = -169.739606535229

******** CASCI flags ********
CAS (5e+5e, 7o), ncore = 9, nvir = 7
natorb = False
canonicalization = True
sorting_mo_energy = False
max_memory 4000 (MB)
******** <class 'pyscf.fci.direct_spin1.FCISolver'> ********
max. cycles = 200
conv_tol = 1e-08
davidson only = False
linear dependence = 1e-10
level shift = 0.001
max iter space = 12
max_memory 4000 MB
nroots = 1
pspace_size = 400
spin = None
Density matrix diagonal elements [1.99970649e+00 1.99354117e+00 1.99728612e+00 1.99340530e+00
 1.99784338e+00 7.55492180e-04 1.74620516e-02]
CASCI converged
CASCI E = -169.745730769328  E(CI) = -25.0848999613912  S^2 = 0.0000000

******** <class 'pyscf.mcscf.mc1step.CASSCF'> ********
CAS (5e+5e, 7o), ncore = 9, nvir = 7
max_cycle_macro = 50
max_cycle_micro = 4
conv_tol = 1e-07
conv_tol_grad = None
orbital rotation max_stepsize = 0.02
orbital rotation threshold for CI restart = 0.01
augmented hessian ah_max_cycle = 30
augmented hessian ah_conv_tol = 1e-12
augmented hessian ah_linear dependence = 1e-14
augmented hessian ah_level shift = 1e-08
augmented hessian ah_start_tol = 2.5
augmented hessian ah_start_cycle = 3
augmented hessian ah_grad_trust_region = 3
kf_trust_region = 3
kf_interval = 4
ci_response_space = 4
ci_grad_trust_region = 3
with_dep4 0
natorb = False
canonicalization = True
sorting_mo_energy = False
ao2mo_level = 2
chkfile = /scratch/global/yangjunjie/test/410941/tmp675ej3iy
max_memory 4000 MB (current use 561 MB)
internal_rotation = False
******** <class 'pyscf.fci.direct_spin1.FCISolver'> ********
max. cycles = 50
conv_tol = 1e-08
davidson only = False
linear dependence = 1e-10
level shift = 0.001
max iter space = 12
max_memory 4000 MB
nroots = 1
pspace_size = 400
spin = None
CASCI E = -169.745730769328  S^2 = 0.0000000
Set conv_tol_grad to 0.000316228
macro iter 1 (21 JK  4 micro), CASSCF E = -169.747090093712  dE = -0.0013593244  S^2 = 0.0000000
               |grad[o]|=0.00563  |grad[c]|= 0.04392212773950929  |ddm|=0.00358  |maxRot[o]|=0.314
macro iter 2 (12 JK  3 micro), CASSCF E = -169.747795260674  dE = -0.00070516696  S^2 = 0.0000000
               |grad[o]|=0.00523  |grad[c]|= 0.0014648649261931373  |ddm|=0.00204  |maxRot[o]|=0.127
macro iter 3 (12 JK  3 micro), CASSCF E = -169.748278235281  dE = -0.00048297461  S^2 = 0.0000000
               |grad[o]|=0.0045  |grad[c]|= 0.004087157966277046  |ddm|=0.00261  |maxRot[o]|=0.0997
macro iter 4 (21 JK  4 micro), CASSCF E = -169.748938924724  dE = -0.00066068944  S^2 = 0.0000000
               |grad[o]|=0.00365  |grad[c]|= 0.02066010052736516  |ddm|=0.0352  |maxRot[o]|=0.209
macro iter 5 (21 JK  4 micro), CASSCF E = -169.75050533264  dE = -0.0015664079  S^2 = 0.0000000
               |grad[o]|=0.00475  |grad[c]|= 0.030154663205536156  |ddm|=0.032  |maxRot[o]|=0.252
macro iter 6 (21 JK  4 micro), CASSCF E = -169.755941182903  dE = -0.0054358503  S^2 = 0.0000000
               |grad[o]|=0.00997  |grad[c]|= 0.05661302321934205  |ddm|=0.00534  |maxRot[o]|=0.313
macro iter 7 (21 JK  4 micro), CASSCF E = -169.769858034118  dE = -0.013916851  S^2 = 0.0000000
               |grad[o]|=0.0219  |grad[c]|= 0.07456617559786953  |ddm|=0.0444  |maxRot[o]|=0.308
macro iter 8 (21 JK  4 micro), CASSCF E = -169.785689666394  dE = -0.015831632  S^2 = 0.0000000
               |grad[o]|=0.047  |grad[c]|= 0.06033960910861545  |ddm|=0.0799  |maxRot[o]|=0.231
macro iter 9 (21 JK  4 micro), CASSCF E = -169.786914012878  dE = -0.0012243465  S^2 = 0.0000000
               |grad[o]|=0.0316  |grad[c]|= 0.006400253682457197  |ddm|=0.0134  |maxRot[o]|=0.294
macro iter 10 (21 JK  4 micro), CASSCF E = -169.790712956738  dE = -0.0037989439  S^2 = 0.0000000
               |grad[o]|=0.0231  |grad[c]|= 0.04232171064297603  |ddm|=0.0118  |maxRot[o]|=0.264
macro iter 11 (21 JK  4 micro), CASSCF E = -169.801550554668  dE = -0.010837598  S^2 = 0.0000000
               |grad[o]|=0.0221  |grad[c]|= 0.030011331791787516  |ddm|=0.0411  |maxRot[o]|=0.225
macro iter 12 (21 JK  4 micro), CASSCF E = -169.816929620784  dE = -0.015379066  S^2 = 0.0000000
               |grad[o]|=0.0315  |grad[c]|= 0.031119915069335168  |ddm|=0.0791  |maxRot[o]|=0.175
macro iter 13 (21 JK  4 micro), CASSCF E = -169.828332726476  dE = -0.011403106  S^2 = 0.0000000
               |grad[o]|=0.0357  |grad[c]|= 0.02112475421303009  |ddm|=0.0818  |maxRot[o]|=0.252
macro iter 14 (21 JK  4 micro), CASSCF E = -169.839542899777  dE = -0.011210173  S^2 = 0.0000000
               |grad[o]|=0.0344  |grad[c]|= 0.012002178875192221  |ddm|=0.0728  |maxRot[o]|=0.307
macro iter 15 (21 JK  4 micro), CASSCF E = -169.84821721423  dE = -0.0086743145  S^2 = 0.0000000
               |grad[o]|=0.0329  |grad[c]|= 0.02145320956934918  |ddm|=0.0583  |maxRot[o]|=0.219
macro iter 16 (21 JK  4 micro), CASSCF E = -169.854023531417  dE = -0.0058063172  S^2 = 0.0000000
               |grad[o]|=0.0302  |grad[c]|= 0.014335581711937375  |ddm|=0.0418  |maxRot[o]|=0.165
macro iter 17 (21 JK  4 micro), CASSCF E = -169.857265793687  dE = -0.0032422623  S^2 = 0.0000000
               |grad[o]|=0.0398  |grad[c]|= 0.009465956392515462  |ddm|=0.0206  |maxRot[o]|=0.143
macro iter 18 (21 JK  4 micro), CASSCF E = -169.859662256005  dE = -0.0023964623  S^2 = 0.0000000
               |grad[o]|=0.0362  |grad[c]|= 0.009263765116866288  |ddm|=0.0171  |maxRot[o]|=0.143
macro iter 19 (21 JK  4 micro), CASSCF E = -169.86102935392  dE = -0.0013670979  S^2 = 0.0000000
               |grad[o]|=0.0237  |grad[c]|= 0.006569985203902633  |ddm|=0.014  |maxRot[o]|=0.125
macro iter 20 (21 JK  4 micro), CASSCF E = -169.861737527048  dE = -0.00070817313  S^2 = 0.0000000
               |grad[o]|=0.0258  |grad[c]|= 0.0057791968481865135  |ddm|=0.00659  |maxRot[o]|=0.142
macro iter 21 (21 JK  4 micro), CASSCF E = -169.862151625176  dE = -0.00041409813  S^2 = 0.0000000
               |grad[o]|=0.0188  |grad[c]|= 0.008409904485856335  |ddm|=0.00405  |maxRot[o]|=0.131
macro iter 22 (21 JK  4 micro), CASSCF E = -169.862185460268  dE = -3.3835092e-05  S^2 = 0.0000000
               |grad[o]|=0.00816  |grad[c]|= 0.018685698114602946  |ddm|=0.00657  |maxRot[o]|=0.0379
macro iter 23 (21 JK  4 micro), CASSCF E = -169.862175718795  dE = 9.7414736e-06  S^2 = 0.0000000
               |grad[o]|=0.00405  |grad[c]|= 0.022974965079213396  |ddm|=0.0043  |maxRot[o]|=0.0237
macro iter 24 (21 JK  4 micro), CASSCF E = -169.862297696807  dE = -0.00012197801  S^2 = 0.0000000
               |grad[o]|=0.00219  |grad[c]|= 0.0030442480667088735  |ddm|=0.000487  |maxRot[o]|=0.0608
macro iter 25 (21 JK  4 micro), CASSCF E = -169.862312202687  dE = -1.450588e-05  S^2 = 0.0000000
               |grad[o]|=0.00169  |grad[c]|= 0.007589568706041953  |ddm|=0.000752  |maxRot[o]|=0.00593
macro iter 26 (7 JK  2 micro), CASSCF E = -169.862379120422  dE = -6.6917735e-05  S^2 = 0.0000000
               |grad[o]|=0.00141  |grad[c]|= 0.010363690199321337  |ddm|=0.000804  |maxRot[o]|=0.0518
macro iter 27 (7 JK  2 micro), CASSCF E = -169.862455976746  dE = -7.6856325e-05  S^2 = 0.0000000
               |grad[o]|=0.00139  |grad[c]|= 0.013870057987546916  |ddm|=0.00114  |maxRot[o]|=0.0601
macro iter 28 (7 JK  2 micro), CASSCF E = -169.862537516585  dE = -8.1539839e-05  S^2 = 0.0000000
               |grad[o]|=0.00135  |grad[c]|= 0.015977162354931164  |ddm|=0.00136  |maxRot[o]|=0.0648
macro iter 29 (7 JK  2 micro), CASSCF E = -169.862618922452  dE = -8.1405867e-05  S^2 = 0.0000000
               |grad[o]|=0.00129  |grad[c]|= 0.017133990574371687  |ddm|=0.00153  |maxRot[o]|=0.0673
macro iter 30 (7 JK  2 micro), CASSCF E = -169.862695104033  dE = -7.618158e-05  S^2 = 0.0000000
               |grad[o]|=0.00122  |grad[c]|= 0.01773042555856294  |ddm|=0.00167  |maxRot[o]|=0.0686
macro iter 31 (7 JK  2 micro), CASSCF E = -169.862761203788  dE = -6.6099755e-05  S^2 = 0.0000000
               |grad[o]|=0.0011  |grad[c]|= 0.018021705436970993  |ddm|=0.0018  |maxRot[o]|=0.0692
macro iter 32 (7 JK  2 micro), CASSCF E = -169.862812868355  dE = -5.1664567e-05  S^2 = 0.0000000
               |grad[o]|=0.000921  |grad[c]|= 0.018151482267835552  |ddm|=0.00192  |maxRot[o]|=0.0696
macro iter 33 (7 JK  2 micro), CASSCF E = -169.862846581317  dE = -3.3712962e-05  S^2 = 0.0000000
               |grad[o]|=0.000688  |grad[c]|= 0.01818570416652533  |ddm|=0.00204  |maxRot[o]|=0.0697
macro iter 34 (6 JK  2 micro), CASSCF E = -169.862858545411  dE = -1.1964095e-05  S^2 = 0.0000000
               |grad[o]|=0.000415  |grad[c]|= 0.009395570364838672  |ddm|=0.00135  |maxRot[o]|=0.0498
macro iter 35 (12 JK  3 micro), CASSCF E = -169.862847729871  dE = 1.0815541e-05  S^2 = 0.0000000
               |grad[o]|=0.000201  |grad[c]|= 0.012468371723665815  |ddm|=0.00139  |maxRot[o]|=0.0546
macro iter 36 (7 JK  2 micro), CASSCF E = -169.862854048178  dE = -6.3183078e-06  S^2 = 0.0000000
               |grad[o]|=0.000267  |grad[c]|= 0.0017450193389253602  |ddm|=0.000327  |maxRot[o]|=0.021
macro iter 37 (7 JK  2 micro), CASSCF E = -169.862860539432  dE = -6.4912532e-06  S^2 = 0.0000000
               |grad[o]|=0.000183  |grad[c]|= 0.005505862996077999  |ddm|=0.000761  |maxRot[o]|=0.0383
macro iter 38 (4 JK  1 micro), CASSCF E = -169.862861400765  dE = -8.6133358e-07  S^2 = 0.0000000
               |grad[o]|=0.000109  |grad[c]|= 0.0009228543789183385  |ddm|=0.000195  |maxRot[o]|=0.0141
macro iter 39 (3 JK  1 micro), CASSCF E = -169.862861503036  dE = -1.0227075e-07  S^2 = 0.0000000
               |grad[o]|=6.52e-05  |grad[c]|= 0.0001580579612130908  |ddm|=6.81e-05  |maxRot[o]|=0.00137
macro iter 40 (6 JK  1 micro), CASSCF E = -169.862861592243  dE = -8.920685e-08  S^2 = 0.0000000
               |grad[o]|=4.02e-05  |grad[c]|= 0.00012550175049192515  |ddm|=5.11e-05  |maxRot[o]|=0.00144
1-step CASSCF converged in 40 macro (608 JK 126 micro) steps
CASSCF canonicalization
Density matrix diagonal elements [1.92477583 1.9906567  1.97247374 1.94404739 1.9983888  0.08164429
 0.08801326]
CASSCF energy = -169.862861592243
CASCI E = -169.862861592243  E(CI) = -34.3167030176  S^2 = 0.0000000


******** <class 'pyscf.scf.uhf.UHF'> ********
method = UHF
initial guess = minao
damping factor = 0
level_shift factor = 0
DIIS = <class 'pyscf.scf.diis.CDIIS'>
diis_start_cycle = 1
diis_space = 10
SCF conv_tol = 1e-09
SCF conv_tol_grad = None
SCF max_cycles = 1000
direct_scf = True
direct_scf_tol = 1e-13
chkfile to save SCF result = /scratch/global/yangjunjie/test/410941/tmpejc_3ths
max_memory 4000 MB (current use 561 MB)
number electrons alpha = 14  beta = 14
Set gradient conv threshold to 3.16228e-05
init E= -169.604631561061
  alpha nocc = 14  HOMO = 0.409797014188527  LUMO = 0.492494848614991
  beta  nocc = 14  HOMO = 0.409796930403697  LUMO = 0.492494835315755
cycle= 1 E= -169.604652845855  delta_E= -2.13e-05  |g|= 0.00302  |ddm|= 0.0246
  alpha nocc = 14  HOMO = 0.408955536728559  LUMO = 0.491521860945347
  beta  nocc = 14  HOMO = 0.408955462363494  LUMO = 0.491521848879572
cycle= 2 E= -169.604662427579  delta_E= -9.58e-06  |g|= 0.00131  |ddm|= 0.00604
  alpha nocc = 14  HOMO = 0.408975933510631  LUMO = 0.491527277646658
  beta  nocc = 14  HOMO = 0.408975865916131  LUMO = 0.491527266534997
cycle= 3 E= -169.604664775415  delta_E= -2.35e-06  |g|= 0.000719  |ddm|= 0.00231
  alpha nocc = 14  HOMO = 0.408985026345934  LUMO = 0.491515635172041
  beta  nocc = 14  HOMO = 0.408984971909806  LUMO = 0.491515626026125
cycle= 4 E= -169.604666066716  delta_E= -1.29e-06  |g|= 0.000137  |ddm|= 0.0031
  alpha nocc = 14  HOMO = 0.408981510373403  LUMO = 0.491514669807581
  beta  nocc = 14  HOMO = 0.408981464166502  LUMO = 0.491514661986189
cycle= 5 E= -169.604666234557  delta_E= -1.68e-07  |g|= 8.94e-05  |ddm|= 0.00248
  alpha nocc = 14  HOMO = 0.4089815703492  LUMO = 0.491514842509866
  beta  nocc = 14  HOMO = 0.408981521936944  LUMO = 0.491514834319151
cycle= 6 E= -169.604666155514  delta_E= 7.9e-08  |g|= 7.21e-05  |ddm|= 0.00133
  alpha nocc = 14  HOMO = 0.408981310709787  LUMO = 0.491514145583891
  beta  nocc = 14  HOMO = 0.40898126135263  LUMO = 0.491514137220267
cycle= 7 E= -169.604666018037  delta_E= 1.37e-07  |g|= 6.2e-06  |ddm|= 0.00513
  alpha nocc = 14  HOMO = 0.408981665375733  LUMO = 0.491513847877387
  beta  nocc = 14  HOMO = 0.408981624304793  LUMO = 0.491513840909467
cycle= 8 E= -169.604666018104  delta_E= -6.76e-11  |g|= 4.15e-06  |ddm|= 0.000103
  alpha nocc = 14  HOMO = 0.408981524379418  LUMO = 0.491513963422021
  beta  nocc = 14  HOMO = 0.408981487553002  LUMO = 0.49151395717188
Extra cycle  E= -169.604666018162  delta_E= -5.82e-11  |g|= 4.59e-06  |ddm|= 2.83e-05
converged SCF energy = -169.604666018162  <S^2> = 3.635229e-09  2S+1 = 1


******** <class 'pyscf.scf.uhf.UHF'> ********
method = UHF
initial guess = minao
damping factor = 0
level_shift factor = 0
DIIS = <class 'pyscf.scf.diis.CDIIS'>
diis_start_cycle = 1
diis_space = 10
SCF conv_tol = 1e-09
SCF conv_tol_grad = None
SCF max_cycles = 1000
direct_scf = True
direct_scf_tol = 1e-13
chkfile to save SCF result = /scratch/global/yangjunjie/test/410941/tmpuul7kfxq
max_memory 4000 MB (current use 561 MB)
number electrons alpha = 15  beta = 13
Set gradient conv threshold to 3.16228e-05
init E= -169.721739340756
  alpha nocc = 15  HOMO = 0.399586538830921  LUMO = 0.581449205450948
  beta  nocc = 13  HOMO = 0.417094501052414  LUMO = 0.519051427623352
cycle= 1 E= -169.721390192273  delta_E= 0.000349  |g|= 0.00295  |ddm|= 0.0253
  alpha nocc = 15  HOMO = 0.398659870218142  LUMO = 0.579728696618399
  beta  nocc = 13  HOMO = 0.416170912489161  LUMO = 0.518257466311997
cycle= 2 E= -169.721399736797  delta_E= -9.54e-06  |g|= 0.00129  |ddm|= 0.00556
  alpha nocc = 15  HOMO = 0.398662104049696  LUMO = 0.580430012741591
  beta  nocc = 13  HOMO = 0.416175285695404  LUMO = 0.518281627377553
cycle= 3 E= -169.721402159199  delta_E= -2.42e-06  |g|= 0.000733  |ddm|= 0.0023
  alpha nocc = 15  HOMO = 0.398648430663085  LUMO = 0.58063919406709
  beta  nocc = 13  HOMO = 0.416163407834556  LUMO = 0.518290573341307
cycle= 4 E= -169.721403364508  delta_E= -1.21e-06  |g|= 0.000132  |ddm|= 0.00245
  alpha nocc = 15  HOMO = 0.398648276196865  LUMO = 0.580657015015424
  beta  nocc = 13  HOMO = 0.416162872067551  LUMO = 0.518287407147589
cycle= 5 E= -169.721403405446  delta_E= -4.09e-08  |g|= 1.91e-05  |ddm|= 0.000514
  alpha nocc = 15  HOMO = 0.39864763763548  LUMO = 0.580654432835512
  beta  nocc = 13  HOMO = 0.416161974605853  LUMO = 0.51828716014791
cycle= 6 E= -169.721403406345  delta_E= -8.99e-10  |g|= 1.05e-05  |ddm|= 6.37e-05
  alpha nocc = 15  HOMO = 0.39864771749523  LUMO = 0.580654378255515
  beta  nocc = 13  HOMO = 0.416162014409055  LUMO = 0.518287198314965
Extra cycle  E= -169.721403406567  delta_E= -2.22e-10  |g|= 8.34e-06  |ddm|= 2.05e-05
converged SCF energy = -169.721403406567  <S^2> = 3.0013667  2S+1 = 3.6063093
