

******** <class 'pyscf.scf.hf.RHF'> ********
method = RHF
initial guess = minao
damping factor = 0
level_shift factor = 0
DIIS = <class 'pyscf.scf.diis.CDIIS'>
diis_start_cycle = 1
diis_space = 10
SCF conv_tol = 1e-09
SCF conv_tol_grad = None
SCF max_cycles = 1000
direct_scf = True
direct_scf_tol = 1e-13
chkfile to save SCF result = /scratch/global/yangjunjie/test/410941/tmpwqtsoeq7
max_memory 4000 MB (current use 559 MB)
Set gradient conv threshold to 3.16228e-05
init E= -169.744354997618
  HOMO = 0.465897208264753  LUMO = 0.549628605430803
cycle= 1 E= -169.743958893641  delta_E= 0.000396  |g|= 0.00435  |ddm|= 0.0356
  HOMO = 0.465855243999369  LUMO = 0.549631370243628
cycle= 2 E= -169.743971958023  delta_E= -1.31e-05  |g|= 0.00223  |ddm|= 0.0114
  HOMO = 0.465815803802955  LUMO = 0.549629998195036
cycle= 3 E= -169.743976034073  delta_E= -4.08e-06  |g|= 0.00157  |ddm|= 0.00582
  HOMO = 0.465824079218173  LUMO = 0.549683256770574
cycle= 4 E= -169.743978265175  delta_E= -2.23e-06  |g|= 0.000545  |ddm|= 0.0045
  HOMO = 0.465810527760612  LUMO = 0.54969828958173
cycle= 5 E= -169.743978773473  delta_E= -5.08e-07  |g|= 0.000124  |ddm|= 0.00274
  HOMO = 0.465811296398501  LUMO = 0.549697834798792
cycle= 6 E= -169.743978796231  delta_E= -2.28e-08  |g|= 9.18e-06  |ddm|= 0.000741
  HOMO = 0.465811702846106  LUMO = 0.549697954696487
cycle= 7 E= -169.74397879645  delta_E= -2.19e-10  |g|= 2.9e-06  |ddm|= 6.87e-05
  HOMO = 0.465811734457995  LUMO = 0.549697836265057
Extra cycle  E= -169.743978796469  delta_E= -1.86e-11  |g|= 1.48e-06  |ddm|= 1.58e-05
converged SCF energy = -169.743978796469

******** CASCI flags ********
CAS (5e+5e, 7o), ncore = 9, nvir = 7
natorb = False
canonicalization = True
sorting_mo_energy = False
max_memory 4000 (MB)
******** <class 'pyscf.fci.direct_spin1.FCISolver'> ********
max. cycles = 200
conv_tol = 1e-08
davidson only = False
linear dependence = 1e-10
level shift = 0.001
max iter space = 12
max_memory 4000 MB
nroots = 1
pspace_size = 400
spin = None
Density matrix diagonal elements [1.99967739e+00 1.99418118e+00 1.99761164e+00 1.99412017e+00
 1.99776340e+00 7.50348486e-04 1.58958698e-02]
CASCI converged
CASCI E = -169.749872975282  E(CI) = -25.0452544656818  S^2 = 0.0000000

******** <class 'pyscf.mcscf.mc1step.CASSCF'> ********
CAS (5e+5e, 7o), ncore = 9, nvir = 7
max_cycle_macro = 50
max_cycle_micro = 4
conv_tol = 1e-07
conv_tol_grad = None
orbital rotation max_stepsize = 0.02
orbital rotation threshold for CI restart = 0.01
augmented hessian ah_max_cycle = 30
augmented hessian ah_conv_tol = 1e-12
augmented hessian ah_linear dependence = 1e-14
augmented hessian ah_level shift = 1e-08
augmented hessian ah_start_tol = 2.5
augmented hessian ah_start_cycle = 3
augmented hessian ah_grad_trust_region = 3
kf_trust_region = 3
kf_interval = 4
ci_response_space = 4
ci_grad_trust_region = 3
with_dep4 0
natorb = False
canonicalization = True
sorting_mo_energy = False
ao2mo_level = 2
chkfile = /scratch/global/yangjunjie/test/410941/tmpwqtsoeq7
max_memory 4000 MB (current use 561 MB)
internal_rotation = False
******** <class 'pyscf.fci.direct_spin1.FCISolver'> ********
max. cycles = 50
conv_tol = 1e-08
davidson only = False
linear dependence = 1e-10
level shift = 0.001
max iter space = 12
max_memory 4000 MB
nroots = 1
pspace_size = 400
spin = None
CASCI E = -169.749872975282  S^2 = 0.0000000
Set conv_tol_grad to 0.000316228
macro iter 1 (21 JK  4 micro), CASSCF E = -169.751289465874  dE = -0.0014164906  S^2 = 0.0000000
               |grad[o]|=0.00538  |grad[c]|= 0.04350018828928309  |ddm|=0.0026  |maxRot[o]|=0.314
macro iter 2 (12 JK  3 micro), CASSCF E = -169.752088204023  dE = -0.00079873815  S^2 = 0.0000000
               |grad[o]|=0.005  |grad[c]|= 0.002324767901990561  |ddm|=0.0015  |maxRot[o]|=0.142
macro iter 3 (12 JK  3 micro), CASSCF E = -169.752554619976  dE = -0.00046641595  S^2 = 0.0000000
               |grad[o]|=0.00415  |grad[c]|= 0.003934815753904111  |ddm|=0.00158  |maxRot[o]|=0.102
macro iter 4 (21 JK  4 micro), CASSCF E = -169.753213576949  dE = -0.00065895697  S^2 = 0.0000000
               |grad[o]|=0.00332  |grad[c]|= 0.02146912823688349  |ddm|=0.044  |maxRot[o]|=0.207
macro iter 5 (21 JK  4 micro), CASSCF E = -169.754983195731  dE = -0.0017696188  S^2 = 0.0000000
               |grad[o]|=0.00595  |grad[c]|= 0.03191816660467035  |ddm|=0.0352  |maxRot[o]|=0.262
macro iter 6 (21 JK  4 micro), CASSCF E = -169.761370363106  dE = -0.0063871674  S^2 = 0.0000000
               |grad[o]|=0.0123  |grad[c]|= 0.05508656232405096  |ddm|=0.00644  |maxRot[o]|=0.313
macro iter 7 (21 JK  4 micro), CASSCF E = -169.776768638933  dE = -0.015398276  S^2 = 0.0000000
               |grad[o]|=0.0263  |grad[c]|= 0.06994762790009007  |ddm|=0.0487  |maxRot[o]|=0.309
macro iter 8 (21 JK  4 micro), CASSCF E = -169.789728875362  dE = -0.012960236  S^2 = 0.0000000
               |grad[o]|=0.0492  |grad[c]|= 0.05358531758749011  |ddm|=0.0687  |maxRot[o]|=0.226
macro iter 9 (21 JK  4 micro), CASSCF E = -169.790712526041  dE = -0.00098365068  S^2 = 0.0000000
               |grad[o]|=0.0294  |grad[c]|= 0.014613168499392466  |ddm|=0.0157  |maxRot[o]|=0.243
macro iter 10 (21 JK  4 micro), CASSCF E = -169.793624696284  dE = -0.0029121702  S^2 = 0.0000000
               |grad[o]|=0.0206  |grad[c]|= 0.022959725338067515  |ddm|=0.00569  |maxRot[o]|=0.244
macro iter 11 (21 JK  4 micro), CASSCF E = -169.803216700435  dE = -0.0095920042  S^2 = 0.0000000
               |grad[o]|=0.0215  |grad[c]|= 0.026628746221634147  |ddm|= 0.03  |maxRot[o]|=0.249
macro iter 12 (21 JK  4 micro), CASSCF E = -169.817203843511  dE = -0.013987143  S^2 = 0.0000000
               |grad[o]|=0.0315  |grad[c]|= 0.02653301040322801  |ddm|=0.0647  |maxRot[o]|= 0.19
macro iter 13 (21 JK  4 micro), CASSCF E = -169.831778863175  dE = -0.01457502  S^2 = 0.0000000
               |grad[o]|=0.0364  |grad[c]|= 0.027125539303678056  |ddm|= 0.07  |maxRot[o]|=0.159
macro iter 14 (21 JK  4 micro), CASSCF E = -169.839434410844  dE = -0.0076555477  S^2 = 0.0000000
               |grad[o]|=0.0335  |grad[c]|= 0.02531962201683075  |ddm|=0.0583  |maxRot[o]|=0.111
macro iter 15 (21 JK  4 micro), CASSCF E = -169.846450223813  dE = -0.007015813  S^2 = 0.0000000
               |grad[o]|=0.0289  |grad[c]|= 0.004257028298104833  |ddm|=0.042  |maxRot[o]|=0.314
macro iter 16 (21 JK  4 micro), CASSCF E = -169.851612910124  dE = -0.0051626863  S^2 = 0.0000000
               |grad[o]|=0.0277  |grad[c]|= 0.003943561381611141  |ddm|=0.0382  |maxRot[o]|=0.159
macro iter 17 (21 JK  4 micro), CASSCF E = -169.855682886227  dE = -0.0040699761  S^2 = 0.0000000
               |grad[o]|=0.0296  |grad[c]|= 0.010792285625919856  |ddm|=0.0276  |maxRot[o]|=0.198
macro iter 18 (21 JK  4 micro), CASSCF E = -169.859982541088  dE = -0.0042996549  S^2 = 0.0000000
               |grad[o]|=0.051  |grad[c]|= 0.03788104712127585  |ddm|=0.0609  |maxRot[o]|= 0.22
macro iter 19 (21 JK  4 micro), CASSCF E = -169.862204785687  dE = -0.0022222446  S^2 = 0.0000000
               |grad[o]|=0.0718  |grad[c]|= 0.012177800713844424  |ddm|=0.0138  |maxRot[o]|=0.144
macro iter 20 (17 JK  4 micro), CASSCF E = -169.863027970289  dE = -0.0008231846  S^2 = 0.0000000
               |grad[o]|=0.0105  |grad[c]|= 0.01010422933295572  |ddm|=0.0195  |maxRot[o]|=0.144
macro iter 21 (21 JK  4 micro), CASSCF E = -169.863475753263  dE = -0.00044778297  S^2 = 0.0000000
               |grad[o]|=0.039  |grad[c]|= 0.0032422241343348823  |ddm|=0.00191  |maxRot[o]|=0.137
macro iter 22 (21 JK  4 micro), CASSCF E = -169.863634915886  dE = -0.00015916262  S^2 = 0.0000000
               |grad[o]|=0.021  |grad[c]|= 0.0037295693937844368  |ddm|=0.00109  |maxRot[o]|=0.154
macro iter 23 (21 JK  4 micro), CASSCF E = -169.863776737344  dE = -0.00014182146  S^2 = 0.0000000
               |grad[o]|=0.0275  |grad[c]|= 0.016322256735428167  |ddm|=0.00155  |maxRot[o]|=0.0495
macro iter 24 (21 JK  4 micro), CASSCF E = -169.863808846983  dE = -3.2109639e-05  S^2 = 0.0000000
               |grad[o]|=0.00229  |grad[c]|= 0.004782225415421104  |ddm|=0.000826  |maxRot[o]|=0.0912
macro iter 25 (7 JK  2 micro), CASSCF E = -169.863861312699  dE = -5.2465716e-05  S^2 = 0.0000000
               |grad[o]|=0.00257  |grad[c]|= 0.015243243271769463  |ddm|=0.00115  |maxRot[o]|=0.0699
macro iter 26 (7 JK  2 micro), CASSCF E = -169.863911765572  dE = -5.0452873e-05  S^2 = 0.0000000
               |grad[o]|=0.00226  |grad[c]|= 0.015261688053725445  |ddm|=0.00116  |maxRot[o]|=0.0699
macro iter 27 (7 JK  2 micro), CASSCF E = -169.863965454791  dE = -5.3689219e-05  S^2 = 0.0000000
               |grad[o]|=0.00205  |grad[c]|= 0.0153155144990527  |ddm|=0.0012  |maxRot[o]|=0.0699
macro iter 28 (7 JK  2 micro), CASSCF E = -169.864022960334  dE = -5.7505542e-05  S^2 = 0.0000000
               |grad[o]|=0.00189  |grad[c]|= 0.015314210812392324  |ddm|=0.00125  |maxRot[o]|=0.0699
macro iter 29 (7 JK  2 micro), CASSCF E = -169.864082983472  dE = -6.0023138e-05  S^2 = 0.0000000
               |grad[o]|=0.00175  |grad[c]|= 0.015308771426121534  |ddm|=0.00131  |maxRot[o]|=0.0699
macro iter 30 (7 JK  2 micro), CASSCF E = -169.864143476406  dE = -6.0492934e-05  S^2 = 0.0000000
               |grad[o]|=0.00163  |grad[c]|= 0.015311424082195936  |ddm|=0.00138  |maxRot[o]|=0.0699
macro iter 31 (7 JK  2 micro), CASSCF E = -169.864201657656  dE = -5.818125e-05  S^2 = 0.0000000
               |grad[o]|=0.0015  |grad[c]|= 0.015309563111546558  |ddm|=0.00146  |maxRot[o]|=0.0699
macro iter 32 (7 JK  2 micro), CASSCF E = -169.864254476752  dE = -5.2819096e-05  S^2 = 0.0000000
               |grad[o]|=0.00134  |grad[c]|= 0.015310390585007978  |ddm|=0.00156  |maxRot[o]|=0.0699
macro iter 33 (7 JK  2 micro), CASSCF E = -169.864298887577  dE = -4.4410825e-05  S^2 = 0.0000000
               |grad[o]|=0.00115  |grad[c]|= 0.015308296316731402  |ddm|=0.00165  |maxRot[o]|=0.0699
macro iter 34 (7 JK  2 micro), CASSCF E = -169.864332159451  dE = -3.3271874e-05  S^2 = 0.0000000
               |grad[o]|=0.000907  |grad[c]|= 0.01529453633870266  |ddm|=0.00175  |maxRot[o]|=0.0699
macro iter 35 (7 JK  2 micro), CASSCF E = -169.864352191566  dE = -2.0032115e-05  S^2 = 0.0000000
               |grad[o]|=0.000626  |grad[c]|= 0.015238200800571958  |ddm|=0.00184  |maxRot[o]|=0.0699
macro iter 36 (5 JK  2 micro), CASSCF E = -169.864356596528  dE = -4.4049619e-06  S^2 = 0.0000000
               |grad[o]|=0.000318  |grad[c]|= 0.002877340550943561  |ddm|=0.000614  |maxRot[o]|= 0.03
macro iter 37 (5 JK  2 micro), CASSCF E = -169.864358258688  dE = -1.66216e-06  S^2 = 0.0000000
               |grad[o]|=0.000189  |grad[c]|= 0.001257571499943409  |ddm|=0.000476  |maxRot[o]|=0.0198
macro iter 38 (6 JK  1 micro), CASSCF E = -169.864358741241  dE = -4.8255316e-07  S^2 = 0.0000000
               |grad[o]|=0.000101  |grad[c]|= 0.0003232921684577167  |ddm|=9.53e-05  |maxRot[o]|=0.00336
macro iter 39 (6 JK  1 micro), CASSCF E = -169.864358954918  dE = -2.1367654e-07  S^2 = 0.0000000
               |grad[o]|=6.44e-05  |grad[c]|= 0.00021515909776137978  |ddm|=9.97e-05  |maxRot[o]|=0.0026
macro iter 40 (5 JK  1 micro), CASSCF E = -169.864359043677  dE = -8.875864e-08  S^2 = 0.0000000
               |grad[o]|=4.64e-05  |grad[c]|= 0.00013695155207252546  |ddm|=7.71e-05  |maxRot[o]|=0.00144
1-step CASSCF converged in 40 macro (586 JK 123 micro) steps
CASSCF canonicalization
Density matrix diagonal elements [1.92661311 1.9911366  1.9838988  1.93329867 1.99836544 0.08144794
 0.08523943]
CASSCF energy = -169.864359043677
CASCI E = -169.864359043677  E(CI) = -34.2091480062146  S^2 = 0.0000000


******** <class 'pyscf.scf.uhf.UHF'> ********
method = UHF
initial guess = minao
damping factor = 0
level_shift factor = 0
DIIS = <class 'pyscf.scf.diis.CDIIS'>
diis_start_cycle = 1
diis_space = 10
SCF conv_tol = 1e-09
SCF conv_tol_grad = None
SCF max_cycles = 1000
direct_scf = True
direct_scf_tol = 1e-13
chkfile to save SCF result = /scratch/global/yangjunjie/test/410941/tmp5xqfqby3
max_memory 4000 MB (current use 561 MB)
number electrons alpha = 14  beta = 14
Set gradient conv threshold to 3.16228e-05
init E= -169.610316935861
  alpha nocc = 14  HOMO = 0.409589013577967  LUMO = 0.492300344847412
  beta  nocc = 14  HOMO = 0.409588999803873  LUMO = 0.492300342475415
cycle= 1 E= -169.609925779359  delta_E= 0.000391  |g|= 0.0029  |ddm|= 0.0247
  alpha nocc = 14  HOMO = 0.408874501441821  LUMO = 0.49145233983036
  beta  nocc = 14  HOMO = 0.408874489274226  LUMO = 0.491452337715545
cycle= 2 E= -169.609934886877  delta_E= -9.11e-06  |g|= 0.00126  |ddm|= 0.0058
  alpha nocc = 14  HOMO = 0.408894805087581  LUMO = 0.491455424236532
  beta  nocc = 14  HOMO = 0.408894794127578  LUMO = 0.491455422325584
cycle= 3 E= -169.609937120799  delta_E= -2.23e-06  |g|= 0.000696  |ddm|= 0.00222
  alpha nocc = 14  HOMO = 0.408902957505642  LUMO = 0.491443435913161
  beta  nocc = 14  HOMO = 0.408902948743164  LUMO = 0.491443434383988
cycle= 4 E= -169.609938266102  delta_E= -1.15e-06  |g|= 0.000128  |ddm|= 0.0026
  alpha nocc = 14  HOMO = 0.408899707485699  LUMO = 0.491442515571425
  beta  nocc = 14  HOMO = 0.408899700121232  LUMO = 0.491442514290061
cycle= 5 E= -169.609938343852  delta_E= -7.78e-08  |g|= 5.63e-05  |ddm|= 0.00145
  alpha nocc = 14  HOMO = 0.408899694131497  LUMO = 0.491442411035894
  beta  nocc = 14  HOMO = 0.408899686990158  LUMO = 0.491442409794177
cycle= 6 E= -169.609938361406  delta_E= -1.76e-08  |g|= 6.15e-05  |ddm|= 0.000433
  alpha nocc = 14  HOMO = 0.408899623097754  LUMO = 0.491442044791557
  beta  nocc = 14  HOMO = 0.408899614971737  LUMO = 0.49144204337755
cycle= 7 E= -169.60993826947  delta_E= 9.19e-08  |g|= 1.66e-05  |ddm|= 0.00455
  alpha nocc = 14  HOMO = 0.408899648533225  LUMO = 0.4914419680195
  beta  nocc = 14  HOMO = 0.408899641095755  LUMO = 0.491441966728563
cycle= 8 E= -169.60993827041  delta_E= -9.4e-10  |g|= 1.85e-05  |ddm|= 0.000162
  alpha nocc = 14  HOMO = 0.408899649010058  LUMO = 0.4914419526231
  beta  nocc = 14  HOMO = 0.408899642385139  LUMO = 0.491441951476535
Extra cycle  E= -169.609938271928  delta_E= -1.52e-09  |g|= 2.21e-05  |ddm|= 0.000169
converged SCF energy = -169.609938271928  <S^2> = 1.1889116e-07  2S+1 = 1.0000002


******** <class 'pyscf.scf.uhf.UHF'> ********
method = UHF
initial guess = minao
damping factor = 0
level_shift factor = 0
DIIS = <class 'pyscf.scf.diis.CDIIS'>
diis_start_cycle = 1
diis_space = 10
SCF conv_tol = 1e-09
SCF conv_tol_grad = None
SCF max_cycles = 1000
direct_scf = True
direct_scf_tol = 1e-13
chkfile to save SCF result = /scratch/global/yangjunjie/test/410941/tmpe_uf0_cq
max_memory 4000 MB (current use 561 MB)
number electrons alpha = 15  beta = 13
Set gradient conv threshold to 3.16228e-05
init E= -169.727507095034
  alpha nocc = 15  HOMO = 0.399337242235329  LUMO = 0.591354974014136
  beta  nocc = 13  HOMO = 0.416858684027358  LUMO = 0.518842354090701
cycle= 1 E= -169.726748384809  delta_E= 0.000759  |g|= 0.00283  |ddm|= 0.0254
  alpha nocc = 15  HOMO = 0.398532780630432  LUMO = 0.589944466538983
  beta  nocc = 13  HOMO = 0.416057305568521  LUMO = 0.518176206761435
cycle= 2 E= -169.726757430354  delta_E= -9.05e-06  |g|= 0.00123  |ddm|= 0.0053
  alpha nocc = 15  HOMO = 0.398531948548936  LUMO = 0.590642944201429
  beta  nocc = 13  HOMO = 0.416058446774731  LUMO = 0.518199677504639
cycle= 3 E= -169.726759746437  delta_E= -2.32e-06  |g|= 0.0007  |ddm|= 0.00228
  alpha nocc = 15  HOMO = 0.398518203611493  LUMO = 0.590821806908595
  beta  nocc = 13  HOMO = 0.416046195679285  LUMO = 0.518207339443931
cycle= 4 E= -169.726760814  delta_E= -1.07e-06  |g|= 0.000129  |ddm|= 0.00227
  alpha nocc = 15  HOMO = 0.398518218801432  LUMO = 0.590840719898449
  beta  nocc = 13  HOMO = 0.416045883047585  LUMO = 0.518204568076457
cycle= 5 E= -169.726760851328  delta_E= -3.73e-08  |g|= 2.02e-05  |ddm|= 0.000487
  alpha nocc = 15  HOMO = 0.398517622157149  LUMO = 0.590837832259636
  beta  nocc = 13  HOMO = 0.416045062468981  LUMO = 0.51820434548652
cycle= 6 E= -169.726760852364  delta_E= -1.04e-09  |g|= 1.24e-05  |ddm|= 6.5e-05
  alpha nocc = 15  HOMO = 0.398517760160146  LUMO = 0.590836563462265
  beta  nocc = 13  HOMO = 0.416045087169169  LUMO = 0.518204390134426
cycle= 7 E= -169.726760853106  delta_E= -7.42e-10  |g|= 6.69e-06  |ddm|= 7.1e-05
  alpha nocc = 15  HOMO = 0.398517734351171  LUMO = 0.5908360777587
  beta  nocc = 13  HOMO = 0.416045068442936  LUMO = 0.518204331087262
Extra cycle  E= -169.726760853201  delta_E= -9.53e-11  |g|= 5.58e-06  |ddm|= 1.38e-05
converged SCF energy = -169.726760853201  <S^2> = 3.0012415  2S+1 = 3.6062398
