

******** <class 'pyscf.scf.hf.RHF'> ********
method = RHF
initial guess = minao
damping factor = 0
level_shift factor = 0
DIIS = <class 'pyscf.scf.diis.CDIIS'>
diis_start_cycle = 1
diis_space = 10
SCF conv_tol = 1e-09
SCF conv_tol_grad = None
SCF max_cycles = 1000
direct_scf = True
direct_scf_tol = 1e-13
chkfile to save SCF result = /scratch/global/yangjunjie/test/410941/tmpkr_kakqv
max_memory 4000 MB (current use 559 MB)
Set gradient conv threshold to 3.16228e-05
init E= -169.747487419449
  HOMO = 0.463758770449382  LUMO = 0.551758439347653
cycle= 1 E= -169.745206293021  delta_E= 0.00228  |g|= 0.00463  |ddm|= 0.0385
  HOMO = 0.463932713516825  LUMO = 0.55188760966255
cycle= 2 E= -169.74522096241  delta_E= -1.47e-05  |g|= 0.00253  |ddm|= 0.0136
  HOMO = 0.46387537844921  LUMO = 0.551811676704725
cycle= 3 E= -169.745225111883  delta_E= -4.15e-06  |g|= 0.00156  |ddm|= 0.00582
  HOMO = 0.463873227377959  LUMO = 0.551798791454343
cycle= 4 E= -169.745227581444  delta_E= -2.47e-06  |g|= 0.000519  |ddm|= 0.00555
  HOMO = 0.463863149310233  LUMO = 0.551781590788528
cycle= 5 E= -169.745227997772  delta_E= -4.16e-07  |g|= 0.000125  |ddm|= 0.0024
  HOMO = 0.463865081540223  LUMO = 0.551782215593403
cycle= 6 E= -169.745228018788  delta_E= -2.1e-08  |g|= 7.64e-06  |ddm|= 0.00067
  HOMO = 0.463864952424869  LUMO = 0.5517822981768
cycle= 7 E= -169.74522801889  delta_E= -1.02e-10  |g|= 2.42e-06  |ddm|= 4.6e-05
  HOMO = 0.463864951658733  LUMO = 0.551782359133552
Extra cycle  E= -169.745228018901  delta_E= -1.11e-11  |g|= 1.31e-06  |ddm|= 1.17e-05
converged SCF energy = -169.745228018901

******** CASCI flags ********
CAS (5e+5e, 7o), ncore = 9, nvir = 7
natorb = False
canonicalization = True
sorting_mo_energy = False
max_memory 4000 (MB)
******** <class 'pyscf.fci.direct_spin1.FCISolver'> ********
max. cycles = 200
conv_tol = 1e-08
davidson only = False
linear dependence = 1e-10
level shift = 0.001
max iter space = 12
max_memory 4000 MB
nroots = 1
pspace_size = 400
spin = None
Density matrix diagonal elements [1.99960879e+00 1.99697587e+00 1.99712107e+00 1.99379188e+00
 1.99961268e+00 5.33006862e-04 1.23567065e-02]
CASCI converged
CASCI E = -169.749646340953  E(CI) = -25.068472843518  S^2 = 0.0000000

******** <class 'pyscf.mcscf.mc1step.CASSCF'> ********
CAS (5e+5e, 7o), ncore = 9, nvir = 7
max_cycle_macro = 50
max_cycle_micro = 4
conv_tol = 1e-07
conv_tol_grad = None
orbital rotation max_stepsize = 0.02
orbital rotation threshold for CI restart = 0.01
augmented hessian ah_max_cycle = 30
augmented hessian ah_conv_tol = 1e-12
augmented hessian ah_linear dependence = 1e-14
augmented hessian ah_level shift = 1e-08
augmented hessian ah_start_tol = 2.5
augmented hessian ah_start_cycle = 3
augmented hessian ah_grad_trust_region = 3
kf_trust_region = 3
kf_interval = 4
ci_response_space = 4
ci_grad_trust_region = 3
with_dep4 0
natorb = False
canonicalization = True
sorting_mo_energy = False
ao2mo_level = 2
chkfile = /scratch/global/yangjunjie/test/410941/tmpkr_kakqv
max_memory 4000 MB (current use 560 MB)
internal_rotation = False
******** <class 'pyscf.fci.direct_spin1.FCISolver'> ********
max. cycles = 50
conv_tol = 1e-08
davidson only = False
linear dependence = 1e-10
level shift = 0.001
max iter space = 12
max_memory 4000 MB
nroots = 1
pspace_size = 400
spin = None
CASCI E = -169.749646340953  S^2 = 0.0000000
Set conv_tol_grad to 0.000316228
macro iter 1 (21 JK  4 micro), CASSCF E = -169.750284137507  dE = -0.00063779655  S^2 = 0.0000000
               |grad[o]|=0.00578  |grad[c]|= 0.005610046539948805  |ddm|=0.00275  |maxRot[o]|= 0.23
macro iter 2 (12 JK  3 micro), CASSCF E = -169.750739911983  dE = -0.00045577448  S^2 = 0.0000000
               |grad[o]|=0.00467  |grad[c]|= 0.01921528968353411  |ddm|=0.0156  |maxRot[o]|=0.0915
macro iter 3 (12 JK  3 micro), CASSCF E = -169.751822656362  dE = -0.0010827444  S^2 = 0.0000000
               |grad[o]|=0.00434  |grad[c]|= 0.018011038228565396  |ddm|=0.00723  |maxRot[o]|=0.147
macro iter 4 (21 JK  4 micro), CASSCF E = -169.757084548656  dE = -0.0052618923  S^2 = 0.0000000
               |grad[o]|=0.00747  |grad[c]|= 0.04450059660859105  |ddm|=0.037  |maxRot[o]|=0.215
macro iter 5 (21 JK  4 micro), CASSCF E = -169.770587203057  dE = -0.013502654  S^2 = 0.0000000
               |grad[o]|=0.0255  |grad[c]|= 0.08893316923918575  |ddm|=0.0342  |maxRot[o]|=0.257
macro iter 6 (21 JK  4 micro), CASSCF E = -169.782663557374  dE = -0.012076354  S^2 = 0.0000000
               |grad[o]|=0.0451  |grad[c]|= 0.10409000384786339  |ddm|=0.033  |maxRot[o]|=0.228
macro iter 7 (21 JK  4 micro), CASSCF E = -169.788393115997  dE = -0.0057295586  S^2 = 0.0000000
               |grad[o]|=0.0363  |grad[c]|= 0.0426880037758996  |ddm|=0.0187  |maxRot[o]|=0.314
macro iter 8 (21 JK  4 micro), CASSCF E = -169.789706540216  dE = -0.0013134242  S^2 = 0.0000000
               |grad[o]|=0.0263  |grad[c]|= 0.041449105848627196  |ddm|=0.0222  |maxRot[o]|=0.186
macro iter 9 (21 JK  4 micro), CASSCF E = -169.795341050686  dE = -0.0056345105  S^2 = 0.0000000
               |grad[o]|=0.0213  |grad[c]|= 0.03581018841182019  |ddm|=0.00557  |maxRot[o]|=0.149
macro iter 10 (21 JK  4 micro), CASSCF E = -169.808343252349  dE = -0.013002202  S^2 = 0.0000000
               |grad[o]|=0.0225  |grad[c]|= 0.04785766613094705  |ddm|=0.0526  |maxRot[o]|=0.166
macro iter 11 (21 JK  4 micro), CASSCF E = -169.824453770238  dE = -0.016110518  S^2 = 0.0000000
               |grad[o]|=0.0343  |grad[c]|= 0.04897496396543027  |ddm|=0.0854  |maxRot[o]|=0.159
macro iter 12 (21 JK  4 micro), CASSCF E = -169.83391819248  dE = -0.0094644222  S^2 = 0.0000000
               |grad[o]|=0.0366  |grad[c]|= 0.025352142785807722  |ddm|=0.059  |maxRot[o]|=0.109
macro iter 13 (21 JK  4 micro), CASSCF E = -169.841067097981  dE = -0.0071489055  S^2 = 0.0000000
               |grad[o]|=0.0326  |grad[c]|= 0.024055765514730054  |ddm|=0.0376  |maxRot[o]|=0.0898
macro iter 14 (21 JK  4 micro), CASSCF E = -169.84524849906  dE = -0.0041814011  S^2 = 0.0000000
               |grad[o]|=0.0267  |grad[c]|= 0.03164158382456834  |ddm|=0.0315  |maxRot[o]|=0.0634
macro iter 15 (21 JK  4 micro), CASSCF E = -169.848444239377  dE = -0.0031957403  S^2 = 0.0000000
               |grad[o]|=0.0211  |grad[c]|= 0.026757595773365984  |ddm|=0.0239  |maxRot[o]|=0.0624
macro iter 16 (21 JK  4 micro), CASSCF E = -169.850388650499  dE = -0.0019444111  S^2 = 0.0000000
               |grad[o]|=0.0153  |grad[c]|= 0.03422541149379836  |ddm|=0.0191  |maxRot[o]|=0.0723
macro iter 17 (21 JK  4 micro), CASSCF E = -169.851656003393  dE = -0.0012673529  S^2 = 0.0000000
               |grad[o]|=0.0105  |grad[c]|= 0.03410704590978529  |ddm|=0.0249  |maxRot[o]|=0.153
macro iter 18 (21 JK  4 micro), CASSCF E = -169.852297333282  dE = -0.00064132989  S^2 = 0.0000000
               |grad[o]|=0.00718  |grad[c]|= 0.00471766005160209  |ddm|=0.00523  |maxRot[o]|=  0.2
macro iter 19 (21 JK  4 micro), CASSCF E = -169.85259914576  dE = -0.00030181248  S^2 = 0.0000000
               |grad[o]|=0.00562  |grad[c]|= 0.004662891794091159  |ddm|=0.00764  |maxRot[o]|=0.176
macro iter 20 (20 JK  4 micro), CASSCF E = -169.852677476049  dE = -7.8330289e-05  S^2 = 0.0000000
               |grad[o]|=0.00966  |grad[c]|= 0.008815024254242259  |ddm|=0.00307  |maxRot[o]|=0.0359
macro iter 21 (7 JK  2 micro), CASSCF E = -169.852768073912  dE = -9.0597862e-05  S^2 = 0.0000000
               |grad[o]|=0.00318  |grad[c]|= 0.01563561543274813  |ddm|=0.00928  |maxRot[o]|=0.0496
macro iter 22 (7 JK  2 micro), CASSCF E = -169.852824050295  dE = -5.5976383e-05  S^2 = 0.0000000
               |grad[o]|=0.00253  |grad[c]|= 0.026329553294069268  |ddm|=0.0047  |maxRot[o]|=0.0679
macro iter 23 (6 JK  2 micro), CASSCF E = -169.852853310337  dE = -2.9260042e-05  S^2 = 0.0000000
               |grad[o]|=0.00427  |grad[c]|= 0.012319434451502402  |ddm|=0.00223  |maxRot[o]|=0.0499
macro iter 24 (6 JK  2 micro), CASSCF E = -169.852874651357  dE = -2.134102e-05  S^2 = 0.0000000
               |grad[o]|=0.00269  |grad[c]|= 0.007809505321789518  |ddm|=0.00173  |maxRot[o]|=0.0495
macro iter 25 (7 JK  2 micro), CASSCF E = -169.852901082309  dE = -2.6430952e-05  S^2 = 0.0000000
               |grad[o]|=0.00146  |grad[c]|= 0.012688897664603694  |ddm|=0.00234  |maxRot[o]|=0.0698
macro iter 26 (7 JK  2 micro), CASSCF E = -169.852946615945  dE = -4.5533636e-05  S^2 = 0.0000000
               |grad[o]|=0.000677  |grad[c]|= 0.01373490133859546  |ddm|=0.00137  |maxRot[o]|=0.0698
macro iter 27 (7 JK  2 micro), CASSCF E = -169.853027266034  dE = -8.0650089e-05  S^2 = 0.0000000
               |grad[o]|=0.00101  |grad[c]|= 0.01584022738723737  |ddm|=0.000944  |maxRot[o]|=0.0698
macro iter 28 (7 JK  2 micro), CASSCF E = -169.853203618967  dE = -0.00017635293  S^2 = 0.0000000
               |grad[o]|=0.00124  |grad[c]|= 0.021896658346397486  |ddm|=0.00153  |maxRot[o]|=0.0698
macro iter 29 (7 JK  2 micro), CASSCF E = -169.853539852734  dE = -0.00033623377  S^2 = 0.0000000
               |grad[o]|=0.00137  |grad[c]|= 0.03242234229496762  |ddm|=0.00204  |maxRot[o]|=0.0668
macro iter 30 (7 JK  2 micro), CASSCF E = -169.853989474351  dE = -0.00044962162  S^2 = 0.0000000
               |grad[o]|=0.00178  |grad[c]|= 0.029980131115045508  |ddm|=0.00247  |maxRot[o]|=0.0697
macro iter 31 (7 JK  2 micro), CASSCF E = -169.854387229182  dE = -0.00039775483  S^2 = 0.0000000
               |grad[o]|=0.00205  |grad[c]|= 0.021619386383840086  |ddm|=0.00218  |maxRot[o]|=0.0698
macro iter 32 (7 JK  2 micro), CASSCF E = -169.854662493206  dE = -0.00027526402  S^2 = 0.0000000
               |grad[o]|=0.00187  |grad[c]|= 0.017977498393409837  |ddm|=0.0018  |maxRot[o]|=0.0698
macro iter 33 (7 JK  2 micro), CASSCF E = -169.854803325147  dE = -0.00014083194  S^2 = 0.0000000
               |grad[o]|=0.00122  |grad[c]|= 0.017167116461042315  |ddm|=0.0018  |maxRot[o]|=0.0698
macro iter 34 (7 JK  2 micro), CASSCF E = -169.854827174552  dE = -2.3849405e-05  S^2 = 0.0000000
               |grad[o]|=0.000917  |grad[c]|= 0.005021963362810868  |ddm|=0.00063  |maxRot[o]|=0.0305
macro iter 35 (12 JK  3 micro), CASSCF E = -169.854804717957  dE = 2.2456595e-05  S^2 = 0.0000000
               |grad[o]|=0.000422  |grad[c]|= 0.017237546217588974  |ddm|=0.00233  |maxRot[o]|=0.0603
macro iter 36 (21 JK  4 micro), CASSCF E = -169.854810243848  dE = -5.5258919e-06  S^2 = 0.0000000
               |grad[o]|=0.000924  |grad[c]|= 0.0028007723833395524  |ddm|=0.000182  |maxRot[o]|=0.0117
macro iter 37 (7 JK  2 micro), CASSCF E = -169.854826983493  dE = -1.6739644e-05  S^2 = 0.0000000
               |grad[o]|=0.000368  |grad[c]|= 0.006819198104569223  |ddm|=0.000554  |maxRot[o]|=0.0383
macro iter 38 (7 JK  2 micro), CASSCF E = -169.854834830167  dE = -7.8466745e-06  S^2 = 0.0000000
               |grad[o]|=0.000265  |grad[c]|= 0.006070886997387414  |ddm|=0.000385  |maxRot[o]|=0.0315
macro iter 39 (11 JK  2 micro), CASSCF E = -169.854829882075  dE = 4.9480927e-06  S^2 = 0.0000000
               |grad[o]|=0.000216  |grad[c]|= 0.002393753041879562  |ddm|=0.000263  |maxRot[o]|=0.0209
macro iter 40 (21 JK  4 micro), CASSCF E = -169.854831261935  dE = -1.3798601e-06  S^2 = 0.0000000
               |grad[o]|=0.000857  |grad[c]|= 0.002056386674159852  |ddm|=0.00043  |maxRot[o]|=0.00999
macro iter 41 (7 JK  2 micro), CASSCF E = -169.854835252133  dE = -3.9901983e-06  S^2 = 0.0000000
               |grad[o]|=0.000278  |grad[c]|= 0.00343633331894596  |ddm|=0.000483  |maxRot[o]|=0.0219
macro iter 42 (11 JK  2 micro), CASSCF E = -169.854833264882  dE = 1.9872506e-06  S^2 = 0.0000000
               |grad[o]|=0.000229  |grad[c]|= 0.000768832840691348  |ddm|=0.0003  |maxRot[o]|=0.00966
macro iter 43 (17 JK  4 micro), CASSCF E = -169.854827854775  dE = 5.4101075e-06  S^2 = 0.0000000
               |grad[o]|=0.000875  |grad[c]|= 0.005735878847174998  |ddm|=0.000535  |maxRot[o]|=0.0225
macro iter 44 (25 JK  4 micro), CASSCF E = -169.854828994179  dE = -1.1394043e-06  S^2 = 0.0000000
               |grad[o]|=0.000422  |grad[c]|= 0.00038343531442102383  |ddm|=0.00012  |maxRot[o]|=0.00639
macro iter 45 (7 JK  2 micro), CASSCF E = -169.854831959662  dE = -2.9654828e-06  S^2 = 0.0000000
               |grad[o]|=0.000245  |grad[c]|= 0.001877673064674358  |ddm|=0.000357  |maxRot[o]|=0.0164
macro iter 46 (7 JK  2 micro), CASSCF E = -169.85483429462  dE = -2.3349578e-06  S^2 = 0.0000000
               |grad[o]|=0.0002  |grad[c]|= 0.002793844529284189  |ddm|=0.000492  |maxRot[o]|=0.0197
macro iter 47 (12 JK  3 micro), CASSCF E = -169.854815592679  dE = 1.8701941e-05  S^2 = 0.0000000
               |grad[o]|=0.000246  |grad[c]|= 0.01404014968198621  |ddm|=0.00227  |maxRot[o]|=0.0413
macro iter 48 (17 JK  4 micro), CASSCF E = -169.854826107765  dE = -1.0515087e-05  S^2 = 0.0000000
               |grad[o]|=0.000591  |grad[c]|= 0.0026170805879556806  |ddm|=0.000796  |maxRot[o]|=0.0155
macro iter 49 (7 JK  2 micro), CASSCF E = -169.854835418222  dE = -9.310457e-06  S^2 = 0.0000000
               |grad[o]|=0.00022  |grad[c]|= 0.007525875414922053  |ddm|=0.002  |maxRot[o]|=0.0283
macro iter 50 (13 JK  3 micro), CASSCF E = -169.854823999863  dE = 1.1418359e-05  S^2 = 0.0000000
               |grad[o]|=0.000223  |grad[c]|= 0.010250099925149499  |ddm|=0.00155  |maxRot[o]|=0.0407
1-step CASSCF not converged, 50 macro (699 JK 151 micro) steps
CASSCF canonicalization
Density matrix diagonal elements [1.95886799 1.95313588 1.99302729 1.98912873 1.95016912 0.07530828
 0.08036271]
CASSCF energy = -169.854823999863
CASCI E = -169.854823999863  E(CI) = -33.5542475453402  S^2 = 0.0000000


******** <class 'pyscf.scf.uhf.UHF'> ********
method = UHF
initial guess = minao
damping factor = 0
level_shift factor = 0
DIIS = <class 'pyscf.scf.diis.CDIIS'>
diis_start_cycle = 1
diis_space = 10
SCF conv_tol = 1e-09
SCF conv_tol_grad = None
SCF max_cycles = 1000
direct_scf = True
direct_scf_tol = 1e-13
chkfile to save SCF result = /scratch/global/yangjunjie/test/410941/tmpxjiwqvwl
max_memory 4000 MB (current use 560 MB)
number electrons alpha = 14  beta = 14
Set gradient conv threshold to 3.16228e-05
init E= -169.613444800478
  alpha nocc = 14  HOMO = 0.408891249166994  LUMO = 0.491562212848298
  beta  nocc = 14  HOMO = 0.408891249177369  LUMO = 0.491562212847427
cycle= 1 E= -169.611370141877  delta_E= 0.00207  |g|= 0.00239  |ddm|= 0.0253
  alpha nocc = 14  HOMO = 0.408700287397287  LUMO = 0.491234097694082
  beta  nocc = 14  HOMO = 0.408700287410864  LUMO = 0.491234097693309
cycle= 2 E= -169.611377204849  delta_E= -7.06e-06  |g|= 0.00104  |ddm|= 0.00481
  alpha nocc = 14  HOMO = 0.408720344241735  LUMO = 0.491226974181807
  beta  nocc = 14  HOMO = 0.408720344259587  LUMO = 0.491226974181141
cycle= 3 E= -169.611379089701  delta_E= -1.88e-06  |g|= 0.000527  |ddm|= 0.00243
  alpha nocc = 14  HOMO = 0.408722445682076  LUMO = 0.491216715785196
  beta  nocc = 14  HOMO = 0.408722445706174  LUMO = 0.491216715784658
cycle= 4 E= -169.611379723404  delta_E= -6.34e-07  |g|= 0.000137  |ddm|= 0.00244
  alpha nocc = 14  HOMO = 0.408720497932775  LUMO = 0.491216539766913
  beta  nocc = 14  HOMO = 0.408720497963279  LUMO = 0.491216539766473
cycle= 5 E= -169.611379920927  delta_E= -1.98e-07  |g|= 0.000122  |ddm|= 0.0027
  alpha nocc = 14  HOMO = 0.408720383517666  LUMO = 0.491216971233405
  beta  nocc = 14  HOMO = 0.408720383538523  LUMO = 0.491216971232943
cycle= 6 E= -169.611379649891  delta_E= 2.71e-07  |g|= 5.85e-05  |ddm|= 0.00519
  alpha nocc = 14  HOMO = 0.408720560728338  LUMO = 0.491216169657507
  beta  nocc = 14  HOMO = 0.408720560747216  LUMO = 0.491216169657113
cycle= 7 E= -169.611379630534  delta_E= 1.94e-08  |g|= 4.6e-05  |ddm|= 0.00368
  alpha nocc = 14  HOMO = 0.408720206841333  LUMO = 0.491216411661361
  beta  nocc = 14  HOMO = 0.408720206850479  LUMO = 0.491216411661006
cycle= 8 E= -169.611379616104  delta_E= 1.44e-08  |g|= 2.71e-05  |ddm|= 0.000764
  alpha nocc = 14  HOMO = 0.4087212724503  LUMO = 0.49121557104858
  beta  nocc = 14  HOMO = 0.408721272449094  LUMO = 0.491215571047821
cycle= 9 E= -169.611379611391  delta_E= 4.71e-09  |g|= 4.85e-06  |ddm|= 0.000626
  alpha nocc = 14  HOMO = 0.408720537399694  LUMO = 0.491216149393963
  beta  nocc = 14  HOMO = 0.408720537398157  LUMO = 0.491216149393736
cycle= 10 E= -169.611379611484  delta_E= -9.29e-11  |g|= 2.49e-06  |ddm|= 5.98e-05
  alpha nocc = 14  HOMO = 0.408720725006594  LUMO = 0.491215973004219
  beta  nocc = 14  HOMO = 0.408720725005317  LUMO = 0.491215973003943
Extra cycle  E= -169.611379611568  delta_E= -8.36e-11  |g|= 2.88e-06  |ddm|= 5.18e-05
converged SCF energy = -169.611379611568  <S^2> = 9.0117194e-09  2S+1 = 1


******** <class 'pyscf.scf.uhf.UHF'> ********
method = UHF
initial guess = minao
damping factor = 0
level_shift factor = 0
DIIS = <class 'pyscf.scf.diis.CDIIS'>
diis_start_cycle = 1
diis_space = 10
SCF conv_tol = 1e-09
SCF conv_tol_grad = None
SCF max_cycles = 1000
direct_scf = True
direct_scf_tol = 1e-13
chkfile to save SCF result = /scratch/global/yangjunjie/test/410941/tmped281_zd
max_memory 4000 MB (current use 560 MB)
number electrons alpha = 15  beta = 13
Set gradient conv threshold to 3.16228e-05
init E= -169.731243918976
  alpha nocc = 15  HOMO = 0.398349081258188  LUMO = 0.593381239285035
  beta  nocc = 13  HOMO = 0.415904203386278  LUMO = 0.51815153502142
cycle= 1 E= -169.728810294439  delta_E= 0.00243  |g|= 0.00234  |ddm|= 0.0255
  alpha nocc = 15  HOMO = 0.398053610355792  LUMO = 0.592070701551001
  beta  nocc = 13  HOMO = 0.415611571280587  LUMO = 0.518010715185433
cycle= 2 E= -169.728817233629  delta_E= -6.94e-06  |g|= 0.00102  |ddm|= 0.00436
  alpha nocc = 15  HOMO = 0.398039425704351  LUMO = 0.592037844765906
  beta  nocc = 13  HOMO = 0.415598921607834  LUMO = 0.518032090666534
cycle= 3 E= -169.728819176729  delta_E= -1.94e-06  |g|= 0.000474  |ddm|= 0.00238
  alpha nocc = 15  HOMO = 0.398030212785947  LUMO = 0.591794218937589
  beta  nocc = 13  HOMO = 0.415590201871069  LUMO = 0.518033280372507
cycle= 4 E= -169.728819597965  delta_E= -4.21e-07  |g|= 0.000109  |ddm|= 0.00134
  alpha nocc = 15  HOMO = 0.398030835496356  LUMO = 0.591786391738642
  beta  nocc = 13  HOMO = 0.415590670996692  LUMO = 0.518032303150304
cycle= 5 E= -169.728819618232  delta_E= -2.03e-08  |g|= 2.04e-05  |ddm|= 0.000338
  alpha nocc = 15  HOMO = 0.398030394213374  LUMO = 0.591780712140261
  beta  nocc = 13  HOMO = 0.415590116767175  LUMO = 0.518032224366651
cycle= 6 E= -169.728819619307  delta_E= -1.08e-09  |g|= 1.4e-05  |ddm|= 6.09e-05
  alpha nocc = 15  HOMO = 0.398030496417957  LUMO = 0.591782094996319
  beta  nocc = 13  HOMO = 0.415590157115419  LUMO = 0.518032164540608
cycle= 7 E= -169.728819620373  delta_E= -1.07e-09  |g|= 5.34e-06  |ddm|= 0.000103
  alpha nocc = 15  HOMO = 0.398030462697375  LUMO = 0.591782496889492
  beta  nocc = 13  HOMO = 0.415590138521622  LUMO = 0.518032065686102
cycle= 8 E= -169.728819620527  delta_E= -1.53e-10  |g|= 1.4e-06  |ddm|= 4.63e-05
  alpha nocc = 15  HOMO = 0.398030468602559  LUMO = 0.591782581674275
  beta  nocc = 13  HOMO = 0.415590143079439  LUMO = 0.518032072770986
Extra cycle  E= -169.72881962053  delta_E= -3.33e-12  |g|= 8.98e-07  |ddm|= 2.95e-06
converged SCF energy = -169.72881962053  <S^2> = 3.0008214  2S+1 = 3.6060069
