

******** <class 'pyscf.scf.hf.RHF'> ********
method = RHF
initial guess = minao
damping factor = 0
level_shift factor = 0
DIIS = <class 'pyscf.scf.diis.CDIIS'>
diis_start_cycle = 1
diis_space = 10
SCF conv_tol = 1e-09
SCF conv_tol_grad = None
SCF max_cycles = 1000
direct_scf = True
direct_scf_tol = 1e-13
chkfile to save SCF result = /scratch/global/yangjunjie/test/410941/tmpxuidsm3y
max_memory 4000 MB (current use 559 MB)
Set gradient conv threshold to 3.16228e-05
init E= -169.749174996491
  HOMO = 0.464869411064356  LUMO = 0.551365843503819
cycle= 1 E= -169.747842805667  delta_E= 0.00133  |g|= 0.00451  |ddm|= 0.0372
  HOMO = 0.464939744217982  LUMO = 0.551495879165254
cycle= 2 E= -169.747856770445  delta_E= -1.4e-05  |g|= 0.00239  |ddm|= 0.0125
  HOMO = 0.464890560457685  LUMO = 0.551483945012365
cycle= 3 E= -169.747860885673  delta_E= -4.12e-06  |g|= 0.00158  |ddm|= 0.00581
  HOMO = 0.464893585378938  LUMO = 0.551538077308284
cycle= 4 E= -169.747863299501  delta_E= -2.41e-06  |g|= 0.000535  |ddm|= 0.00509
  HOMO = 0.464881608568771  LUMO = 0.551554949573013
cycle= 5 E= -169.747863765949  delta_E= -4.66e-07  |g|= 0.000127  |ddm|= 0.00257
  HOMO = 0.464883045874665  LUMO = 0.551555679245437
cycle= 6 E= -169.747863788481  delta_E= -2.25e-08  |g|= 8.28e-06  |ddm|= 0.000719
  HOMO = 0.464883179204961  LUMO = 0.551555728159322
cycle= 7 E= -169.747863788634  delta_E= -1.53e-10  |g|= 2.66e-06  |ddm|= 5.64e-05
  HOMO = 0.464883205163093  LUMO = 0.551555620360851
Extra cycle  E= -169.747863788649  delta_E= -1.51e-11  |g|= 1.39e-06  |ddm|= 1.4e-05
converged SCF energy = -169.747863788649

******** CASCI flags ********
CAS (5e+5e, 7o), ncore = 9, nvir = 7
natorb = False
canonicalization = True
sorting_mo_energy = False
max_memory 4000 (MB)
******** <class 'pyscf.fci.direct_spin1.FCISolver'> ********
max. cycles = 200
conv_tol = 1e-08
davidson only = False
linear dependence = 1e-10
level shift = 0.001
max iter space = 12
max_memory 4000 MB
nroots = 1
pspace_size = 400
spin = None
Density matrix diagonal elements [1.99962730e+00 1.99524366e+00 1.99813493e+00 1.99546548e+00
 1.99857370e+00 6.46316042e-04 1.23086143e-02]
CASCI converged
CASCI E = -169.752741048256  E(CI) = -24.9792984486759  S^2 = 0.0000000

******** <class 'pyscf.mcscf.mc1step.CASSCF'> ********
CAS (5e+5e, 7o), ncore = 9, nvir = 7
max_cycle_macro = 50
max_cycle_micro = 4
conv_tol = 1e-07
conv_tol_grad = None
orbital rotation max_stepsize = 0.02
orbital rotation threshold for CI restart = 0.01
augmented hessian ah_max_cycle = 30
augmented hessian ah_conv_tol = 1e-12
augmented hessian ah_linear dependence = 1e-14
augmented hessian ah_level shift = 1e-08
augmented hessian ah_start_tol = 2.5
augmented hessian ah_start_cycle = 3
augmented hessian ah_grad_trust_region = 3
kf_trust_region = 3
kf_interval = 4
ci_response_space = 4
ci_grad_trust_region = 3
with_dep4 0
natorb = False
canonicalization = True
sorting_mo_energy = False
ao2mo_level = 2
chkfile = /scratch/global/yangjunjie/test/410941/tmpxuidsm3y
max_memory 4000 MB (current use 560 MB)
internal_rotation = False
******** <class 'pyscf.fci.direct_spin1.FCISolver'> ********
max. cycles = 50
conv_tol = 1e-08
davidson only = False
linear dependence = 1e-10
level shift = 0.001
max iter space = 12
max_memory 4000 MB
nroots = 1
pspace_size = 400
spin = None
CASCI E = -169.752741048256  S^2 = 0.0000000
Set conv_tol_grad to 0.000316228
macro iter 1 (21 JK  4 micro), CASSCF E = -169.753928713751  dE = -0.0011876655  S^2 = 0.0000000
               |grad[o]|=0.00487  |grad[c]|= 0.04026160449671411  |ddm|=0.00205  |maxRot[o]|=0.314
macro iter 2 (21 JK  4 micro), CASSCF E = -169.755230430087  dE = -0.0013017163  S^2 = 0.0000000
               |grad[o]|=0.00795  |grad[c]|= 0.00838712228477182  |ddm|=0.0107  |maxRot[o]|=0.313
macro iter 3 (12 JK  3 micro), CASSCF E = -169.756021403683  dE = -0.0007909736  S^2 = 0.0000000
               |grad[o]|=0.00931  |grad[c]|= 0.01059192954611975  |ddm|=0.00846  |maxRot[o]|= 0.14
macro iter 4 (17 JK  4 micro), CASSCF E = -169.756684704672  dE = -0.00066330099  S^2 = 0.0000000
               |grad[o]|=0.00814  |grad[c]|= 0.019597811365214497  |ddm|=0.0281  |maxRot[o]|=0.178
macro iter 5 (21 JK  4 micro), CASSCF E = -169.757803625548  dE = -0.0011189209  S^2 = 0.0000000
               |grad[o]|=0.00685  |grad[c]|= 0.031711623697900586  |ddm|=0.0647  |maxRot[o]|=0.219
macro iter 6 (21 JK  4 micro), CASSCF E = -169.760235709409  dE = -0.0024320839  S^2 = 0.0000000
               |grad[o]|=0.00905  |grad[c]|= 0.06318689938557495  |ddm|=0.0125  |maxRot[o]|=0.155
macro iter 7 (21 JK  4 micro), CASSCF E = -169.765049978433  dE = -0.004814269  S^2 = 0.0000000
               |grad[o]|=0.0137  |grad[c]|= 0.032045577168880596  |ddm|=0.0149  |maxRot[o]|=0.166
macro iter 8 (21 JK  4 micro), CASSCF E = -169.773858283984  dE = -0.0088083056  S^2 = 0.0000000
               |grad[o]|=0.021  |grad[c]|= 0.05830396367019344  |ddm|=0.0241  |maxRot[o]|=0.204
macro iter 9 (21 JK  4 micro), CASSCF E = -169.780697041162  dE = -0.0068387572  S^2 = 0.0000000
               |grad[o]|=0.0257  |grad[c]|= 0.07693775098642124  |ddm|=0.0344  |maxRot[o]|=0.177
macro iter 10 (21 JK  4 micro), CASSCF E = -169.784721719064  dE = -0.0040246779  S^2 = 0.0000000
               |grad[o]|=0.0249  |grad[c]|= 0.007290606543128467  |ddm|=0.0163  |maxRot[o]|=0.315
macro iter 11 (21 JK  4 micro), CASSCF E = -169.787629963435  dE = -0.0029082444  S^2 = 0.0000000
               |grad[o]|=0.0228  |grad[c]|= 0.01746376170552545  |ddm|=0.0145  |maxRot[o]|= 0.21
macro iter 12 (21 JK  4 micro), CASSCF E = -169.789025738395  dE = -0.001395775  S^2 = 0.0000000
               |grad[o]|=0.0206  |grad[c]|= 0.00615695087419318  |ddm|=0.00782  |maxRot[o]|= 0.14
macro iter 13 (21 JK  4 micro), CASSCF E = -169.789982993198  dE = -0.0009572548  S^2 = 0.0000000
               |grad[o]|=0.0344  |grad[c]|= 0.013609209877846399  |ddm|=0.00728  |maxRot[o]|=0.091
macro iter 14 (21 JK  4 micro), CASSCF E = -169.791062357864  dE = -0.0010793647  S^2 = 0.0000000
               |grad[o]|=0.0272  |grad[c]|= 0.00884072275998952  |ddm|=0.00423  |maxRot[o]|=0.166
macro iter 15 (21 JK  4 micro), CASSCF E = -169.792464416479  dE = -0.0014020586  S^2 = 0.0000000
               |grad[o]|=0.0137  |grad[c]|= 0.02865956563508068  |ddm|=0.00361  |maxRot[o]|=0.219
macro iter 16 (21 JK  4 micro), CASSCF E = -169.796831880737  dE = -0.0043674643  S^2 = 0.0000000
               |grad[o]|=0.0147  |grad[c]|= 0.03178990842522657  |ddm|=0.00981  |maxRot[o]|=0.248
macro iter 17 (21 JK  4 micro), CASSCF E = -169.808790007682  dE = -0.011958127  S^2 = 0.0000000
               |grad[o]|=0.0209  |grad[c]|= 0.03845461966233988  |ddm|=0.0525  |maxRot[o]|=0.256
macro iter 18 (21 JK  4 micro), CASSCF E = -169.826717482146  dE = -0.017927474  S^2 = 0.0000000
               |grad[o]|=0.0335  |grad[c]|= 0.04574582645092502  |ddm|=0.111  |maxRot[o]|= 0.21
macro iter 19 (21 JK  4 micro), CASSCF E = -169.838490869919  dE = -0.011773388  S^2 = 0.0000000
               |grad[o]|=0.0375  |grad[c]|= 0.02736319753798399  |ddm|=0.0736  |maxRot[o]|=0.116
macro iter 20 (21 JK  4 micro), CASSCF E = -169.846209326936  dE = -0.007718457  S^2 = 0.0000000
               |grad[o]|=0.0331  |grad[c]|= 0.018996080194924738  |ddm|=0.046  |maxRot[o]|=0.0892
macro iter 21 (21 JK  4 micro), CASSCF E = -169.851836816999  dE = -0.0056274901  S^2 = 0.0000000
               |grad[o]|=0.0278  |grad[c]|= 0.020116849424366107  |ddm|=0.0391  |maxRot[o]|=0.0712
macro iter 22 (21 JK  4 micro), CASSCF E = -169.855913008912  dE = -0.0040761919  S^2 = 0.0000000
               |grad[o]|=0.0222  |grad[c]|= 0.01837685522332824  |ddm|=0.0327  |maxRot[o]|=0.0708
macro iter 23 (21 JK  4 micro), CASSCF E = -169.858312681708  dE = -0.0023996728  S^2 = 0.0000000
               |grad[o]|=0.0167  |grad[c]|= 0.03154452448090042  |ddm|=0.0251  |maxRot[o]|=0.0567
macro iter 24 (21 JK  4 micro), CASSCF E = -169.859597434549  dE = -0.0012847528  S^2 = 0.0000000
               |grad[o]|=0.0121  |grad[c]|= 0.024012147275018304  |ddm|=0.0107  |maxRot[o]|=0.0654
macro iter 25 (21 JK  4 micro), CASSCF E = -169.860305792604  dE = -0.00070835806  S^2 = 0.0000000
               |grad[o]|=0.0086  |grad[c]|= 0.01419924965257956  |ddm|=0.00398  |maxRot[o]|=0.0687
macro iter 26 (21 JK  4 micro), CASSCF E = -169.860840410251  dE = -0.00053461765  S^2 = 0.0000000
               |grad[o]|=0.00612  |grad[c]|= 0.01034588024716129  |ddm|=0.00241  |maxRot[o]|=0.0639
macro iter 27 (21 JK  4 micro), CASSCF E = -169.860967357389  dE = -0.00012694714  S^2 = 0.0000000
               |grad[o]|=0.00417  |grad[c]|= 0.01118463577820284  |ddm|=0.00113  |maxRot[o]|=0.126
macro iter 28 (21 JK  4 micro), CASSCF E = -169.860982827179  dE = -1.5469791e-05  S^2 = 0.0000000
               |grad[o]|=0.00376  |grad[c]|= 0.009222419491845185  |ddm|=0.00127  |maxRot[o]|=0.0358
macro iter 29 (21 JK  4 micro), CASSCF E = -169.860954935947  dE = 2.7891232e-05  S^2 = 0.0000000
               |grad[o]|=0.00306  |grad[c]|= 0.015516660880627082  |ddm|=0.00148  |maxRot[o]|=0.0295
macro iter 30 (21 JK  4 micro), CASSCF E = -169.861095892359  dE = -0.00014095641  S^2 = 0.0000000
               |grad[o]|=0.00268  |grad[c]|= 0.006676624709593607  |ddm|=0.00065  |maxRot[o]|=0.0639
macro iter 31 (21 JK  4 micro), CASSCF E = -169.861144657179  dE = -4.876482e-05  S^2 = 0.0000000
               |grad[o]|=0.00235  |grad[c]|= 0.011898851279590911  |ddm|=0.00106  |maxRot[o]|=0.0198
macro iter 32 (7 JK  2 micro), CASSCF E = -169.861250850415  dE = -0.00010619324  S^2 = 0.0000000
               |grad[o]|=0.0021  |grad[c]|= 0.014920547122431346  |ddm|=0.00141  |maxRot[o]|=0.0517
macro iter 33 (7 JK  2 micro), CASSCF E = -169.861355107769  dE = -0.00010425735  S^2 = 0.0000000
               |grad[o]|=0.00195  |grad[c]|= 0.01949697951942805  |ddm|=0.002  |maxRot[o]|=0.0601
macro iter 34 (7 JK  2 micro), CASSCF E = -169.861456554852  dE = -0.00010144708  S^2 = 0.0000000
               |grad[o]|=0.00183  |grad[c]|= 0.022121501668507813  |ddm|=0.0022  |maxRot[o]|=0.0648
macro iter 35 (7 JK  2 micro), CASSCF E = -169.86154635549  dE = -8.9800638e-05  S^2 = 0.0000000
               |grad[o]|=0.00176  |grad[c]|= 0.023707709025599964  |ddm|=0.00249  |maxRot[o]|=0.0673
macro iter 36 (7 JK  2 micro), CASSCF E = -169.861624522736  dE = -7.8167245e-05  S^2 = 0.0000000
               |grad[o]|=0.00172  |grad[c]|= 0.02482793191282951  |ddm|=0.00273  |maxRot[o]|=0.0686
macro iter 37 (7 JK  2 micro), CASSCF E = -169.861684172337  dE = -5.9649601e-05  S^2 = 0.0000000
               |grad[o]|=0.0017  |grad[c]|= 0.027243991797874817  |ddm|=0.00285  |maxRot[o]|=0.0692
macro iter 38 (7 JK  2 micro), CASSCF E = -169.861726060026  dE = -4.1887689e-05  S^2 = 0.0000000
               |grad[o]|=0.00164  |grad[c]|= 0.03091711683805282  |ddm|=0.00368  |maxRot[o]|=0.0693
macro iter 39 (6 JK  2 micro), CASSCF E = -169.861744576624  dE = -1.8516598e-05  S^2 = 0.0000000
               |grad[o]|=0.00154  |grad[c]|= 0.017547083565107983  |ddm|=0.00146  |maxRot[o]|=0.0498
macro iter 40 (7 JK  2 micro), CASSCF E = -169.861758936365  dE = -1.435974e-05  S^2 = 0.0000000
               |grad[o]|=0.00123  |grad[c]|= 0.02534559656665115  |ddm|=0.00137  |maxRot[o]|=0.0669
macro iter 41 (7 JK  2 micro), CASSCF E = -169.861769952472  dE = -1.1016107e-05  S^2 = 0.0000000
               |grad[o]|=0.00151  |grad[c]|= 0.018342795702054382  |ddm|=0.000702  |maxRot[o]|=0.0669
macro iter 42 (12 JK  3 micro), CASSCF E = -169.861765581607  dE = 4.3708649e-06  S^2 = 0.0000000
               |grad[o]|=0.000516  |grad[c]|= 0.017343116366619088  |ddm|=0.000647  |maxRot[o]|=0.0886
macro iter 43 (17 JK  4 micro), CASSCF E = -169.861770004693  dE = -4.4230865e-06  S^2 = 0.0000000
               |grad[o]|=0.000877  |grad[c]|= 0.002015329600932856  |ddm|=0.000143  |maxRot[o]|=0.0229
macro iter 44 (7 JK  2 micro), CASSCF E = -169.861771607401  dE = -1.6027072e-06  S^2 = 0.0000000
               |grad[o]|=0.000283  |grad[c]|= 0.0018342615600559422  |ddm|=0.000212  |maxRot[o]|=0.0228
macro iter 45 (7 JK  1 micro), CASSCF E = -169.861771702022  dE = -9.4621583e-08  S^2 = 0.0000000
               |grad[o]|=7e-05  |grad[c]|= 0.00026043156987255256  |ddm|=2.7e-05  |maxRot[o]|=0.00463
1-step CASSCF converged in 45 macro (750 JK 153 micro) steps
CASSCF canonicalization
Density matrix diagonal elements [1.97173646 1.96366295 1.96092346 1.95132335 1.99834695 0.07868058
 0.07532625]
CASSCF energy = -169.861771702022
CASCI E = -169.861771702022  E(CI) = -41.5349660461692  S^2 = 0.0000000


******** <class 'pyscf.scf.uhf.UHF'> ********
method = UHF
initial guess = minao
damping factor = 0
level_shift factor = 0
DIIS = <class 'pyscf.scf.diis.CDIIS'>
diis_start_cycle = 1
diis_space = 10
SCF conv_tol = 1e-09
SCF conv_tol_grad = None
SCF max_cycles = 1000
direct_scf = True
direct_scf_tol = 1e-13
chkfile to save SCF result = /scratch/global/yangjunjie/test/410941/tmp02_xoaby
max_memory 4000 MB (current use 561 MB)
number electrons alpha = 14  beta = 14
Set gradient conv threshold to 3.16228e-05
init E= -169.61586174848
  alpha nocc = 14  HOMO = 0.4092151801741  LUMO = 0.491921835984827
  beta  nocc = 14  HOMO = 0.409215179820873  LUMO = 0.491921835922606
cycle= 1 E= -169.614637204426  delta_E= 0.00122  |g|= 0.00264  |ddm|= 0.025
  alpha nocc = 14  HOMO = 0.408758238820838  LUMO = 0.491328656425332
  beta  nocc = 14  HOMO = 0.408758238512981  LUMO = 0.491328656370348
cycle= 2 E= -169.614645302821  delta_E= -8.1e-06  |g|= 0.00115  |ddm|= 0.00531
  alpha nocc = 14  HOMO = 0.408778432404736  LUMO = 0.491327020311051
  beta  nocc = 14  HOMO = 0.408778432134866  LUMO = 0.491327020262631
cycle= 3 E= -169.614647327788  delta_E= -2.02e-06  |g|= 0.000628  |ddm|= 0.00216
  alpha nocc = 14  HOMO = 0.408784047799522  LUMO = 0.491315145009718
  beta  nocc = 14  HOMO = 0.408784047587284  LUMO = 0.491315144971527
cycle= 4 E= -169.614648194119  delta_E= -8.66e-07  |g|= 0.000116  |ddm|= 0.00209
  alpha nocc = 14  HOMO = 0.408781350060583  LUMO = 0.491314471679221
  beta  nocc = 14  HOMO = 0.408781349886199  LUMO = 0.491314471647875
cycle= 5 E= -169.614648232085  delta_E= -3.8e-08  |g|= 2.56e-05  |ddm|= 0.000781
  alpha nocc = 14  HOMO = 0.408781356427414  LUMO = 0.491314132375111
  beta  nocc = 14  HOMO = 0.40878135627445  LUMO = 0.491314132347646
cycle= 6 E= -169.61464824836  delta_E= -1.63e-08  |g|= 3.4e-05  |ddm|= 0.000747
  alpha nocc = 14  HOMO = 0.408781346400643  LUMO = 0.491314021898206
  beta  nocc = 14  HOMO = 0.408781346215303  LUMO = 0.491314021864921
cycle= 7 E= -169.614648216475  delta_E= 3.19e-08  |g|= 7.1e-06  |ddm|= 0.00221
  alpha nocc = 14  HOMO = 0.408781396558403  LUMO = 0.491314009723423
  beta  nocc = 14  HOMO = 0.408781396406289  LUMO = 0.491314009696217
cycle= 8 E= -169.614648215991  delta_E= 4.84e-10  |g|= 3.33e-06  |ddm|= 0.000357
  alpha nocc = 14  HOMO = 0.408781369145129  LUMO = 0.491314018689033
  beta  nocc = 14  HOMO = 0.408781369011852  LUMO = 0.491314018665217
Extra cycle  E= -169.614648216151  delta_E= -1.6e-10  |g|= 3.98e-06  |ddm|= 7.22e-05
converged SCF energy = -169.614648216151  <S^2> = 1.6457619e-08  2S+1 = 1


******** <class 'pyscf.scf.uhf.UHF'> ********
method = UHF
initial guess = minao
damping factor = 0
level_shift factor = 0
DIIS = <class 'pyscf.scf.diis.CDIIS'>
diis_start_cycle = 1
diis_space = 10
SCF conv_tol = 1e-09
SCF conv_tol_grad = None
SCF max_cycles = 1000
direct_scf = True
direct_scf_tol = 1e-13
chkfile to save SCF result = /scratch/global/yangjunjie/test/410941/tmpdyin7irf
max_memory 4000 MB (current use 561 MB)
number electrons alpha = 15  beta = 13
Set gradient conv threshold to 3.16228e-05
init E= -169.733309092317
  alpha nocc = 15  HOMO = 0.398839504791343  LUMO = 0.604922680376642
  beta  nocc = 13  HOMO = 0.416381816774123  LUMO = 0.518470177568974
cycle= 1 E= -169.731721848346  delta_E= 0.00159  |g|= 0.00258  |ddm|= 0.0255
  alpha nocc = 15  HOMO = 0.398284370886842  LUMO = 0.602889074565122
  beta  nocc = 13  HOMO = 0.415829698397266  LUMO = 0.518062789123263
cycle= 2 E= -169.731729848549  delta_E= -8e-06  |g|= 0.00112  |ddm|= 0.00481
  alpha nocc = 15  HOMO = 0.398277310949804  LUMO = 0.602984677840443
  beta  nocc = 13  HOMO = 0.415824347281899  LUMO = 0.518085186411633
cycle= 3 E= -169.7317319642  delta_E= -2.12e-06  |g|= 0.00061  |ddm|= 0.00229
  alpha nocc = 15  HOMO = 0.39826472368965  LUMO = 0.6026738728886
  beta  nocc = 13  HOMO = 0.415812717148634  LUMO = 0.518089864805094
cycle= 4 E= -169.731732717923  delta_E= -7.54e-07  |g|= 0.00012  |ddm|= 0.00185
  alpha nocc = 15  HOMO = 0.398265052320472  LUMO = 0.602648313435567
  beta  nocc = 13  HOMO = 0.415812814818768  LUMO = 0.518087928663508
cycle= 5 E= -169.731732747325  delta_E= -2.94e-08  |g|= 2.12e-05  |ddm|= 0.000423
  alpha nocc = 15  HOMO = 0.398264534050843  LUMO = 0.602641317793716
  beta  nocc = 13  HOMO = 0.415812134257788  LUMO = 0.518087771542045
cycle= 6 E= -169.731732748494  delta_E= -1.17e-09  |g|= 1.43e-05  |ddm|= 6.5e-05
  alpha nocc = 15  HOMO = 0.398264662093536  LUMO = 0.602642265318751
  beta  nocc = 13  HOMO = 0.415812169207001  LUMO = 0.518087756700283
cycle= 7 E= -169.731732749605  delta_E= -1.11e-09  |g|= 6.65e-06  |ddm|= 9.76e-05
  alpha nocc = 15  HOMO = 0.398264630834346  LUMO = 0.602642599919419
  beta  nocc = 13  HOMO = 0.415812145419561  LUMO = 0.518087621489955
cycle= 8 E= -169.73173274988  delta_E= -2.75e-10  |g|= 2.11e-06  |ddm|= 6.2e-05
  alpha nocc = 15  HOMO = 0.398264636892174  LUMO = 0.602642698242102
  beta  nocc = 13  HOMO = 0.415812150190641  LUMO = 0.518087630736521
Extra cycle  E= -169.731732749888  delta_E= -8.27e-12  |g|= 1.47e-06  |ddm|= 4.46e-06
converged SCF energy = -169.731732749888  <S^2> = 3.0010137  2S+1 = 3.6061135
