

******** <class 'pyscf.scf.hf.RHF'> ********
method = RHF
initial guess = minao
damping factor = 0
level_shift factor = 0
DIIS = <class 'pyscf.scf.diis.CDIIS'>
diis_start_cycle = 1
diis_space = 10
SCF conv_tol = 1e-09
SCF conv_tol_grad = None
SCF max_cycles = 1000
direct_scf = True
direct_scf_tol = 1e-13
chkfile to save SCF result = /scratch/global/yangjunjie/test/410939/tmpq2rgtbsi
max_memory 4000 MB (current use 81 MB)
Set gradient conv threshold to 3.16228e-05
init E= -167.74975860859
  HOMO = 0.340262797648795  LUMO = 0.68291428499
cycle= 1 E= -148.903121145486  delta_E= 18.8  |g|= 4.16  |ddm|= 11.8
  HOMO = -0.705269483293389  LUMO = -0.562912993716716
cycle= 2 E= -164.76427820667  delta_E= -15.9  |g|= 1.71  |ddm|= 11.2
  HOMO = 0.96436694159465  LUMO = 1.20021810363614
cycle= 3 E= -151.71373631588  delta_E= 13.1  |g|=  5.4  |ddm|= 11.7

WARN: HOMO 0.526374733758893 == LUMO 0.526374733758894

cycle= 4 E= -168.832529032592  delta_E= -17.1  |g|= 1.53  |ddm|= 11.2
  HOMO = 0.437145458450395  LUMO = 0.498215378472116
cycle= 5 E= -168.880188720678  delta_E= -0.0477  |g|= 1.51  |ddm|= 0.253
  HOMO = 0.436817400111457  LUMO = 0.498451715572895
cycle= 6 E= -168.885713656026  delta_E= -0.00552  |g|= 1.51  |ddm|= 0.0164
  HOMO = 0.439252390636801  LUMO = 0.50078795985075
cycle= 7 E= -169.006054316702  delta_E= -0.12  |g|= 1.42  |ddm|= 0.184
  HOMO = 0.450216626424691  LUMO = 0.527672117385703
cycle= 8 E= -169.59203715099  delta_E= -0.586  |g|= 0.657  |ddm|= 1.04
  HOMO = 0.472428951828441  LUMO = 0.549404384645097
cycle= 9 E= -169.721452291587  delta_E= -0.129  |g|= 0.132  |ddm|= 0.694
  HOMO = 0.467008110535962  LUMO = 0.544804175257267
cycle= 10 E= -169.725487573596  delta_E= -0.00404  |g|= 0.116  |ddm|= 0.11
  HOMO = 0.467828979651329  LUMO = 0.548702129155929
cycle= 11 E= -169.732311885429  delta_E= -0.00682  |g|= 0.0311  |ddm|= 0.219
  HOMO = 0.466530527716018  LUMO = 0.546951234677609
cycle= 12 E= -169.73343347009  delta_E= -0.00112  |g|= 0.0179  |ddm|= 0.134
  HOMO = 0.466880899639791  LUMO = 0.548131046734925
cycle= 13 E= -169.733558482348  delta_E= -0.000125  |g|= 0.00593  |ddm|= 0.0363
  HOMO = 0.466672371750702  LUMO = 0.547865011115737
cycle= 14 E= -169.733572283923  delta_E= -1.38e-05  |g|= 0.000571  |ddm|= 0.00972
  HOMO = 0.466654619587007  LUMO = 0.547887928186974
cycle= 15 E= -169.733572526756  delta_E= -2.43e-07  |g|= 0.000171  |ddm|= 0.0023
  HOMO = 0.466652983557955  LUMO = 0.547887017442655
cycle= 16 E= -169.73357254511  delta_E= -1.84e-08  |g|= 9.69e-05  |ddm|= 0.000502
  HOMO = 0.466651843378035  LUMO = 0.547887070347346
cycle= 17 E= -169.733572552743  delta_E= -7.63e-09  |g|= 1.67e-05  |ddm|= 0.000705
  HOMO = 0.466652009114216  LUMO = 0.547887149564737
cycle= 18 E= -169.733572554307  delta_E= -1.56e-09  |g|= 9.8e-06  |ddm|= 0.000463
  HOMO = 0.466651980068209  LUMO = 0.547887077348173
cycle= 19 E= -169.733572555513  delta_E= -1.21e-09  |g|= 9.83e-06  |ddm|= 0.000386
  HOMO = 0.466651988518607  LUMO = 0.547887085840519
cycle= 20 E= -169.733572555661  delta_E= -1.48e-10  |g|= 9.84e-06  |ddm|= 4.73e-05
  HOMO = 0.466651993360643  LUMO = 0.547887084249201
Extra cycle  E= -169.733572556636  delta_E= -9.76e-10  |g|= 9.89e-06  |ddm|= 0.00031
converged SCF energy = -169.733572556636


******** <class 'pyscf.scf.uhf.UHF'> ********
method = UHF
initial guess = minao
damping factor = 0
level_shift factor = 0
DIIS = <class 'pyscf.scf.diis.CDIIS'>
diis_start_cycle = 1
diis_space = 10
SCF conv_tol = 1e-09
SCF conv_tol_grad = None
SCF max_cycles = 1000
direct_scf = True
direct_scf_tol = 1e-13
chkfile to save SCF result = /scratch/global/yangjunjie/test/410939/tmpqikgrkkb
max_memory 4000 MB (current use 102 MB)
number electrons alpha = 14  beta = 14
Set gradient conv threshold to 3.16228e-05
init E= -167.479354886525
  alpha nocc = 14  HOMO = 0.237654563222592  LUMO = 0.551120336002534
  beta  nocc = 14  HOMO = 0.238577692991092  LUMO = 0.557454341837987
cycle= 1 E= -149.031658666488  delta_E= 18.4  |g|= 2.97  |ddm|= 8.22
  alpha nocc = 14  HOMO = -0.694849141689924  LUMO = -0.553540259391704
  beta  nocc = 14  HOMO = -0.692107122272643  LUMO = -0.552124560806314
cycle= 2 E= -164.762859813203  delta_E= -15.7  |g|= 1.21  |ddm|= 7.84
  alpha nocc = 14  HOMO = 0.969881171339701  LUMO = 1.24405263979079
  beta  nocc = 14  HOMO = 0.969992930274709  LUMO = 1.24401488904682
cycle= 3 E= -151.433804817549  delta_E= 13.3  |g|= 3.74  |ddm|= 8.29

WARN: alpha nocc = 14  HOMO 0.532748197143274 >= LUMO 0.53274819714328


WARN: beta  nocc = 14  HOMO 0.532694520684264 >= LUMO 0.532694520684274


WARN: system HOMO 0.532694520684264 >= system LUMO 0.532694520684274

cycle= 4 E= -169.357485869525  delta_E= -17.9  |g|= 0.585  |ddm|= 7.22
  alpha nocc = 14  HOMO = 0.446169340991277  LUMO = 0.526387693625456
  beta  nocc = 14  HOMO = 0.446174448375373  LUMO = 0.526412804220486
cycle= 5 E= -169.200247684145  delta_E= 0.157  |g|= 0.797  |ddm|= 0.325
  alpha nocc = 14  HOMO = 0.449265475684344  LUMO = 0.538653375712602
  beta  nocc = 14  HOMO = 0.449279100231283  LUMO = 0.538706567452097
cycle= 6 E= -168.908034881371  delta_E= 0.292  |g|= 1.05  |ddm|= 0.301
  alpha nocc = 14  HOMO = 0.403893690506949  LUMO = 0.496337699782543
  beta  nocc = 14  HOMO = 0.403889939152821  LUMO = 0.496359072786409
cycle= 7 E= -169.555831000299  delta_E= -0.648  |g|= 0.232  |ddm|= 0.919
  alpha nocc = 14  HOMO = 0.402405098895042  LUMO = 0.492772111634572
  beta  nocc = 14  HOMO = 0.402404069136261  LUMO = 0.492787578306883
cycle= 8 E= -169.584098644546  delta_E= -0.0283  |g|= 0.119  |ddm|= 0.141
  alpha nocc = 14  HOMO = 0.408022847976803  LUMO = 0.491653340603173
  beta  nocc = 14  HOMO = 0.408023287678376  LUMO = 0.491650601512309
cycle= 9 E= -169.597447454857  delta_E= -0.0133  |g|= 0.0159  |ddm|=  0.2
  alpha nocc = 14  HOMO = 0.408833733537582  LUMO = 0.491580198544567
  beta  nocc = 14  HOMO = 0.408834400607407  LUMO = 0.491580379138864
cycle= 10 E= -169.597792745551  delta_E= -0.000345  |g|= 0.00854  |ddm|= 0.0313
  alpha nocc = 14  HOMO = 0.408874395443256  LUMO = 0.491737737536463
  beta  nocc = 14  HOMO = 0.408875411196169  LUMO = 0.491738758423598
cycle= 11 E= -169.597588576922  delta_E= 0.000204  |g|= 0.00888  |ddm|= 0.0191
  alpha nocc = 14  HOMO = 0.4089216908761  LUMO = 0.491382260323458
  beta  nocc = 14  HOMO = 0.408923137155292  LUMO = 0.491382211205871
cycle= 12 E= -169.597417366249  delta_E= 0.000171  |g|= 0.00496  |ddm|= 0.0401
  alpha nocc = 14  HOMO = 0.409121138106472  LUMO = 0.491643048213429
  beta  nocc = 14  HOMO = 0.409122148497979  LUMO = 0.49164271513288
cycle= 13 E= -169.597435980759  delta_E= -1.86e-05  |g|= 0.000887  |ddm|= 0.0128
  alpha nocc = 14  HOMO = 0.409079482998632  LUMO = 0.491586136136749
  beta  nocc = 14  HOMO = 0.409080144039674  LUMO = 0.491586457646162
cycle= 14 E= -169.597437575495  delta_E= -1.59e-06  |g|= 0.000182  |ddm|= 0.003
  alpha nocc = 14  HOMO = 0.409078729069979  LUMO = 0.491589148121123
  beta  nocc = 14  HOMO = 0.409079139794209  LUMO = 0.491589415318681
cycle= 15 E= -169.597437642355  delta_E= -6.69e-08  |g|= 6.11e-05  |ddm|= 0.000594
  alpha nocc = 14  HOMO = 0.409078477145761  LUMO = 0.491589964534023
  beta  nocc = 14  HOMO = 0.409078744593044  LUMO = 0.491590132540694
cycle= 16 E= -169.597437654151  delta_E= -1.18e-08  |g|= 5.6e-05  |ddm|= 0.000178
  alpha nocc = 14  HOMO = 0.409078695796697  LUMO = 0.491589717269676
  beta  nocc = 14  HOMO = 0.409078862215146  LUMO = 0.491589817321302
cycle= 17 E= -169.597437667362  delta_E= -1.32e-08  |g|= 5.25e-05  |ddm|= 0.000181
  alpha nocc = 14  HOMO = 0.409078722991912  LUMO = 0.491589810345456
  beta  nocc = 14  HOMO = 0.409078787940874  LUMO = 0.491589822881771
cycle= 18 E= -169.597437688149  delta_E= -2.08e-08  |g|= 5.14e-05  |ddm|= 0.00029
  alpha nocc = 14  HOMO = 0.409078839600363  LUMO = 0.491589794951749
  beta  nocc = 14  HOMO = 0.409078837923029  LUMO = 0.491589743761363
cycle= 19 E= -169.597437729741  delta_E= -4.16e-08  |g|= 4.99e-05  |ddm|= 0.000586
  alpha nocc = 14  HOMO = 0.409078973673795  LUMO = 0.491589768606647
  beta  nocc = 14  HOMO = 0.40907856823158  LUMO = 0.491589442107563
cycle= 20 E= -169.597437998313  delta_E= -2.69e-07  |g|= 4.12e-05  |ddm|= 0.00437
  alpha nocc = 14  HOMO = 0.409079323800604  LUMO = 0.491590099195431
  beta  nocc = 14  HOMO = 0.40907843841797  LUMO = 0.491589681129509
cycle= 21 E= -169.597438251322  delta_E= -2.53e-07  |g|= 2.96e-05  |ddm|= 0.00606
  alpha nocc = 14  HOMO = 0.409079571475415  LUMO = 0.491589952933702
  beta  nocc = 14  HOMO = 0.409078494744567  LUMO = 0.491589697947294
cycle= 22 E= -169.597438354278  delta_E= -1.03e-07  |g|= 1.97e-05  |ddm|= 0.00479
  alpha nocc = 14  HOMO = 0.409079393823388  LUMO = 0.491589759430403
  beta  nocc = 14  HOMO = 0.40907845619067  LUMO = 0.491589617419592
cycle= 23 E= -169.597438368007  delta_E= -1.37e-08  |g|= 1.58e-05  |ddm|= 0.00126
  alpha nocc = 14  HOMO = 0.409079221849227  LUMO = 0.491589791418243
  beta  nocc = 14  HOMO = 0.409078702905813  LUMO = 0.491589776142569
cycle= 24 E= -169.597438375925  delta_E= -7.92e-09  |g|= 1e-05  |ddm|= 0.00115
  alpha nocc = 14  HOMO = 0.40907899607249  LUMO = 0.491589779370765
  beta  nocc = 14  HOMO = 0.40907882433321  LUMO = 0.491589782424573
cycle= 25 E= -169.597438377666  delta_E= -1.74e-09  |g|= 6.38e-06  |ddm|= 0.000511
  alpha nocc = 14  HOMO = 0.409078952286957  LUMO = 0.491589770242405
  beta  nocc = 14  HOMO = 0.409078926948447  LUMO = 0.491589765669939
cycle= 26 E= -169.597438377899  delta_E= -2.33e-10  |g|= 5.36e-06  |ddm|= 0.000164
  alpha nocc = 14  HOMO = 0.409078943836217  LUMO = 0.4915897562757
  beta  nocc = 14  HOMO = 0.409078921750941  LUMO = 0.491589751955796
Extra cycle  E= -169.597438377964  delta_E= -6.53e-11  |g|= 6.18e-06  |ddm|= 8.32e-06
converged SCF energy = -169.597438377964  <S^2> = 2.3616291e-09  2S+1 = 1


******** <class 'pyscf.scf.uhf.UHF'> ********
method = UHF
initial guess = minao
damping factor = 0
level_shift factor = 0
DIIS = <class 'pyscf.scf.diis.CDIIS'>
diis_start_cycle = 1
diis_space = 10
SCF conv_tol = 1e-09
SCF conv_tol_grad = None
SCF max_cycles = 1000
direct_scf = True
direct_scf_tol = 1e-13
chkfile to save SCF result = /scratch/global/yangjunjie/test/410939/tmpl2v6akp0
max_memory 4000 MB (current use 102 MB)
number electrons alpha = 15  beta = 13
Set gradient conv threshold to 3.16228e-05
init E= -167.74975860859

WARN: alpha nocc = 15  HOMO 0.682914284989997 >= LUMO 0.682914284990001

  beta  nocc = 13  HOMO = 0.0953244133707668  LUMO = 0.340262797648805

WARN: system HOMO 0.682914284989997 >= system LUMO 0.340262797648805

cycle= 1 E= -148.863812667966  delta_E= 18.9  |g|= 2.97  |ddm|=  9.2
  alpha nocc = 15  HOMO = -0.543176400225258  LUMO = 0.223861509487412
  beta  nocc = 13  HOMO = -0.661964594826575  LUMO = -0.641848091458634

WARN: system HOMO -0.441568743183512 >= system LUMO -0.641848091458634

cycle= 2 E= -165.045511615208  delta_E= -16.2  |g|= 1.18  |ddm|= 9.07
  alpha nocc = 15  HOMO = 1.12829592466384  LUMO = 1.12968236139799
  beta  nocc = 13  HOMO = 0.833181644159137  LUMO = 1.01663521428812

WARN: system HOMO 1.12913084329227 >= system LUMO 1.01663521428812

cycle= 3 E= -157.711785454956  delta_E= 7.33  |g|= 3.38  |ddm|= 7.23

WARN: alpha nocc = 15  HOMO 0.965713635507746 >= LUMO 0.966699494846737

  beta  nocc = 13  HOMO = 0.763731838575324  LUMO = 0.958650665394917

WARN: system HOMO 0.964544829500617 >= system LUMO 0.958650665394917

cycle= 4 E= -159.049223485616  delta_E= -1.34  |g|= 3.39  |ddm|= 1.47
  alpha nocc = 15  HOMO = 0.722271757085702  LUMO = 0.879031450776597
  beta  nocc = 13  HOMO = 0.641616769934626  LUMO = 0.711411230150578

WARN: system HOMO 0.726481034830031 >= system LUMO 0.711411230150578

cycle= 5 E= -165.31934436967  delta_E= -6.27  |g|= 1.92  |ddm|= 4.78
  alpha nocc = 15  HOMO = 0.709217161967442  LUMO = 0.895363713737199
  beta  nocc = 13  HOMO = 0.630320273811797  LUMO = 0.727435590447608
cycle= 6 E= -165.213512630522  delta_E= 0.106  |g|= 1.93  |ddm|= 0.0508
  alpha nocc = 15  HOMO = 0.720944232773584  LUMO = 0.909370374820965
  beta  nocc = 13  HOMO = 0.646378801527205  LUMO = 0.72896588049864
cycle= 7 E= -165.11065517734  delta_E= 0.103  |g|= 1.94  |ddm|= 0.0529
  alpha nocc = 15  HOMO = 0.718390752854211  LUMO = 0.905606518122151
  beta  nocc = 13  HOMO = 0.642637840608085  LUMO = 0.72944178629945
cycle= 8 E= -165.130335728214  delta_E= -0.0197  |g|= 1.94  |ddm|= 0.0351
  alpha nocc = 15  HOMO = 0.706867076094566  LUMO = 0.883680061014735
  beta  nocc = 13  HOMO = 0.616925682142705  LUMO = 0.738092570355527
cycle= 9 E= -165.261801136125  delta_E= -0.131  |g|= 1.93  |ddm|= 0.0907
  alpha nocc = 15  HOMO = 0.624716615972613  LUMO = 0.807053458686971
  beta  nocc = 13  HOMO = 0.567012258635471  LUMO = 0.679315760657246
cycle= 10 E= -165.728614093358  delta_E= -0.467  |g|= 1.84  |ddm|= 0.31
  alpha nocc = 15  HOMO = 0.512210408310392  LUMO = 0.726781992707985
  beta  nocc = 13  HOMO = 0.523443158262271  LUMO = 0.555238311115578
cycle= 11 E= -166.354921748553  delta_E= -0.626  |g|= 1.44  |ddm|= 1.26
  alpha nocc = 15  HOMO = 0.501834906911013  LUMO = 0.778213369840036
  beta  nocc = 13  HOMO = 0.511494369060962  LUMO = 0.649796018690479
cycle= 12 E= -165.795016901006  delta_E= 0.56  |g|= 1.47  |ddm|= 0.405
  alpha nocc = 15  HOMO = 0.344194414580335  LUMO = 0.348559580013481
  beta  nocc = 13  HOMO = -0.101746869013241  LUMO = -0.0405192490510298

WARN: system HOMO 0.115866670969647 >= system LUMO -0.0405192490510298

cycle= 13 E= -169.012547029757  delta_E= -3.22  |g|= 0.557  |ddm|= 4.66
  alpha nocc = 15  HOMO = 0.498163636816659  LUMO = 0.516800977462454
  beta  nocc = 13  HOMO = 0.504318950185009  LUMO = 0.538684703346576
cycle= 14 E= -169.302744650913  delta_E= -0.29  |g|= 0.334  |ddm|= 1.05
  alpha nocc = 15  HOMO = 0.536813191935245  LUMO = 0.582292632476541
  beta  nocc = 13  HOMO = 0.560350457080286  LUMO = 0.570878260989883
cycle= 15 E= -169.420351492737  delta_E= -0.118  |g|= 0.564  |ddm|= 3.43
  alpha nocc = 15  HOMO = 0.499392980869434  LUMO = 0.658510005732511
  beta  nocc = 13  HOMO = 0.52831681761564  LUMO = 0.575201739085083
cycle= 16 E= -169.422869348481  delta_E= -0.00252  |g|= 0.586  |ddm|= 0.173
  alpha nocc = 15  HOMO = 0.502259964950498  LUMO = 0.671795242361265
  beta  nocc = 13  HOMO = 0.531838931982957  LUMO = 0.579944587341827
cycle= 17 E= -169.424497883404  delta_E= -0.00163  |g|= 0.586  |ddm|= 0.107
  alpha nocc = 15  HOMO = 0.499522265917285  LUMO = 0.688028919517708
  beta  nocc = 13  HOMO = 0.529706153043018  LUMO = 0.579524552101015
cycle= 18 E= -169.417850831117  delta_E= 0.00665  |g|= 0.593  |ddm|= 0.128
  alpha nocc = 15  HOMO = 0.506231592730606  LUMO = 0.702202446376454
  beta  nocc = 13  HOMO = 0.535603600281114  LUMO = 0.581966563845911
cycle= 19 E= -169.394810364852  delta_E= 0.023  |g|= 0.582  |ddm|= 0.341
  alpha nocc = 15  HOMO = 0.502539101475983  LUMO = 0.683501235163433
  beta  nocc = 13  HOMO = 0.531580293716595  LUMO = 0.578598774923734
cycle= 20 E= -169.426398707076  delta_E= -0.0316  |g|= 0.547  |ddm|= 0.126
  alpha nocc = 15  HOMO = 0.500666088200515  LUMO = 0.680694390683678
  beta  nocc = 13  HOMO = 0.530239915979413  LUMO = 0.578171881069378
cycle= 21 E= -169.445920181144  delta_E= -0.0195  |g|= 0.518  |ddm|= 0.115
  alpha nocc = 15  HOMO = 0.471877446779423  LUMO = 0.725288870505271
  beta  nocc = 13  HOMO = 0.503498137155243  LUMO = 0.569067491476856
cycle= 22 E= -169.506784387995  delta_E= -0.0609  |g|= 0.448  |ddm|= 0.219
  alpha nocc = 15  HOMO = 0.399236498373171  LUMO = 0.572185098882911
  beta  nocc = 13  HOMO = 0.415344044499743  LUMO = 0.519572599021361
cycle= 23 E= -169.674775576617  delta_E= -0.168  |g|= 0.0705  |ddm|= 0.824
  alpha nocc = 15  HOMO = 0.389484719730173  LUMO = 0.477072593353671
  beta  nocc = 13  HOMO = 0.38361812252291  LUMO = 0.505000886401486
cycle= 24 E= -169.684163896426  delta_E= -0.00939  |g|= 0.0928  |ddm|= 0.357
  alpha nocc = 15  HOMO = 0.398569267267545  LUMO = 0.581533340295332
  beta  nocc = 13  HOMO = 0.416201283754609  LUMO = 0.518819093142823
cycle= 25 E= -169.700626106661  delta_E= -0.0165  |g|= 0.0417  |ddm|= 0.283
  alpha nocc = 15  HOMO = 0.399203582823182  LUMO = 0.591369224857533
  beta  nocc = 13  HOMO = 0.41716910350479  LUMO = 0.519784843515047
cycle= 26 E= -169.712175707701  delta_E= -0.0115  |g|= 0.0275  |ddm|= 0.378
  alpha nocc = 15  HOMO = 0.398422243045325  LUMO = 0.563093080454812
  beta  nocc = 13  HOMO = 0.415889933987673  LUMO = 0.517146327548058
cycle= 27 E= -169.713840443604  delta_E= -0.00166  |g|= 0.0132  |ddm|= 0.134
  alpha nocc = 15  HOMO = 0.398871600670592  LUMO = 0.571369186852562
  beta  nocc = 13  HOMO = 0.416380439157251  LUMO = 0.518620920680788
cycle= 28 E= -169.714064886251  delta_E= -0.000224  |g|= 0.00362  |ddm|= 0.0348
  alpha nocc = 15  HOMO = 0.39876194951306  LUMO = 0.571108322561315
  beta  nocc = 13  HOMO = 0.4162402209946  LUMO = 0.518257212006696
cycle= 29 E= -169.71410628063  delta_E= -4.14e-05  |g|= 0.00189  |ddm|= 0.0183
  alpha nocc = 15  HOMO = 0.398811303804018  LUMO = 0.571535725222523
  beta  nocc = 13  HOMO = 0.416330960637011  LUMO = 0.518554425770349
cycle= 30 E= -169.714121292703  delta_E= -1.5e-05  |g|= 0.00109  |ddm|= 0.0101
  alpha nocc = 15  HOMO = 0.39876675946518  LUMO = 0.571190756051759
  beta  nocc = 13  HOMO = 0.416262104406017  LUMO = 0.518345530985728
cycle= 31 E= -169.714127577408  delta_E= -6.28e-06  |g|= 0.000512  |ddm|= 0.00796
  alpha nocc = 15  HOMO = 0.398778934103859  LUMO = 0.57110678864799
  beta  nocc = 13  HOMO = 0.416277248796617  LUMO = 0.518396196335419
cycle= 32 E= -169.71412894022  delta_E= -1.36e-06  |g|= 0.000172  |ddm|= 0.00402
  alpha nocc = 15  HOMO = 0.398780028374363  LUMO = 0.571075936418397
  beta  nocc = 13  HOMO = 0.416277866674775  LUMO = 0.518387324950723
cycle= 33 E= -169.71412905752  delta_E= -1.17e-07  |g|= 0.000109  |ddm|= 0.00121
  alpha nocc = 15  HOMO = 0.398778374456515  LUMO = 0.571027066559072
  beta  nocc = 13  HOMO = 0.416277298547424  LUMO = 0.518386325501383
cycle= 34 E= -169.714129103784  delta_E= -4.63e-08  |g|= 6.65e-05  |ddm|= 0.000541
  alpha nocc = 15  HOMO = 0.39877822624607  LUMO = 0.571028604908861
  beta  nocc = 13  HOMO = 0.416277204482881  LUMO = 0.518386310274234
cycle= 35 E= -169.714129118594  delta_E= -1.48e-08  |g|= 6.18e-05  |ddm|= 0.000217
  alpha nocc = 15  HOMO = 0.398778178280125  LUMO = 0.571029218948637
  beta  nocc = 13  HOMO = 0.416277264667531  LUMO = 0.518386449920816
cycle= 36 E= -169.714129134374  delta_E= -1.58e-08  |g|= 6.07e-05  |ddm|= 0.000189
  alpha nocc = 15  HOMO = 0.39877816540918  LUMO = 0.571029917788168
  beta  nocc = 13  HOMO = 0.416277252527989  LUMO = 0.518386418851214
cycle= 37 E= -169.714129142473  delta_E= -8.1e-09  |g|= 6.07e-05  |ddm|= 9.46e-05
  alpha nocc = 15  HOMO = 0.398778169894339  LUMO = 0.571030014645378
  beta  nocc = 13  HOMO = 0.416277268908594  LUMO = 0.518386437157981
cycle= 38 E= -169.714129133704  delta_E= 8.77e-09  |g|= 6.07e-05  |ddm|= 0.000102
  alpha nocc = 15  HOMO = 0.398778111565237  LUMO = 0.571030111773694
  beta  nocc = 13  HOMO = 0.416277315767011  LUMO = 0.518386466276487
cycle= 39 E= -169.714129050353  delta_E= 8.34e-08  |g|= 6.01e-05  |ddm|= 0.00098
  alpha nocc = 15  HOMO = 0.39877822730777  LUMO = 0.5710266779023
  beta  nocc = 13  HOMO = 0.416277546134284  LUMO = 0.51838655973562
cycle= 40 E= -169.714128214118  delta_E= 8.36e-07  |g|= 5.23e-05  |ddm|= 0.0108
  alpha nocc = 15  HOMO = 0.398778266791715  LUMO = 0.571023148010883
  beta  nocc = 13  HOMO = 0.416277546067865  LUMO = 0.518386642589449
cycle= 41 E= -169.71412724364  delta_E= 9.7e-07  |g|= 4.16e-05  |ddm|= 0.0163
  alpha nocc = 15  HOMO = 0.398778089075354  LUMO = 0.571024721771351
  beta  nocc = 13  HOMO = 0.416277360052624  LUMO = 0.518386830305734
cycle= 42 E= -169.714126489663  delta_E= 7.54e-07  |g|= 2.41e-05  |ddm|= 0.0218
  alpha nocc = 15  HOMO = 0.398778179251519  LUMO = 0.571030997751604
  beta  nocc = 13  HOMO = 0.416277359347359  LUMO = 0.51838705624549
cycle= 43 E= -169.71412634225  delta_E= 1.47e-07  |g|= 9.08e-06  |ddm|= 0.0122
  alpha nocc = 15  HOMO = 0.398778174590095  LUMO = 0.571030879827624
  beta  nocc = 13  HOMO = 0.416277237411397  LUMO = 0.518387070508709
cycle= 44 E= -169.714126335791  delta_E= 6.46e-09  |g|= 2.52e-06  |ddm|= 0.00285
  alpha nocc = 15  HOMO = 0.39877821347543  LUMO = 0.571030354689369
  beta  nocc = 13  HOMO = 0.416277261904957  LUMO = 0.518387099403684
cycle= 45 E= -169.714126335708  delta_E= 8.33e-11  |g|= 7.3e-07  |ddm|= 0.00037
  alpha nocc = 15  HOMO = 0.398778216060732  LUMO = 0.571030268749493
  beta  nocc = 13  HOMO = 0.416277264431722  LUMO = 0.518387096883415
Extra cycle  E= -169.714126335709  delta_E= -7.39e-13  |g|= 4.86e-07  |ddm|= 1.35e-06
converged SCF energy = -169.714126335709  <S^2> = 3.0014924  2S+1 = 3.606379
