

******** <class 'pyscf.scf.hf.RHF'> ********
method = RHF
initial guess = minao
damping factor = 0
level_shift factor = 0
DIIS = <class 'pyscf.scf.diis.CDIIS'>
diis_start_cycle = 1
diis_space = 10
SCF conv_tol = 1e-09
SCF conv_tol_grad = None
SCF max_cycles = 1000
direct_scf = True
direct_scf_tol = 1e-13
chkfile to save SCF result = /scratch/global/yangjunjie/test/410939/tmp8f9nzr45
max_memory 4000 MB (current use 108 MB)
Set gradient conv threshold to 3.16228e-05
init E= -169.741719784461
  HOMO = 0.462869499609934  LUMO = 0.550603151929733
cycle= 1 E= -169.738702596224  delta_E= 0.00302  |g|= 0.0047  |ddm|= 0.0392
  HOMO = 0.463122418759303  LUMO = 0.550816883985949
cycle= 2 E= -169.738717564823  delta_E= -1.5e-05  |g|= 0.00262  |ddm|= 0.0143
  HOMO = 0.463059463737372  LUMO = 0.550735811245561
cycle= 3 E= -169.73872169097  delta_E= -4.13e-06  |g|= 0.00153  |ddm|= 0.00576
  HOMO = 0.463053537314781  LUMO = 0.55071856445789
cycle= 4 E= -169.738724135988  delta_E= -2.45e-06  |g|= 0.000503  |ddm|= 0.00582
  HOMO = 0.463045063159539  LUMO = 0.55070273238642
cycle= 5 E= -169.73872451105  delta_E= -3.75e-07  |g|= 0.000121  |ddm|= 0.00227
  HOMO = 0.463047243323478  LUMO = 0.550703424946542
cycle= 6 E= -169.738724530203  delta_E= -1.92e-08  |g|= 7.33e-06  |ddm|= 0.00062
  HOMO = 0.463046957477741  LUMO = 0.550703313777412
cycle= 7 E= -169.738724530279  delta_E= -7.57e-11  |g|= 2.26e-06  |ddm|= 4.12e-05
  HOMO = 0.463046930868411  LUMO = 0.550703334347239
Extra cycle  E= -169.738724530288  delta_E= -8.87e-12  |g|= 1.28e-06  |ddm|= 1.32e-05
converged SCF energy = -169.738724530288


******** <class 'pyscf.scf.uhf.UHF'> ********
method = UHF
initial guess = minao
damping factor = 0
level_shift factor = 0
DIIS = <class 'pyscf.scf.diis.CDIIS'>
diis_start_cycle = 1
diis_space = 10
SCF conv_tol = 1e-09
SCF conv_tol_grad = None
SCF max_cycles = 1000
direct_scf = True
direct_scf_tol = 1e-13
chkfile to save SCF result = /scratch/global/yangjunjie/test/410939/tmp_88m07jt
max_memory 4000 MB (current use 108 MB)
number electrons alpha = 14  beta = 14
Set gradient conv threshold to 3.16228e-05
init E= -169.606065740852
  alpha nocc = 14  HOMO = 0.408675797310622  LUMO = 0.491308290831187
  beta  nocc = 14  HOMO = 0.40867579731262  LUMO = 0.491308290831179
cycle= 1 E= -169.603339245791  delta_E= 0.00273  |g|= 0.00222  |ddm|= 0.0255
  alpha nocc = 14  HOMO = 0.408692597475027  LUMO = 0.491188506173323
  beta  nocc = 14  HOMO = 0.408692597477376  LUMO = 0.491188506173312
cycle= 2 E= -169.60334554231  delta_E= -6.3e-06  |g|= 0.000959  |ddm|= 0.00437
  alpha nocc = 14  HOMO = 0.408712067290423  LUMO = 0.491175923278934
  beta  nocc = 14  HOMO = 0.408712067293365  LUMO = 0.491175923278917
cycle= 3 E= -169.603347309643  delta_E= -1.77e-06  |g|= 0.000408  |ddm|= 0.0024
  alpha nocc = 14  HOMO = 0.408711176305594  LUMO = 0.491168318824349
  beta  nocc = 14  HOMO = 0.408711176309321  LUMO = 0.491168318824324
cycle= 4 E= -169.603347643045  delta_E= -3.33e-07  |g|= 0.000108  |ddm|= 0.00143
  alpha nocc = 14  HOMO = 0.408710199757699  LUMO = 0.491168444776388
  beta  nocc = 14  HOMO = 0.408710199762393  LUMO = 0.491168444776352
cycle= 5 E= -169.603347692932  delta_E= -4.99e-08  |g|= 5.69e-05  |ddm|= 0.00119
  alpha nocc = 14  HOMO = 0.408710174369582  LUMO = 0.49116850255392
  beta  nocc = 14  HOMO = 0.408710174374026  LUMO = 0.491168502553885
cycle= 6 E= -169.603347680258  delta_E= 1.27e-08  |g|= 5.22e-05  |ddm|= 0.000374
  alpha nocc = 14  HOMO = 0.408710283569347  LUMO = 0.491168176501947
  beta  nocc = 14  HOMO = 0.40871028357266  LUMO = 0.491168176501796
cycle= 7 E= -169.603347634023  delta_E= 4.62e-08  |g|= 2.33e-05  |ddm|= 0.00364
  alpha nocc = 14  HOMO = 0.408710272800927  LUMO = 0.491168183814615
  beta  nocc = 14  HOMO = 0.408710272804222  LUMO = 0.491168183814446
cycle= 8 E= -169.603347633717  delta_E= 3.06e-10  |g|= 2.27e-05  |ddm|= 3.06e-05
  alpha nocc = 14  HOMO = 0.408710381262327  LUMO = 0.491168111290041
  beta  nocc = 14  HOMO = 0.408710381265649  LUMO = 0.491168111290025
Extra cycle  E= -169.603347636828  delta_E= -3.11e-09  |g|= 2.74e-05  |ddm|= 0.000274
converged SCF energy = -169.603347636828  <S^2> = 2.5994015e-07  2S+1 = 1.0000005


******** <class 'pyscf.scf.uhf.UHF'> ********
method = UHF
initial guess = minao
damping factor = 0
level_shift factor = 0
DIIS = <class 'pyscf.scf.diis.CDIIS'>
diis_start_cycle = 1
diis_space = 10
SCF conv_tol = 1e-09
SCF conv_tol_grad = None
SCF max_cycles = 1000
direct_scf = True
direct_scf_tol = 1e-13
chkfile to save SCF result = /scratch/global/yangjunjie/test/410939/tmp9x12_3q2
max_memory 4000 MB (current use 108 MB)
number electrons alpha = 15  beta = 13
Set gradient conv threshold to 3.16228e-05
init E= -169.724169224361
  alpha nocc = 15  HOMO = 0.397990311945963  LUMO = 0.584429795141015
  beta  nocc = 13  HOMO = 0.415549754759454  LUMO = 0.517941520098939
cycle= 1 E= -169.72108583021  delta_E= 0.00308  |g|= 0.00219  |ddm|= 0.0255
  alpha nocc = 15  HOMO = 0.397899186382987  LUMO = 0.583690570349274
  beta  nocc = 13  HOMO = 0.415461256551892  LUMO = 0.518008552235362
cycle= 2 E= -169.721092018992  delta_E= -6.19e-06  |g|= 0.000939  |ddm|= 0.00406
  alpha nocc = 15  HOMO = 0.397878799548774  LUMO = 0.583537220244776
  beta  nocc = 13  HOMO = 0.415442306785116  LUMO = 0.518028169603741
cycle= 3 E= -169.721093825728  delta_E= -1.81e-06  |g|= 0.000335  |ddm|= 0.00247
  alpha nocc = 15  HOMO = 0.397873792534344  LUMO = 0.583367485446018
  beta  nocc = 13  HOMO = 0.415437511782545  LUMO = 0.518027119314764
cycle= 4 E= -169.721094041154  delta_E= -2.15e-07  |g|= 9.35e-05  |ddm|= 0.000992
  alpha nocc = 15  HOMO = 0.397874461330272  LUMO = 0.583377359499269
  beta  nocc = 13  HOMO = 0.41543807554561  LUMO = 0.518027100573209
cycle= 5 E= -169.721094051754  delta_E= -1.06e-08  |g|= 1.94e-05  |ddm|= 0.00022
  alpha nocc = 15  HOMO = 0.397874076436843  LUMO = 0.583372396602656
  beta  nocc = 13  HOMO = 0.415437606882063  LUMO = 0.518027079730678
cycle= 6 E= -169.721094052708  delta_E= -9.54e-10  |g|= 1.31e-05  |ddm|= 5.7e-05
  alpha nocc = 15  HOMO = 0.397874128982841  LUMO = 0.583373207116458
  beta  nocc = 13  HOMO = 0.41543765411262  LUMO = 0.518027055820879
Extra cycle  E= -169.721094053039  delta_E= -3.31e-10  |g|= 1.07e-05  |ddm|= 2.46e-05
converged SCF energy = -169.721094053039  <S^2> = 3.0007028  2S+1 = 3.6059411
