

******** <class 'pyscf.scf.hf.RHF'> ********
method = RHF
initial guess = minao
damping factor = 0
level_shift factor = 0
DIIS = <class 'pyscf.scf.diis.CDIIS'>
diis_start_cycle = 1
diis_space = 10
SCF conv_tol = 1e-09
SCF conv_tol_grad = None
SCF max_cycles = 1000
direct_scf = True
direct_scf_tol = 1e-13
chkfile to save SCF result = /scratch/global/yangjunjie/test/410949/tmpx1ze91kp
max_memory 4000 MB (current use 577 MB)
Set gradient conv threshold to 3.16228e-05
init E= -169.7421393242
  HOMO = 0.466142246883831  LUMO = 0.549203208965481
cycle= 1 E= -169.741977894979  delta_E= 0.000161  |g|= 0.00431  |ddm|= 0.0352
  HOMO = 0.466069757749791  LUMO = 0.54917105017676
cycle= 2 E= -169.741990725944  delta_E= -1.28e-05  |g|= 0.00219  |ddm|= 0.0111
  HOMO = 0.466033199662399  LUMO = 0.549172755019994
cycle= 3 E= -169.741994807727  delta_E= -4.08e-06  |g|= 0.00155  |ddm|= 0.00584
  HOMO = 0.46604268568206  LUMO = 0.549225235991632
cycle= 4 E= -169.741996966053  delta_E= -2.16e-06  |g|= 0.000547  |ddm|= 0.00433
  HOMO = 0.466028781254884  LUMO = 0.549239678346562
cycle= 5 E= -169.741997482848  delta_E= -5.17e-07  |g|= 0.000123  |ddm|= 0.00278
  HOMO = 0.466029358567138  LUMO = 0.549238936316263
cycle= 6 E= -169.74199750547  delta_E= -2.26e-08  |g|= 9.43e-06  |ddm|= 0.000743
  HOMO = 0.466029827881634  LUMO = 0.549239068757296
cycle= 7 E= -169.741997505707  delta_E= -2.37e-10  |g|= 2.95e-06  |ddm|= 7.19e-05
  HOMO = 0.466029857086631  LUMO = 0.549238946688567
Extra cycle  E= -169.741997505727  delta_E= -2e-11  |g|= 1.5e-06  |ddm|= 1.62e-05
converged SCF energy = -169.741997505727

******** CASCI flags ********
CAS (6e+6e, 10o), ncore = 8, nvir = 5
natorb = False
canonicalization = True
sorting_mo_energy = False
max_memory 4000 (MB)
******** <class 'pyscf.fci.direct_spin1.FCISolver'> ********
max. cycles = 200
conv_tol = 1e-08
davidson only = False
linear dependence = 1e-10
level shift = 0.001
max iter space = 12
max_memory 4000 MB
nroots = 1
pspace_size = 400
spin = None
Density matrix diagonal elements [1.99900409e+00 1.99846620e+00 1.99381041e+00 1.99875260e+00
 1.99537140e+00 1.99338554e+00 1.45543305e-04 1.11932643e-03
 1.55761828e-02 4.36869063e-03]
CASCI converged
CASCI E = -169.75487082343  E(CI) = -46.8658861590003  S^2 = 0.0000000

******** <class 'pyscf.mcscf.mc1step.CASSCF'> ********
CAS (6e+6e, 10o), ncore = 8, nvir = 5
max_cycle_macro = 200
max_cycle_micro = 200
conv_tol = 1e-07
conv_tol_grad = None
orbital rotation max_stepsize = 0.02
orbital rotation threshold for CI restart = 0.01
augmented hessian ah_max_cycle = 30
augmented hessian ah_conv_tol = 1e-12
augmented hessian ah_linear dependence = 1e-14
augmented hessian ah_level shift = 1e-08
augmented hessian ah_start_tol = 2.5
augmented hessian ah_start_cycle = 3
augmented hessian ah_grad_trust_region = 3
kf_trust_region = 3
kf_interval = 4
ci_response_space = 4
ci_grad_trust_region = 3
with_dep4 0
natorb = False
canonicalization = True
sorting_mo_energy = False
ao2mo_level = 2
chkfile = /scratch/global/yangjunjie/test/410949/tmpx1ze91kp
max_memory 4000 MB (current use 573 MB)
internal_rotation = False
******** <class 'pyscf.fci.direct_spin1.FCISolver'> ********
max. cycles = 200
conv_tol = 1e-08
davidson only = False
linear dependence = 1e-10
level shift = 0.001
max iter space = 12
max_memory 4000 MB
nroots = 1
pspace_size = 400
spin = None
CASCI E = -169.75487082343  S^2 = 0.0000000
Set conv_tol_grad to 0.000316228
macro iter 1 (37 JK  8 micro), CASSCF E = -169.761511852876  dE = -0.0066410294  S^2 = 0.0000000
               |grad[o]|=0.0114  |grad[c]|= 0.05550646560809455  |ddm|=0.0277  |maxRot[o]|=0.253
macro iter 2 (37 JK  8 micro), CASSCF E = -169.771830909994  dE = -0.010319057  S^2 = 0.0000000
               |grad[o]|=0.0109  |grad[c]|= 0.06639644470530141  |ddm|=0.0416  |maxRot[o]|=0.315
macro iter 3 (37 JK  8 micro), CASSCF E = -169.793882930269  dE = -0.02205202  S^2 = 0.0000000
               |grad[o]|=0.022  |grad[c]|= 0.10231551486237334  |ddm|=0.0684  |maxRot[o]|=0.369
macro iter 4 (37 JK  8 micro), CASSCF E = -169.823070716049  dE = -0.029187786  S^2 = 0.0000000
               |grad[o]|=0.0441  |grad[c]|= 0.10396361000413468  |ddm|=0.0676  |maxRot[o]|=0.278
macro iter 5 (37 JK  8 micro), CASSCF E = -169.900996800177  dE = -0.077926084  S^2 = 0.0000000
               |grad[o]|=0.317  |grad[c]|= 0.09544811616520593  |ddm|=0.287  |maxRot[o]|=0.128
macro iter 6 (37 JK  8 micro), CASSCF E = -169.913635145993  dE = -0.012638346  S^2 = 0.0000000
               |grad[o]|=0.119  |grad[c]|= 0.03249219947111144  |ddm|=0.0871  |maxRot[o]|=0.385
macro iter 7 (37 JK  8 micro), CASSCF E = -169.916293459842  dE = -0.0026583138  S^2 = 0.0000000
               |grad[o]|=0.057  |grad[c]|= 0.0046698098859933755  |ddm|=0.0241  |maxRot[o]|=0.531
macro iter 8 (37 JK  8 micro), CASSCF E = -169.920109888478  dE = -0.0038164286  S^2 = 0.0000000
               |grad[o]|=0.047  |grad[c]|= 0.0071392779000012604  |ddm|=0.0288  |maxRot[o]|=0.531
macro iter 9 (37 JK  8 micro), CASSCF E = -169.92391489769  dE = -0.0038050092  S^2 = 0.0000000
               |grad[o]|=0.0313  |grad[c]|= 0.03518923756673818  |ddm|=0.0391  |maxRot[o]|=0.234
macro iter 10 (37 JK  8 micro), CASSCF E = -169.934564261026  dE = -0.010649363  S^2 = 0.0000000
               |grad[o]|=0.0334  |grad[c]|= 0.06280414691436072  |ddm|=0.0376  |maxRot[o]|=0.196
macro iter 11 (37 JK  8 micro), CASSCF E = -169.95446009722  dE = -0.019895836  S^2 = 0.0000000
               |grad[o]|=0.0612  |grad[c]|= 0.08711132782151697  |ddm|=0.0861  |maxRot[o]|=0.237
macro iter 12 (37 JK  8 micro), CASSCF E = -169.969898737166  dE = -0.01543864  S^2 = 0.0000000
               |grad[o]|=0.0666  |grad[c]|= 0.04844354186831372  |ddm|=0.0558  |maxRot[o]|=0.165
macro iter 13 (37 JK  8 micro), CASSCF E = -169.980757574526  dE = -0.010858837  S^2 = 0.0000000
               |grad[o]|=0.0481  |grad[c]|= 0.039274003780179756  |ddm|=0.0544  |maxRot[o]|=0.147
macro iter 14 (27 JK  6 micro), CASSCF E = -169.987979323955  dE = -0.0072217494  S^2 = 0.0000000
               |grad[o]|=0.034  |grad[c]|= 0.03520348164757067  |ddm|=0.0519  |maxRot[o]|=0.134
macro iter 15 (37 JK  8 micro), CASSCF E = -169.991726267659  dE = -0.0037469437  S^2 = 0.0000000
               |grad[o]|=0.0218  |grad[c]|= 0.020219489724595956  |ddm|=0.0358  |maxRot[o]|=0.106
macro iter 16 (27 JK  6 micro), CASSCF E = -169.993447129071  dE = -0.0017208614  S^2 = 0.0000000
               |grad[o]|=0.0126  |grad[c]|= 0.017812517447376032  |ddm|=0.0247  |maxRot[o]|=0.088
macro iter 17 (11 JK  3 micro), CASSCF E = -169.993965915715  dE = -0.00051878664  S^2 = 0.0000000
               |grad[o]|=0.00622  |grad[c]|= 0.013115459217075224  |ddm|=0.0139  |maxRot[o]|=0.0604
macro iter 18 (37 JK  8 micro), CASSCF E = -169.994041768704  dE = -7.5852989e-05  S^2 = 0.0000000
               |grad[o]|=0.00272  |grad[c]|= 0.07361255125963753  |ddm|=0.0202  |maxRot[o]|=0.163
macro iter 19 (7 JK  2 micro), CASSCF E = -169.994180930679  dE = -0.00013916198  S^2 = 0.0000000
               |grad[o]|=0.00296  |grad[c]|= 0.011140695972233232  |ddm|=0.0147  |maxRot[o]|=0.0694
macro iter 20 (37 JK  8 micro), CASSCF E = -169.994373207306  dE = -0.00019227663  S^2 = 0.0000000
               |grad[o]|=0.00178  |grad[c]|= 0.018763803828619644  |ddm|=0.0347  |maxRot[o]|=0.115
macro iter 21 (12 JK  3 micro), CASSCF E = -169.994572790433  dE = -0.00019958313  S^2 = 0.0000000
               |grad[o]|=0.0029  |grad[c]|= 0.005982059885958803  |ddm|=0.0214  |maxRot[o]|=0.103
macro iter 22 (12 JK  3 micro), CASSCF E = -169.994816776331  dE = -0.0002439859  S^2 = 0.0000000
               |grad[o]|=0.00252  |grad[c]|= 0.009831837752696537  |ddm|=0.0193  |maxRot[o]|=0.121
macro iter 23 (17 JK  4 micro), CASSCF E = -169.995166883095  dE = -0.00035010676  S^2 = 0.0000000
               |grad[o]|=0.00306  |grad[c]|= 0.04011708535075585  |ddm|=0.0275  |maxRot[o]|=0.165
macro iter 24 (37 JK  8 micro), CASSCF E = -169.995466060484  dE = -0.00029917739  S^2 = 0.0000000
               |grad[o]|=0.00375  |grad[c]|= 0.06140604617457598  |ddm|=0.0352  |maxRot[o]|=0.198
macro iter 25 (37 JK  8 micro), CASSCF E = -169.995837522878  dE = -0.00037146239  S^2 = 0.0000000
               |grad[o]|=0.00451  |grad[c]|= 0.005354221873889392  |ddm|= 0.03  |maxRot[o]|=0.192
macro iter 26 (37 JK  8 micro), CASSCF E = -169.995787932229  dE = 4.9590648e-05  S^2 = 0.0000000
               |grad[o]|=0.00401  |grad[c]|= 0.15484704508613978  |ddm|=0.0156  |maxRot[o]|=0.266
macro iter 27 (37 JK  8 micro), CASSCF E = -169.996059913519  dE = -0.00027198129  S^2 = 0.0000000
               |grad[o]|=0.00842  |grad[c]|= 0.053856139267706556  |ddm|=0.00732  |maxRot[o]|=0.133
macro iter 28 (37 JK  8 micro), CASSCF E = -169.996295356564  dE = -0.00023544304  S^2 = 0.0000000
               |grad[o]|=0.00558  |grad[c]|= 0.0028166807860423994  |ddm|=0.0169  |maxRot[o]|=0.135
macro iter 29 (37 JK  8 micro), CASSCF E = -169.996415246365  dE = -0.0001198898  S^2 = 0.0000000
               |grad[o]|=0.00314  |grad[c]|= 0.0057938421127897  |ddm|=0.0165  |maxRot[o]|=0.0824
macro iter 30 (37 JK  8 micro), CASSCF E = -169.996447150082  dE = -3.1903717e-05  S^2 = 0.0000000
               |grad[o]|=0.00259  |grad[c]|= 0.06657907281989109  |ddm|=0.00625  |maxRot[o]|=0.151
macro iter 31 (12 JK  3 micro), CASSCF E = -169.996484323723  dE = -3.7173641e-05  S^2 = 0.0000000
               |grad[o]|=0.00254  |grad[c]|= 0.009037960289957894  |ddm|=0.00185  |maxRot[o]|=0.0574
macro iter 32 (37 JK  8 micro), CASSCF E = -169.996465457064  dE = 1.8866659e-05  S^2 = 0.0000000
               |grad[o]|=0.00192  |grad[c]|= 0.02220620431877754  |ddm|=0.00675  |maxRot[o]|=0.106
macro iter 33 (37 JK  8 micro), CASSCF E = -169.996508736877  dE = -4.3279813e-05  S^2 = 0.0000000
               |grad[o]|=0.00245  |grad[c]|= 0.024767934840892267  |ddm|=0.00627  |maxRot[o]|=0.112
macro iter 34 (37 JK  8 micro), CASSCF E = -169.996445543834  dE = 6.3193043e-05  S^2 = 0.0000000
               |grad[o]|=0.00209  |grad[c]|= 0.05969807093020655  |ddm|=0.014  |maxRot[o]|=0.166
macro iter 35 (35 JK  6 micro), CASSCF E = -169.996493231233  dE = -4.7687399e-05  S^2 = 0.0000000
               |grad[o]|=0.00297  |grad[c]|= 0.00800120445056782  |ddm|=0.0013  |maxRot[o]|=0.0805
macro iter 36 (37 JK  8 micro), CASSCF E = -169.996527405674  dE = -3.4174441e-05  S^2 = 0.0000000
               |grad[o]|=0.00247  |grad[c]|= 0.016479883770526026  |ddm|=0.00593  |maxRot[o]|=0.113
macro iter 37 (37 JK  8 micro), CASSCF E = -169.996413811172  dE = 0.0001135945  S^2 = 0.0000000
               |grad[o]|=0.00197  |grad[c]|= 0.05948740033064015  |ddm|=0.014  |maxRot[o]|=0.192
macro iter 38 (37 JK  8 micro), CASSCF E = -169.996565126658  dE = -0.00015131549  S^2 = 0.0000000
               |grad[o]|=0.00398  |grad[c]|= 0.0036411847540762598  |ddm|=0.00763  |maxRot[o]|=0.0449
macro iter 39 (37 JK  8 micro), CASSCF E = -169.996675625935  dE = -0.00011049928  S^2 = 0.0000000
               |grad[o]|=0.00299  |grad[c]|= 0.002124252507640858  |ddm|=0.00783  |maxRot[o]|=0.0362
macro iter 40 (37 JK  8 micro), CASSCF E = -169.99670727575  dE = -3.1649816e-05  S^2 = 0.0000000
               |grad[o]|=0.00244  |grad[c]|= 0.017528733476051064  |ddm|=0.021  |maxRot[o]|=0.118
macro iter 41 (37 JK  8 micro), CASSCF E = -169.99680768423  dE = -0.00010040848  S^2 = 0.0000000
               |grad[o]|=0.00261  |grad[c]|= 0.004038061486461345  |ddm|=0.00541  |maxRot[o]|=0.0586
macro iter 42 (27 JK  6 micro), CASSCF E = -169.996818602336  dE = -1.0918106e-05  S^2 = 0.0000000
               |grad[o]|=0.0019  |grad[c]|= 0.0019501293037478497  |ddm|=0.00429  |maxRot[o]|=0.0837
macro iter 43 (37 JK  8 micro), CASSCF E = -169.996940114781  dE = -0.00012151245  S^2 = 0.0000000
               |grad[o]|=0.00181  |grad[c]|= 0.005581525958118196  |ddm|=0.00749  |maxRot[o]|=0.0759
macro iter 44 (37 JK  8 micro), CASSCF E = -169.996904723585  dE = 3.5391196e-05  S^2 = 0.0000000
               |grad[o]|=0.00174  |grad[c]|= 0.006918004688615673  |ddm|=0.00486  |maxRot[o]|=0.0778
macro iter 45 (37 JK  8 micro), CASSCF E = -169.996984962417  dE = -8.0238831e-05  S^2 = 0.0000000
               |grad[o]|=0.00177  |grad[c]|= 0.004446948464938128  |ddm|=0.00276  |maxRot[o]|=0.0701
macro iter 46 (37 JK  8 micro), CASSCF E = -169.996996611011  dE = -1.1648594e-05  S^2 = 0.0000000
               |grad[o]|=0.00166  |grad[c]|= 0.0021306111134221603  |ddm|=0.00241  |maxRot[o]|=0.025
macro iter 47 (22 JK  5 micro), CASSCF E = -169.997018990261  dE = -2.237925e-05  S^2 = 0.0000000
               |grad[o]|=0.00135  |grad[c]|= 0.006038746462328862  |ddm|=0.00309  |maxRot[o]|=0.0691
macro iter 48 (17 JK  4 micro), CASSCF E = -169.997087632124  dE = -6.8641863e-05  S^2 = 0.0000000
               |grad[o]|=0.00135  |grad[c]|= 0.00790616293807412  |ddm|=0.00234  |maxRot[o]|=0.0438
macro iter 49 (22 JK  5 micro), CASSCF E = -169.997029848124  dE = 5.7783999e-05  S^2 = 0.0000000
               |grad[o]|=0.00147  |grad[c]|= 0.013882896460587787  |ddm|=0.0023  |maxRot[o]|=0.0525
macro iter 50 (37 JK  8 micro), CASSCF E = -169.997072376647  dE = -4.2528523e-05  S^2 = 0.0000000
               |grad[o]|=0.00131  |grad[c]|= 0.00130036974206324  |ddm|=0.00186  |maxRot[o]|=0.0344
macro iter 51 (12 JK  3 micro), CASSCF E = -169.997083911412  dE = -1.1534765e-05  S^2 = 0.0000000
               |grad[o]|=0.00126  |grad[c]|= 0.0013643567630093384  |ddm|=0.000278  |maxRot[o]|=0.0328
macro iter 52 (22 JK  5 micro), CASSCF E = -169.99705479759  dE = 2.9113823e-05  S^2 = 0.0000000
               |grad[o]|=0.00107  |grad[c]|= 0.0018526378767784954  |ddm|=0.0009  |maxRot[o]|=0.063
macro iter 53 (37 JK  8 micro), CASSCF E = -169.99711206622  dE = -5.7268631e-05  S^2 = 0.0000000
               |grad[o]|=0.00107  |grad[c]|= 0.002471098196547829  |ddm|=0.00127  |maxRot[o]|=0.0522
macro iter 54 (22 JK  5 micro), CASSCF E = -169.997131264392  dE = -1.9198172e-05  S^2 = 0.0000000
               |grad[o]|=0.00102  |grad[c]|= 0.008737426741549094  |ddm|=0.00425  |maxRot[o]|=0.048
macro iter 55 (22 JK  5 micro), CASSCF E = -169.997076279082  dE = 5.498531e-05  S^2 = 0.0000000
               |grad[o]|=0.0014  |grad[c]|= 0.010899663850551656  |ddm|=0.00127  |maxRot[o]|=0.0463
macro iter 56 (37 JK  8 micro), CASSCF E = -169.997112472911  dE = -3.6193829e-05  S^2 = 0.0000000
               |grad[o]|=0.000903  |grad[c]|= 0.0016757792307722703  |ddm|=0.000983  |maxRot[o]|=0.043
macro iter 57 (32 JK  7 micro), CASSCF E = -169.997131115063  dE = -1.8642152e-05  S^2 = 0.0000000
               |grad[o]|=0.00101  |grad[c]|= 0.0013970665782788395  |ddm|=0.000725  |maxRot[o]|=0.0248
macro iter 58 (37 JK  8 micro), CASSCF E = -169.996914477285  dE = 0.00021663778  S^2 = 0.0000000
               |grad[o]|=0.001  |grad[c]|= 0.023769075052373807  |ddm|=0.0084  |maxRot[o]|=0.117
macro iter 59 (37 JK  8 micro), CASSCF E = -169.997029086396  dE = -0.00011460911  S^2 = 0.0000000
               |grad[o]|=0.00506  |grad[c]|= 0.002481440183978951  |ddm|=0.000885  |maxRot[o]|=0.0441
macro iter 60 (37 JK  8 micro), CASSCF E = -169.997091699812  dE = -6.2613416e-05  S^2 = 0.0000000
               |grad[o]|=0.00333  |grad[c]|= 0.0005733732321172809  |ddm|=0.00113  |maxRot[o]|=0.026
macro iter 61 (37 JK  8 micro), CASSCF E = -169.996914787715  dE = 0.0001769121  S^2 = 0.0000000
               |grad[o]|=0.0023  |grad[c]|= 0.025647846182686725  |ddm|=0.00465  |maxRot[o]|=0.148
macro iter 62 (36 JK  7 micro), CASSCF E = -169.997007233042  dE = -9.2445327e-05  S^2 = 0.0000000
               |grad[o]|=0.00346  |grad[c]|= 0.003714569482800761  |ddm|=0.000752  |maxRot[o]|=0.0483
macro iter 63 (37 JK  8 micro), CASSCF E = -169.997086068441  dE = -7.8835399e-05  S^2 = 0.0000000
               |grad[o]|=0.00277  |grad[c]|= 0.003213836899197138  |ddm|=0.00136  |maxRot[o]|=0.0497
macro iter 64 (12 JK  3 micro), CASSCF E = -169.997117182175  dE = -3.1113734e-05  S^2 = 0.0000000
               |grad[o]|=0.00215  |grad[c]|= 0.0024807692464718055  |ddm|=0.000391  |maxRot[o]|=0.0386
macro iter 65 (22 JK  5 micro), CASSCF E = -169.99713619834  dE = -1.9016165e-05  S^2 = 0.0000000
               |grad[o]|=0.00196  |grad[c]|= 0.0012324793289816578  |ddm|=0.000748  |maxRot[o]|=0.0769
macro iter 66 (22 JK  5 micro), CASSCF E = -169.997096443507  dE = 3.9754833e-05  S^2 = 0.0000000
               |grad[o]|=0.0017  |grad[c]|= 0.004448367246165856  |ddm|=0.000863  |maxRot[o]|=0.0863
macro iter 67 (37 JK  8 micro), CASSCF E = -169.997168029265  dE = -7.1585758e-05  S^2 = 0.0000000
               |grad[o]|=0.00176  |grad[c]|= 0.0038047267484807024  |ddm|=0.00093  |maxRot[o]|=0.0651
macro iter 68 (12 JK  3 micro), CASSCF E = -169.997227680376  dE = -5.9651112e-05  S^2 = 0.0000000
               |grad[o]|=0.00163  |grad[c]|= 0.004354711819657244  |ddm|=0.00044  |maxRot[o]|=0.0564
macro iter 69 (22 JK  5 micro), CASSCF E = -169.997221319651  dE = 6.3607256e-06  S^2 = 0.0000000
               |grad[o]|=0.00162  |grad[c]|= 0.0006754084227461682  |ddm|=0.00063  |maxRot[o]|=0.0661
macro iter 70 (37 JK  8 micro), CASSCF E = -169.99726322083  dE = -4.1901179e-05  S^2 = 0.0000000
               |grad[o]|=0.00161  |grad[c]|= 0.0011346200698469733  |ddm|=0.000823  |maxRot[o]|=0.0356
macro iter 71 (22 JK  5 micro), CASSCF E = -169.997320063269  dE = -5.6842439e-05  S^2 = 0.0000000
               |grad[o]|=0.00157  |grad[c]|= 0.0039122700418378386  |ddm|=0.00281  |maxRot[o]|=0.0331
macro iter 72 (17 JK  4 micro), CASSCF E = -169.997350137508  dE = -3.0074239e-05  S^2 = 0.0000000
               |grad[o]|=0.00158  |grad[c]|= 0.004840381563733573  |ddm|=0.00194  |maxRot[o]|=0.0356
macro iter 73 (22 JK  5 micro), CASSCF E = -169.997185661563  dE = 0.00016447594  S^2 = 0.0000000
               |grad[o]|=0.00148  |grad[c]|= 0.039254838706083664  |ddm|=0.00279  |maxRot[o]|=0.0954
macro iter 74 (37 JK  8 micro), CASSCF E = -169.997228207935  dE = -4.2546371e-05  S^2 = 0.0000000
               |grad[o]|=0.00134  |grad[c]|= 0.0014973940821866585  |ddm|=0.000733  |maxRot[o]|=0.0442
macro iter 75 (37 JK  8 micro), CASSCF E = -169.997274797889  dE = -4.6589954e-05  S^2 = 0.0000000
               |grad[o]|=0.00136  |grad[c]|= 0.0018540036532941854  |ddm|=0.000986  |maxRot[o]|=0.0358
macro iter 76 (22 JK  5 micro), CASSCF E = -169.99720806072  dE = 6.6737168e-05  S^2 = 0.0000000
               |grad[o]|=0.00125  |grad[c]|= 0.005871484532498392  |ddm|=0.000787  |maxRot[o]|=0.0611
macro iter 77 (37 JK  8 micro), CASSCF E = -169.997248347983  dE = -4.0287262e-05  S^2 = 0.0000000
               |grad[o]|=0.00131  |grad[c]|= 0.0013107202896933678  |ddm|=0.000762  |maxRot[o]|=0.0392
macro iter 78 (37 JK  8 micro), CASSCF E = -169.997278136298  dE = -2.9788316e-05  S^2 = 0.0000000
               |grad[o]|=0.00108  |grad[c]|= 0.00444453429023172  |ddm|=0.00309  |maxRot[o]|=0.0374
macro iter 79 (22 JK  5 micro), CASSCF E = -169.997174015953  dE = 0.00010412035  S^2 = 0.0000000
               |grad[o]|=0.00132  |grad[c]|= 0.017580306017545604  |ddm|=0.00207  |maxRot[o]|=0.0626
macro iter 80 (37 JK  8 micro), CASSCF E = -169.997232570643  dE = -5.855469e-05  S^2 = 0.0000000
               |grad[o]|=0.00119  |grad[c]|= 0.0026451104690749716  |ddm|=0.000507  |maxRot[o]|=0.0512
macro iter 81 (32 JK  7 micro), CASSCF E = -169.997259935427  dE = -2.7364785e-05  S^2 = 0.0000000
               |grad[o]|=0.00106  |grad[c]|= 0.006690187930201499  |ddm|=0.00155  |maxRot[o]|=0.0443
macro iter 82 (22 JK  5 micro), CASSCF E = -169.99721825063  dE = 4.1684798e-05  S^2 = 0.0000000
               |grad[o]|=0.00115  |grad[c]|= 0.0018496104747133882  |ddm|=0.000569  |maxRot[o]|=0.0548
macro iter 83 (37 JK  8 micro), CASSCF E = -169.997277450935  dE = -5.9200305e-05  S^2 = 0.0000000
               |grad[o]|=0.00122  |grad[c]|= 0.0028404120459191583  |ddm|=0.000823  |maxRot[o]|=0.0479
macro iter 84 (22 JK  5 micro), CASSCF E = -169.997271999797  dE = 5.4511384e-06  S^2 = 0.0000000
               |grad[o]|=0.00111  |grad[c]|= 0.004191252763258135  |ddm|=0.00176  |maxRot[o]|=0.0319
macro iter 85 (35 JK  6 micro), CASSCF E = -169.997317077055  dE = -4.5077258e-05  S^2 = 0.0000000
               |grad[o]|=0.00122  |grad[c]|= 0.0017665247350226424  |ddm|=0.000569  |maxRot[o]|=0.046
macro iter 86 (37 JK  8 micro), CASSCF E = -169.997342528046  dE = -2.5450991e-05  S^2 = 0.0000000
               |grad[o]|=0.00123  |grad[c]|= 0.0005992326092733266  |ddm|=0.000748  |maxRot[o]|=0.0271
macro iter 87 (32 JK  7 micro), CASSCF E = -169.9973111737  dE = 3.1354346e-05  S^2 = 0.0000000
               |grad[o]|=0.00121  |grad[c]|= 0.006304073192413143  |ddm|=0.00178  |maxRot[o]|=0.0582
macro iter 88 (36 JK  7 micro), CASSCF E = -169.997352264582  dE = -4.1090881e-05  S^2 = 0.0000000
               |grad[o]|=0.00114  |grad[c]|= 0.001328359060046951  |ddm|=0.000516  |maxRot[o]|=0.047
macro iter 89 (12 JK  3 micro), CASSCF E = -169.997399542394  dE = -4.7277812e-05  S^2 = 0.0000000
               |grad[o]|=0.00117  |grad[c]|= 0.002282902024692783  |ddm|=0.000444  |maxRot[o]|=0.0613
macro iter 90 (17 JK  4 micro), CASSCF E = -169.997374390853  dE = 2.5151541e-05  S^2 = 0.0000000
               |grad[o]|=0.00114  |grad[c]|= 0.0011424390355092874  |ddm|=0.000221  |maxRot[o]|=0.0364
macro iter 91 (36 JK  7 micro), CASSCF E = -169.997407401526  dE = -3.3010673e-05  S^2 = 0.0000000
               |grad[o]|=0.00101  |grad[c]|= 0.0007138310539548464  |ddm|=0.000416  |maxRot[o]|=0.0333
macro iter 92 (37 JK  8 micro), CASSCF E = -169.997277719339  dE = 0.00012968219  S^2 = 0.0000000
               |grad[o]|=0.00111  |grad[c]|= 0.01905598036948256  |ddm|=0.00275  |maxRot[o]|=0.142
macro iter 93 (35 JK  6 micro), CASSCF E = -169.99732524554  dE = -4.7526201e-05  S^2 = 0.0000000
               |grad[o]|=0.00131  |grad[c]|= 0.0016595008712465393  |ddm|=0.000251  |maxRot[o]|=0.0467
macro iter 94 (37 JK  8 micro), CASSCF E = -169.997362165742  dE = -3.6920202e-05  S^2 = 0.0000000
               |grad[o]|=0.00115  |grad[c]|= 0.0006831917631817918  |ddm|=0.000729  |maxRot[o]|=0.0296
macro iter 95 (22 JK  5 micro), CASSCF E = -169.997371881252  dE = -9.7155098e-06  S^2 = 0.0000000
               |grad[o]|=0.00114  |grad[c]|= 0.0011008223174114554  |ddm|=0.000378  |maxRot[o]|=0.0545
macro iter 96 (22 JK  5 micro), CASSCF E = -169.997322467419  dE = 4.9413833e-05  S^2 = 0.0000000
               |grad[o]|=0.000974  |grad[c]|= 0.006544880782283192  |ddm|=0.00146  |maxRot[o]|=0.0596
macro iter 97 (37 JK  8 micro), CASSCF E = -169.997365479064  dE = -4.3011645e-05  S^2 = 0.0000000
               |grad[o]|=0.00121  |grad[c]|= 0.0015665563785575555  |ddm|=0.000772  |maxRot[o]|=0.0457
macro iter 98 (37 JK  8 micro), CASSCF E = -169.997390604344  dE = -2.5125281e-05  S^2 = 0.0000000
               |grad[o]|=0.00117  |grad[c]|= 0.001125506437674857  |ddm|=0.00118  |maxRot[o]|=0.0238
macro iter 99 (22 JK  5 micro), CASSCF E = -169.997340881085  dE = 4.9723259e-05  S^2 = 0.0000000
               |grad[o]|=0.00106  |grad[c]|= 0.003954182111085553  |ddm|=0.000855  |maxRot[o]|=0.0447
macro iter 100 (37 JK  8 micro), CASSCF E = -169.997382433195  dE = -4.155211e-05  S^2 = 0.0000000
               |grad[o]|=0.000947  |grad[c]|= 0.0012596479924218155  |ddm|=0.000739  |maxRot[o]|=0.0419
macro iter 101 (12 JK  3 micro), CASSCF E = -169.997423832079  dE = -4.1398884e-05  S^2 = 0.0000000
               |grad[o]|=0.000968  |grad[c]|= 0.0037964049977391194  |ddm|=0.00037  |maxRot[o]|=0.0494
macro iter 102 (22 JK  5 micro), CASSCF E = -169.99737507503  dE = 4.875705e-05  S^2 = 0.0000000
               |grad[o]|=0.00102  |grad[c]|= 0.005611661316074621  |ddm|=0.000644  |maxRot[o]|=0.0803
macro iter 103 (36 JK  7 micro), CASSCF E = -169.997412546181  dE = -3.7471151e-05  S^2 = 0.0000000
               |grad[o]|=0.000894  |grad[c]|= 0.0009270122153829685  |ddm|=0.000443  |maxRot[o]|=0.0351
macro iter 104 (37 JK  8 micro), CASSCF E = -169.997423874123  dE = -1.1327943e-05  S^2 = 0.0000000
               |grad[o]|=0.000951  |grad[c]|= 0.0013117147554815483  |ddm|=0.000589  |maxRot[o]|=0.0205
macro iter 105 (37 JK  8 micro), CASSCF E = -169.996986635464  dE = 0.00043723866  S^2 = 0.0000000
               |grad[o]|=0.000982  |grad[c]|= 0.07951298163860794  |ddm|=0.0168  |maxRot[o]|=0.203
macro iter 106 (37 JK  8 micro), CASSCF E = -169.99710339993  dE = -0.00011676447  S^2 = 0.0000000
               |grad[o]|=0.00506  |grad[c]|= 0.0038281833819485264  |ddm|=0.000529  |maxRot[o]|=0.048
macro iter 107 (37 JK  8 micro), CASSCF E = -169.997203757541  dE = -0.00010035761  S^2 = 0.0000000
               |grad[o]|=0.00385  |grad[c]|= 0.0037503733640981136  |ddm|=0.000698  |maxRot[o]|=0.0481
macro iter 108 (32 JK  7 micro), CASSCF E = -169.997203156824  dE = 6.0071693e-07  S^2 = 0.0000000
               |grad[o]|=0.00249  |grad[c]|= 0.005068062545074327  |ddm|=0.000898  |maxRot[o]|=0.0609
macro iter 109 (37 JK  8 micro), CASSCF E = -169.997276966278  dE = -7.3809454e-05  S^2 = 0.0000000
               |grad[o]|=0.00152  |grad[c]|= 0.002791491350341218  |ddm|=0.000491  |maxRot[o]|=0.0506
macro iter 110 (12 JK  3 micro), CASSCF E = -169.997354108763  dE = -7.7142485e-05  S^2 = 0.0000000
               |grad[o]|=0.00131  |grad[c]|= 0.0037178384326792932  |ddm|=0.000241  |maxRot[o]|=0.0561
macro iter 111 (22 JK  5 micro), CASSCF E = -169.997360756851  dE = -6.6480879e-06  S^2 = 0.0000000
               |grad[o]|=0.00121  |grad[c]|= 0.002798467415471211  |ddm|=0.000522  |maxRot[o]|=0.0658
macro iter 112 (17 JK  4 micro), CASSCF E = -169.997288268313  dE = 7.2488538e-05  S^2 = 0.0000000
               |grad[o]|=0.00111  |grad[c]|= 0.004074206901435947  |ddm|=0.000261  |maxRot[o]|=0.0552
macro iter 113 (37 JK  8 micro), CASSCF E = -169.997347312368  dE = -5.9044055e-05  S^2 = 0.0000000
               |grad[o]|=0.00108  |grad[c]|= 0.002121057430667046  |ddm|=0.000691  |maxRot[o]|=0.0504
macro iter 114 (12 JK  3 micro), CASSCF E = -169.997405653518  dE = -5.834115e-05  S^2 = 0.0000000
               |grad[o]|=0.00102  |grad[c]|= 0.0034294730229255366  |ddm|=0.000328  |maxRot[o]|=0.0531
macro iter 115 (37 JK  8 micro), CASSCF E = -169.997490049528  dE = -8.439601e-05  S^2 = 0.0000000
               |grad[o]|=0.000993  |grad[c]|= 0.002889805890963452  |ddm|=0.000956  |maxRot[o]|=0.0775
macro iter 116 (7 JK  2 micro), CASSCF E = -169.997573093127  dE = -8.3043599e-05  S^2 = 0.0000000
               |grad[o]|=0.00102  |grad[c]|= 0.0015484703745437048  |ddm|=0.000294  |maxRot[o]|=0.0587
macro iter 117 (7 JK  2 micro), CASSCF E = -169.997662720024  dE = -8.9626896e-05  S^2 = 0.0000000
               |grad[o]|=0.00103  |grad[c]|= 0.0015675677236658809  |ddm|=0.000455  |maxRot[o]|=0.0641
macro iter 118 (7 JK  2 micro), CASSCF E = -169.997760265129  dE = -9.7545105e-05  S^2 = 0.0000000
               |grad[o]|=0.00115  |grad[c]|= 0.002254566890605376  |ddm|=0.000542  |maxRot[o]|=0.0669
macro iter 119 (7 JK  2 micro), CASSCF E = -169.997882759168  dE = -0.00012249404  S^2 = 0.0000000
               |grad[o]|=0.00144  |grad[c]|= 0.002813056115867511  |ddm|=0.000554  |maxRot[o]|=0.0684
macro iter 120 (7 JK  2 micro), CASSCF E = -169.998043974971  dE = -0.0001612158  S^2 = 0.0000000
               |grad[o]|=0.00172  |grad[c]|= 0.0029326720530411516  |ddm|=0.000668  |maxRot[o]|=0.0692
macro iter 121 (7 JK  2 micro), CASSCF E = -169.99825148072  dE = -0.00020750575  S^2 = 0.0000000
               |grad[o]|=0.00221  |grad[c]|= 0.0028827922895526947  |ddm|=0.000709  |maxRot[o]|=0.0695
macro iter 122 (27 JK  6 micro), CASSCF E = -169.998452678026  dE = -0.00020119731  S^2 = 0.0000000
               |grad[o]|=0.00267  |grad[c]|= 0.004916425785071571  |ddm|=0.00122  |maxRot[o]|=0.0697
macro iter 123 (7 JK  2 micro), CASSCF E = -169.998765907558  dE = -0.00031322953  S^2 = 0.0000000
               |grad[o]|=0.00277  |grad[c]|= 0.0026425272126947676  |ddm|=0.00091  |maxRot[o]|=0.0698
macro iter 124 (27 JK  6 micro), CASSCF E = -169.999096632684  dE = -0.00033072513  S^2 = 0.0000000
               |grad[o]|=0.00341  |grad[c]|= 0.018228810705146085  |ddm|=0.00201  |maxRot[o]|=0.0698
macro iter 125 (17 JK  4 micro), CASSCF E = -169.999507120021  dE = -0.00041048734  S^2 = 0.0000000
               |grad[o]|=0.00334  |grad[c]|= 0.006491549946742734  |ddm|=0.00135  |maxRot[o]|=0.0699
macro iter 126 (17 JK  4 micro), CASSCF E = -169.999530415608  dE = -2.3295588e-05  S^2 = 0.0000000
               |grad[o]|=0.00359  |grad[c]|= 0.02976881903259054  |ddm|=0.00435  |maxRot[o]|=0.0862
macro iter 127 (7 JK  2 micro), CASSCF E = -169.999974835771  dE = -0.00044442016  S^2 = 0.0000000
               |grad[o]|=0.00336  |grad[c]|= 0.002182677955121811  |ddm|=0.00201  |maxRot[o]|=0.0699
macro iter 128 (7 JK  2 micro), CASSCF E = -170.000453812034  dE = -0.00047897626  S^2 = 0.0000000
               |grad[o]|=0.00372  |grad[c]|= 0.0023668006720648283  |ddm|=0.00246  |maxRot[o]|=0.0699
macro iter 129 (17 JK  4 micro), CASSCF E = -170.000463798668  dE = -9.9866333e-06  S^2 = 0.0000000
               |grad[o]|=0.0044  |grad[c]|= 0.01869590021896  |ddm|=0.0101  |maxRot[o]|=0.0809
macro iter 130 (7 JK  2 micro), CASSCF E = -170.001054855168  dE = -0.0005910565  S^2 = 0.0000000
               |grad[o]|=0.00372  |grad[c]|= 0.0027550619964549425  |ddm|=0.00418  |maxRot[o]|=0.0699
macro iter 131 (7 JK  2 micro), CASSCF E = -170.001734108271  dE = -0.0006792531  S^2 = 0.0000000
               |grad[o]|=0.00418  |grad[c]|= 0.0034951871420731842  |ddm|=0.00594  |maxRot[o]|=0.0699
macro iter 132 (7 JK  2 micro), CASSCF E = -170.002371012498  dE = -0.00063690423  S^2 = 0.0000000
               |grad[o]|=0.00487  |grad[c]|= 0.0065906211778370295  |ddm|=0.00797  |maxRot[o]|=0.0699
macro iter 133 (35 JK  8 micro), CASSCF E = -170.002658659849  dE = -0.00028764735  S^2 = 0.0000000
               |grad[o]|=0.00464  |grad[c]|= 0.012021951119162213  |ddm|=0.00629  |maxRot[o]|=0.0575
macro iter 134 (37 JK  8 micro), CASSCF E = -170.002669410858  dE = -1.0751009e-05  S^2 = 0.0000000
               |grad[o]|=0.0024  |grad[c]|= 0.009648375334986376  |ddm|=0.0147  |maxRot[o]|=0.0601
macro iter 135 (22 JK  5 micro), CASSCF E = -170.002689349904  dE = -1.9939046e-05  S^2 = 0.0000000
               |grad[o]|=0.00192  |grad[c]|= 0.006359353195501014  |ddm|=0.0074  |maxRot[o]|=0.0482
macro iter 136 (7 JK  2 micro), CASSCF E = -170.002737849124  dE = -4.8499219e-05  S^2 = 0.0000000
               |grad[o]|=0.00137  |grad[c]|= 0.011691459608796174  |ddm|=0.00385  |maxRot[o]|=0.0614
macro iter 137 (17 JK  4 micro), CASSCF E = -170.002656020127  dE = 8.1828997e-05  S^2 = 0.0000000
               |grad[o]|=0.00113  |grad[c]|= 0.0273674230160792  |ddm|=0.0149  |maxRot[o]|=0.105
macro iter 138 (37 JK  8 micro), CASSCF E = -170.002707749185  dE = -5.1729058e-05  S^2 = 0.0000000
               |grad[o]|=0.00196  |grad[c]|= 0.002597305916973219  |ddm|=0.00524  |maxRot[o]|=0.0279
macro iter 139 (7 JK  2 micro), CASSCF E = -170.002733557816  dE = -2.5808631e-05  S^2 = 0.0000000
               |grad[o]|=0.000818  |grad[c]|= 0.0043440231385130255  |ddm|=0.000812  |maxRot[o]|=0.0383
macro iter 140 (7 JK  2 micro), CASSCF E = -170.002753252042  dE = -1.9694226e-05  S^2 = 0.0000000
               |grad[o]|=0.000549  |grad[c]|= 0.006697759386069623  |ddm|=0.00113  |maxRot[o]|=0.048
macro iter 141 (17 JK  4 micro), CASSCF E = -170.002706361241  dE = 4.6890801e-05  S^2 = 0.0000000
               |grad[o]|=0.000582  |grad[c]|= 0.022278334848040576  |ddm|=0.0136  |maxRot[o]|=0.0934
macro iter 142 (37 JK  8 micro), CASSCF E = -170.002734924213  dE = -2.8562972e-05  S^2 = 0.0000000
               |grad[o]|=0.00117  |grad[c]|= 0.0015679599472439875  |ddm|=0.00231  |maxRot[o]|=0.0206
macro iter 143 (7 JK  2 micro), CASSCF E = -170.002753400636  dE = -1.8476422e-05  S^2 = 0.0000000
               |grad[o]|=0.000647  |grad[c]|= 0.003490492895816947  |ddm|=0.000619  |maxRot[o]|=0.0355
macro iter 144 (7 JK  2 micro), CASSCF E = -170.002769235738  dE = -1.5835102e-05  S^2 = 0.0000000
               |grad[o]|=0.000469  |grad[c]|= 0.005277243897606359  |ddm|=0.00138  |maxRot[o]|=0.045
macro iter 145 (17 JK  4 micro), CASSCF E = -170.002723307731  dE = 4.5928007e-05  S^2 = 0.0000000
               |grad[o]|=0.00053  |grad[c]|= 0.022174489087349623  |ddm|=0.00656  |maxRot[o]|=0.0919
macro iter 146 (37 JK  8 micro), CASSCF E = -170.002751716204  dE = -2.8408473e-05  S^2 = 0.0000000
               |grad[o]|=0.0012  |grad[c]|= 0.0014411257922581425  |ddm|=0.0016  |maxRot[o]|=0.0203
macro iter 147 (7 JK  2 micro), CASSCF E = -170.002769400791  dE = -1.7684587e-05  S^2 = 0.0000000
               |grad[o]|=0.000608  |grad[c]|= 0.0033711480633698194  |ddm|=0.00055  |maxRot[o]|=0.0352
macro iter 148 (7 JK  2 micro), CASSCF E = -170.002786090011  dE = -1.668922e-05  S^2 = 0.0000000
               |grad[o]|=0.000456  |grad[c]|= 0.00532639837185013  |ddm|=0.00135  |maxRot[o]|=0.0458
macro iter 149 (17 JK  4 micro), CASSCF E = -170.002750000311  dE = 3.60897e-05  S^2 = 0.0000000
               |grad[o]|=0.000509  |grad[c]|= 0.021171655895867312  |ddm|=0.00373  |maxRot[o]|=0.0861
macro iter 150 (37 JK  8 micro), CASSCF E = -170.002778448887  dE = -2.8448576e-05  S^2 = 0.0000000
               |grad[o]|=0.000897  |grad[c]|= 0.0014938503079029322  |ddm|=0.00141  |maxRot[o]|=0.0214
macro iter 151 (7 JK  2 micro), CASSCF E = -170.002797616086  dE = -1.9167199e-05  S^2 = 0.0000000
               |grad[o]|=0.000576  |grad[c]|= 0.0034124052352327338  |ddm|=0.000559  |maxRot[o]|=0.0352
macro iter 152 (7 JK  2 micro), CASSCF E = -170.002820735276  dE = -2.3119191e-05  S^2 = 0.0000000
               |grad[o]|=0.000485  |grad[c]|= 0.005920232210214326  |ddm|=0.000966  |maxRot[o]|=0.0482
macro iter 153 (17 JK  4 micro), CASSCF E = -170.002820687414  dE = 4.7862017e-08  S^2 = 0.0000000
               |grad[o]|=0.000562  |grad[c]|= 0.00757182057666358  |ddm|=0.00204  |maxRot[o]|=0.0441
macro iter 154 (37 JK  8 micro), CASSCF E = -170.002851557143  dE = -3.0869729e-05  S^2 = 0.0000000
               |grad[o]|=0.000852  |grad[c]|= 0.0011672660045515956  |ddm|=0.00128  |maxRot[o]|=0.0242
macro iter 155 (37 JK  8 micro), CASSCF E = -170.002886987041  dE = -3.5429898e-05  S^2 = 0.0000000
               |grad[o]|=0.000642  |grad[c]|= 0.002977810183805469  |ddm|=0.00112  |maxRot[o]|=0.0342
macro iter 156 (37 JK  8 micro), CASSCF E = -170.002921022137  dE = -3.4035096e-05  S^2 = 0.0000000
               |grad[o]|=0.00072  |grad[c]|= 0.0052690545052315  |ddm|=0.00132  |maxRot[o]|=0.0464
macro iter 157 (17 JK  4 micro), CASSCF E = -170.002853399969  dE = 6.7622168e-05  S^2 = 0.0000000
               |grad[o]|=0.00121  |grad[c]|= 0.01906430755317954  |ddm|=0.00356  |maxRot[o]|=0.076
macro iter 158 (37 JK  8 micro), CASSCF E = -170.00290364645  dE = -5.024648e-05  S^2 = 0.0000000
               |grad[o]|=0.00144  |grad[c]|= 0.0013520238993415868  |ddm|=0.00184  |maxRot[o]|=0.0296
macro iter 159 (7 JK  2 micro), CASSCF E = -170.002945461986  dE = -4.1815536e-05  S^2 = 0.0000000
               |grad[o]|=0.000926  |grad[c]|= 0.0040625974725386335  |ddm|=0.00178  |maxRot[o]|=0.0301
macro iter 160 (7 JK  2 micro), CASSCF E = -170.003023193214  dE = -7.7731229e-05  S^2 = 0.0000000
               |grad[o]|=0.00132  |grad[c]|= 0.003578727167738342  |ddm|=0.00127  |maxRot[o]|=0.0496
macro iter 161 (7 JK  2 micro), CASSCF E = -170.003134714611  dE = -0.0001115214  S^2 = 0.0000000
               |grad[o]|=0.00111  |grad[c]|= 0.0036196068746746214  |ddm|=0.0018  |maxRot[o]|=0.0589
macro iter 162 (7 JK  2 micro), CASSCF E = -170.003290689946  dE = -0.00015597534  S^2 = 0.0000000
               |grad[o]|=0.00135  |grad[c]|= 0.002916996896403077  |ddm|=0.00243  |maxRot[o]|=0.0642
macro iter 163 (7 JK  2 micro), CASSCF E = -170.003492585071  dE = -0.00020189512  S^2 = 0.0000000
               |grad[o]|=0.00166  |grad[c]|= 0.0026303674457572564  |ddm|=0.00301  |maxRot[o]|=0.067
macro iter 164 (7 JK  2 micro), CASSCF E = -170.003735966769  dE = -0.0002433817  S^2 = 0.0000000
               |grad[o]|=0.00198  |grad[c]|= 0.0020256171857276494  |ddm|=0.00341  |maxRot[o]|=0.0684
macro iter 165 (7 JK  2 micro), CASSCF E = -170.004012368125  dE = -0.00027640136  S^2 = 0.0000000
               |grad[o]|=0.00225  |grad[c]|= 0.0019588382131844294  |ddm|=0.00368  |maxRot[o]|=0.0692
macro iter 166 (7 JK  2 micro), CASSCF E = -170.004306201908  dE = -0.00029383378  S^2 = 0.0000000
               |grad[o]|=0.00244  |grad[c]|= 0.001576842779274762  |ddm|=0.00379  |maxRot[o]|=0.0695
macro iter 167 (7 JK  2 micro), CASSCF E = -170.00460471999  dE = -0.00029851808  S^2 = 0.0000000
               |grad[o]|=0.00252  |grad[c]|= 0.0019287958412820742  |ddm|=0.0037  |maxRot[o]|=0.0697
macro iter 168 (7 JK  2 micro), CASSCF E = -170.00489027276  dE = -0.00028555277  S^2 = 0.0000000
               |grad[o]|=0.00247  |grad[c]|= 0.0023396693028442887  |ddm|=0.00354  |maxRot[o]|=0.0698
macro iter 169 (7 JK  2 micro), CASSCF E = -170.005148974626  dE = -0.00025870187  S^2 = 0.0000000
               |grad[o]|=0.00229  |grad[c]|= 0.0033725638567962536  |ddm|=0.0032  |maxRot[o]|=0.0698
macro iter 170 (7 JK  2 micro), CASSCF E = -170.005364915569  dE = -0.00021594094  S^2 = 0.0000000
               |grad[o]|=0.00198  |grad[c]|= 0.004427386270307943  |ddm|=0.00283  |maxRot[o]|=0.0699
macro iter 171 (7 JK  2 micro), CASSCF E = -170.005527306624  dE = -0.00016239105  S^2 = 0.0000000
               |grad[o]|=0.00157  |grad[c]|= 0.005583902883225108  |ddm|=0.00251  |maxRot[o]|=0.0699
macro iter 172 (7 JK  2 micro), CASSCF E = -170.005626195349  dE = -9.8888726e-05  S^2 = 0.0000000
               |grad[o]|=0.00109  |grad[c]|= 0.006640637335510692  |ddm|=0.00244  |maxRot[o]|=0.0699
macro iter 173 (7 JK  2 micro), CASSCF E = -170.005653946349  dE = -2.7751e-05  S^2 = 0.0000000
               |grad[o]|=0.000591  |grad[c]|= 0.0032328414956763482  |ddm|=0.0032  |maxRot[o]|=0.0419
macro iter 174 (22 JK  5 micro), CASSCF E = -170.005628335645  dE = 2.5610704e-05  S^2 = 0.0000000
               |grad[o]|=0.000468  |grad[c]|= 0.00474741020672317  |ddm|=0.0144  |maxRot[o]|=0.0516
macro iter 175 (37 JK  8 micro), CASSCF E = -170.005658807189  dE = -3.0471544e-05  S^2 = 0.0000000
               |grad[o]|=0.00144  |grad[c]|= 0.0007082045566449936  |ddm|=0.00117  |maxRot[o]|=0.0203
macro iter 176 (22 JK  5 micro), CASSCF E = -170.005624869653  dE = 3.3937536e-05  S^2 = 0.0000000
               |grad[o]|=0.000425  |grad[c]|= 0.004020469969130043  |ddm|=0.00158  |maxRot[o]|=0.0522
macro iter 177 (35 JK  6 micro), CASSCF E = -170.005637530694  dE = -1.2661041e-05  S^2 = 0.0000000
               |grad[o]|=0.000796  |grad[c]|= 0.0005275748671069835  |ddm|=0.000692  |maxRot[o]|=0.00606
macro iter 178 (37 JK  8 micro), CASSCF E = -170.00565881821  dE = -2.1287515e-05  S^2 = 0.0000000
               |grad[o]|=0.000503  |grad[c]|= 0.001392156072996211  |ddm|=0.000767  |maxRot[o]|=0.0324
macro iter 179 (15 JK  4 micro), CASSCF E = -170.005590262067  dE = 6.8556143e-05  S^2 = 0.0000000
               |grad[o]|=0.000312  |grad[c]|= 0.006134896306750273  |ddm|=0.00106  |maxRot[o]|=0.0699
macro iter 180 (12 JK  3 micro), CASSCF E = -170.00562975351  dE = -3.9491443e-05  S^2 = 0.0000000
               |grad[o]|=0.000968  |grad[c]|= 0.0009855774743692332  |ddm|=0.000579  |maxRot[o]|=0.0286
macro iter 181 (7 JK  2 micro), CASSCF E = -170.005653940237  dE = -2.4186727e-05  S^2 = 0.0000000
               |grad[o]|=0.000573  |grad[c]|= 0.001208842257236904  |ddm|=0.000521  |maxRot[o]|=0.0306
macro iter 182 (7 JK  2 micro), CASSCF E = -170.005666495868  dE = -1.2555631e-05  S^2 = 0.0000000
               |grad[o]|=0.00036  |grad[c]|= 0.0016729866400295454  |ddm|=0.0006  |maxRot[o]|=0.0366
macro iter 183 (15 JK  2 micro), CASSCF E = -170.005666944015  dE = -4.4814686e-07  S^2 = 0.0000000
               |grad[o]|=0.000221  |grad[c]|= 0.00012371546220502766  |ddm|=0.000316  |maxRot[o]|=0.0061
macro iter 184 (9 JK  1 micro), CASSCF E = -170.005667035842  dE = -9.1827872e-08  S^2 = 0.0000000
               |grad[o]|=0.000102  |grad[c]|= 0.00011948404803369858  |ddm|=0.000119  |maxRot[o]|=0.00126
1-step CASSCF converged in 184 macro (4571 JK 1013 micro) steps
CASSCF canonicalization
Density matrix diagonal elements [1.98551121 1.7502884  1.63976138 1.86058533 1.36306107 1.91499529
 1.04613675 0.1308767  0.28572491 0.02305896]
CASSCF energy = -170.005667035842
CASCI E = -170.005667035842  E(CI) = -21.5953564741066  S^2 = 0.0000000


******** <class 'pyscf.scf.uhf.UHF'> ********
method = UHF
initial guess = minao
damping factor = 0
level_shift factor = 0
DIIS = <class 'pyscf.scf.diis.CDIIS'>
diis_start_cycle = 1
diis_space = 10
SCF conv_tol = 1e-09
SCF conv_tol_grad = None
SCF max_cycles = 1000
direct_scf = True
direct_scf_tol = 1e-13
chkfile to save SCF result = /scratch/global/yangjunjie/test/410949/tmp_on9p1nk
max_memory 4000 MB (current use 580 MB)
number electrons alpha = 14  beta = 14
Set gradient conv threshold to 3.16228e-05
init E= -169.60771693853
  alpha nocc = 14  HOMO = 0.409691149823035  LUMO = 0.492397226480012
  beta  nocc = 14  HOMO = 0.409691153168347  LUMO = 0.492397227037678
cycle= 1 E= -169.607532263164  delta_E= 0.000185  |g|= 0.00296  |ddm|= 0.0247
  alpha nocc = 14  HOMO = 0.408913057877283  LUMO = 0.491486585342743
  beta  nocc = 14  HOMO = 0.408913060839081  LUMO = 0.491486585843601
cycle= 2 E= -169.607541608484  delta_E= -9.35e-06  |g|= 0.00129  |ddm|= 0.00591
  alpha nocc = 14  HOMO = 0.408933405290635  LUMO = 0.491490829727388
  beta  nocc = 14  HOMO = 0.408933407971036  LUMO = 0.49149083018391
cycle= 3 E= -169.607543895434  delta_E= -2.29e-06  |g|= 0.000708  |ddm|= 0.00224
  alpha nocc = 14  HOMO = 0.408942058482089  LUMO = 0.491478973438276
  beta  nocc = 14  HOMO = 0.408942060632818  LUMO = 0.491478973807864
cycle= 4 E= -169.607545098802  delta_E= -1.2e-06  |g|= 0.000128  |ddm|= 0.0027
  alpha nocc = 14  HOMO = 0.408938672860921  LUMO = 0.491478003676001
  beta  nocc = 14  HOMO = 0.408938674677456  LUMO = 0.49147800398832
cycle= 5 E= -169.607545185149  delta_E= -8.63e-08  |g|= 5.62e-05  |ddm|= 0.00159
  alpha nocc = 14  HOMO = 0.408938645105086  LUMO = 0.491477892567512
  beta  nocc = 14  HOMO = 0.408938646866128  LUMO = 0.491477892870145
cycle= 6 E= -169.607545207691  delta_E= -2.25e-08  |g|= 6.27e-05  |ddm|= 0.000513
  alpha nocc = 14  HOMO = 0.408938509437889  LUMO = 0.491477501723957
  beta  nocc = 14  HOMO = 0.408938511377188  LUMO = 0.491477502057674
cycle= 7 E= -169.607545101345  delta_E= 1.06e-07  |g|= 5.7e-06  |ddm|= 0.00443
  alpha nocc = 14  HOMO = 0.408938729468611  LUMO = 0.491477341454652
  beta  nocc = 14  HOMO = 0.408938731075266  LUMO = 0.49147734173004
cycle= 8 E= -169.607545101323  delta_E= 2.22e-11  |g|= 2.58e-06  |ddm|= 0.000161
  alpha nocc = 14  HOMO = 0.408938641260884  LUMO = 0.491477406917649
  beta  nocc = 14  HOMO = 0.408938642697478  LUMO = 0.491477407163404
Extra cycle  E= -169.607545101388  delta_E= -6.45e-11  |g|= 2.92e-06  |ddm|= 4.37e-05
converged SCF energy = -169.607545101388  <S^2> = 6.7413026e-09  2S+1 = 1


******** <class 'pyscf.scf.uhf.UHF'> ********
method = UHF
initial guess = minao
damping factor = 0
level_shift factor = 0
DIIS = <class 'pyscf.scf.diis.CDIIS'>
diis_start_cycle = 1
diis_space = 10
SCF conv_tol = 1e-09
SCF conv_tol_grad = None
SCF max_cycles = 1000
direct_scf = True
direct_scf_tol = 1e-13
chkfile to save SCF result = /scratch/global/yangjunjie/test/410949/tmputoy1ist
max_memory 4000 MB (current use 580 MB)
number electrons alpha = 15  beta = 13
Set gradient conv threshold to 3.16228e-05
init E= -169.724861633228
  alpha nocc = 15  HOMO = 0.399461951856309  LUMO = 0.586331172555823
  beta  nocc = 13  HOMO = 0.416976906528524  LUMO = 0.518944847423326
cycle= 1 E= -169.724308005849  delta_E= 0.000554  |g|= 0.00289  |ddm|= 0.0253
  alpha nocc = 15  HOMO = 0.398596239396496  LUMO = 0.584764627097278
  beta  nocc = 13  HOMO = 0.41611427919728  LUMO = 0.518214719319216
cycle= 2 E= -169.72431730322  delta_E= -9.3e-06  |g|= 0.00126  |ddm|= 0.00543
  alpha nocc = 15  HOMO = 0.39859693475657  LUMO = 0.585464656882085
  beta  nocc = 13  HOMO = 0.416117028533467  LUMO = 0.51823852166181
cycle= 3 E= -169.72431967218  delta_E= -2.37e-06  |g|= 0.000717  |ddm|= 0.00229
  alpha nocc = 15  HOMO = 0.398583176079427  LUMO = 0.585659277405168
  beta  nocc = 13  HOMO = 0.416104912131726  LUMO = 0.518246844276448
cycle= 4 E= -169.724320810507  delta_E= -1.14e-06  |g|= 0.00013  |ddm|= 0.00237
  alpha nocc = 15  HOMO = 0.398583107873352  LUMO = 0.585677652641499
  beta  nocc = 13  HOMO = 0.416104489975494  LUMO = 0.518243875718978
cycle= 5 E= -169.724320849616  delta_E= -3.91e-08  |g|= 1.94e-05  |ddm|= 0.000501
  alpha nocc = 15  HOMO = 0.398582491263348  LUMO = 0.585674947753869
  beta  nocc = 13  HOMO = 0.416103632752777  LUMO = 0.518243641845291
cycle= 6 E= -169.724320850551  delta_E= -9.36e-10  |g|= 1.13e-05  |ddm|= 6.35e-05
  alpha nocc = 15  HOMO = 0.398582568437657  LUMO = 0.585674765995
  beta  nocc = 13  HOMO = 0.416103672946797  LUMO = 0.518243672489486
Extra cycle  E= -169.724320850809  delta_E= -2.57e-10  |g|= 9.06e-06  |ddm|= 2.19e-05
converged SCF energy = -169.724320850809  <S^2> = 3.0013043  2S+1 = 3.6062747
