

******** <class 'pyscf.scf.hf.RHF'> ********
method = RHF
initial guess = minao
damping factor = 0
level_shift factor = 0
DIIS = <class 'pyscf.scf.diis.CDIIS'>
diis_start_cycle = 1
diis_space = 10
SCF conv_tol = 1e-09
SCF conv_tol_grad = None
SCF max_cycles = 1000
direct_scf = True
direct_scf_tol = 1e-13
chkfile to save SCF result = /scratch/global/yangjunjie/test/410943/tmpjbwjibkw
max_memory 4000 MB (current use 559 MB)
Set gradient conv threshold to 3.16228e-05
init E= -169.722442639216
  HOMO = 0.461287473427582  LUMO = 0.548620640011725
cycle= 1 E= -169.718114376748  delta_E= 0.00433  |g|= 0.00484  |ddm|= 0.0396
  HOMO = 0.461691677464148  LUMO = 0.548995966304061
cycle= 2 E= -169.718129338176  delta_E= -1.5e-05  |g|= 0.0028  |ddm|= 0.0152
  HOMO = 0.461619311422382  LUMO = 0.548906466868559
cycle= 3 E= -169.718133348397  delta_E= -4.01e-06  |g|= 0.00144  |ddm|= 0.0055
  HOMO = 0.461606889289721  LUMO = 0.54888219594819
cycle= 4 E= -169.71813562605  delta_E= -2.28e-06  |g|= 0.000465  |ddm|= 0.00605
  HOMO = 0.461601223199124  LUMO = 0.548869019840116
cycle= 5 E= -169.718135928411  delta_E= -3.02e-07  |g|= 0.000111  |ddm|= 0.00205
  HOMO = 0.461603585015897  LUMO = 0.548869611617605
cycle= 6 E= -169.718135943744  delta_E= -1.53e-08  |g|= 6.8e-06  |ddm|= 0.000524
  HOMO = 0.461603159647414  LUMO = 0.548869301439308
cycle= 7 E= -169.718135943791  delta_E= -4.65e-11  |g|= 1.96e-06  |ddm|= 3.1e-05
  HOMO = 0.461603097220572  LUMO = 0.548869263117402
Extra cycle  E= -169.718135943795  delta_E= -4.49e-12  |g|= 1.11e-06  |ddm|= 6.54e-06
converged SCF energy = -169.718135943795

******** CASCI flags ********
CAS (5e+5e, 7o), ncore = 9, nvir = 7
natorb = False
canonicalization = True
sorting_mo_energy = False
max_memory 4000 (MB)
******** <class 'pyscf.fci.direct_spin1.FCISolver'> ********
max. cycles = 200
conv_tol = 1e-08
davidson only = False
linear dependence = 1e-10
level shift = 0.001
max iter space = 12
max_memory 4000 MB
nroots = 1
pspace_size = 400
spin = None
Density matrix diagonal elements [1.99965992e+00 1.99638656e+00 1.99613840e+00 1.99092350e+00
 1.99965925e+00 5.65018869e-04 1.66673617e-02]
CASCI converged
CASCI E = -169.723408651841  E(CI) = -25.5075468489293  S^2 = 0.0000000

******** <class 'pyscf.mcscf.mc1step.CASSCF'> ********
CAS (5e+5e, 7o), ncore = 9, nvir = 7
max_cycle_macro = 50
max_cycle_micro = 4
conv_tol = 1e-07
conv_tol_grad = None
orbital rotation max_stepsize = 0.02
orbital rotation threshold for CI restart = 0.01
augmented hessian ah_max_cycle = 30
augmented hessian ah_conv_tol = 1e-12
augmented hessian ah_linear dependence = 1e-14
augmented hessian ah_level shift = 1e-08
augmented hessian ah_start_tol = 2.5
augmented hessian ah_start_cycle = 3
augmented hessian ah_grad_trust_region = 3
kf_trust_region = 3
kf_interval = 4
ci_response_space = 4
ci_grad_trust_region = 3
with_dep4 0
natorb = False
canonicalization = True
sorting_mo_energy = False
ao2mo_level = 2
chkfile = /scratch/global/yangjunjie/test/410943/tmpjbwjibkw
max_memory 4000 MB (current use 560 MB)
internal_rotation = False
******** <class 'pyscf.fci.direct_spin1.FCISolver'> ********
max. cycles = 50
conv_tol = 1e-08
davidson only = False
linear dependence = 1e-10
level shift = 0.001
max iter space = 12
max_memory 4000 MB
nroots = 1
pspace_size = 400
spin = None
CASCI E = -169.723408651841  S^2 = 0.0000000
Set conv_tol_grad to 0.000316228
macro iter 1 (21 JK  4 micro), CASSCF E = -169.723869452043  dE = -0.0004608002  S^2 = 0.0000000
               |grad[o]|=0.00737  |grad[c]|= 0.005652306503507944  |ddm|=0.00345  |maxRot[o]|=0.161
macro iter 2 (17 JK  4 micro), CASSCF E = -169.725027229126  dE = -0.0011577771  S^2 = 0.0000000
               |grad[o]|=0.00584  |grad[c]|= 0.03593441964803546  |ddm|=0.0275  |maxRot[o]|= 0.21
macro iter 3 (21 JK  4 micro), CASSCF E = -169.729761029004  dE = -0.0047337999  S^2 = 0.0000000
               |grad[o]|=0.00691  |grad[c]|= 0.03666569417963131  |ddm|=0.00701  |maxRot[o]|=0.314
macro iter 4 (21 JK  4 micro), CASSCF E = -169.739705445077  dE = -0.0099444161  S^2 = 0.0000000
               |grad[o]|=0.0192  |grad[c]|= 0.04192783679762755  |ddm|=0.0271  |maxRot[o]|=0.315
macro iter 5 (21 JK  4 micro), CASSCF E = -169.750495248846  dE = -0.010789804  S^2 = 0.0000000
               |grad[o]|=0.0357  |grad[c]|= 0.0430693935652309  |ddm|=0.0452  |maxRot[o]|=0.275
macro iter 6 (21 JK  4 micro), CASSCF E = -169.754613157701  dE = -0.0041179089  S^2 = 0.0000000
               |grad[o]|=0.0382  |grad[c]|= 0.01238552157593823  |ddm|=0.0208  |maxRot[o]|=0.249
macro iter 7 (21 JK  4 micro), CASSCF E = -169.75758303939  dE = -0.0029698817  S^2 = 0.0000000
               |grad[o]|=0.0307  |grad[c]|= 0.00735948682057408  |ddm|=0.00998  |maxRot[o]|=0.307
macro iter 8 (21 JK  4 micro), CASSCF E = -169.760736730843  dE = -0.0031536915  S^2 = 0.0000000
               |grad[o]|=0.0251  |grad[c]|= 0.022243292892179578  |ddm|=0.0151  |maxRot[o]|= 0.26
macro iter 9 (21 JK  4 micro), CASSCF E = -169.768304842807  dE = -0.007568112  S^2 = 0.0000000
               |grad[o]|=0.0196  |grad[c]|= 0.051430737688412234  |ddm|=0.021  |maxRot[o]|=0.247
macro iter 10 (21 JK  4 micro), CASSCF E = -169.776177743068  dE = -0.0078729003  S^2 = 0.0000000
               |grad[o]|=0.0266  |grad[c]|= 0.06957039152671651  |ddm|=0.0776  |maxRot[o]|= 0.15
macro iter 11 (21 JK  4 micro), CASSCF E = -169.78568007277  dE = -0.0095023297  S^2 = 0.0000000
               |grad[o]|=0.0316  |grad[c]|= 0.04829203949149079  |ddm|=0.0725  |maxRot[o]|= 0.16
macro iter 12 (21 JK  4 micro), CASSCF E = -169.794159726133  dE = -0.0084796534  S^2 = 0.0000000
               |grad[o]|=0.0335  |grad[c]|= 0.042744123954137646  |ddm|=0.0652  |maxRot[o]|=0.138
macro iter 13 (21 JK  4 micro), CASSCF E = -169.802269772257  dE = -0.0081100461  S^2 = 0.0000000
               |grad[o]|=0.0317  |grad[c]|= 0.025548690528175967  |ddm|=0.0442  |maxRot[o]|=0.135
macro iter 14 (21 JK  4 micro), CASSCF E = -169.807936268404  dE = -0.0056664961  S^2 = 0.0000000
               |grad[o]|=0.0275  |grad[c]|= 0.02832293609332519  |ddm|=0.0395  |maxRot[o]|=0.124
macro iter 15 (21 JK  4 micro), CASSCF E = -169.812174753484  dE = -0.0042384851  S^2 = 0.0000000
               |grad[o]|=0.0228  |grad[c]|= 0.02809990121388548  |ddm|=0.0377  |maxRot[o]|=0.106
macro iter 16 (21 JK  4 micro), CASSCF E = -169.81551824651  dE = -0.003343493  S^2 = 0.0000000
               |grad[o]|=0.0181  |grad[c]|= 0.015907431736405183  |ddm|=0.0261  |maxRot[o]|=0.121
macro iter 17 (21 JK  4 micro), CASSCF E = -169.817430176346  dE = -0.0019119298  S^2 = 0.0000000
               |grad[o]|=0.0132  |grad[c]|= 0.01982351759198375  |ddm|=0.0214  |maxRot[o]|=0.0906
macro iter 18 (21 JK  4 micro), CASSCF E = -169.818476537147  dE = -0.0010463608  S^2 = 0.0000000
               |grad[o]|=0.00931  |grad[c]|= 0.00931865897433749  |ddm|=0.00843  |maxRot[o]|=0.0744
macro iter 19 (21 JK  4 micro), CASSCF E = -169.818941413621  dE = -0.00046487647  S^2 = 0.0000000
               |grad[o]|=0.00639  |grad[c]|= 0.009986981006720802  |ddm|=0.00492  |maxRot[o]|=0.0346
macro iter 20 (17 JK  4 micro), CASSCF E = -169.819234291371  dE = -0.00029287775  S^2 = 0.0000000
               |grad[o]|=0.00456  |grad[c]|= 0.01604596460557529  |ddm|=0.00521  |maxRot[o]|=0.066
macro iter 21 (21 JK  4 micro), CASSCF E = -169.819328126135  dE = -9.3834764e-05  S^2 = 0.0000000
               |grad[o]|=0.00346  |grad[c]|= 0.007882938708669856  |ddm|=0.00101  |maxRot[o]|=0.0291
macro iter 22 (21 JK  4 micro), CASSCF E = -169.819450889289  dE = -0.00012276315  S^2 = 0.0000000
               |grad[o]|=0.00274  |grad[c]|= 0.004269940558273767  |ddm|=0.000981  |maxRot[o]|=0.0671
macro iter 23 (7 JK  2 micro), CASSCF E = -169.819594290013  dE = -0.00014340072  S^2 = 0.0000000
               |grad[o]|=0.00213  |grad[c]|= 0.010168917087837357  |ddm|=0.00113  |maxRot[o]|=0.0699
macro iter 24 (7 JK  2 micro), CASSCF E = -169.819669523438  dE = -7.5233425e-05  S^2 = 0.0000000
               |grad[o]|=0.00185  |grad[c]|= 0.008692780084535294  |ddm|=0.00104  |maxRot[o]|=0.0699
macro iter 25 (7 JK  2 micro), CASSCF E = -169.819784936118  dE = -0.00011541268  S^2 = 0.0000000
               |grad[o]|=0.00186  |grad[c]|= 0.009893173389109194  |ddm|=0.000981  |maxRot[o]|=0.0699
macro iter 26 (7 JK  2 micro), CASSCF E = -169.819962307392  dE = -0.00017737127  S^2 = 0.0000000
               |grad[o]|=0.00195  |grad[c]|= 0.011514600424824514  |ddm|=0.000841  |maxRot[o]|=0.0699
macro iter 27 (7 JK  2 micro), CASSCF E = -169.820176927337  dE = -0.00021461994  S^2 = 0.0000000
               |grad[o]|=0.00206  |grad[c]|= 0.010640935725974885  |ddm|=0.000627  |maxRot[o]|=0.0699
macro iter 28 (7 JK  2 micro), CASSCF E = -169.820418148112  dE = -0.00024122077  S^2 = 0.0000000
               |grad[o]|=0.00213  |grad[c]|= 0.010158669700244378  |ddm|=0.000513  |maxRot[o]|=0.0699
macro iter 29 (7 JK  2 micro), CASSCF E = -169.820676142744  dE = -0.00025799463  S^2 = 0.0000000
               |grad[o]|=0.00215  |grad[c]|= 0.009885351373058087  |ddm|=0.000462  |maxRot[o]|=0.0699
macro iter 30 (7 JK  2 micro), CASSCF E = -169.820942062504  dE = -0.00026591976  S^2 = 0.0000000
               |grad[o]|=0.00212  |grad[c]|= 0.009750150990008031  |ddm|=0.000451  |maxRot[o]|=0.0699
macro iter 31 (7 JK  2 micro), CASSCF E = -169.821207865435  dE = -0.00026580293  S^2 = 0.0000000
               |grad[o]|=0.00207  |grad[c]|= 0.009719909810555113  |ddm|=0.000465  |maxRot[o]|=0.0699
macro iter 32 (7 JK  2 micro), CASSCF E = -169.821466166551  dE = -0.00025830112  S^2 = 0.0000000
               |grad[o]|=0.00199  |grad[c]|= 0.009773119205853519  |ddm|=0.000551  |maxRot[o]|=0.0699
macro iter 33 (7 JK  2 micro), CASSCF E = -169.821710075405  dE = -0.00024390885  S^2 = 0.0000000
               |grad[o]|=0.0019  |grad[c]|= 0.009884005864922805  |ddm|=0.000596  |maxRot[o]|=0.0699
macro iter 34 (7 JK  2 micro), CASSCF E = -169.821933350061  dE = -0.00022327466  S^2 = 0.0000000
               |grad[o]|=0.00181  |grad[c]|= 0.010029501460454778  |ddm|=0.000635  |maxRot[o]|=0.0699
macro iter 35 (7 JK  2 micro), CASSCF E = -169.822130419356  dE = -0.0001970693  S^2 = 0.0000000
               |grad[o]|=0.00172  |grad[c]|= 0.01018117732882549  |ddm|=0.000674  |maxRot[o]|=0.0699
macro iter 36 (7 JK  2 micro), CASSCF E = -169.822296490642  dE = -0.00016607129  S^2 = 0.0000000
               |grad[o]|=0.00164  |grad[c]|= 0.010305586932607566  |ddm|=0.00072  |maxRot[o]|=0.0699
macro iter 37 (7 JK  2 micro), CASSCF E = -169.822427696073  dE = -0.00013120543  S^2 = 0.0000000
               |grad[o]|=0.00154  |grad[c]|= 0.010362908302947053  |ddm|=0.000781  |maxRot[o]|=0.0699
macro iter 38 (7 JK  2 micro), CASSCF E = -169.822521289305  dE = -9.3593232e-05  S^2 = 0.0000000
               |grad[o]|=0.0014  |grad[c]|= 0.010306353232331146  |ddm|=0.000875  |maxRot[o]|=0.0699
macro iter 39 (7 JK  2 micro), CASSCF E = -169.822575836071  dE = -5.4546767e-05  S^2 = 0.0000000
               |grad[o]|=0.0012  |grad[c]|= 0.01009670719638553  |ddm|=0.00106  |maxRot[o]|=0.0699
macro iter 40 (5 JK  2 micro), CASSCF E = -169.822587848003  dE = -1.2011932e-05  S^2 = 0.0000000
               |grad[o]|=0.000851  |grad[c]|= 0.0020685540385457263  |ddm|=0.000795  |maxRot[o]|= 0.03
macro iter 41 (9 JK  3 micro), CASSCF E = -169.822571740206  dE = 1.6107798e-05  S^2 = 0.0000000
               |grad[o]|=0.000461  |grad[c]|= 0.008043602273579553  |ddm|=0.000511  |maxRot[o]|=0.0657
macro iter 42 (7 JK  2 micro), CASSCF E = -169.822583004808  dE = -1.1264602e-05  S^2 = 0.0000000
               |grad[o]|=0.000472  |grad[c]|= 0.0018522108421764587  |ddm|=0.000152  |maxRot[o]|=0.021
macro iter 43 (6 JK  2 micro), CASSCF E = -169.822590761071  dE = -7.7562634e-06  S^2 = 0.0000000
               |grad[o]|=0.000282  |grad[c]|= 0.0022987693150922257  |ddm|=0.000201  |maxRot[o]|=0.0274
macro iter 44 (4 JK  1 micro), CASSCF E = -169.82259184756  dE = -1.0864882e-06  S^2 = 0.0000000
               |grad[o]|=0.00011  |grad[c]|= 0.0009023167369736311  |ddm|=0.00012  |maxRot[o]|=0.0108
macro iter 45 (4 JK  1 micro), CASSCF E = -169.822591958848  dE = -1.1128847e-07  S^2 = 0.0000000
               |grad[o]|=8.1e-05  |grad[c]|= 0.00035551529736011563  |ddm|=7.69e-05  |maxRot[o]|=0.00351
macro iter 46 (3 JK  1 micro), CASSCF E = -169.822591975537  dE = -1.6688801e-08  S^2 = 0.0000000
               |grad[o]|=3.15e-05  |grad[c]|= 0.00012432022707816113  |ddm|=3.21e-05  |maxRot[o]|=0.00121
1-step CASSCF converged in 46 macro (611 JK 134 micro) steps
CASSCF canonicalization
Density matrix diagonal elements [1.92941337 1.99353156 1.99754784 1.94643102 1.9950047  0.06245136
 0.07562015]
CASSCF energy = -169.822591975537
CASCI E = -169.822591975537  E(CI) = -33.8058406740544  S^2 = 0.0000000


******** <class 'pyscf.scf.uhf.UHF'> ********
method = UHF
initial guess = minao
damping factor = 0
level_shift factor = 0
DIIS = <class 'pyscf.scf.diis.CDIIS'>
diis_start_cycle = 1
diis_space = 10
SCF conv_tol = 1e-09
SCF conv_tol_grad = None
SCF max_cycles = 1000
direct_scf = True
direct_scf_tol = 1e-13
chkfile to save SCF result = /scratch/global/yangjunjie/test/410943/tmptwfqylc3
max_memory 4000 MB (current use 560 MB)
number electrons alpha = 14  beta = 14
Set gradient conv threshold to 3.16228e-05
init E= -169.581927199712
  alpha nocc = 14  HOMO = 0.408356549413103  LUMO = 0.49092113242251
  beta  nocc = 14  HOMO = 0.408356549413846  LUMO = 0.490921132422502
cycle= 1 E= -169.578082381222  delta_E= 0.00384  |g|= 0.00203  |ddm|= 0.0257
  alpha nocc = 14  HOMO = 0.408741637999194  LUMO = 0.491172964930537
  beta  nocc = 14  HOMO = 0.408741638000061  LUMO = 0.491172964930527
cycle= 2 E= -169.578087651703  delta_E= -5.27e-06  |g|= 0.000849  |ddm|= 0.00379
  alpha nocc = 14  HOMO = 0.408753636745602  LUMO = 0.491150815682038
  beta  nocc = 14  HOMO = 0.408753636746687  LUMO = 0.491150815682028
cycle= 3 E= -169.578089138717  delta_E= -1.49e-06  |g|= 0.000258  |ddm|= 0.00236
  alpha nocc = 14  HOMO = 0.408753456692861  LUMO = 0.491149673124465
  beta  nocc = 14  HOMO = 0.408753456694203  LUMO = 0.491149673124453
cycle= 4 E= -169.578089289198  delta_E= -1.5e-07  |g|= 5.63e-05  |ddm|= 0.0012
  alpha nocc = 14  HOMO = 0.408753041457228  LUMO = 0.49114908762956
  beta  nocc = 14  HOMO = 0.408753041458706  LUMO = 0.49114908762955
cycle= 5 E= -169.578089309734  delta_E= -2.05e-08  |g|= 4.16e-05  |ddm|= 0.000747
  alpha nocc = 14  HOMO = 0.408753059460431  LUMO = 0.491149076053662
  beta  nocc = 14  HOMO = 0.408753059461924  LUMO = 0.491149076053652
cycle= 6 E= -169.578089312841  delta_E= -3.11e-09  |g|= 4.3e-05  |ddm|= 0.000106
  alpha nocc = 14  HOMO = 0.40875328141675  LUMO = 0.491148926292917
  beta  nocc = 14  HOMO = 0.408753281417595  LUMO = 0.491148926293054
cycle= 7 E= -169.578089270119  delta_E= 4.27e-08  |g|= 1.22e-05  |ddm|= 0.00297
  alpha nocc = 14  HOMO = 0.40875332006976  LUMO = 0.491148874373483
  beta  nocc = 14  HOMO = 0.408753320071027  LUMO = 0.491148874373485
cycle= 8 E= -169.578089270702  delta_E= -5.83e-10  |g|= 1.39e-05  |ddm|= 0.000156
  alpha nocc = 14  HOMO = 0.408753317197401  LUMO = 0.491148865739595
  beta  nocc = 14  HOMO = 0.408753317198948  LUMO = 0.491148865739577
Extra cycle  E= -169.578089271566  delta_E= -8.64e-10  |g|= 1.67e-05  |ddm|= 0.000129
converged SCF energy = -169.578089271566  <S^2> = 6.3625681e-08  2S+1 = 1.0000001


******** <class 'pyscf.scf.uhf.UHF'> ********
method = UHF
initial guess = minao
damping factor = 0
level_shift factor = 0
DIIS = <class 'pyscf.scf.diis.CDIIS'>
diis_start_cycle = 1
diis_space = 10
SCF conv_tol = 1e-09
SCF conv_tol_grad = None
SCF max_cycles = 1000
direct_scf = True
direct_scf_tol = 1e-13
chkfile to save SCF result = /scratch/global/yangjunjie/test/410943/tmplleu_4zy
max_memory 4000 MB (current use 560 MB)
number electrons alpha = 15  beta = 13
Set gradient conv threshold to 3.16228e-05
init E= -169.700570838093
  alpha nocc = 15  HOMO = 0.397416899209937  LUMO = 0.569332962345161
  beta  nocc = 13  HOMO = 0.41497345264761  LUMO = 0.517632664355158
cycle= 1 E= -169.696370825202  delta_E= 0.0042  |g|= 0.00204  |ddm|= 0.0255
  alpha nocc = 15  HOMO = 0.397690797725067  LUMO = 0.569605737966838
  beta  nocc = 13  HOMO = 0.415249451685556  LUMO = 0.518067594366494
cycle= 2 E= -169.696376014655  delta_E= -5.19e-06  |g|= 0.000844  |ddm|= 0.0037
  alpha nocc = 15  HOMO = 0.397665133365006  LUMO = 0.56927784933906
  beta  nocc = 13  HOMO = 0.415224871179385  LUMO = 0.518077633015741
cycle= 3 E= -169.696377399466  delta_E= -1.38e-06  |g|= 0.000301  |ddm|= 0.00212
  alpha nocc = 15  HOMO = 0.397663850055975  LUMO = 0.569276663277699
  beta  nocc = 13  HOMO = 0.415223727545499  LUMO = 0.51808093095897
cycle= 4 E= -169.6963775608  delta_E= -1.61e-07  |g|= 7.63e-05  |ddm|= 0.000863
  alpha nocc = 15  HOMO = 0.397663587134228  LUMO = 0.569243136526879
  beta  nocc = 13  HOMO = 0.415223408573971  LUMO = 0.518080070013287
cycle= 5 E= -169.69637756786  delta_E= -7.06e-09  |g|= 1.58e-05  |ddm|= 0.000172
  alpha nocc = 15  HOMO = 0.397663329323262  LUMO = 0.56924027792672
  beta  nocc = 13  HOMO = 0.415223102952273  LUMO = 0.518080184097635
cycle= 6 E= -169.69637756845  delta_E= -5.9e-10  |g|= 1.02e-05  |ddm|= 4.51e-05
  alpha nocc = 15  HOMO = 0.397663359162035  LUMO = 0.569240824622773
  beta  nocc = 13  HOMO = 0.41522313342591  LUMO = 0.518080146292832
Extra cycle  E= -169.696377568636  delta_E= -1.87e-10  |g|= 8.03e-06  |ddm|= 1.87e-05
converged SCF energy = -169.696377568636  <S^2> = 3.0005413  2S+1 = 3.6058515
