

******** <class 'pyscf.scf.hf.RHF'> ********
method = RHF
initial guess = minao
damping factor = 0
level_shift factor = 0
DIIS = <class 'pyscf.scf.diis.CDIIS'>
diis_start_cycle = 1
diis_space = 10
SCF conv_tol = 1e-09
SCF conv_tol_grad = None
SCF max_cycles = 1000
direct_scf = True
direct_scf_tol = 1e-13
chkfile to save SCF result = /scratch/global/yangjunjie/test/410944/tmped768oe8
max_memory 4000 MB (current use 551 MB)
Set gradient conv threshold to 3.16228e-05
init E= -169.739513358125
  HOMO = 0.466382578608651  LUMO = 0.548782666795678
cycle= 1 E= -169.739587461864  delta_E= -7.41e-05  |g|= 0.00426  |ddm|= 0.0347
  HOMO = 0.466278341970362  LUMO = 0.548714211412759
cycle= 2 E= -169.739600065221  delta_E= -1.26e-05  |g|= 0.00214  |ddm|= 0.0108
  HOMO = 0.466244937960687  LUMO = 0.548719340056397
cycle= 3 E= -169.739604169038  delta_E= -4.1e-06  |g|= 0.00153  |ddm|= 0.00591
  HOMO = 0.466255513387701  LUMO = 0.548770761498301
cycle= 4 E= -169.739606244713  delta_E= -2.08e-06  |g|= 0.000549  |ddm|= 0.00422
  HOMO = 0.466241255870241  LUMO = 0.5487845392112
cycle= 5 E= -169.739606775509  delta_E= -5.31e-07  |g|= 0.000124  |ddm|= 0.00303
  HOMO = 0.466241626452433  LUMO = 0.548783509650893
cycle= 6 E= -169.739606804512  delta_E= -2.9e-08  |g|= 2.12e-05  |ddm|= 0.00132
  HOMO = 0.466242147197022  LUMO = 0.54878364583234
cycle= 7 E= -169.739606809858  delta_E= -5.35e-09  |g|= 1.93e-05  |ddm|= 0.000841
  HOMO = 0.466242204026542  LUMO = 0.54878345668732
cycle= 8 E= -169.739606815988  delta_E= -6.13e-09  |g|= 1.93e-05  |ddm|= 0.000994
  HOMO = 0.466242213830991  LUMO = 0.548783473151014
cycle= 9 E= -169.739606814595  delta_E= 1.39e-09  |g|= 1.93e-05  |ddm|= 0.000226
  HOMO = 0.466242209867823  LUMO = 0.548783465891798
cycle= 10 E= -169.739606815127  delta_E= -5.32e-10  |g|= 1.93e-05  |ddm|= 8.63e-05
  HOMO = 0.466242175078591  LUMO = 0.548783415966096
Extra cycle  E= -169.739606818892  delta_E= -3.77e-09  |g|= 1.94e-05  |ddm|= 0.000609
converged SCF energy = -169.739606818892

******** CASCI flags ********
CAS (5e+5e, 7o), ncore = 9, nvir = 7
natorb = False
canonicalization = True
sorting_mo_energy = False
max_memory 4000 (MB)
******** <class 'pyscf.fci.direct_spin1.FCISolver'> ********
max. cycles = 200
conv_tol = 1e-08
davidson only = False
linear dependence = 1e-10
level shift = 0.001
max iter space = 12
max_memory 4000 MB
nroots = 1
pspace_size = 400
spin = None
Density matrix diagonal elements [1.99970649e+00 1.99354106e+00 1.99728610e+00 1.99340525e+00
 1.99784358e+00 7.55472732e-04 1.74620466e-02]
CASCI converged
CASCI E = -169.745730968385  E(CI) = -25.0848888604768  S^2 = 0.0000000

******** <class 'pyscf.mcscf.mc1step.CASSCF'> ********
CAS (5e+5e, 7o), ncore = 9, nvir = 7
max_cycle_macro = 50
max_cycle_micro = 4
conv_tol = 1e-07
conv_tol_grad = None
orbital rotation max_stepsize = 0.02
orbital rotation threshold for CI restart = 0.01
augmented hessian ah_max_cycle = 30
augmented hessian ah_conv_tol = 1e-12
augmented hessian ah_linear dependence = 1e-14
augmented hessian ah_level shift = 1e-08
augmented hessian ah_start_tol = 2.5
augmented hessian ah_start_cycle = 3
augmented hessian ah_grad_trust_region = 3
kf_trust_region = 3
kf_interval = 4
ci_response_space = 4
ci_grad_trust_region = 3
with_dep4 0
natorb = False
canonicalization = True
sorting_mo_energy = False
ao2mo_level = 2
chkfile = /scratch/global/yangjunjie/test/410944/tmped768oe8
max_memory 4000 MB (current use 552 MB)
internal_rotation = False
******** <class 'pyscf.fci.direct_spin1.FCISolver'> ********
max. cycles = 50
conv_tol = 1e-08
davidson only = False
linear dependence = 1e-10
level shift = 0.001
max iter space = 12
max_memory 4000 MB
nroots = 1
pspace_size = 400
spin = None
CASCI E = -169.745730968385  S^2 = 0.0000000
Set conv_tol_grad to 0.000316228
macro iter 1 (21 JK  4 micro), CASSCF E = -169.747089965987  dE = -0.0013589976  S^2 = 0.0000000
               |grad[o]|=0.00563  |grad[c]|= 0.043912591828667566  |ddm|=0.00358  |maxRot[o]|=0.314
macro iter 2 (12 JK  3 micro), CASSCF E = -169.74779523401  dE = -0.00070526802  S^2 = 0.0000000
               |grad[o]|=0.00523  |grad[c]|= 0.0014693874657632187  |ddm|=0.00204  |maxRot[o]|=0.127
macro iter 3 (12 JK  3 micro), CASSCF E = -169.748278275444  dE = -0.00048304143  S^2 = 0.0000000
               |grad[o]|=0.00449  |grad[c]|= 0.004084187185051411  |ddm|=0.00261  |maxRot[o]|=0.0997
macro iter 4 (21 JK  4 micro), CASSCF E = -169.748939629603  dE = -0.00066135416  S^2 = 0.0000000
               |grad[o]|=0.00365  |grad[c]|= 0.020711768257994114  |ddm|=0.0353  |maxRot[o]|=0.209
macro iter 5 (21 JK  4 micro), CASSCF E = -169.750506970886  dE = -0.0015673413  S^2 = 0.0000000
               |grad[o]|=0.00474  |grad[c]|= 0.0302356618146791  |ddm|=0.0322  |maxRot[o]|=0.252
macro iter 6 (21 JK  4 micro), CASSCF E = -169.755941756733  dE = -0.0054347858  S^2 = 0.0000000
               |grad[o]|=0.00996  |grad[c]|= 0.05665050141587426  |ddm|=0.00536  |maxRot[o]|=0.313
macro iter 7 (21 JK  4 micro), CASSCF E = -169.769861632478  dE = -0.013919876  S^2 = 0.0000000
               |grad[o]|=0.0219  |grad[c]|= 0.07472820835999079  |ddm|=0.0444  |maxRot[o]|=0.308
macro iter 8 (21 JK  4 micro), CASSCF E = -169.785574057558  dE = -0.015712425  S^2 = 0.0000000
               |grad[o]|=0.0471  |grad[c]|= 0.06054271965176417  |ddm|=0.0799  |maxRot[o]|= 0.23
macro iter 9 (21 JK  4 micro), CASSCF E = -169.786526926532  dE = -0.00095286897  S^2 = 0.0000000
               |grad[o]|=0.0327  |grad[c]|= 0.013021044142445641  |ddm|=0.0128  |maxRot[o]|=0.147
macro iter 10 (21 JK  4 micro), CASSCF E = -169.787658675362  dE = -0.0011317488  S^2 = 0.0000000
               |grad[o]|=0.0233  |grad[c]|= 0.03649286215221326  |ddm|=0.0258  |maxRot[o]|=0.297
macro iter 11 (21 JK  4 micro), CASSCF E = -169.792071679327  dE = -0.004413004  S^2 = 0.0000000
               |grad[o]|=0.0187  |grad[c]|= 0.024776830030310663  |ddm|=0.017  |maxRot[o]|= 0.19
macro iter 12 (21 JK  4 micro), CASSCF E = -169.801739117495  dE = -0.0096674382  S^2 = 0.0000000
               |grad[o]|=0.0216  |grad[c]|= 0.03474109822703891  |ddm|=0.0752  |maxRot[o]|=0.201
macro iter 13 (21 JK  4 micro), CASSCF E = -169.813543670704  dE = -0.011804553  S^2 = 0.0000000
               |grad[o]|=0.0381  |grad[c]|= 0.03130749980420256  |ddm|=0.109  |maxRot[o]|=0.145
macro iter 14 (21 JK  4 micro), CASSCF E = -169.829885614497  dE = -0.016341944  S^2 = 0.0000000
               |grad[o]|=0.0362  |grad[c]|= 0.02356067717581068  |ddm|=0.0802  |maxRot[o]|=0.211
macro iter 15 (21 JK  4 micro), CASSCF E = -169.839859729705  dE = -0.0099741152  S^2 = 0.0000000
               |grad[o]|=0.0401  |grad[c]|= 0.019272831321747844  |ddm|=0.0675  |maxRot[o]|=0.137
macro iter 16 (21 JK  4 micro), CASSCF E = -169.848406220064  dE = -0.0085464904  S^2 = 0.0000000
               |grad[o]|=0.0331  |grad[c]|= 0.016713879779477983  |ddm|=0.0654  |maxRot[o]|=0.151
macro iter 17 (21 JK  4 micro), CASSCF E = -169.853435999577  dE = -0.0050297795  S^2 = 0.0000000
               |grad[o]|=0.0331  |grad[c]|= 0.009369135637790132  |ddm|=0.035  |maxRot[o]|=0.176
macro iter 18 (21 JK  4 micro), CASSCF E = -169.858978294362  dE = -0.0055422948  S^2 = 0.0000000
               |grad[o]|=0.0476  |grad[c]|= 0.039569521421821005  |ddm|=0.0544  |maxRot[o]|=0.126
macro iter 19 (21 JK  4 micro), CASSCF E = -169.860065060213  dE = -0.0010867659  S^2 = 0.0000000
               |grad[o]|=0.0316  |grad[c]|= 0.002912136761862705  |ddm|=0.00534  |maxRot[o]|= 0.16
macro iter 20 (21 JK  4 micro), CASSCF E = -169.861210203315  dE = -0.0011451431  S^2 = 0.0000000
               |grad[o]|=0.0404  |grad[c]|= 0.004070387491577938  |ddm|=0.00611  |maxRot[o]|= 0.14
macro iter 21 (21 JK  4 micro), CASSCF E = -169.861992657143  dE = -0.00078245383  S^2 = 0.0000000
               |grad[o]|=0.0215  |grad[c]|= 0.005649828754925081  |ddm|=0.00749  |maxRot[o]|=0.152
macro iter 22 (17 JK  4 micro), CASSCF E = -169.862478039999  dE = -0.00048538286  S^2 = 0.0000000
               |grad[o]|=0.0251  |grad[c]|= 0.003527228290392561  |ddm|=0.00564  |maxRot[o]|=0.0582
macro iter 23 (21 JK  4 micro), CASSCF E = -169.862764790192  dE = -0.00028675019  S^2 = 0.0000000
               |grad[o]|=0.0202  |grad[c]|= 0.002794613915919324  |ddm|=0.00265  |maxRot[o]|=0.0581
macro iter 24 (21 JK  4 micro), CASSCF E = -169.862770102332  dE = -5.3121404e-06  S^2 = 0.0000000
               |grad[o]|=0.00219  |grad[c]|= 0.0013556672855534982  |ddm|=0.0022  |maxRot[o]|=0.0707
macro iter 25 (12 JK  3 micro), CASSCF E = -169.862809461562  dE = -3.935923e-05  S^2 = 0.0000000
               |grad[o]|=0.00074  |grad[c]|= 0.014614064270093648  |ddm|=0.00157  |maxRot[o]|=0.0588
macro iter 26 (7 JK  2 micro), CASSCF E = -169.862856626846  dE = -4.7165284e-05  S^2 = 0.0000000
               |grad[o]|=0.000667  |grad[c]|= 0.013554750510139367  |ddm|=0.00271  |maxRot[o]|=0.0699
macro iter 27 (5 JK  2 micro), CASSCF E = -169.86286126833  dE = -4.6414841e-06  S^2 = 0.0000000
               |grad[o]|=0.000348  |grad[c]|= 0.0013248490449996374  |ddm|=0.000479  |maxRot[o]|=0.0238
macro iter 28 (4 JK  1 micro), CASSCF E = -169.862861632439  dE = -3.6410938e-07  S^2 = 0.0000000
               |grad[o]|=0.000163  |grad[c]|= 0.0005076519950546348  |ddm|=0.000121  |maxRot[o]|=0.00798
macro iter 29 (3 JK  1 micro), CASSCF E = -169.862861645736  dE = -1.3297495e-08  S^2 = 0.0000000
               |grad[o]|=5.02e-05  |grad[c]|= 9.525281388387254e-05  |ddm|=4.24e-05  |maxRot[o]|=0.00148
1-step CASSCF converged in 29 macro (513 JK 103 micro) steps
CASSCF canonicalization
Density matrix diagonal elements [1.92476352 1.99065602 1.92450159 1.99216305 1.99838915 0.08154726
 0.0879794 ]
CASSCF energy = -169.862861645736
CASCI E = -169.862861645736  E(CI) = -34.3196161805076  S^2 = 0.0000000


******** <class 'pyscf.scf.uhf.UHF'> ********
method = UHF
initial guess = minao
damping factor = 0
level_shift factor = 0
DIIS = <class 'pyscf.scf.diis.CDIIS'>
diis_start_cycle = 1
diis_space = 10
SCF conv_tol = 1e-09
SCF conv_tol_grad = None
SCF max_cycles = 1000
direct_scf = True
direct_scf_tol = 1e-13
chkfile to save SCF result = /scratch/global/yangjunjie/test/410944/tmp297oszrk
max_memory 4000 MB (current use 552 MB)
number electrons alpha = 14  beta = 14
Set gradient conv threshold to 3.16228e-05
init E= -169.694081755212
  alpha nocc = 14  HOMO = 0.408778652881126  LUMO = 0.492538475497954
  beta  nocc = 14  HOMO = 0.40877864858422  LUMO = 0.49253847483406
cycle= 1 E= -169.694106144267  delta_E= -2.44e-05  |g|= 0.00305  |ddm|= 0.0245
  alpha nocc = 14  HOMO = 0.407948565505085  LUMO = 0.491569375506828
  beta  nocc = 14  HOMO = 0.407948561913732  LUMO = 0.491569374958942
cycle= 2 E= -169.694115700089  delta_E= -9.56e-06  |g|= 0.00133  |ddm|= 0.00599
  alpha nocc = 14  HOMO = 0.40797100636628  LUMO = 0.491575057941839
  beta  nocc = 14  HOMO = 0.407971003260788  LUMO = 0.49157505747333
cycle= 3 E= -169.694118042424  delta_E= -2.34e-06  |g|= 0.000728  |ddm|= 0.0022
  alpha nocc = 14  HOMO = 0.407980424800187  LUMO = 0.491563393793736
  beta  nocc = 14  HOMO = 0.407980422610168  LUMO = 0.491563393476531
cycle= 4 E= -169.694119292818  delta_E= -1.25e-06  |g|= 0.000129  |ddm|= 0.00252
  alpha nocc = 14  HOMO = 0.407977081884003  LUMO = 0.491562403015239
  beta  nocc = 14  HOMO = 0.407977080202505  LUMO = 0.491562402779783
cycle= 5 E= -169.694119331066  delta_E= -3.82e-08  |g|= 3.35e-05  |ddm|= 0.000496
  alpha nocc = 14  HOMO = 0.407976947845398  LUMO = 0.491561818641565
  beta  nocc = 14  HOMO = 0.407976946519159  LUMO = 0.491561818460657
cycle= 6 E= -169.694119333681  delta_E= -2.62e-09  |g|= 3.1e-05  |ddm|= 6.57e-05
  alpha nocc = 14  HOMO = 0.407976978823015  LUMO = 0.491561848029366
  beta  nocc = 14  HOMO = 0.407976977939814  LUMO = 0.491561847914186
cycle= 7 E= -169.694119337291  delta_E= -3.61e-09  |g|= 3.07e-05  |ddm|= 8.45e-05
  alpha nocc = 14  HOMO = 0.40797697934583  LUMO = 0.491561847399116
  beta  nocc = 14  HOMO = 0.407976978441534  LUMO = 0.491561847281021
cycle= 8 E= -169.694119337034  delta_E= 2.57e-10  |g|= 3.07e-05  |ddm|= 5.93e-06
  alpha nocc = 14  HOMO = 0.407976976849868  LUMO = 0.491561850622535
  beta  nocc = 14  HOMO = 0.407976976086073  LUMO = 0.491561850523907
Extra cycle  E= -169.694119338704  delta_E= -1.67e-09  |g|= 3.07e-05  |ddm|= 3.85e-05
converged SCF energy = -169.694119338704  <S^2> = 1.0010815  2S+1 = 2.2370351


******** <class 'pyscf.scf.uhf.UHF'> ********
method = UHF
initial guess = minao
damping factor = 0
level_shift factor = 0
DIIS = <class 'pyscf.scf.diis.CDIIS'>
diis_start_cycle = 1
diis_space = 10
SCF conv_tol = 1e-09
SCF conv_tol_grad = None
SCF max_cycles = 1000
direct_scf = True
direct_scf_tol = 1e-13
chkfile to save SCF result = /scratch/global/yangjunjie/test/410944/tmp895qn21m
max_memory 4000 MB (current use 552 MB)
number electrons alpha = 15  beta = 13
Set gradient conv threshold to 3.16228e-05
init E= -169.697108746796
  alpha nocc = 15  HOMO = 0.481982584297466  LUMO = 0.536907605962442
  beta  nocc = 13  HOMO = 0.365874223526563  LUMO = 0.562906107809329
cycle= 1 E= -169.695989157311  delta_E= 0.00112  |g|= 0.00306  |ddm|= 0.0293
  alpha nocc = 15  HOMO = 0.481812224676434  LUMO = 0.537020987838375
  beta  nocc = 13  HOMO = 0.366187920291989  LUMO = 0.563036698251398
cycle= 2 E= -169.69600527405  delta_E= -1.61e-05  |g|= 0.00184  |ddm|= 0.00932
  alpha nocc = 15  HOMO = 0.481628500274747  LUMO = 0.537017482828038
  beta  nocc = 13  HOMO = 0.36607225397723  LUMO = 0.562975385103797
cycle= 3 E= -169.696015612855  delta_E= -1.03e-05  |g|= 0.00143  |ddm|= 0.00749
  alpha nocc = 15  HOMO = 0.48207959244345  LUMO = 0.537045719197155
  beta  nocc = 13  HOMO = 0.366033300830344  LUMO = 0.562948316329685
cycle= 4 E= -169.696034928071  delta_E= -1.93e-05  |g|= 0.00139  |ddm|= 0.0209
  alpha nocc = 15  HOMO = 0.482023375464139  LUMO = 0.537055260847354
  beta  nocc = 13  HOMO = 0.365953286252245  LUMO = 0.562921882060946
cycle= 5 E= -169.696062828336  delta_E= -2.79e-05  |g|= 0.00197  |ddm|= 0.0229
  alpha nocc = 15  HOMO = 0.481845538967631  LUMO = 0.537086148860181
  beta  nocc = 13  HOMO = 0.365869984077848  LUMO = 0.562873447341213
cycle= 6 E= -169.696032050494  delta_E= 3.08e-05  |g|= 0.00084  |ddm|= 0.0401
  alpha nocc = 15  HOMO = 0.482261831764586  LUMO = 0.537044386156219
  beta  nocc = 13  HOMO = 0.365674499787242  LUMO = 0.562826418085033
cycle= 7 E= -169.696036060645  delta_E= -4.01e-06  |g|= 0.000582  |ddm|= 0.012
  alpha nocc = 15  HOMO = 0.482565530590316  LUMO = 0.537101209751323
  beta  nocc = 13  HOMO = 0.365664954878079  LUMO = 0.562843925914905
cycle= 8 E= -169.696038953147  delta_E= -2.89e-06  |g|= 0.000484  |ddm|= 0.00618
  alpha nocc = 15  HOMO = 0.482740753247763  LUMO = 0.537064540693214
  beta  nocc = 13  HOMO = 0.365558911401994  LUMO = 0.562839693754592
cycle= 9 E= -169.696041223588  delta_E= -2.27e-06  |g|= 0.000408  |ddm|= 0.00516
  alpha nocc = 15  HOMO = 0.482845925136494  LUMO = 0.537038820528422
  beta  nocc = 13  HOMO = 0.365522799258067  LUMO = 0.562871907435306
cycle= 10 E= -169.696044632982  delta_E= -3.41e-06  |g|= 0.000224  |ddm|= 0.0104
  alpha nocc = 15  HOMO = 0.482906017922091  LUMO = 0.536997275056523
  beta  nocc = 13  HOMO = 0.365530658511839  LUMO = 0.562893313318369
cycle= 11 E= -169.696045665147  delta_E= -1.03e-06  |g|= 9.2e-05  |ddm|= 0.00689
  alpha nocc = 15  HOMO = 0.482925916117822  LUMO = 0.53698878778352
  beta  nocc = 13  HOMO = 0.365561731771733  LUMO = 0.562901314650621
cycle= 12 E= -169.696045799821  delta_E= -1.35e-07  |g|= 3.44e-05  |ddm|= 0.00255
  alpha nocc = 15  HOMO = 0.482917065441185  LUMO = 0.536981759699027
  beta  nocc = 13  HOMO = 0.365567401684952  LUMO = 0.562899622381481
cycle= 13 E= -169.696045819164  delta_E= -1.93e-08  |g|= 2.12e-05  |ddm|= 0.00109
  alpha nocc = 15  HOMO = 0.482905282018816  LUMO = 0.53698058043816
  beta  nocc = 13  HOMO = 0.365574369388331  LUMO = 0.562896557708364
cycle= 14 E= -169.696045830956  delta_E= -1.18e-08  |g|= 1.87e-05  |ddm|= 0.000955
  alpha nocc = 15  HOMO = 0.482896599442093  LUMO = 0.536980392488505
  beta  nocc = 13  HOMO = 0.36557995487096  LUMO = 0.562894121405201
cycle= 15 E= -169.696045843517  delta_E= -1.26e-08  |g|= 1.8e-05  |ddm|= 0.00106
  alpha nocc = 15  HOMO = 0.48289379712725  LUMO = 0.536980295011334
  beta  nocc = 13  HOMO = 0.365582729611765  LUMO = 0.56289302062822
cycle= 16 E= -169.696045856505  delta_E= -1.3e-08  |g|= 1.8e-05  |ddm|= 0.00109
  alpha nocc = 15  HOMO = 0.482893212456197  LUMO = 0.53698031962289
  beta  nocc = 13  HOMO = 0.365583178525378  LUMO = 0.562892848056621
cycle= 17 E= -169.696045859702  delta_E= -3.2e-09  |g|= 1.81e-05  |ddm|= 0.000262
  alpha nocc = 15  HOMO = 0.482893805782762  LUMO = 0.536980231714445
  beta  nocc = 13  HOMO = 0.36558188628597  LUMO = 0.562893419281172
cycle= 18 E= -169.696045842621  delta_E= 1.71e-08  |g|= 1.74e-05  |ddm|= 0.00144
  alpha nocc = 15  HOMO = 0.482893011594702  LUMO = 0.536980091229738
  beta  nocc = 13  HOMO = 0.365580410397052  LUMO = 0.562893486817261
cycle= 19 E= -169.696045813374  delta_E= 2.92e-08  |g|= 1.75e-05  |ddm|= 0.00287
  alpha nocc = 15  HOMO = 0.482893265137929  LUMO = 0.536980068587986
  beta  nocc = 13  HOMO = 0.365580256626168  LUMO = 0.562893450140736
cycle= 20 E= -169.696045812039  delta_E= 1.34e-09  |g|= 1.8e-05  |ddm|= 0.000173
  alpha nocc = 15  HOMO = 0.482889980197788  LUMO = 0.536980317703011
  beta  nocc = 13  HOMO = 0.365581606977955  LUMO = 0.5628931115198
cycle= 21 E= -169.696045800447  delta_E= 1.16e-08  |g|= 1.63e-05  |ddm|= 0.00121
  alpha nocc = 15  HOMO = 0.482887760242011  LUMO = 0.536980541085249
  beta  nocc = 13  HOMO = 0.365583543451594  LUMO = 0.562892525598862
cycle= 22 E= -169.696045792213  delta_E= 8.23e-09  |g|= 1.58e-05  |ddm|= 0.000956
  alpha nocc = 15  HOMO = 0.48288735260963  LUMO = 0.536980798326868
  beta  nocc = 13  HOMO = 0.36558389253758  LUMO = 0.562892298039262
cycle= 23 E= -169.69604579164  delta_E= 5.73e-10  |g|= 1.59e-05  |ddm|= 7.09e-05
  alpha nocc = 15  HOMO = 0.482887784525346  LUMO = 0.536980802985649
  beta  nocc = 13  HOMO = 0.365584784851217  LUMO = 0.562892107241837
Extra cycle  E= -169.696045797632  delta_E= -5.99e-09  |g|= 2.28e-05  |ddm|= 0.000434
converged SCF energy = -169.696045797632  <S^2> = 3.4087996  2S+1 = 3.8255978
