

******** <class 'pyscf.scf.hf.RHF'> ********
method = RHF
initial guess = minao
damping factor = 0
level_shift factor = 0
DIIS = <class 'pyscf.scf.diis.CDIIS'>
diis_start_cycle = 1
diis_space = 10
SCF conv_tol = 1e-09
SCF conv_tol_grad = None
SCF max_cycles = 1000
direct_scf = True
direct_scf_tol = 1e-13
chkfile to save SCF result = /scratch/global/yangjunjie/test/410949/tmpk85fyquw
max_memory 4000 MB (current use 578 MB)
Set gradient conv threshold to 3.16228e-05
init E= -169.749371469608
  HOMO = 0.464599764529484  LUMO = 0.551804584265031
cycle= 1 E= -169.747804212669  delta_E= 0.00157  |g|= 0.00454  |ddm|= 0.0376
  HOMO = 0.464696404077492  LUMO = 0.551963825352661
cycle= 2 E= -169.747818379315  delta_E= -1.42e-05  |g|= 0.00243  |ddm|= 0.0128
  HOMO = 0.464645077969072  LUMO = 0.551949400605457
cycle= 3 E= -169.747822507726  delta_E= -4.13e-06  |g|= 0.00158  |ddm|= 0.00582
  HOMO = 0.464646786105704  LUMO = 0.55200327559908
cycle= 4 E= -169.747824945742  delta_E= -2.44e-06  |g|= 0.000531  |ddm|= 0.00522
  HOMO = 0.464635253434806  LUMO = 0.552020502287026
cycle= 5 E= -169.747825400296  delta_E= -4.55e-07  |g|= 0.000126  |ddm|= 0.00253
  HOMO = 0.464636831555403  LUMO = 0.552021527713772
cycle= 6 E= -169.747825422569  delta_E= -2.23e-08  |g|= 8.09e-06  |ddm|= 0.000709
  HOMO = 0.464636895946372  LUMO = 0.552021556141656
cycle= 7 E= -169.747825422707  delta_E= -1.38e-10  |g|= 2.6e-06  |ddm|= 5.36e-05
  HOMO = 0.464636916809361  LUMO = 0.55202144979414
Extra cycle  E= -169.747825422721  delta_E= -1.42e-11  |g|= 1.37e-06  |ddm|= 1.35e-05
converged SCF energy = -169.747825422721

******** CASCI flags ********
CAS (6e+6e, 10o), ncore = 8, nvir = 5
natorb = False
canonicalization = True
sorting_mo_energy = False
max_memory 4000 (MB)
******** <class 'pyscf.fci.direct_spin1.FCISolver'> ********
max. cycles = 200
conv_tol = 1e-08
davidson only = False
linear dependence = 1e-10
level shift = 0.001
max iter space = 12
max_memory 4000 MB
nroots = 1
pspace_size = 400
spin = None
Density matrix diagonal elements [1.99901726e+00 1.99770071e+00 1.99542233e+00 1.99910681e+00
 1.99710009e+00 1.98898745e+00 9.81262987e-03 1.42336663e-03
 1.12379671e-02 1.91389318e-04]
CASCI converged
CASCI E = -169.757757978415  E(CI) = -46.7251191897384  S^2 = 0.0000000

******** <class 'pyscf.mcscf.mc1step.CASSCF'> ********
CAS (6e+6e, 10o), ncore = 8, nvir = 5
max_cycle_macro = 200
max_cycle_micro = 200
conv_tol = 1e-07
conv_tol_grad = None
orbital rotation max_stepsize = 0.02
orbital rotation threshold for CI restart = 0.01
augmented hessian ah_max_cycle = 30
augmented hessian ah_conv_tol = 1e-12
augmented hessian ah_linear dependence = 1e-14
augmented hessian ah_level shift = 1e-08
augmented hessian ah_start_tol = 2.5
augmented hessian ah_start_cycle = 3
augmented hessian ah_grad_trust_region = 3
kf_trust_region = 3
kf_interval = 4
ci_response_space = 4
ci_grad_trust_region = 3
with_dep4 0
natorb = False
canonicalization = True
sorting_mo_energy = False
ao2mo_level = 2
chkfile = /scratch/global/yangjunjie/test/410949/tmpk85fyquw
max_memory 4000 MB (current use 578 MB)
internal_rotation = False
******** <class 'pyscf.fci.direct_spin1.FCISolver'> ********
max. cycles = 200
conv_tol = 1e-08
davidson only = False
linear dependence = 1e-10
level shift = 0.001
max iter space = 12
max_memory 4000 MB
nroots = 1
pspace_size = 400
spin = None
CASCI E = -169.757757978415  S^2 = 0.0000000
Set conv_tol_grad to 0.000316228
macro iter 1 (37 JK  8 micro), CASSCF E = -169.768840710526  dE = -0.011082732  S^2 = 0.0000000
               |grad[o]|=0.013  |grad[c]|= 0.08229670820629058  |ddm|=0.0703  |maxRot[o]|=0.528
macro iter 2 (37 JK  8 micro), CASSCF E = -169.790051406137  dE = -0.021210696  S^2 = 0.0000000
               |grad[o]|=0.0208  |grad[c]|= 0.12661048034654587  |ddm|=0.0446  |maxRot[o]|=0.399
macro iter 3 (37 JK  8 micro), CASSCF E = -169.80947270242  dE = -0.019421296  S^2 = 0.0000000
               |grad[o]|=0.0388  |grad[c]|= 0.07776277904947304  |ddm|=0.0636  |maxRot[o]|=0.275
macro iter 4 (37 JK  8 micro), CASSCF E = -169.817846057414  dE = -0.008373355  S^2 = 0.0000000
               |grad[o]|=0.0357  |grad[c]|= 0.02640982492988011  |ddm|=0.0367  |maxRot[o]|= 0.37
macro iter 5 (37 JK  8 micro), CASSCF E = -169.821567305623  dE = -0.0037212482  S^2 = 0.0000000
               |grad[o]|=0.021  |grad[c]|= 0.02174854280346733  |ddm|=0.0224  |maxRot[o]|=0.225
macro iter 6 (37 JK  8 micro), CASSCF E = -169.826039598648  dE = -0.004472293  S^2 = 0.0000000
               |grad[o]|=0.0207  |grad[c]|= 0.02154839511312733  |ddm|=0.0255  |maxRot[o]|=0.121
macro iter 7 (37 JK  8 micro), CASSCF E = -169.831767100715  dE = -0.0057275021  S^2 = 0.0000000
               |grad[o]|=0.0234  |grad[c]|= 0.02157945414554981  |ddm|=0.049  |maxRot[o]|=0.0973
macro iter 8 (37 JK  8 micro), CASSCF E = -169.838336770454  dE = -0.0065696697  S^2 = 0.0000000
               |grad[o]|=0.0273  |grad[c]|= 0.021928064689127044  |ddm|=0.0665  |maxRot[o]|=0.0799
macro iter 9 (37 JK  8 micro), CASSCF E = -169.845324885393  dE = -0.0069881149  S^2 = 0.0000000
               |grad[o]|=0.0311  |grad[c]|= 0.022130716613497574  |ddm|=0.0738  |maxRot[o]|=0.0799
macro iter 10 (37 JK  8 micro), CASSCF E = -169.85279098516  dE = -0.0074660998  S^2 = 0.0000000
               |grad[o]|=0.0335  |grad[c]|= 0.022300299797569065  |ddm|=0.0742  |maxRot[o]|=0.0799
macro iter 11 (12 JK  3 micro), CASSCF E = -169.865782689955  dE = -0.012991705  S^2 = 0.0000000
               |grad[o]|=0.0341  |grad[c]|= 0.046206531100814796  |ddm|=0.114  |maxRot[o]|=0.149
macro iter 12 (37 JK  8 micro), CASSCF E = -169.872560343079  dE = -0.0067776531  S^2 = 0.0000000
               |grad[o]|=0.0305  |grad[c]|= 0.028433478087790266  |ddm|=0.0499  |maxRot[o]|=0.103
macro iter 13 (37 JK  8 micro), CASSCF E = -169.87752305107  dE = -0.004962708  S^2 = 0.0000000
               |grad[o]|=0.0258  |grad[c]|= 0.01893318616001536  |ddm|=0.0403  |maxRot[o]|=0.0694
macro iter 14 (37 JK  8 micro), CASSCF E = -169.881314986061  dE = -0.003791935  S^2 = 0.0000000
               |grad[o]|=0.0211  |grad[c]|= 0.019097660030365594  |ddm|=0.0337  |maxRot[o]|=0.0992
macro iter 15 (37 JK  8 micro), CASSCF E = -169.883627937728  dE = -0.0023129517  S^2 = 0.0000000
               |grad[o]|=0.0159  |grad[c]|= 0.012344180142257653  |ddm|=0.0297  |maxRot[o]|=0.0717
macro iter 16 (12 JK  3 micro), CASSCF E = -169.88522802406  dE = -0.0016000863  S^2 = 0.0000000
               |grad[o]|=0.0115  |grad[c]|= 0.02758778180388276  |ddm|=0.019  |maxRot[o]|=0.132
macro iter 17 (12 JK  3 micro), CASSCF E = -169.885978204819  dE = -0.00075018076  S^2 = 0.0000000
               |grad[o]|=0.0086  |grad[c]|= 0.01708248019157061  |ddm|=0.00863  |maxRot[o]|=0.0861
macro iter 18 (12 JK  3 micro), CASSCF E = -169.886590874172  dE = -0.00061266935  S^2 = 0.0000000
               |grad[o]|=0.00813  |grad[c]|= 0.017631215762654147  |ddm|=0.00787  |maxRot[o]|=0.0859
macro iter 19 (12 JK  3 micro), CASSCF E = -169.887062879677  dE = -0.0004720055  S^2 = 0.0000000
               |grad[o]|=0.00596  |grad[c]|= 0.017304581010474763  |ddm|=0.00705  |maxRot[o]|=0.0707
macro iter 20 (12 JK  3 micro), CASSCF E = -169.887451668555  dE = -0.00038878888  S^2 = 0.0000000
               |grad[o]|=0.00567  |grad[c]|= 0.01526726782686037  |ddm|=0.0048  |maxRot[o]|=0.0686
macro iter 21 (22 JK  5 micro), CASSCF E = -169.887235609615  dE = 0.00021605894  S^2 = 0.0000000
               |grad[o]|=0.00549  |grad[c]|= 0.06672111810635453  |ddm|=0.0069  |maxRot[o]|=0.108
macro iter 22 (37 JK  8 micro), CASSCF E = -169.887611679856  dE = -0.00037607024  S^2 = 0.0000000
               |grad[o]|=0.00385  |grad[c]|= 0.0021507473217481795  |ddm|=0.00221  |maxRot[o]|=0.0684
macro iter 23 (12 JK  3 micro), CASSCF E = -169.887963785123  dE = -0.00035210527  S^2 = 0.0000000
               |grad[o]|=0.00379  |grad[c]|= 0.004336823197021095  |ddm|=0.00165  |maxRot[o]|=0.0604
macro iter 24 (12 JK  3 micro), CASSCF E = -169.88834077276  dE = -0.00037698764  S^2 = 0.0000000
               |grad[o]|=0.00393  |grad[c]|= 0.008431909100056503  |ddm|=0.00232  |maxRot[o]|=0.0588
macro iter 25 (12 JK  3 micro), CASSCF E = -169.888664297548  dE = -0.00032352479  S^2 = 0.0000000
               |grad[o]|=0.00418  |grad[c]|= 0.01224452354898272  |ddm|=0.002  |maxRot[o]|=0.0565
macro iter 26 (22 JK  5 micro), CASSCF E = -169.888041184214  dE = 0.00062311333  S^2 = 0.0000000
               |grad[o]|=0.00436  |grad[c]|= 0.039929765128603134  |ddm|=0.00703  |maxRot[o]|=0.0936
macro iter 27 (27 JK  6 micro), CASSCF E = -169.888412934615  dE = -0.0003717504  S^2 = 0.0000000
               |grad[o]|=0.00346  |grad[c]|= 0.000979603917262292  |ddm|=0.00205  |maxRot[o]|=0.0565
macro iter 28 (12 JK  3 micro), CASSCF E = -169.888995781708  dE = -0.00058284709  S^2 = 0.0000000
               |grad[o]|=0.00367  |grad[c]|= 0.0033962581025722845  |ddm|=0.00282  |maxRot[o]|=0.0781
macro iter 29 (12 JK  3 micro), CASSCF E = -169.889455766677  dE = -0.00045998497  S^2 = 0.0000000
               |grad[o]|=0.00428  |grad[c]|= 0.009631693522459375  |ddm|=0.00371  |maxRot[o]|=0.0538
macro iter 30 (12 JK  3 micro), CASSCF E = -169.889685252578  dE = -0.0002294859  S^2 = 0.0000000
               |grad[o]|=0.00486  |grad[c]|= 0.012558705684284764  |ddm|=0.00174  |maxRot[o]|=0.0552
macro iter 31 (37 JK  8 micro), CASSCF E = -169.890520108115  dE = -0.00083485554  S^2 = 0.0000000
               |grad[o]|=0.00507  |grad[c]|= 0.0012912072054579921  |ddm|=0.00459  |maxRot[o]|=0.079
macro iter 32 (22 JK  5 micro), CASSCF E = -169.891117184302  dE = -0.00059707619  S^2 = 0.0000000
               |grad[o]|=0.0059  |grad[c]|= 0.01307806008609374  |ddm|=0.0029  |maxRot[o]|=0.0586
macro iter 33 (22 JK  5 micro), CASSCF E = -169.891379802289  dE = -0.00026261799  S^2 = 0.0000000
               |grad[o]|=0.00651  |grad[c]|= 0.03585386661721016  |ddm|=0.00563  |maxRot[o]|=0.0751
macro iter 34 (12 JK  3 micro), CASSCF E = -169.891960263634  dE = -0.00058046134  S^2 = 0.0000000
               |grad[o]|=0.00682  |grad[c]|= 0.020364290437751554  |ddm|=0.00421  |maxRot[o]|=0.0595
macro iter 35 (12 JK  3 micro), CASSCF E = -169.892705932027  dE = -0.00074566839  S^2 = 0.0000000
               |grad[o]|=0.0074  |grad[c]|= 0.0187437380863123  |ddm|=0.00395  |maxRot[o]|=0.062
macro iter 36 (22 JK  5 micro), CASSCF E = -169.893962871624  dE = -0.0012569396  S^2 = 0.0000000
               |grad[o]|=0.0081  |grad[c]|= 0.013008503781803694  |ddm|=0.00629  |maxRot[o]|=0.0761
macro iter 37 (37 JK  8 micro), CASSCF E = -169.89460632153  dE = -0.00064344991  S^2 = 0.0000000
               |grad[o]|=0.00874  |grad[c]|= 0.0030675209959381902  |ddm|=0.00392  |maxRot[o]|=0.0363
macro iter 38 (12 JK  3 micro), CASSCF E = -169.895662791389  dE = -0.0010564699  S^2 = 0.0000000
               |grad[o]|=0.00845  |grad[c]|= 0.015812818319137955  |ddm|=0.00542  |maxRot[o]|=0.0638
macro iter 39 (37 JK  8 micro), CASSCF E = -169.896348733372  dE = -0.00068594198  S^2 = 0.0000000
               |grad[o]|=0.00817  |grad[c]|= 0.005166341848000791  |ddm|=0.0042  |maxRot[o]|=0.0438
macro iter 40 (37 JK  8 micro), CASSCF E = -169.896874066814  dE = -0.00052533344  S^2 = 0.0000000
               |grad[o]|=0.00703  |grad[c]|= 0.005943249293184076  |ddm|=0.00336  |maxRot[o]|=0.0409
macro iter 41 (7 JK  2 micro), CASSCF E = -169.897425005159  dE = -0.00055093834  S^2 = 0.0000000
               |grad[o]|=0.0056  |grad[c]|= 0.014885837959761578  |ddm|=0.00373  |maxRot[o]|=0.0627
macro iter 42 (6 JK  2 micro), CASSCF E = -169.897540626121  dE = -0.00011562096  S^2 = 0.0000000
               |grad[o]|=0.00278  |grad[c]|= 0.01210622771182415  |ddm|=0.00243  |maxRot[o]|= 0.05
macro iter 43 (20 JK  5 micro), CASSCF E = -169.897553865547  dE = -1.3239426e-05  S^2 = 0.0000000
               |grad[o]|=0.0013  |grad[c]|= 0.05574701322009812  |ddm|=0.00459  |maxRot[o]|=0.0951
macro iter 44 (7 JK  2 micro), CASSCF E = -169.897608775553  dE = -5.4910005e-05  S^2 = 0.0000000
               |grad[o]|=0.00121  |grad[c]|= 0.012958597628426919  |ddm|=0.00212  |maxRot[o]|=0.0581
macro iter 45 (7 JK  2 micro), CASSCF E = -169.897698294201  dE = -8.9518648e-05  S^2 = 0.0000000
               |grad[o]|=0.000756  |grad[c]|= 0.006573513518635249  |ddm|=0.00188  |maxRot[o]|=0.0618
macro iter 46 (26 JK  6 micro), CASSCF E = -169.897613068167  dE = 8.5226034e-05  S^2 = 0.0000000
               |grad[o]|=0.00123  |grad[c]|= 0.0527813687518165  |ddm|=0.00377  |maxRot[o]|=0.114
macro iter 47 (37 JK  8 micro), CASSCF E = -169.897688652589  dE = -7.5584421e-05  S^2 = 0.0000000
               |grad[o]|=0.00162  |grad[c]|= 0.0023000621065343238  |ddm|=0.00119  |maxRot[o]|=0.0417
macro iter 48 (37 JK  8 micro), CASSCF E = -169.897762641614  dE = -7.3989025e-05  S^2 = 0.0000000
               |grad[o]|=0.00123  |grad[c]|= 0.0022775824873463623  |ddm|=0.00131  |maxRot[o]|=0.0371
macro iter 49 (12 JK  3 micro), CASSCF E = -169.897907679466  dE = -0.00014503785  S^2 = 0.0000000
               |grad[o]|=0.00126  |grad[c]|= 0.010579177349549553  |ddm|=0.0026  |maxRot[o]|=0.0502
macro iter 50 (12 JK  3 micro), CASSCF E = -169.898076654217  dE = -0.00016897475  S^2 = 0.0000000
               |grad[o]|=0.00159  |grad[c]|= 0.010405106085027413  |ddm|=0.00287  |maxRot[o]|=0.0499
macro iter 51 (7 JK  2 micro), CASSCF E = -169.898334360791  dE = -0.00025770657  S^2 = 0.0000000
               |grad[o]|=0.0019  |grad[c]|= 0.0044057841566651  |ddm|=0.00318  |maxRot[o]|=0.0649
macro iter 52 (7 JK  2 micro), CASSCF E = -169.898644811154  dE = -0.00031045036  S^2 = 0.0000000
               |grad[o]|=0.00241  |grad[c]|= 0.0036091102162022735  |ddm|=0.00362  |maxRot[o]|=0.0673
macro iter 53 (22 JK  5 micro), CASSCF E = -169.898239517785  dE = 0.00040529337  S^2 = 0.0000000
               |grad[o]|=0.00286  |grad[c]|= 0.05782398406925153  |ddm|=0.004  |maxRot[o]|=0.101
macro iter 54 (37 JK  8 micro), CASSCF E = -169.898436223321  dE = -0.00019670554  S^2 = 0.0000000
               |grad[o]|=0.00209  |grad[c]|= 0.0022527241122906414  |ddm|=0.00264  |maxRot[o]|=0.0413
macro iter 55 (12 JK  3 micro), CASSCF E = -169.898675438419  dE = -0.0002392151  S^2 = 0.0000000
               |grad[o]|=0.00219  |grad[c]|= 0.006012827116501548  |ddm|=0.00256  |maxRot[o]|=0.0593
macro iter 56 (22 JK  5 micro), CASSCF E = -169.898633952526  dE = 4.1485893e-05  S^2 = 0.0000000
               |grad[o]|=0.0024  |grad[c]|= 0.026402433265297107  |ddm|=0.00208  |maxRot[o]|=0.0798
macro iter 57 (27 JK  6 micro), CASSCF E = -169.898867398696  dE = -0.00023344617  S^2 = 0.0000000
               |grad[o]|=0.00232  |grad[c]|= 0.0016421365900104055  |ddm|=0.00244  |maxRot[o]|=0.0486
macro iter 58 (12 JK  3 micro), CASSCF E = -169.899078461518  dE = -0.00021106282  S^2 = 0.0000000
               |grad[o]|=0.00251  |grad[c]|= 0.0038940328168831856  |ddm|=0.002  |maxRot[o]|=0.047
macro iter 59 (22 JK  5 micro), CASSCF E = -169.898880144281  dE = 0.00019831724  S^2 = 0.0000000
               |grad[o]|=0.00264  |grad[c]|= 0.01184444863895744  |ddm|=0.00129  |maxRot[o]|=0.0465
macro iter 60 (27 JK  6 micro), CASSCF E = -169.899106758256  dE = -0.00022661397  S^2 = 0.0000000
               |grad[o]|=0.00244  |grad[c]|= 0.0012175629461199712  |ddm|=0.00221  |maxRot[o]|=0.0444
macro iter 61 (12 JK  3 micro), CASSCF E = -169.899309739242  dE = -0.00020298099  S^2 = 0.0000000
               |grad[o]|=0.00254  |grad[c]|= 0.003235065980992622  |ddm|=0.00186  |maxRot[o]|=0.0427
macro iter 62 (22 JK  5 micro), CASSCF E = -169.89899914894  dE = 0.0003105903  S^2 = 0.0000000
               |grad[o]|=0.00263  |grad[c]|= 0.015597952766830743  |ddm|=0.00207  |maxRot[o]|=0.0533
macro iter 63 (27 JK  6 micro), CASSCF E = -169.899210727665  dE = -0.00021157872  S^2 = 0.0000000
               |grad[o]|=0.00248  |grad[c]|= 0.0011213050024812554  |ddm|=0.00198  |maxRot[o]|=0.0348
macro iter 64 (12 JK  3 micro), CASSCF E = -169.89940785679  dE = -0.00019712913  S^2 = 0.0000000
               |grad[o]|=0.00253  |grad[c]|= 0.002610611727550163  |ddm|=0.00165  |maxRot[o]|=0.0396
macro iter 65 (22 JK  5 micro), CASSCF E = -169.899074977243  dE = 0.00033287955  S^2 = 0.0000000
               |grad[o]|=0.0026  |grad[c]|= 0.01576528183000041  |ddm|=0.00221  |maxRot[o]|=0.0541
macro iter 66 (27 JK  6 micro), CASSCF E = -169.899283115481  dE = -0.00020813824  S^2 = 0.0000000
               |grad[o]|=0.00251  |grad[c]|= 0.0010361730371605403  |ddm|=0.00189  |maxRot[o]|=0.034
macro iter 67 (12 JK  3 micro), CASSCF E = -169.899479834704  dE = -0.00019671922  S^2 = 0.0000000
               |grad[o]|=0.00252  |grad[c]|= 0.0026640268496423247  |ddm|=0.00158  |maxRot[o]|=0.0392
macro iter 68 (37 JK  8 micro), CASSCF E = -169.897492648053  dE = 0.0019871867  S^2 = 0.0000000
               |grad[o]|=0.00257  |grad[c]|= 0.3445970601307241  |ddm|=0.0282  |maxRot[o]|=0.241
macro iter 69 (37 JK  8 micro), CASSCF E = -169.897861689502  dE = -0.00036904145  S^2 = 0.0000000
               |grad[o]|=0.00904  |grad[c]|= 0.000716518137980451  |ddm|=0.0019  |maxRot[o]|=0.0343
macro iter 70 (37 JK  8 micro), CASSCF E = -169.898153677569  dE = -0.00029198807  S^2 = 0.0000000
               |grad[o]|=0.00726  |grad[c]|= 0.0008049524187677065  |ddm|=0.00145  |maxRot[o]|=0.0241
macro iter 71 (22 JK  5 micro), CASSCF E = -169.898446717516  dE = -0.00029303995  S^2 = 0.0000000
               |grad[o]|=0.0054  |grad[c]|= 0.006631237726220979  |ddm|=0.00202  |maxRot[o]|=0.0377
macro iter 72 (27 JK  6 micro), CASSCF E = -169.898376877219  dE = 6.9840297e-05  S^2 = 0.0000000
               |grad[o]|=0.00425  |grad[c]|= 0.029327400379641645  |ddm|=0.00294  |maxRot[o]|=0.0865
macro iter 73 (37 JK  8 micro), CASSCF E = -169.898602029385  dE = -0.00022515217  S^2 = 0.0000000
               |grad[o]|=0.00333  |grad[c]|= 0.0020348247754332902  |ddm|=0.00224  |maxRot[o]|=0.0378
macro iter 74 (12 JK  3 micro), CASSCF E = -169.898818234111  dE = -0.00021620473  S^2 = 0.0000000
               |grad[o]|=0.00303  |grad[c]|= 0.004223921956599334  |ddm|=0.00189  |maxRot[o]|=0.0453
macro iter 75 (37 JK  8 micro), CASSCF E = -169.898868624042  dE = -5.0389931e-05  S^2 = 0.0000000
               |grad[o]|=0.00297  |grad[c]|= 0.0019992226250089584  |ddm|=0.00135  |maxRot[o]|=0.022
macro iter 76 (37 JK  8 micro), CASSCF E = -169.898608795998  dE = 0.00025982804  S^2 = 0.0000000
               |grad[o]|=0.00272  |grad[c]|= 0.004385364882006681  |ddm|=0.00143  |maxRot[o]|=0.0471
macro iter 77 (17 JK  4 micro), CASSCF E = -169.898819659431  dE = -0.00021086343  S^2 = 0.0000000
               |grad[o]|=0.0027  |grad[c]|= 0.0017350038699656997  |ddm|=0.00202  |maxRot[o]|=0.0378
macro iter 78 (12 JK  3 micro), CASSCF E = -169.899027207046  dE = -0.00020754761  S^2 = 0.0000000
               |grad[o]|=0.00257  |grad[c]|= 0.005024347273732724  |ddm|=0.00217  |maxRot[o]|=0.0352
macro iter 79 (17 JK  4 micro), CASSCF E = -169.899254030712  dE = -0.00022682367  S^2 = 0.0000000
               |grad[o]|=0.00255  |grad[c]|= 0.015131040774470509  |ddm|=0.0022  |maxRot[o]|=0.0681
macro iter 80 (17 JK  4 micro), CASSCF E = -169.899303091725  dE = -4.9061013e-05  S^2 = 0.0000000
               |grad[o]|=0.00259  |grad[c]|= 0.00408201331173636  |ddm|=0.000836  |maxRot[o]|=0.0324
macro iter 81 (7 JK  2 micro), CASSCF E = -169.899665539461  dE = -0.00036244774  S^2 = 0.0000000
               |grad[o]|=0.00259  |grad[c]|= 0.0017085733267524297  |ddm|=0.00314  |maxRot[o]|=0.0642
macro iter 82 (7 JK  2 micro), CASSCF E = -169.900058149989  dE = -0.00039261053  S^2 = 0.0000000
               |grad[o]|=0.00271  |grad[c]|= 0.0013796321252834889  |ddm|=0.00357  |maxRot[o]|=0.067
macro iter 83 (7 JK  2 micro), CASSCF E = -169.900455758291  dE = -0.0003976083  S^2 = 0.0000000
               |grad[o]|=0.00287  |grad[c]|= 0.0014382706189686888  |ddm|=0.00355  |maxRot[o]|=0.0684
macro iter 84 (7 JK  2 micro), CASSCF E = -169.900842701407  dE = -0.00038694312  S^2 = 0.0000000
               |grad[o]|=0.00299  |grad[c]|= 0.0014686591557246012  |ddm|=0.00348  |maxRot[o]|=0.0692
macro iter 85 (7 JK  2 micro), CASSCF E = -169.901204262011  dE = -0.0003615606  S^2 = 0.0000000
               |grad[o]|=0.00303  |grad[c]|= 0.00199991187100462  |ddm|=0.00327  |maxRot[o]|=0.0695
macro iter 86 (7 JK  2 micro), CASSCF E = -169.901527488257  dE = -0.00032322625  S^2 = 0.0000000
               |grad[o]|=0.00298  |grad[c]|= 0.002834335335923219  |ddm|=0.00305  |maxRot[o]|=0.0697
macro iter 87 (7 JK  2 micro), CASSCF E = -169.901801616269  dE = -0.00027412801  S^2 = 0.0000000
               |grad[o]|=0.00284  |grad[c]|= 0.004050454752524412  |ddm|=0.0028  |maxRot[o]|=0.0698
macro iter 88 (7 JK  2 micro), CASSCF E = -169.902018619043  dE = -0.00021700277  S^2 = 0.0000000
               |grad[o]|=0.0026  |grad[c]|= 0.005907376004168039  |ddm|=0.00262  |maxRot[o]|=0.0699
macro iter 89 (7 JK  2 micro), CASSCF E = -169.902175035964  dE = -0.00015641692  S^2 = 0.0000000
               |grad[o]|=0.00226  |grad[c]|= 0.011030342126322834  |ddm|=0.00279  |maxRot[o]|=0.0696
macro iter 90 (7 JK  2 micro), CASSCF E = -169.902241416198  dE = -6.6380234e-05  S^2 = 0.0000000
               |grad[o]|=0.00182  |grad[c]|= 0.014980392582524968  |ddm|=0.00213  |maxRot[o]|=0.0699
macro iter 91 (7 JK  2 micro), CASSCF E = -169.902281416237  dE = -4.0000039e-05  S^2 = 0.0000000
               |grad[o]|=0.00161  |grad[c]|= 0.015434397159428546  |ddm|=0.00162  |maxRot[o]|=0.0699
macro iter 92 (7 JK  2 micro), CASSCF E = -169.902316938526  dE = -3.5522289e-05  S^2 = 0.0000000
               |grad[o]|=0.00148  |grad[c]|= 0.01630532175521992  |ddm|=0.00154  |maxRot[o]|=0.0699
macro iter 93 (7 JK  2 micro), CASSCF E = -169.902350991205  dE = -3.4052679e-05  S^2 = 0.0000000
               |grad[o]|=0.00144  |grad[c]|= 0.018124806031175104  |ddm|=0.00188  |maxRot[o]|=0.0699
macro iter 94 (7 JK  2 micro), CASSCF E = -169.902417335655  dE = -6.6344451e-05  S^2 = 0.0000000
               |grad[o]|=0.0016  |grad[c]|= 0.015958558335214482  |ddm|=0.00406  |maxRot[o]|=0.0672
macro iter 95 (37 JK  8 micro), CASSCF E = -169.902901448997  dE = -0.00048411334  S^2 = 0.0000000
               |grad[o]|=0.00262  |grad[c]|= 0.001746609588317188  |ddm|=0.0284  |maxRot[o]|=0.149
macro iter 96 (37 JK  8 micro), CASSCF E = -169.90430704727  dE = -0.0014055983  S^2 = 0.0000000
               |grad[o]|=0.00779  |grad[c]|= 0.003534022383204489  |ddm|=0.0843  |maxRot[o]|=0.213
macro iter 97 (37 JK  8 micro), CASSCF E = -169.905804183058  dE = -0.0014971358  S^2 = 0.0000000
               |grad[o]|=0.0142  |grad[c]|= 0.022327152806323657  |ddm|=0.0781  |maxRot[o]|=0.189
macro iter 98 (37 JK  8 micro), CASSCF E = -169.907253973608  dE = -0.0014497906  S^2 = 0.0000000
               |grad[o]|=0.0105  |grad[c]|= 0.001837881061886782  |ddm|=0.0986  |maxRot[o]|=0.165
macro iter 99 (37 JK  8 micro), CASSCF E = -169.907905684154  dE = -0.00065171055  S^2 = 0.0000000
               |grad[o]|=0.0118  |grad[c]|= 0.007646593651336891  |ddm|=0.0457  |maxRot[o]|=0.0873
macro iter 100 (37 JK  8 micro), CASSCF E = -169.908298593125  dE = -0.00039290897  S^2 = 0.0000000
               |grad[o]|=0.0071  |grad[c]|= 0.015006418957791421  |ddm|=0.0313  |maxRot[o]|=0.0747
macro iter 101 (37 JK  8 micro), CASSCF E = -169.908646874939  dE = -0.00034828181  S^2 = 0.0000000
               |grad[o]|=0.00648  |grad[c]|= 0.006994029227327641  |ddm|=0.0306  |maxRot[o]|=0.086
macro iter 102 (37 JK  8 micro), CASSCF E = -169.908905488245  dE = -0.00025861331  S^2 = 0.0000000
               |grad[o]|=0.00544  |grad[c]|= 0.01259483031359318  |ddm|=0.032  |maxRot[o]|=0.108
macro iter 103 (31 JK  7 micro), CASSCF E = -169.90894523991  dE = -3.9751665e-05  S^2 = 0.0000000
               |grad[o]|=0.00373  |grad[c]|= 0.010782025411953264  |ddm|=0.00831  |maxRot[o]|=0.0541
macro iter 104 (7 JK  2 micro), CASSCF E = -169.908966873165  dE = -2.1633256e-05  S^2 = 0.0000000
               |grad[o]|=0.00174  |grad[c]|= 0.01473311589280654  |ddm|=0.00371  |maxRot[o]|=0.0641
macro iter 105 (37 JK  8 micro), CASSCF E = -169.908959008006  dE = 7.865159e-06  S^2 = 0.0000000
               |grad[o]|=0.00112  |grad[c]|= 0.0313514520131196  |ddm|=0.00794  |maxRot[o]|=0.109
macro iter 106 (37 JK  8 micro), CASSCF E = -169.908973853095  dE = -1.4845089e-05  S^2 = 0.0000000
               |grad[o]|=0.00162  |grad[c]|= 0.001686975716104595  |ddm|=0.00148  |maxRot[o]|=0.024
macro iter 107 (7 JK  2 micro), CASSCF E = -169.908976813481  dE = -2.960386e-06  S^2 = 0.0000000
               |grad[o]|=0.000509  |grad[c]|= 0.003926788047865256  |ddm|=0.00121  |maxRot[o]|=0.0383
macro iter 108 (7 JK  2 micro), CASSCF E = -169.908978219129  dE = -1.4056477e-06  S^2 = 0.0000000
               |grad[o]|=0.000322  |grad[c]|= 0.002969676803138276  |ddm|=0.000956  |maxRot[o]|=0.0333
macro iter 109 (17 JK  4 micro), CASSCF E = -169.908975273783  dE = 2.9453456e-06  S^2 = 0.0000000
               |grad[o]|=0.000284  |grad[c]|= 0.01469886225496944  |ddm|=0.00305  |maxRot[o]|=0.068
macro iter 110 (26 JK  5 micro), CASSCF E = -169.90897766854  dE = -2.3947563e-06  S^2 = 0.0000000
               |grad[o]|=0.000734  |grad[c]|= 0.0014217267966376336  |ddm|=0.000599  |maxRot[o]|=0.0206
macro iter 111 (7 JK  2 micro), CASSCF E = -169.908978923722  dE = -1.2551822e-06  S^2 = 0.0000000
               |grad[o]|=0.000151  |grad[c]|= 0.0033945921861593055  |ddm|=0.000874  |maxRot[o]|=0.0356
macro iter 112 (7 JK  2 micro), CASSCF E = -169.908979465001  dE = -5.4127904e-07  S^2 = 0.0000000
               |grad[o]|=0.000175  |grad[c]|= 0.002570356525297927  |ddm|=0.000601  |maxRot[o]|=0.0295
macro iter 113 (7 JK  1 micro), CASSCF E = -169.908979686386  dE = -2.2138545e-07  S^2 = 0.0000000
               |grad[o]|=0.000158  |grad[c]|= 0.0003534514857351771  |ddm|=7.95e-05  |maxRot[o]|=0.00931
macro iter 114 (7 JK  1 micro), CASSCF E = -169.908979791432  dE = -1.0504544e-07  S^2 = 0.0000000
               |grad[o]|=7.22e-05  |grad[c]|= 0.0003776032025282932  |ddm|=9.45e-05  |maxRot[o]|=0.0113
macro iter 115 (7 JK  1 micro), CASSCF E = -169.908979837772  dE = -4.6339693e-08  S^2 = 0.0000000
               |grad[o]|=0.000133  |grad[c]|= 0.00017260178875491342  |ddm|=3.11e-05  |maxRot[o]|=0.00731
1-step CASSCF converged in 115 macro (2464 JK 559 micro) steps
CASSCF canonicalization
Density matrix diagonal elements [1.92175332 1.88988228 1.99109735 1.93080722 1.97166905 1.95714322
 0.05213667 0.08968441 0.1082163  0.08761018]
CASSCF energy = -169.908979837772
CASCI E = -169.908979837772  E(CI) = -21.3208821611498  S^2 = 0.0000000


******** <class 'pyscf.scf.uhf.UHF'> ********
method = UHF
initial guess = minao
damping factor = 0
level_shift factor = 0
DIIS = <class 'pyscf.scf.diis.CDIIS'>
diis_start_cycle = 1
diis_space = 10
SCF conv_tol = 1e-09
SCF conv_tol_grad = None
SCF max_cycles = 1000
direct_scf = True
direct_scf_tol = 1e-13
chkfile to save SCF result = /scratch/global/yangjunjie/test/410949/tmpi4vo046j
max_memory 4000 MB (current use 578 MB)
number electrons alpha = 14  beta = 14
Set gradient conv threshold to 3.16228e-05
init E= -169.616020002873
  alpha nocc = 14  HOMO = 0.409129840092611  LUMO = 0.491829930461715
  beta  nocc = 14  HOMO = 0.409129840106208  LUMO = 0.491829930463551
cycle= 1 E= -169.614584731109  delta_E= 0.00144  |g|= 0.00258  |ddm|= 0.0251
  alpha nocc = 14  HOMO = 0.408738432566983  LUMO = 0.491301877561637
  beta  nocc = 14  HOMO = 0.408738432579819  LUMO = 0.491301877563255
cycle= 2 E= -169.61459257122  delta_E= -7.84e-06  |g|= 0.00113  |ddm|= 0.00518
  alpha nocc = 14  HOMO = 0.408758604407719  LUMO = 0.491298985586271
  beta  nocc = 14  HOMO = 0.408758604420136  LUMO = 0.491298985587686
cycle= 3 E= -169.614594554659  delta_E= -1.98e-06  |g|= 0.000607  |ddm|= 0.0022
  alpha nocc = 14  HOMO = 0.408763432565306  LUMO = 0.491287347862924
  beta  nocc = 14  HOMO = 0.408763432577427  LUMO = 0.491287347864039
cycle= 4 E= -169.614595363494  delta_E= -8.09e-07  |g|= 0.000122  |ddm|= 0.00215
  alpha nocc = 14  HOMO = 0.40876089792885  LUMO = 0.491286782362503
  beta  nocc = 14  HOMO = 0.408760897941344  LUMO = 0.491286782363418
cycle= 5 E= -169.614595435018  delta_E= -7.15e-08  |g|= 6.49e-05  |ddm|= 0.00142
  alpha nocc = 14  HOMO = 0.408760897028206  LUMO = 0.491286848843532
  beta  nocc = 14  HOMO = 0.408760897040545  LUMO = 0.491286848844471
cycle= 6 E= -169.614595421974  delta_E= 1.3e-08  |g|= 6.05e-05  |ddm|= 0.000344
  alpha nocc = 14  HOMO = 0.408760840984683  LUMO = 0.491286418399628
  beta  nocc = 14  HOMO = 0.408760840995016  LUMO = 0.491286418400642
cycle= 7 E= -169.61459536449  delta_E= 5.75e-08  |g|= 2.82e-05  |ddm|= 0.00425
  alpha nocc = 14  HOMO = 0.408760775832574  LUMO = 0.491286459770284
  beta  nocc = 14  HOMO = 0.408760775842818  LUMO = 0.491286459771358
cycle= 8 E= -169.614595362487  delta_E= 2e-09  |g|= 2.55e-05  |ddm|= 0.00016
  alpha nocc = 14  HOMO = 0.408761375403877  LUMO = 0.491286035329896
  beta  nocc = 14  HOMO = 0.408761375411498  LUMO = 0.491286035331223
cycle= 9 E= -169.614595356961  delta_E= 5.53e-09  |g|= 4.88e-06  |ddm|= 0.000714
  alpha nocc = 14  HOMO = 0.408760833317136  LUMO = 0.491286428448569
  beta  nocc = 14  HOMO = 0.408760833323008  LUMO = 0.491286428449596
cycle= 10 E= -169.614595356974  delta_E= -1.27e-11  |g|= 1.07e-06  |ddm|= 5.3e-05
  alpha nocc = 14  HOMO = 0.408760959545044  LUMO = 0.491286308077489
  beta  nocc = 14  HOMO = 0.408760959550165  LUMO = 0.491286308078405
Extra cycle  E= -169.614595356978  delta_E= -3.87e-12  |g|= 8.05e-07  |ddm|= 8.64e-06
converged SCF energy = -169.614595356978  <S^2> = 2.4270896e-10  2S+1 = 1


******** <class 'pyscf.scf.uhf.UHF'> ********
method = UHF
initial guess = minao
damping factor = 0
level_shift factor = 0
DIIS = <class 'pyscf.scf.diis.CDIIS'>
diis_start_cycle = 1
diis_space = 10
SCF conv_tol = 1e-09
SCF conv_tol_grad = None
SCF max_cycles = 1000
direct_scf = True
direct_scf_tol = 1e-13
chkfile to save SCF result = /scratch/global/yangjunjie/test/410949/tmptqbo0fe4
max_memory 4000 MB (current use 578 MB)
number electrons alpha = 15  beta = 13
Set gradient conv threshold to 3.16228e-05
init E= -169.733547815041
  alpha nocc = 15  HOMO = 0.398715947521158  LUMO = 0.602095025039556
  beta  nocc = 13  HOMO = 0.416262169901057  LUMO = 0.518385781691335
cycle= 1 E= -169.731750875772  delta_E= 0.0018  |g|= 0.00252  |ddm|= 0.0255
  alpha nocc = 15  HOMO = 0.39822457041337  LUMO = 0.600238147329479
  beta  nocc = 13  HOMO = 0.415773786850897  LUMO = 0.518044139960117
cycle= 2 E= -169.731758608079  delta_E= -7.73e-06  |g|= 0.0011  |ddm|= 0.0047
  alpha nocc = 15  HOMO = 0.398215850026529  LUMO = 0.600304127401169
  beta  nocc = 13  HOMO = 0.415766734062404  LUMO = 0.518066320858771
cycle= 3 E= -169.731760676823  delta_E= -2.07e-06  |g|= 0.000581  |ddm|= 0.0023
  alpha nocc = 15  HOMO = 0.398203867438469  LUMO = 0.600007120653169
  beta  nocc = 13  HOMO = 0.415755597118534  LUMO = 0.518070179343562
cycle= 4 E= -169.731761346126  delta_E= -6.69e-07  |g|= 0.000116  |ddm|= 0.00173
  alpha nocc = 15  HOMO = 0.3982042698481  LUMO = 0.599985493511706
  beta  nocc = 13  HOMO = 0.415755795499136  LUMO = 0.518068478311928
cycle= 5 E= -169.731761372926  delta_E= -2.68e-08  |g|= 1.85e-05  |ddm|= 0.000402
  alpha nocc = 15  HOMO = 0.398203779195346  LUMO = 0.59997891768654
  beta  nocc = 13  HOMO = 0.41575516191558  LUMO = 0.518068352213807
cycle= 6 E= -169.731761373789  delta_E= -8.63e-10  |g|= 1.21e-05  |ddm|= 5.64e-05
  alpha nocc = 15  HOMO = 0.398203837178514  LUMO = 0.59997950287852
  beta  nocc = 13  HOMO = 0.41575520131313  LUMO = 0.518068352774401
Extra cycle  E= -169.731761374086  delta_E= -2.97e-10  |g|= 9.97e-06  |ddm|= 2.33e-05
converged SCF energy = -169.731761374086  <S^2> = 3.0009653  2S+1 = 3.6060867
