

******** <class 'pyscf.scf.hf.RHF'> ********
method = RHF
initial guess = minao
damping factor = 0
level_shift factor = 0
DIIS = <class 'pyscf.scf.diis.CDIIS'>
diis_start_cycle = 1
diis_space = 10
SCF conv_tol = 1e-09
SCF conv_tol_grad = None
SCF max_cycles = 1000
direct_scf = True
direct_scf_tol = 1e-13
chkfile to save SCF result = /scratch/global/yangjunjie/test/410943/tmp2ydcrf09
max_memory 4000 MB (current use 560 MB)
Set gradient conv threshold to 3.16228e-05
init E= -169.744092353048
  HOMO = 0.463171211941827  LUMO = 0.550991594388921
cycle= 1 E= -169.741323754108  delta_E= 0.00277  |g|= 0.00468  |ddm|= 0.039
  HOMO = 0.463397271464895  LUMO = 0.551176578008864
cycle= 2 E= -169.741338648447  delta_E= -1.49e-05  |g|= 0.00259  |ddm|= 0.014
  HOMO = 0.463336164219178  LUMO = 0.551097186914967
cycle= 3 E= -169.741342787772  delta_E= -4.14e-06  |g|= 0.00154  |ddm|= 0.00579
  HOMO = 0.463331495324099  LUMO = 0.551081377235025
cycle= 4 E= -169.741345247051  delta_E= -2.46e-06  |g|= 0.000508  |ddm|= 0.00574
  HOMO = 0.463322473759983  LUMO = 0.551065066105739
cycle= 5 E= -169.741345636146  delta_E= -3.89e-07  |g|= 0.000123  |ddm|= 0.00231
  HOMO = 0.463324583196937  LUMO = 0.551065746349623
cycle= 6 E= -169.741345655974  delta_E= -1.98e-08  |g|= 7.42e-06  |ddm|= 0.000637
  HOMO = 0.463324344357783  LUMO = 0.551065694310111
cycle= 7 E= -169.741345656057  delta_E= -8.28e-11  |g|= 2.3e-06  |ddm|= 4.16e-05
  HOMO = 0.463324326394556  LUMO = 0.551065728343479
Extra cycle  E= -169.741345656066  delta_E= -8.78e-12  |g|= 1.27e-06  |ddm|= 1e-05
converged SCF energy = -169.741345656066

******** CASCI flags ********
CAS (5e+5e, 7o), ncore = 9, nvir = 7
natorb = False
canonicalization = True
sorting_mo_energy = False
max_memory 4000 (MB)
******** <class 'pyscf.fci.direct_spin1.FCISolver'> ********
max. cycles = 200
conv_tol = 1e-08
davidson only = False
linear dependence = 1e-10
level shift = 0.001
max iter space = 12
max_memory 4000 MB
nroots = 1
pspace_size = 400
spin = None
Density matrix diagonal elements [1.99962693e+00 1.99691284e+00 1.99678498e+00 1.99310924e+00
 1.99960819e+00 5.37135508e-04 1.34206900e-02]
CASCI converged
CASCI E = -169.745991741924  E(CI) = -25.1407402315918  S^2 = 0.0000000

******** <class 'pyscf.mcscf.mc1step.CASSCF'> ********
CAS (5e+5e, 7o), ncore = 9, nvir = 7
max_cycle_macro = 50
max_cycle_micro = 4
conv_tol = 1e-07
conv_tol_grad = None
orbital rotation max_stepsize = 0.02
orbital rotation threshold for CI restart = 0.01
augmented hessian ah_max_cycle = 30
augmented hessian ah_conv_tol = 1e-12
augmented hessian ah_linear dependence = 1e-14
augmented hessian ah_level shift = 1e-08
augmented hessian ah_start_tol = 2.5
augmented hessian ah_start_cycle = 3
augmented hessian ah_grad_trust_region = 3
kf_trust_region = 3
kf_interval = 4
ci_response_space = 4
ci_grad_trust_region = 3
with_dep4 0
natorb = False
canonicalization = True
sorting_mo_energy = False
ao2mo_level = 2
chkfile = /scratch/global/yangjunjie/test/410943/tmp2ydcrf09
max_memory 4000 MB (current use 561 MB)
internal_rotation = False
******** <class 'pyscf.fci.direct_spin1.FCISolver'> ********
max. cycles = 50
conv_tol = 1e-08
davidson only = False
linear dependence = 1e-10
level shift = 0.001
max iter space = 12
max_memory 4000 MB
nroots = 1
pspace_size = 400
spin = None
CASCI E = -169.745991741924  S^2 = 0.0000000
Set conv_tol_grad to 0.000316228
macro iter 1 (21 JK  4 micro), CASSCF E = -169.74655848602  dE = -0.0005667441  S^2 = 0.0000000
               |grad[o]|=0.00615  |grad[c]|= 0.007714895651076711  |ddm|=0.00409  |maxRot[o]|=0.206
macro iter 2 (17 JK  4 micro), CASSCF E = -169.747333634877  dE = -0.00077514886  S^2 = 0.0000000
               |grad[o]|=0.00427  |grad[c]|= 0.013139098020241416  |ddm|=0.00554  |maxRot[o]|=0.189
macro iter 3 (17 JK  4 micro), CASSCF E = -169.748101280963  dE = -0.00076764609  S^2 = 0.0000000
               |grad[o]|=0.00398  |grad[c]|= 0.021233505431452263  |ddm|=0.0243  |maxRot[o]|=0.142
macro iter 4 (12 JK  3 micro), CASSCF E = -169.748744110851  dE = -0.00064282989  S^2 = 0.0000000
               |grad[o]|=0.00371  |grad[c]|= 0.013762079621155  |ddm|=0.0159  |maxRot[o]|=0.104
macro iter 5 (12 JK  3 micro), CASSCF E = -169.749446408629  dE = -0.00070229778  S^2 = 0.0000000
               |grad[o]|=0.00403  |grad[c]|= 0.0026186161431838253  |ddm|=0.0109  |maxRot[o]|=0.0846
macro iter 6 (21 JK  4 micro), CASSCF E = -169.750994657561  dE = -0.0015482489  S^2 = 0.0000000
               |grad[o]|=0.00521  |grad[c]|= 0.01914938868483768  |ddm|=0.0187  |maxRot[o]|=0.185
macro iter 7 (21 JK  4 micro), CASSCF E = -169.754138662059  dE = -0.0031440045  S^2 = 0.0000000
               |grad[o]|=0.0092  |grad[c]|= 0.04341800606491589  |ddm|=0.0166  |maxRot[o]|=0.214
macro iter 8 (21 JK  4 micro), CASSCF E = -169.761022489919  dE = -0.0068838279  S^2 = 0.0000000
               |grad[o]|=0.0153  |grad[c]|= 0.09037678842605719  |ddm|=0.00828  |maxRot[o]|=0.253
macro iter 9 (21 JK  4 micro), CASSCF E = -169.77375434537  dE = -0.012731855  S^2 = 0.0000000
               |grad[o]|=0.0277  |grad[c]|= 0.07153733232824863  |ddm|=0.0235  |maxRot[o]|=0.289
macro iter 10 (21 JK  4 micro), CASSCF E = -169.779179318885  dE = -0.0054249735  S^2 = 0.0000000
               |grad[o]|=0.0416  |grad[c]|= 0.022446659632337673  |ddm|=0.0201  |maxRot[o]|=0.143
macro iter 11 (21 JK  4 micro), CASSCF E = -169.786599923117  dE = -0.0074206042  S^2 = 0.0000000
               |grad[o]|= 0.04  |grad[c]|= 0.08047397434666921  |ddm|=0.069  |maxRot[o]|=0.159
macro iter 12 (21 JK  4 micro), CASSCF E = -169.798879583493  dE = -0.01227966  S^2 = 0.0000000
               |grad[o]|=0.0431  |grad[c]|= 0.029760097526666463  |ddm|=0.0285  |maxRot[o]|=0.159
macro iter 13 (21 JK  4 micro), CASSCF E = -169.812227387578  dE = -0.013347804  S^2 = 0.0000000
               |grad[o]|=0.0422  |grad[c]|= 0.02902689689931445  |ddm|=0.0517  |maxRot[o]|=0.159
macro iter 14 (21 JK  4 micro), CASSCF E = -169.824964216767  dE = -0.012736829  S^2 = 0.0000000
               |grad[o]|=0.0382  |grad[c]|= 0.026076064031689578  |ddm|=0.0531  |maxRot[o]|=0.159
macro iter 15 (21 JK  4 micro), CASSCF E = -169.832433691764  dE = -0.007469475  S^2 = 0.0000000
               |grad[o]|=0.032  |grad[c]|= 0.02436368372936149  |ddm|=0.0503  |maxRot[o]|= 0.11
macro iter 16 (21 JK  4 micro), CASSCF E = -169.838079774368  dE = -0.0056460826  S^2 = 0.0000000
               |grad[o]|=0.0263  |grad[c]|= 0.02270284862241928  |ddm|=0.0466  |maxRot[o]|=0.101
macro iter 17 (21 JK  4 micro), CASSCF E = -169.842169440576  dE = -0.0040896662  S^2 = 0.0000000
               |grad[o]|=0.0208  |grad[c]|= 0.01686287751979162  |ddm|=0.0288  |maxRot[o]|=0.098
macro iter 18 (21 JK  4 micro), CASSCF E = -169.844539006045  dE = -0.0023695655  S^2 = 0.0000000
               |grad[o]|=0.0156  |grad[c]|= 0.019070877911442807  |ddm|=0.0222  |maxRot[o]|=0.128
macro iter 19 (21 JK  4 micro), CASSCF E = -169.845683103032  dE = -0.001144097  S^2 = 0.0000000
               |grad[o]|=0.012  |grad[c]|= 0.005303467035785868  |ddm|=0.00733  |maxRot[o]|=0.0525
macro iter 20 (21 JK  4 micro), CASSCF E = -169.846269290065  dE = -0.00058618703  S^2 = 0.0000000
               |grad[o]|=0.00861  |grad[c]|= 0.0018216320086218822  |ddm|=0.002  |maxRot[o]|=0.159
macro iter 21 (21 JK  4 micro), CASSCF E = -169.84689554784  dE = -0.00062625777  S^2 = 0.0000000
               |grad[o]|=0.0267  |grad[c]|= 0.007116484516783868  |ddm|=0.00473  |maxRot[o]|=0.0605
macro iter 22 (21 JK  4 micro), CASSCF E = -169.846957592205  dE = -6.2044364e-05  S^2 = 0.0000000
               |grad[o]|=0.00663  |grad[c]|= 0.0043911670446630064  |ddm|=0.00173  |maxRot[o]|=0.0417
macro iter 23 (21 JK  4 micro), CASSCF E = -169.847016105257  dE = -5.8513053e-05  S^2 = 0.0000000
               |grad[o]|=0.0105  |grad[c]|= 0.003180753355558678  |ddm|=0.0052  |maxRot[o]|=0.0426
macro iter 24 (20 JK  4 micro), CASSCF E = -169.847069228286  dE = -5.3123028e-05  S^2 = 0.0000000
               |grad[o]|=0.0177  |grad[c]|= 0.006006263494440964  |ddm|=0.00338  |maxRot[o]|=0.089
macro iter 25 (7 JK  2 micro), CASSCF E = -169.847100793366  dE = -3.156508e-05  S^2 = 0.0000000
               |grad[o]|=0.00509  |grad[c]|= 0.002184503147846376  |ddm|=0.0035  |maxRot[o]|=0.0665
macro iter 26 (21 JK  4 micro), CASSCF E = -169.847137916564  dE = -3.7123198e-05  S^2 = 0.0000000
               |grad[o]|=0.0157  |grad[c]|= 0.00998016651692463  |ddm|=0.00339  |maxRot[o]|=0.059
macro iter 27 (21 JK  4 micro), CASSCF E = -169.847152309391  dE = -1.4392828e-05  S^2 = 0.0000000
               |grad[o]|=0.00175  |grad[c]|= 0.006126227515027678  |ddm|=0.00229  |maxRot[o]|=0.0439
macro iter 28 (21 JK  4 micro), CASSCF E = -169.847169004966  dE = -1.6695575e-05  S^2 = 0.0000000
               |grad[o]|=0.00214  |grad[c]|= 0.0027400370890986337  |ddm|=0.00127  |maxRot[o]|=0.0645
macro iter 29 (12 JK  3 micro), CASSCF E = -169.847183459893  dE = -1.4454927e-05  S^2 = 0.0000000
               |grad[o]|=0.00113  |grad[c]|= 0.008416052947659559  |ddm|=0.00532  |maxRot[o]|=0.0503
macro iter 30 (7 JK  2 micro), CASSCF E = -169.847207797175  dE = -2.4337282e-05  S^2 = 0.0000000
               |grad[o]|=0.00106  |grad[c]|= 0.005609274367422741  |ddm|=0.00166  |maxRot[o]|=0.0699
macro iter 31 (7 JK  2 micro), CASSCF E = -169.847223145687  dE = -1.5348512e-05  S^2 = 0.0000000
               |grad[o]|=0.000661  |grad[c]|= 0.006863715870407528  |ddm|=0.00145  |maxRot[o]|=0.0699
macro iter 32 (7 JK  2 micro), CASSCF E = -169.847228524482  dE = -5.3787946e-06  S^2 = 0.0000000
               |grad[o]|=0.000355  |grad[c]|= 0.008508937141164012  |ddm|=0.00106  |maxRot[o]|=0.0482
macro iter 33 (7 JK  2 micro), CASSCF E = -169.84722990889  dE = -1.3844083e-06  S^2 = 0.0000000
               |grad[o]|=0.000131  |grad[c]|= 0.006795512114884493  |ddm|=0.00303  |maxRot[o]|=0.0352
macro iter 34 (7 JK  2 micro), CASSCF E = -169.847238351626  dE = -8.4427358e-06  S^2 = 0.0000000
               |grad[o]|=0.000284  |grad[c]|= 0.012982817873288475  |ddm|=0.00344  |maxRot[o]|=0.0699
macro iter 35 (7 JK  2 micro), CASSCF E = -169.847271204184  dE = -3.2852558e-05  S^2 = 0.0000000
               |grad[o]|=0.000331  |grad[c]|= 0.012669081849591608  |ddm|=0.00203  |maxRot[o]|=0.0699
macro iter 36 (7 JK  2 micro), CASSCF E = -169.847347315613  dE = -7.6111429e-05  S^2 = 0.0000000
               |grad[o]|=0.000458  |grad[c]|= 0.011537475373810257  |ddm|=0.00153  |maxRot[o]|=0.0699
macro iter 37 (7 JK  2 micro), CASSCF E = -169.847481415272  dE = -0.00013409966  S^2 = 0.0000000
               |grad[o]|=0.00067  |grad[c]|= 0.01116198164028966  |ddm|=0.00136  |maxRot[o]|=0.0699
macro iter 38 (7 JK  2 micro), CASSCF E = -169.847683601005  dE = -0.00020218573  S^2 = 0.0000000
               |grad[o]|=0.00093  |grad[c]|= 0.011728905127573  |ddm|=0.00123  |maxRot[o]|=0.0699
macro iter 39 (7 JK  2 micro), CASSCF E = -169.847959976306  dE = -0.0002763753  S^2 = 0.0000000
               |grad[o]|=0.00121  |grad[c]|= 0.01314127555749743  |ddm|=0.0011  |maxRot[o]|=0.0699
macro iter 40 (7 JK  2 micro), CASSCF E = -169.84831237499  dE = -0.00035239868  S^2 = 0.0000000
               |grad[o]|=0.00147  |grad[c]|= 0.015321964169261215  |ddm|=0.001  |maxRot[o]|=0.0699
macro iter 41 (7 JK  2 micro), CASSCF E = -169.848718748455  dE = -0.00040637346  S^2 = 0.0000000
               |grad[o]|=0.00171  |grad[c]|= 0.016853704180812265  |ddm|=0.000893  |maxRot[o]|=0.0699
macro iter 42 (7 JK  2 micro), CASSCF E = -169.849137838735  dE = -0.00041909028  S^2 = 0.0000000
               |grad[o]|=0.00188  |grad[c]|= 0.016608575835750847  |ddm|=0.000769  |maxRot[o]|=0.0699
macro iter 43 (7 JK  2 micro), CASSCF E = -169.849560652953  dE = -0.00042281422  S^2 = 0.0000000
               |grad[o]|=0.002  |grad[c]|= 0.01683608462963758  |ddm|=0.000695  |maxRot[o]|=0.0699
macro iter 44 (7 JK  2 micro), CASSCF E = -169.849977485562  dE = -0.00041683261  S^2 = 0.0000000
               |grad[o]|=0.00205  |grad[c]|= 0.01728895837189125  |ddm|=0.000655  |maxRot[o]|=0.0699
macro iter 45 (7 JK  2 micro), CASSCF E = -169.850377581055  dE = -0.00040009549  S^2 = 0.0000000
               |grad[o]|=0.00205  |grad[c]|= 0.017773890926544834  |ddm|=0.000643  |maxRot[o]|=0.0699
macro iter 46 (7 JK  2 micro), CASSCF E = -169.850750697462  dE = -0.00037311641  S^2 = 0.0000000
               |grad[o]|=0.00201  |grad[c]|= 0.01822617758580523  |ddm|=0.000648  |maxRot[o]|=0.0699
macro iter 47 (7 JK  2 micro), CASSCF E = -169.85108678715  dE = -0.00033608969  S^2 = 0.0000000
               |grad[o]|=0.00192  |grad[c]|= 0.018542099699126423  |ddm|=0.000649  |maxRot[o]|=0.0699
macro iter 48 (7 JK  2 micro), CASSCF E = -169.851376811589  dE = -0.00029002444  S^2 = 0.0000000
               |grad[o]|=0.00178  |grad[c]|= 0.018652738756699656  |ddm|=0.000634  |maxRot[o]|=0.0699
macro iter 49 (7 JK  2 micro), CASSCF E = -169.851613069696  dE = -0.00023625811  S^2 = 0.0000000
               |grad[o]|=0.0016  |grad[c]|= 0.018465183621304598  |ddm|=0.000608  |maxRot[o]|=0.0699
macro iter 50 (7 JK  2 micro), CASSCF E = -169.851789830631  dE = -0.00017676094  S^2 = 0.0000000
               |grad[o]|=0.00138  |grad[c]|= 0.017856958455062202  |ddm|=0.000583  |maxRot[o]|=0.0699
1-step CASSCF not converged, 50 macro (706 JK 153 micro) steps
CASSCF canonicalization
Density matrix diagonal elements [1.99873779 1.99790111 1.99792153 1.93074898 1.93217291 0.06924148
 0.0732762 ]
CASSCF energy = -169.851789830631
CASCI E = -169.851789830631  E(CI) = -40.4592218932019  S^2 = 0.0000000


******** <class 'pyscf.scf.uhf.UHF'> ********
method = UHF
initial guess = minao
damping factor = 0
level_shift factor = 0
DIIS = <class 'pyscf.scf.diis.CDIIS'>
diis_start_cycle = 1
diis_space = 10
SCF conv_tol = 1e-09
SCF conv_tol_grad = None
SCF max_cycles = 1000
direct_scf = True
direct_scf_tol = 1e-13
chkfile to save SCF result = /scratch/global/yangjunjie/test/410943/tmpahn1_8z6
max_memory 4000 MB (current use 561 MB)
number electrons alpha = 14  beta = 14
Set gradient conv threshold to 3.16228e-05
init E= -169.609081475807
  alpha nocc = 14  HOMO = 0.408745292776453  LUMO = 0.491391259581283
  beta  nocc = 14  HOMO = 0.408745292778347  LUMO = 0.491391259581255
cycle= 1 E= -169.606573754255  delta_E= 0.00251  |g|= 0.00227  |ddm|= 0.0254
  alpha nocc = 14  HOMO = 0.408691901733428  LUMO = 0.491200972238043
  beta  nocc = 14  HOMO = 0.408691901735685  LUMO = 0.491200972238016
cycle= 2 E= -169.606580297957  delta_E= -6.54e-06  |g|= 0.000986  |ddm|= 0.00452
  alpha nocc = 14  HOMO = 0.40871169487565  LUMO = 0.491190376563767
  beta  nocc = 14  HOMO = 0.408711694878475  LUMO = 0.49119037656374
cycle= 3 E= -169.606582101251  delta_E= -1.8e-06  |g|= 0.000452  |ddm|= 0.00239
  alpha nocc = 14  HOMO = 0.408711802461357  LUMO = 0.491181703579632
  beta  nocc = 14  HOMO = 0.408711802464942  LUMO = 0.491181703579602
cycle= 4 E= -169.606582525061  delta_E= -4.24e-07  |g|= 0.000114  |ddm|= 0.00174
  alpha nocc = 14  HOMO = 0.408710451463721  LUMO = 0.491181712191664
  beta  nocc = 14  HOMO = 0.408710451468179  LUMO = 0.49118171219163
cycle= 5 E= -169.606582610838  delta_E= -8.58e-08  |g|= 7.2e-05  |ddm|= 0.00169
  alpha nocc = 14  HOMO = 0.408710400054063  LUMO = 0.491181866617917
  beta  nocc = 14  HOMO = 0.408710400057962  LUMO = 0.49118186661788
cycle= 6 E= -169.606582552382  delta_E= 5.85e-08  |g|= 5.44e-05  |ddm|= 0.00138
  alpha nocc = 14  HOMO = 0.408710517836793  LUMO = 0.491181412893438
  beta  nocc = 14  HOMO = 0.408710517839874  LUMO = 0.491181412893386
cycle= 7 E= -169.606582494197  delta_E= 5.82e-08  |g|= 2.2e-05  |ddm|= 0.00378
  alpha nocc = 14  HOMO = 0.40871051279851  LUMO = 0.49118141648669
  beta  nocc = 14  HOMO = 0.408710512801572  LUMO = 0.491181416486637
cycle= 8 E= -169.606582494131  delta_E= 6.62e-11  |g|= 2.18e-05  |ddm|= 7.03e-06
  alpha nocc = 14  HOMO = 0.408710647059552  LUMO = 0.491181321572617
  beta  nocc = 14  HOMO = 0.408710647063075  LUMO = 0.491181321572595
Extra cycle  E= -169.606582496039  delta_E= -1.91e-09  |g|= 2.58e-05  |ddm|= 0.00018
converged SCF energy = -169.606582496039  <S^2> = 1.3189761e-07  2S+1 = 1.0000003


******** <class 'pyscf.scf.uhf.UHF'> ********
method = UHF
initial guess = minao
damping factor = 0
level_shift factor = 0
DIIS = <class 'pyscf.scf.diis.CDIIS'>
diis_start_cycle = 1
diis_space = 10
SCF conv_tol = 1e-09
SCF conv_tol_grad = None
SCF max_cycles = 1000
direct_scf = True
direct_scf_tol = 1e-13
chkfile to save SCF result = /scratch/global/yangjunjie/test/410943/tmpnwo3cbkl
max_memory 4000 MB (current use 561 MB)
number electrons alpha = 15  beta = 13
Set gradient conv threshold to 3.16228e-05
init E= -169.727080770778
  alpha nocc = 15  HOMO = 0.398108838487815  LUMO = 0.587431876612795
  beta  nocc = 13  HOMO = 0.415667344613863  LUMO = 0.518009098552604
cycle= 1 E= -169.724215538318  delta_E= 0.00287  |g|= 0.00224  |ddm|= 0.0256
  alpha nocc = 15  HOMO = 0.397948532569824  LUMO = 0.586499319133246
  beta  nocc = 13  HOMO = 0.415509744600664  LUMO = 0.51800593939783
cycle= 2 E= -169.724221969222  delta_E= -6.43e-06  |g|= 0.000963  |ddm|= 0.00416
  alpha nocc = 15  HOMO = 0.397930238740792  LUMO = 0.586388480699194
  beta  nocc = 13  HOMO = 0.415492922286021  LUMO = 0.518026359545017
cycle= 3 E= -169.72422382615  delta_E= -1.86e-06  |g|= 0.000383  |ddm|= 0.00244
  alpha nocc = 15  HOMO = 0.39792369682806  LUMO = 0.58619177965911
  beta  nocc = 13  HOMO = 0.415486675905397  LUMO = 0.518025916442795
cycle= 4 E= -169.724224100248  delta_E= -2.74e-07  |g|= 0.000101  |ddm|= 0.00109
  alpha nocc = 15  HOMO = 0.397924407693275  LUMO = 0.5861955219076
  beta  nocc = 13  HOMO = 0.415487265800093  LUMO = 0.518025547491725
cycle= 5 E= -169.724224114627  delta_E= -1.44e-08  |g|= 1.96e-05  |ddm|= 0.00027
  alpha nocc = 15  HOMO = 0.397924005248328  LUMO = 0.586190369706667
  beta  nocc = 13  HOMO = 0.415486770753569  LUMO = 0.518025509072728
cycle= 6 E= -169.7242241156  delta_E= -9.73e-10  |g|= 1.33e-05  |ddm|= 5.76e-05
  alpha nocc = 15  HOMO = 0.397924059329906  LUMO = 0.586191157064355
  beta  nocc = 13  HOMO = 0.415486817630962  LUMO = 0.518025488587765
Extra cycle  E= -169.724224115942  delta_E= -3.42e-10  |g|= 1.08e-05  |ddm|= 2.5e-05
converged SCF energy = -169.724224115942  <S^2> = 3.0007411  2S+1 = 3.6059623
