

******** <class 'pyscf.scf.hf.RHF'> ********
method = RHF
initial guess = minao
damping factor = 0
level_shift factor = 0
DIIS = <class 'pyscf.scf.diis.CDIIS'>
diis_start_cycle = 1
diis_space = 10
SCF conv_tol = 1e-09
SCF conv_tol_grad = None
SCF max_cycles = 1000
direct_scf = True
direct_scf_tol = 1e-13
chkfile to save SCF result = /scratch/global/yangjunjie/test/410947/tmp1zvyxkzl
max_memory 4000 MB (current use 585 MB)
Set gradient conv threshold to 3.16228e-05
init E= -169.731715041389
  HOMO = 0.461934179326321  LUMO = 0.54942044068291
cycle= 1 E= -169.727926822466  delta_E= 0.00379  |g|= 0.00478  |ddm|= 0.0395
  HOMO = 0.462273561710493  LUMO = 0.549726605511877
cycle= 2 E= -169.727941857252  delta_E= -1.5e-05  |g|= 0.00272  |ddm|= 0.0148
  HOMO = 0.462205063113746  LUMO = 0.549640549951786
cycle= 3 E= -169.727945918393  delta_E= -4.06e-06  |g|= 0.00148  |ddm|= 0.00562
  HOMO = 0.462195298212753  LUMO = 0.549619057220519
cycle= 4 E= -169.727948282924  delta_E= -2.36e-06  |g|= 0.000482  |ddm|= 0.006
  HOMO = 0.462188507500033  LUMO = 0.549604775804911
cycle= 5 E= -169.727948614689  delta_E= -3.32e-07  |g|= 0.000115  |ddm|= 0.00214
  HOMO = 0.462190829832666  LUMO = 0.549605440272424
cycle= 6 E= -169.727948631598  delta_E= -1.69e-08  |g|= 7.05e-06  |ddm|= 0.000563
  HOMO = 0.462190440146822  LUMO = 0.549605189494762
cycle= 7 E= -169.727948631658  delta_E= -5.91e-11  |g|= 2.14e-06  |ddm|= 3.93e-05
  HOMO = 0.462190390002936  LUMO = 0.549605172433192
Extra cycle  E= -169.727948631666  delta_E= -8.13e-12  |g|= 1.28e-06  |ddm|= 1.76e-05
converged SCF energy = -169.727948631666

******** CASCI flags ********
CAS (7e+7e, 11o), ncore = 7, nvir = 5
natorb = False
canonicalization = True
sorting_mo_energy = False
max_memory 4000 (MB)
******** <class 'pyscf.fci.direct_spin1.FCISolver'> ********
max. cycles = 200
conv_tol = 1e-08
davidson only = False
linear dependence = 1e-10
level shift = 0.001
max iter space = 12
max_memory 4000 MB
nroots = 1
pspace_size = 400
spin = None
Density matrix diagonal elements [1.92954022e-04 1.99849600e+00 1.99908084e+00 1.99813585e+00
 1.99802014e+00 1.99217602e+00 1.99948561e+00 1.99836956e+00
 2.15649036e-03 1.36290732e-02 2.57454620e-04]
CASCI converged
CASCI E = -169.724638878484  E(CI) = -49.8155591985413  S^2 = 0.0000000

******** <class 'pyscf.mcscf.mc1step.CASSCF'> ********
CAS (7e+7e, 11o), ncore = 7, nvir = 5
max_cycle_macro = 50
max_cycle_micro = 4
conv_tol = 1e-07
conv_tol_grad = None
orbital rotation max_stepsize = 0.02
orbital rotation threshold for CI restart = 0.01
augmented hessian ah_max_cycle = 30
augmented hessian ah_conv_tol = 1e-12
augmented hessian ah_linear dependence = 1e-14
augmented hessian ah_level shift = 1e-08
augmented hessian ah_start_tol = 2.5
augmented hessian ah_start_cycle = 3
augmented hessian ah_grad_trust_region = 3
kf_trust_region = 3
kf_interval = 4
ci_response_space = 4
ci_grad_trust_region = 3
with_dep4 0
natorb = False
canonicalization = True
sorting_mo_energy = False
ao2mo_level = 2
chkfile = /scratch/global/yangjunjie/test/410947/tmp1zvyxkzl
max_memory 4000 MB (current use 586 MB)
internal_rotation = False
******** <class 'pyscf.fci.direct_spin1.FCISolver'> ********
max. cycles = 50
conv_tol = 1e-08
davidson only = False
linear dependence = 1e-10
level shift = 0.001
max iter space = 12
max_memory 4000 MB
nroots = 1
pspace_size = 400
spin = None
CASCI E = -169.724638878484  S^2 = 0.0000000
Set conv_tol_grad to 0.000316228
macro iter 1 (21 JK  4 micro), CASSCF E = -169.727041626528  dE = -0.002402748  S^2 = 0.0000000
               |grad[o]|=0.0526  |grad[c]|= 0.027872329079015528  |ddm|=0.00622  |maxRot[o]|=0.198
macro iter 2 (21 JK  4 micro), CASSCF E = -169.730865153436  dE = -0.0038235269  S^2 = 0.0000000
               |grad[o]|=0.0358  |grad[c]|= 0.041316447545575834  |ddm|=0.0124  |maxRot[o]|=0.276
macro iter 3 (21 JK  4 micro), CASSCF E = -169.738598497903  dE = -0.0077333445  S^2 = 0.0000000
               |grad[o]|=0.0284  |grad[c]|= 0.04216204428661369  |ddm|=0.011  |maxRot[o]|=0.314
macro iter 4 (21 JK  4 micro), CASSCF E = -169.751586667322  dE = -0.012988169  S^2 = 0.0000000
               |grad[o]|=0.0341  |grad[c]|= 0.04411106237914097  |ddm|=0.0311  |maxRot[o]|=0.314
macro iter 5 (21 JK  4 micro), CASSCF E = -169.760064675373  dE = -0.0084780081  S^2 = 0.0000000
               |grad[o]|=0.0424  |grad[c]|= 0.03578601320230934  |ddm|=0.0352  |maxRot[o]|=0.235
macro iter 6 (21 JK  4 micro), CASSCF E = -169.762527831582  dE = -0.0024631562  S^2 = 0.0000000
               |grad[o]|=0.0357  |grad[c]|= 0.01486276682804166  |ddm|=0.0219  |maxRot[o]|=0.205
macro iter 7 (21 JK  4 micro), CASSCF E = -169.764909072755  dE = -0.0023812412  S^2 = 0.0000000
               |grad[o]|=0.0248  |grad[c]|= 0.014042164862134181  |ddm|=0.00901  |maxRot[o]|=0.315
macro iter 8 (21 JK  4 micro), CASSCF E = -169.770566453812  dE = -0.0056573811  S^2 = 0.0000000
               |grad[o]|=0.0225  |grad[c]|= 0.013386682581252819  |ddm|=0.0126  |maxRot[o]|=0.315
macro iter 9 (21 JK  4 micro), CASSCF E = -169.775384251199  dE = -0.0048177974  S^2 = 0.0000000
               |grad[o]|=0.0221  |grad[c]|= 0.010562629593634364  |ddm|=0.0274  |maxRot[o]|=0.229
macro iter 10 (21 JK  4 micro), CASSCF E = -169.783799713807  dE = -0.0084154626  S^2 = 0.0000000
               |grad[o]|=0.031  |grad[c]|= 0.01424497428148342  |ddm|=0.0201  |maxRot[o]|=0.314
macro iter 11 (21 JK  4 micro), CASSCF E = -169.789254417662  dE = -0.0054547039  S^2 = 0.0000000
               |grad[o]|=0.0211  |grad[c]|= 0.026986224926000012  |ddm|=0.043  |maxRot[o]|=0.199
macro iter 12 (21 JK  4 micro), CASSCF E = -169.791409373386  dE = -0.0021549557  S^2 = 0.0000000
               |grad[o]|=0.0209  |grad[c]|= 0.05774988062403918  |ddm|=0.0162  |maxRot[o]|=0.191
macro iter 13 (21 JK  4 micro), CASSCF E = -169.794810625083  dE = -0.0034012517  S^2 = 0.0000000
               |grad[o]|=0.0186  |grad[c]|= 0.02464854045609739  |ddm|=0.00981  |maxRot[o]|=0.224
macro iter 14 (21 JK  4 micro), CASSCF E = -169.802128201355  dE = -0.0073175763  S^2 = 0.0000000
               |grad[o]|=0.022  |grad[c]|= 0.02749351094810375  |ddm|=0.0147  |maxRot[o]|=0.217
macro iter 15 (21 JK  4 micro), CASSCF E = -169.815794855289  dE = -0.013666654  S^2 = 0.0000000
               |grad[o]|=0.0311  |grad[c]|= 0.029992402198480955  |ddm|=0.0294  |maxRot[o]|=0.203
macro iter 16 (21 JK  4 micro), CASSCF E = -169.830750304809  dE = -0.01495545  S^2 = 0.0000000
               |grad[o]|=0.0397  |grad[c]|= 0.02997927285849131  |ddm|=0.0415  |maxRot[o]|=0.172
macro iter 17 (21 JK  4 micro), CASSCF E = -169.844363109199  dE = -0.013612804  S^2 = 0.0000000
               |grad[o]|=0.0414  |grad[c]|= 0.030688424327745895  |ddm|=0.0496  |maxRot[o]|=0.159
macro iter 18 (21 JK  4 micro), CASSCF E = -169.855487681811  dE = -0.011124573  S^2 = 0.0000000
               |grad[o]|=0.0359  |grad[c]|= 0.02895602391867919  |ddm|=0.0511  |maxRot[o]|=0.155
macro iter 19 (21 JK  4 micro), CASSCF E = -169.860350799349  dE = -0.0048631175  S^2 = 0.0000000
               |grad[o]|=0.0271  |grad[c]|= 0.022467000790609343  |ddm|=0.0359  |maxRot[o]|=0.096
macro iter 20 (21 JK  4 micro), CASSCF E = -169.863283082571  dE = -0.0029322832  S^2 = 0.0000000
               |grad[o]|=0.0209  |grad[c]|= 0.02513524907810181  |ddm|=0.0301  |maxRot[o]|=0.0786
macro iter 21 (21 JK  4 micro), CASSCF E = -169.864754850984  dE = -0.0014717684  S^2 = 0.0000000
               |grad[o]|=0.0164  |grad[c]|= 0.010485556765042795  |ddm|=0.0168  |maxRot[o]|=0.0738
macro iter 22 (21 JK  4 micro), CASSCF E = -169.865252964025  dE = -0.00049811304  S^2 = 0.0000000
               |grad[o]|=0.0141  |grad[c]|= 0.01265268217589059  |ddm|=0.00396  |maxRot[o]|=0.0246
macro iter 23 (21 JK  4 micro), CASSCF E = -169.86553166586  dE = -0.00027870184  S^2 = 0.0000000
               |grad[o]|=0.0128  |grad[c]|= 0.014133352646375838  |ddm|=0.00307  |maxRot[o]|=0.0176
macro iter 24 (21 JK  4 micro), CASSCF E = -169.865752724396  dE = -0.00022105854  S^2 = 0.0000000
               |grad[o]|=0.0121  |grad[c]|= 0.013813105851754515  |ddm|=0.00256  |maxRot[o]|=0.0167
macro iter 25 (21 JK  4 micro), CASSCF E = -169.866108549159  dE = -0.00035582476  S^2 = 0.0000000
               |grad[o]|=0.0116  |grad[c]|= 0.005126096714609515  |ddm|=0.0054  |maxRot[o]|=0.0863
macro iter 26 (21 JK  4 micro), CASSCF E = -169.866201006062  dE = -9.2456903e-05  S^2 = 0.0000000
               |grad[o]|=0.0116  |grad[c]|= 0.012229968419070146  |ddm|=0.00148  |maxRot[o]|=0.0105
macro iter 27 (21 JK  4 micro), CASSCF E = -169.86650378622  dE = -0.00030278016  S^2 = 0.0000000
               |grad[o]|=0.011  |grad[c]|= 0.005413844491626107  |ddm|=0.00537  |maxRot[o]|=0.0951
macro iter 28 (21 JK  4 micro), CASSCF E = -169.866840907515  dE = -0.0003371213  S^2 = 0.0000000
               |grad[o]|=0.00994  |grad[c]|= 0.008195831143648236  |ddm|=0.00456  |maxRot[o]|=0.0767
macro iter 29 (21 JK  4 micro), CASSCF E = -169.867115772336  dE = -0.00027486482  S^2 = 0.0000000
               |grad[o]|=0.00917  |grad[c]|= 0.008841478581621293  |ddm|=0.00263  |maxRot[o]|=0.0655
macro iter 30 (21 JK  4 micro), CASSCF E = -169.867072611664  dE = 4.3160671e-05  S^2 = 0.0000000
               |grad[o]|=0.00772  |grad[c]|= 0.017919373805529826  |ddm|=0.00185  |maxRot[o]|=0.0663
macro iter 31 (21 JK  4 micro), CASSCF E = -169.867171376222  dE = -9.8764557e-05  S^2 = 0.0000000
               |grad[o]|=0.0073  |grad[c]|= 0.0023591980591557804  |ddm|=0.000505  |maxRot[o]|=0.048
macro iter 32 (21 JK  4 micro), CASSCF E = -169.867199468722  dE = -2.8092501e-05  S^2 = 0.0000000
               |grad[o]|=0.00723  |grad[c]|= 0.00570115806068164  |ddm|=0.000926  |maxRot[o]|=0.00488
macro iter 33 (21 JK  4 micro), CASSCF E = -169.867202427705  dE = -2.9589822e-06  S^2 = 0.0000000
               |grad[o]|=0.00706  |grad[c]|= 0.01000706047580408  |ddm|=0.00131  |maxRot[o]|=0.0184
macro iter 34 (21 JK  4 micro), CASSCF E = -169.867188710992  dE = 1.3716712e-05  S^2 = 0.0000000
               |grad[o]|=0.00675  |grad[c]|= 0.013522616752511629  |ddm|=0.00147  |maxRot[o]|= 0.03
macro iter 35 (21 JK  4 micro), CASSCF E = -169.867303361123  dE = -0.00011465013  S^2 = 0.0000000
               |grad[o]|=0.00641  |grad[c]|= 0.001788654392996884  |ddm|=0.000366  |maxRot[o]|=0.0413
macro iter 36 (21 JK  4 micro), CASSCF E = -169.867342124109  dE = -3.8762986e-05  S^2 = 0.0000000
               |grad[o]|=0.00635  |grad[c]|= 0.0047829428789164475  |ddm|=0.000815  |maxRot[o]|=0.0109
macro iter 37 (21 JK  4 micro), CASSCF E = -169.867349253887  dE = -7.1297776e-06  S^2 = 0.0000000
               |grad[o]|=0.00624  |grad[c]|= 0.00884337736567307  |ddm|=0.00114  |maxRot[o]|=0.0128
macro iter 38 (21 JK  4 micro), CASSCF E = -169.867340245673  dE = 9.008214e-06  S^2 = 0.0000000
               |grad[o]|=0.006  |grad[c]|= 0.012651506449331391  |ddm|=0.00137  |maxRot[o]|=0.0212
macro iter 39 (21 JK  4 micro), CASSCF E = -169.867468920028  dE = -0.00012867436  S^2 = 0.0000000
               |grad[o]|=0.00572  |grad[c]|= 0.001647452920316995  |ddm|=0.0003  |maxRot[o]|=0.0405
macro iter 40 (21 JK  4 micro), CASSCF E = -169.867517562188  dE = -4.864216e-05  S^2 = 0.0000000
               |grad[o]|=0.00568  |grad[c]|= 0.004641724053103765  |ddm|=0.000625  |maxRot[o]|=0.0295
macro iter 41 (21 JK  4 micro), CASSCF E = -169.867525774825  dE = -8.2126378e-06  S^2 = 0.0000000
               |grad[o]|=0.00564  |grad[c]|= 0.00820705036819071  |ddm|=0.000973  |maxRot[o]|=0.0298
macro iter 42 (21 JK  4 micro), CASSCF E = -169.867518267528  dE = 7.5072979e-06  S^2 = 0.0000000
               |grad[o]|=0.00541  |grad[c]|= 0.01239718416498501  |ddm|=0.00127  |maxRot[o]|=0.0227
macro iter 43 (21 JK  4 micro), CASSCF E = -169.867730241884  dE = -0.00021197436  S^2 = 0.0000000
               |grad[o]|=0.00508  |grad[c]|= 0.004423227430631174  |ddm|=0.00083  |maxRot[o]|=0.0577
macro iter 44 (21 JK  4 micro), CASSCF E = -169.8679085775  dE = -0.00017833562  S^2 = 0.0000000
               |grad[o]|=0.00522  |grad[c]|= 0.01581150749392948  |ddm|=0.00224  |maxRot[o]|=0.0668
macro iter 45 (21 JK  4 micro), CASSCF E = -169.867924549603  dE = -1.5972103e-05  S^2 = 0.0000000
               |grad[o]|=0.00509  |grad[c]|= 0.008584714345289176  |ddm|=0.00102  |maxRot[o]|=0.0203
macro iter 46 (21 JK  4 micro), CASSCF E = -169.867939206488  dE = -1.4656885e-05  S^2 = 0.0000000
               |grad[o]|=0.00488  |grad[c]|= 0.012259616296880655  |ddm|=0.00144  |maxRot[o]|=0.0263
macro iter 47 (21 JK  4 micro), CASSCF E = -169.867951241527  dE = -1.203504e-05  S^2 = 0.0000000
               |grad[o]|=0.00468  |grad[c]|= 0.015146293149512186  |ddm|=0.00129  |maxRot[o]|=0.0343
macro iter 48 (21 JK  4 micro), CASSCF E = -169.867959877128  dE = -8.6356006e-06  S^2 = 0.0000000
               |grad[o]|=0.0044  |grad[c]|= 0.016403377532463192  |ddm|=0.00129  |maxRot[o]|=0.0268
macro iter 49 (21 JK  4 micro), CASSCF E = -169.867966041984  dE = -6.1648559e-06  S^2 = 0.0000000
               |grad[o]|=0.00417  |grad[c]|= 0.016910260681446597  |ddm|=0.00128  |maxRot[o]|=0.0255
macro iter 50 (21 JK  4 micro), CASSCF E = -169.867970609768  dE = -4.5677845e-06  S^2 = 0.0000000
               |grad[o]|=0.00394  |grad[c]|= 0.017060934534464493  |ddm|=0.00121  |maxRot[o]|=0.0257
1-step CASSCF not converged, 50 macro (1050 JK 200 micro) steps
CASSCF canonicalization
Density matrix diagonal elements [0.0369896  1.99793862 1.89405466 1.99826765 1.93729488 1.99148863
 1.99741589 1.90803577 0.0378213  0.09901885 0.10167415]
CASSCF energy = -169.867970609768
CASCI E = -169.867970609768  E(CI) = -68.7305171550354  S^2 = 0.0000000


******** <class 'pyscf.scf.uhf.UHF'> ********
method = UHF
initial guess = minao
damping factor = 0
level_shift factor = 0
DIIS = <class 'pyscf.scf.diis.CDIIS'>
diis_start_cycle = 1
diis_space = 10
SCF conv_tol = 1e-09
SCF conv_tol_grad = None
SCF max_cycles = 1000
direct_scf = True
direct_scf_tol = 1e-13
chkfile to save SCF result = /scratch/global/yangjunjie/test/410947/tmp3drzrgql
max_memory 4000 MB (current use 600 MB)
number electrons alpha = 14  beta = 14
Set gradient conv threshold to 3.16228e-05
init E= -169.590981011964
  alpha nocc = 14  HOMO = 0.40805974520296  LUMO = 0.491206340767218
  beta  nocc = 14  HOMO = 0.40805974520276  LUMO = 0.491206340767218
cycle= 1 E= -169.587559198635  delta_E= 0.00342  |g|= 0.0021  |ddm|= 0.0256
  alpha nocc = 14  HOMO = 0.408292706091334  LUMO = 0.491295001421542
  beta  nocc = 14  HOMO = 0.408292706091089  LUMO = 0.491295001421547
cycle= 2 E= -169.58756499142  delta_E= -5.79e-06  |g|= 0.000912  |ddm|= 0.00408
  alpha nocc = 14  HOMO = 0.408312773146078  LUMO = 0.491277146788694
  beta  nocc = 14  HOMO = 0.408312773145725  LUMO = 0.491277146788699
cycle= 3 E= -169.587566723733  delta_E= -1.73e-06  |g|= 0.000321  |ddm|= 0.00265
  alpha nocc = 14  HOMO = 0.408310701333797  LUMO = 0.491272050814474
  beta  nocc = 14  HOMO = 0.408310701333239  LUMO = 0.491272050814483
cycle= 4 E= -169.587566993184  delta_E= -2.69e-07  |g|= 0.000114  |ddm|= 0.0019
  alpha nocc = 14  HOMO = 0.408311052068367  LUMO = 0.491272328382192
  beta  nocc = 14  HOMO = 0.408311052067492  LUMO = 0.49127232838221
cycle= 5 E= -169.587567102039  delta_E= -1.09e-07  |g|= 8.49e-05  |ddm|= 0.00186
  alpha nocc = 14  HOMO = 0.40831097260417  LUMO = 0.491272420962769
  beta  nocc = 14  HOMO = 0.408310972603454  LUMO = 0.491272420962788
cycle= 6 E= -169.587567033733  delta_E= 6.83e-08  |g|= 7.02e-05  |ddm|= 0.00121
  alpha nocc = 14  HOMO = 0.408311329537726  LUMO = 0.491271964861146
  beta  nocc = 14  HOMO = 0.408311329536909  LUMO = 0.491271964861236
cycle= 7 E= -169.587566909331  delta_E= 1.24e-07  |g|= 1.26e-05  |ddm|= 0.00476
  alpha nocc = 14  HOMO = 0.408311411612022  LUMO = 0.491271770915217
  beta  nocc = 14  HOMO = 0.40831141161184  LUMO = 0.491271770915185
cycle= 8 E= -169.587566909643  delta_E= -3.12e-10  |g|= 1.12e-05  |ddm|= 0.000346
  alpha nocc = 14  HOMO = 0.408311374196942  LUMO = 0.491271842146735
  beta  nocc = 14  HOMO = 0.408311374196453  LUMO = 0.491271842146737
Extra cycle  E= -169.587566910392  delta_E= -7.49e-10  |g|= 1.37e-05  |ddm|= 0.000133
converged SCF energy = -169.587566910392  <S^2> = 6.3460918e-08  2S+1 = 1.0000001


******** <class 'pyscf.scf.uhf.UHF'> ********
method = UHF
initial guess = minao
damping factor = 0
level_shift factor = 0
DIIS = <class 'pyscf.scf.diis.CDIIS'>
diis_start_cycle = 1
diis_space = 10
SCF conv_tol = 1e-09
SCF conv_tol_grad = None
SCF max_cycles = 1000
direct_scf = True
direct_scf_tol = 1e-13
chkfile to save SCF result = /scratch/global/yangjunjie/test/410947/tmplvdipa4y
max_memory 4000 MB (current use 600 MB)
number electrons alpha = 15  beta = 13
Set gradient conv threshold to 3.16228e-05
init E= -169.631390105643
  alpha nocc = 15  HOMO = 0.408912424515243  LUMO = 0.753013240007558
  beta  nocc = 13  HOMO = 0.45316324948065  LUMO = 0.547473289929835
cycle= 1 E= -169.624005415226  delta_E= 0.00738  |g|= 0.00256  |ddm|= 0.0262
  alpha nocc = 15  HOMO = 0.41045711356487  LUMO = 0.756379741181822
  beta  nocc = 13  HOMO = 0.454432447268676  LUMO = 0.548824096131922
cycle= 2 E= -169.624012123191  delta_E= -6.71e-06  |g|= 0.00105  |ddm|= 0.00521
  alpha nocc = 15  HOMO = 0.410424779284301  LUMO = 0.755809886451931
  beta  nocc = 13  HOMO = 0.453824623336298  LUMO = 0.548804776317939
cycle= 3 E= -169.624013653401  delta_E= -1.53e-06  |g|= 0.000645  |ddm|= 0.00176
  alpha nocc = 15  HOMO = 0.410425031634359  LUMO = 0.755663063932901
  beta  nocc = 13  HOMO = 0.453962411036985  LUMO = 0.548797538330166
cycle= 4 E= -169.624015000473  delta_E= -1.35e-06  |g|= 0.00034  |ddm|= 0.00244
  alpha nocc = 15  HOMO = 0.410423785135874  LUMO = 0.755591084093316
  beta  nocc = 13  HOMO = 0.454017655676717  LUMO = 0.548797866843134
cycle= 5 E= -169.62401548946  delta_E= -4.89e-07  |g|= 0.000215  |ddm|= 0.00173
  alpha nocc = 15  HOMO = 0.4104236655235  LUMO = 0.755583949552797
  beta  nocc = 13  HOMO = 0.454082962700806  LUMO = 0.548796492540236
cycle= 6 E= -169.624015813034  delta_E= -3.24e-07  |g|= 0.000173  |ddm|= 0.00171
  alpha nocc = 15  HOMO = 0.410423229443303  LUMO = 0.755597162872185
  beta  nocc = 13  HOMO = 0.454087103643123  LUMO = 0.548797350761183
cycle= 7 E= -169.624015993029  delta_E= -1.8e-07  |g|= 0.000192  |ddm|= 0.00105
  alpha nocc = 15  HOMO = 0.410421935449025  LUMO = 0.755603436485251
  beta  nocc = 13  HOMO = 0.454100994708815  LUMO = 0.548796881637302
cycle= 8 E= -169.624015812528  delta_E= 1.81e-07  |g|= 0.000121  |ddm|= 0.00177
  alpha nocc = 15  HOMO = 0.410421795035207  LUMO = 0.755626408917254
  beta  nocc = 13  HOMO = 0.454106570738886  LUMO = 0.548799790643444
cycle= 9 E= -169.624015807507  delta_E= 5.02e-09  |g|= 3.56e-05  |ddm|= 0.00172
  alpha nocc = 15  HOMO = 0.41042217298609  LUMO = 0.755624844226397
  beta  nocc = 13  HOMO = 0.454102367824919  LUMO = 0.548800330277544
cycle= 10 E= -169.62401581165  delta_E= -4.14e-09  |g|= 6.61e-06  |ddm|= 0.000468
  alpha nocc = 15  HOMO = 0.410422120771322  LUMO = 0.755623381552997
  beta  nocc = 13  HOMO = 0.454101994687703  LUMO = 0.54880043376654
cycle= 11 E= -169.624015811816  delta_E= -1.65e-10  |g|= 6.1e-06  |ddm|= 4.15e-05
  alpha nocc = 15  HOMO = 0.410422119326636  LUMO = 0.755623203092696
  beta  nocc = 13  HOMO = 0.454102250877828  LUMO = 0.54880044375985
Extra cycle  E= -169.624015811989  delta_E= -1.73e-10  |g|= 7.74e-06  |ddm|= 4.14e-05
converged SCF energy = -169.624015811989  <S^2> = 4.0366908  2S+1 = 4.1408651
