

******** <class 'pyscf.scf.hf.RHF'> ********
method = RHF
initial guess = minao
damping factor = 0
level_shift factor = 0
DIIS = <class 'pyscf.scf.diis.CDIIS'>
diis_start_cycle = 1
diis_space = 10
SCF conv_tol = 1e-09
SCF conv_tol_grad = None
SCF max_cycles = 1000
direct_scf = True
direct_scf_tol = 1e-13
chkfile to save SCF result = /var/folders/1c/6xd0c0090wn2kgrbj54n7qfr0000gn/T/tmpl9_33_4p
max_memory 4000 MB (current use 0 MB)
Set gradient conv threshold to 3.16228e-05
init E= -167.678963724822
  HOMO = 0.15738609182212  LUMO = 0.385292036010007
cycle= 1 E= -148.31743903604  delta_E= 19.4  |g|= 4.31  |ddm|= 17.1
  HOMO = -0.933218873112582  LUMO = -0.916188153828606
cycle= 2 E= -161.849411805292  delta_E= -13.5  |g|= 3.74  |ddm|= 17.5
  HOMO = 0.502144272914391  LUMO = 0.51398123959869
cycle= 3 E= -170.05480591406  delta_E= -8.21  |g|= 1.28  |ddm|= 6.34
  HOMO = 0.412349586579467  LUMO = 0.427823444126428
cycle= 4 E= -167.71462516344  delta_E= 2.34  |g|= 2.69  |ddm|= 4.74
  HOMO = 0.409796934184612  LUMO = 0.417291946261942
cycle= 5 E= -168.846838621717  delta_E= -1.13  |g|= 2.45  |ddm|=  4.5
  HOMO = 0.465082366994538  LUMO = 0.530888890516158
cycle= 6 E= -169.903322362068  delta_E= -1.06  |g|= 1.57  |ddm|= 0.915
  HOMO = 0.462435846726545  LUMO = 0.537635762594996
cycle= 7 E= -170.005821369292  delta_E= -0.102  |g|= 1.44  |ddm|= 0.408
  HOMO = 0.457838624940934  LUMO = 0.539193803539825
cycle= 8 E= -170.17707110195  delta_E= -0.171  |g|= 1.13  |ddm|= 0.299
  HOMO = 0.457190790127993  LUMO = 0.544884233437355
cycle= 9 E= -170.38287867052  delta_E= -0.206  |g|= 0.495  |ddm|= 0.41
  HOMO = 0.466573791356181  LUMO = 0.559371954203647
cycle= 10 E= -170.427266820836  delta_E= -0.0444  |g|= 0.118  |ddm|= 0.408
  HOMO = 0.465923991803715  LUMO = 0.555320120550476
cycle= 11 E= -170.430227337768  delta_E= -0.00296  |g|= 0.0282  |ddm|= 0.0839
  HOMO = 0.464938798458736  LUMO = 0.554760725529374
cycle= 12 E= -170.430513823982  delta_E= -0.000286  |g|= 0.00644  |ddm|= 0.034
  HOMO = 0.463803094908115  LUMO = 0.554489929825524
cycle= 13 E= -170.430610035855  delta_E= -9.62e-05  |g|= 0.00579  |ddm|= 0.0432
  HOMO = 0.463701609553874  LUMO = 0.554432451911234
cycle= 14 E= -170.43061620633  delta_E= -6.17e-06  |g|= 0.00217  |ddm|= 0.00493
  HOMO = 0.463622908143645  LUMO = 0.554388935530943
cycle= 15 E= -170.430617851483  delta_E= -1.65e-06  |g|= 0.000222  |ddm|= 0.00466
  HOMO = 0.463624168994674  LUMO = 0.554386559098629
cycle= 16 E= -170.430617863231  delta_E= -1.17e-08  |g|= 7.77e-05  |ddm|= 0.000401
  HOMO = 0.463625517989206  LUMO = 0.554388509507108
cycle= 17 E= -170.430617864496  delta_E= -1.27e-09  |g|= 2.22e-06  |ddm|= 0.000112
  HOMO = 0.463625615890355  LUMO = 0.554388636389172
cycle= 18 E= -170.4306178645  delta_E= -4.23e-12  |g|= 3.79e-07  |ddm|= 1.4e-05
  HOMO = 0.463625617699039  LUMO = 0.554388627796136
Extra cycle  E= -170.4306178645  delta_E= -5.68e-14  |g|= 5.44e-07  |ddm|= 1.04e-06
converged SCF energy = -170.4306178645
               #0        #1        #2        #3        #4       
 0 Ni 3s       0.99639   0.00000   0.00000  -0.00000  -0.00000
 0 Ni 4s      -0.00450   0.00000   0.00000  -0.00000   0.00000
 0 Ni 5s      -0.00227   0.00000  -0.00000   0.00000  -0.00000
 0 Ni 3px     -0.00000   0.59348   0.80179  -0.00000  -0.00000
 0 Ni 3py     -0.00000   0.80179  -0.59348  -0.00000  -0.00000
 0 Ni 3pz      0.00000   0.00000   0.00000   0.99765   0.00000
 0 Ni 4px      0.00000   0.00885   0.01195  -0.00000   0.00000
 0 Ni 4py      0.00000   0.01195  -0.00885  -0.00000   0.00000
 0 Ni 4pz     -0.00000   0.00000   0.00000   0.01523  -0.00000
 0 Ni 5px     -0.00000  -0.00226  -0.00306   0.00000  -0.00000
 0 Ni 5py     -0.00000  -0.00306   0.00226   0.00000   0.00000
 0 Ni 5pz      0.00000  -0.00000  -0.00000  -0.00383   0.00000
 0 Ni 3dxy     0.00000   0.00000   0.00000   0.00000   0.90085
 0 Ni 3dyz     0.00000   0.00000  -0.00000  -0.00000   0.00000
 0 Ni 3dz^2   -0.00155  -0.00000   0.00000   0.00000   0.00000
 0 Ni 3dxz     0.00000   0.00000   0.00000  -0.00000   0.00000
0 Ni 3dx2-y2  -0.00000  -0.00000  -0.00000  -0.00000  -0.00000
 0 Ni 4dxy     0.00000  -0.00000  -0.00000   0.00000   0.24330
 0 Ni 4dyz     0.00000   0.00000   0.00000   0.00000   0.00000
 0 Ni 4dz^2    0.00005  -0.00000  -0.00000  -0.00000  -0.00000
 0 Ni 4dxz     0.00000   0.00000  -0.00000   0.00000   0.00000
0 Ni 4dx2-y2  -0.00000   0.00000   0.00000   0.00000  -0.00000
  1 H 1s       0.00170   0.00000   0.00000   0.00941  -0.00000
  1 H 2s       0.00242  -0.00000  -0.00000  -0.00383   0.00000
  2 H 1s       0.00179   0.00791  -0.00585  -0.00000   0.00000
  2 H 2s       0.00247  -0.00282   0.00208   0.00000   0.00000
  3 H 1s       0.00179   0.00585   0.00791  -0.00000  -0.00000
  3 H 2s       0.00247  -0.00208  -0.00282   0.00000  -0.00000
  4 H 1s       0.00170  -0.00000  -0.00000  -0.00941   0.00000
  4 H 2s       0.00242  -0.00000   0.00000   0.00383  -0.00000
  5 H 1s       0.00179  -0.00791   0.00585   0.00000   0.00000
  5 H 2s       0.00247   0.00282  -0.00208  -0.00000  -0.00000
  6 H 1s       0.00179  -0.00585  -0.00791   0.00000  -0.00000
  6 H 2s       0.00247   0.00208   0.00282  -0.00000   0.00000
               #5        #6        #7        #8        #9       
 0 Ni 3s      -0.00000  -0.00000  -0.02737   0.00205  -0.00000
 0 Ni 4s      -0.00000   0.00000   0.38743   0.03888  -0.00000
 0 Ni 5s       0.00000   0.00000   0.26021  -0.00398  -0.00000
 0 Ni 3px      0.00000  -0.00000  -0.00000  -0.00000  -0.00000
 0 Ni 3py      0.00000  -0.00000   0.00000  -0.00000  -0.00000
 0 Ni 3pz     -0.00000   0.00000  -0.00000  -0.00000  -0.00000
 0 Ni 4px      0.00000  -0.00000   0.00000  -0.00000  -0.00000
 0 Ni 4py      0.00000   0.00000  -0.00000   0.00000  -0.00000
 0 Ni 4pz      0.00000  -0.00000   0.00000  -0.00000   0.00000
 0 Ni 5px     -0.00000  -0.00000  -0.00000   0.00000  -0.00000
 0 Ni 5py     -0.00000   0.00000   0.00000   0.00000   0.00000
 0 Ni 5pz      0.00000   0.00000   0.00000   0.00000   0.00000
 0 Ni 3dxy    -0.00000  -0.00000  -0.00000  -0.00000   0.00000
 0 Ni 3dyz    -0.52480   0.73240  -0.00000  -0.00000   0.00000
 0 Ni 3dz^2    0.00000   0.00000  -0.04112   0.63108  -0.00000
 0 Ni 3dxz     0.73240   0.52480  -0.00000  -0.00000  -0.00000
0 Ni 3dx2-y2   0.00000  -0.00000  -0.00000   0.00000   0.59996
 0 Ni 4dxy    -0.00000  -0.00000  -0.00000  -0.00000   0.00000
 0 Ni 4dyz    -0.14153   0.19751  -0.00000  -0.00000   0.00000
 0 Ni 4dz^2    0.00000   0.00000  -0.01574   0.28297  -0.00000
 0 Ni 4dxz     0.19751   0.14153  -0.00000  -0.00000  -0.00000
0 Ni 4dx2-y2   0.00000  -0.00000   0.00000   0.00000   0.27134
  1 H 1s       0.00000   0.00000   0.10930   0.14133  -0.00000
  1 H 2s      -0.00000   0.00000   0.02342   0.19016  -0.00000
  2 H 1s      -0.00000   0.00000   0.12932  -0.05893  -0.12453
  2 H 2s      -0.00000   0.00000   0.06629  -0.07893  -0.18048
  3 H 1s       0.00000   0.00000   0.12932  -0.05893   0.12453
  3 H 2s       0.00000  -0.00000   0.06629  -0.07893   0.18048
  4 H 1s      -0.00000   0.00000   0.10930   0.14133  -0.00000
  4 H 2s       0.00000   0.00000   0.02342   0.19016  -0.00000
  5 H 1s      -0.00000   0.00000   0.12932  -0.05893  -0.12453
  5 H 2s      -0.00000  -0.00000   0.06629  -0.07893  -0.18048
  6 H 1s       0.00000   0.00000   0.12932  -0.05893   0.12453
  6 H 2s       0.00000  -0.00000   0.06629  -0.07893   0.18048
               #10       #11       #12       #13       #14      
 0 Ni 3s      -0.00000  -0.00000   0.00000  -0.00000   0.00000
 0 Ni 4s      -0.00000   0.00000   0.00000  -0.00000   0.00000
 0 Ni 5s      -0.00000  -0.00000  -0.00000  -0.00000   0.00000
 0 Ni 3px     -0.13623   0.03785   0.00000  -0.00000  -0.03392
 0 Ni 3py     -0.03785  -0.13623   0.00000  -0.00000   0.08337
 0 Ni 3pz      0.00000   0.00000   0.14551   0.07902   0.00000
 0 Ni 4px      0.11688  -0.03247  -0.00000   0.00000   0.30240
 0 Ni 4py      0.03247   0.11688  -0.00000   0.00000  -0.74319
 0 Ni 4pz      0.00000  -0.00000  -0.27273  -0.74558  -0.00000
 0 Ni 5px      0.25511  -0.07087  -0.00000  -0.00000  -0.47264
 0 Ni 5py      0.07087   0.25511  -0.00000  -0.00000   1.16158
 0 Ni 5pz      0.00000   0.00000  -0.16131   1.26472   0.00000
 0 Ni 3dxy     0.00000  -0.00000  -0.00000  -0.00000   0.00000
 0 Ni 3dyz    -0.00000  -0.00000  -0.00000  -0.00000  -0.00000
 0 Ni 3dz^2   -0.00000  -0.00000   0.00000  -0.00000  -0.00000
 0 Ni 3dxz     0.00000  -0.00000   0.00000  -0.00000   0.00000
0 Ni 3dx2-y2  -0.00000  -0.00000  -0.00000   0.00000  -0.00000
 0 Ni 4dxy    -0.00000   0.00000   0.00000  -0.00000  -0.00000
 0 Ni 4dyz    -0.00000   0.00000   0.00000   0.00000  -0.00000
 0 Ni 4dz^2   -0.00000  -0.00000   0.00000  -0.00000  -0.00000
 0 Ni 4dxz     0.00000  -0.00000   0.00000   0.00000   0.00000
0 Ni 4dx2-y2  -0.00000  -0.00000  -0.00000   0.00000  -0.00000
  1 H 1s      -0.00000  -0.00000  -0.22680  -0.06769  -0.00000
  1 H 2s      -0.00000  -0.00000  -0.30816  -0.01347  -0.00000
  2 H 1s       0.05949   0.21416  -0.00000   0.00000  -0.07884
  2 H 2s       0.09870   0.35529   0.00000  -0.00000  -0.00742
  3 H 1s       0.21416  -0.05949  -0.00000   0.00000   0.03208
  3 H 2s       0.35529  -0.09870   0.00000  -0.00000   0.00302
  4 H 1s       0.00000   0.00000   0.22680   0.06769   0.00000
  4 H 2s       0.00000   0.00000   0.30816   0.01347   0.00000
  5 H 1s      -0.05949  -0.21416   0.00000  -0.00000   0.07884
  5 H 2s      -0.09870  -0.35529   0.00000   0.00000   0.00742
  6 H 1s      -0.21416   0.05949   0.00000  -0.00000  -0.03208
  6 H 2s      -0.35529   0.09870  -0.00000   0.00000  -0.00302
               #15       #16       #17       #18       #19      
 0 Ni 3s       0.00000  -0.00468  -0.00000   0.00633  -0.00000
 0 Ni 4s       0.00000  -0.20943  -0.00000   0.01009  -0.00000
 0 Ni 5s       0.00000   2.41146   0.00000   0.06181   0.00000
 0 Ni 3px      0.08337  -0.00000   0.00000  -0.00000  -0.03093
 0 Ni 3py      0.03392  -0.00000  -0.00000  -0.00000   0.00809
 0 Ni 3pz      0.00000   0.00000  -0.00000  -0.00000   0.00000
 0 Ni 4px     -0.74319  -0.00000  -0.00000   0.00000   3.12959
 0 Ni 4py     -0.30240  -0.00000  -0.00000  -0.00000  -0.81833
 0 Ni 4pz     -0.00000  -0.00000   0.00000  -0.00000  -0.00000
 0 Ni 5px      1.16158  -0.00000   0.00000  -0.00000  -0.38865
 0 Ni 5py      0.47264  -0.00000   0.00000   0.00000   0.10162
 0 Ni 5pz      0.00000   0.00000  -0.00000  -0.00000   0.00000
 0 Ni 3dxy    -0.00000   0.00000  -0.00000   0.00000  -0.00000
 0 Ni 3dyz     0.00000  -0.00000  -0.00000   0.00000   0.00000
 0 Ni 3dz^2   -0.00000   0.01990   0.00000  -0.56866   0.00000
 0 Ni 3dxz     0.00000  -0.00000   0.00000   0.00000  -0.00000
0 Ni 3dx2-y2   0.00000   0.00000  -0.58843  -0.00000  -0.00000
 0 Ni 4dxy     0.00000  -0.00000  -0.00000  -0.00000  -0.00000
 0 Ni 4dyz     0.00000   0.00000  -0.00000   0.00000  -0.00000
 0 Ni 4dz^2   -0.00000   0.01046   0.00000  -0.32210  -0.00000
 0 Ni 4dxz     0.00000   0.00000   0.00000   0.00000   0.00000
0 Ni 4dx2-y2   0.00000   0.00000  -0.35953  -0.00000  -0.00000
  1 H 1s      -0.00000  -0.00694  -0.00000   0.12314   0.00000
  1 H 2s      -0.00000  -0.57208  -0.00000   0.67032   0.00000
  2 H 1s      -0.03208  -0.00558  -0.09718  -0.06122   0.02097
  2 H 2s      -0.00302  -0.54877  -0.60301  -0.35280   0.50770
  3 H 1s      -0.07884  -0.00558   0.09718  -0.06122  -0.08019
  3 H 2s      -0.00742  -0.54877   0.60301  -0.35280  -1.94163
  4 H 1s       0.00000  -0.00694  -0.00000   0.12314  -0.00000
  4 H 2s       0.00000  -0.57208  -0.00000   0.67032  -0.00000
  5 H 1s       0.03208  -0.00558  -0.09718  -0.06122  -0.02097
  5 H 2s       0.00302  -0.54877  -0.60301  -0.35280  -0.50770
  6 H 1s       0.07884  -0.00558   0.09718  -0.06122   0.08019
  6 H 2s       0.00742  -0.54877   0.60301  -0.35280   1.94163
               #20       #21       #22       #23       #24      
 0 Ni 3s      -0.00000   0.00000  -0.00000   0.00223  -0.00000
 0 Ni 4s      -0.00000   0.00000  -0.00000  -0.01230   0.00000
 0 Ni 5s       0.00000   0.00000   0.00000   0.00910   0.00000
 0 Ni 3px     -0.00809  -0.00000  -0.00000   0.00000  -0.00000
 0 Ni 3py     -0.03093  -0.00000  -0.00000  -0.00000   0.00000
 0 Ni 3pz      0.00000  -0.03494   0.00000  -0.00000  -0.00000
 0 Ni 4px      0.81833   0.00000   0.00000   0.00000   0.00000
 0 Ni 4py      3.12959   0.00000   0.00000   0.00000   0.00000
 0 Ni 4pz     -0.00000   3.20221  -0.00000   0.00000   0.00000
 0 Ni 5px     -0.10162  -0.00000  -0.00000  -0.00000  -0.00000
 0 Ni 5py     -0.38865  -0.00000  -0.00000  -0.00000  -0.00000
 0 Ni 5pz      0.00000  -0.40556   0.00000  -0.00000  -0.00000
 0 Ni 3dxy     0.00000   0.00000  -0.00000   0.00000  -0.53266
 0 Ni 3dyz    -0.00000   0.00000   0.00000  -0.00000  -0.00000
 0 Ni 3dz^2   -0.00000  -0.00000  -0.00000   0.49632   0.00000
 0 Ni 3dxz    -0.00000  -0.00000  -0.00000  -0.00000  -0.00000
0 Ni 3dx2-y2  -0.00000   0.00000   0.51121   0.00000  -0.00000
 0 Ni 4dxy    -0.00000  -0.00000   0.00000  -0.00000   1.01787
 0 Ni 4dyz     0.00000  -0.00000  -0.00000   0.00000   0.00000
 0 Ni 4dz^2   -0.00000  -0.00000   0.00000  -0.80327  -0.00000
 0 Ni 4dxz     0.00000  -0.00000   0.00000   0.00000   0.00000
0 Ni 4dx2-y2  -0.00000  -0.00000  -0.78729  -0.00000   0.00000
  1 H 1s       0.00000  -0.08389   0.00000  -0.41283  -0.00000
  1 H 2s       0.00000  -1.99597  -0.00000   0.92810   0.00000
  2 H 1s      -0.08019  -0.00000   0.36947   0.22113  -0.00000
  2 H 2s      -1.94163  -0.00000  -0.80233  -0.46911   0.00000
  3 H 1s      -0.02097  -0.00000  -0.36947   0.22113   0.00000
  3 H 2s      -0.50770  -0.00000   0.80233  -0.46911  -0.00000
  4 H 1s      -0.00000   0.08389   0.00000  -0.41283  -0.00000
  4 H 2s      -0.00000   1.99597  -0.00000   0.92810   0.00000
  5 H 1s       0.08019   0.00000   0.36947   0.22113  -0.00000
  5 H 2s       1.94163   0.00000  -0.80233  -0.46911   0.00000
  6 H 1s       0.02097   0.00000  -0.36947   0.22113   0.00000
  6 H 2s       0.50770   0.00000   0.80233  -0.46911  -0.00000
               #25       #26       #27       #28       #29      
 0 Ni 3s      -0.00000   0.00000   0.23789   0.00000  -0.00000
 0 Ni 4s      -0.00000   0.00000   0.87196   0.00000  -0.00000
 0 Ni 5s      -0.00000  -0.00000  -0.52792  -0.00000   0.00000
 0 Ni 3px      0.00000  -0.00000   0.00000   0.03201   0.06755
 0 Ni 3py     -0.00000   0.00000   0.00000  -0.06755   0.03201
 0 Ni 3pz      0.00000  -0.00000  -0.00000   0.00000  -0.00000
 0 Ni 4px     -0.00000  -0.00000   0.00000   0.69420   1.46484
 0 Ni 4py      0.00000  -0.00000   0.00000  -1.46484   0.69420
 0 Ni 4pz     -0.00000  -0.00000  -0.00000   0.00000  -0.00000
 0 Ni 5px     -0.00000  -0.00000   0.00000   0.02523   0.05324
 0 Ni 5py      0.00000   0.00000   0.00000  -0.05324   0.02523
 0 Ni 5pz      0.00000  -0.00000  -0.00000   0.00000  -0.00000
 0 Ni 3dxy     0.00000   0.00000   0.00000   0.00000   0.00000
 0 Ni 3dyz     0.31494  -0.42923   0.00000   0.00000   0.00000
 0 Ni 3dz^2    0.00000  -0.00000   0.01000  -0.00000   0.00000
 0 Ni 3dxz    -0.42923  -0.31494   0.00000  -0.00000  -0.00000
0 Ni 3dx2-y2  -0.00000   0.00000   0.00000  -0.00000   0.00000
 0 Ni 4dxy    -0.00000  -0.00000  -0.00000  -0.00000  -0.00000
 0 Ni 4dyz    -0.60219   0.82072  -0.00000  -0.00000   0.00000
 0 Ni 4dz^2   -0.00000   0.00000  -0.03559   0.00000  -0.00000
 0 Ni 4dxz     0.82072   0.60219  -0.00000   0.00000   0.00000
0 Ni 4dx2-y2   0.00000  -0.00000  -0.00000   0.00000  -0.00000
  1 H 1s      -0.00000   0.00000  -0.54263   0.00000  -0.00000
  1 H 2s       0.00000  -0.00000   0.23477  -0.00000   0.00000
  2 H 1s      -0.00000  -0.00000  -0.53908  -0.93761   0.44434
  2 H 2s       0.00000   0.00000   0.20270   1.84557  -0.87463
  3 H 1s       0.00000  -0.00000  -0.53908   0.44434   0.93761
  3 H 2s      -0.00000   0.00000   0.20270  -0.87463  -1.84557
  4 H 1s       0.00000   0.00000  -0.54263  -0.00000   0.00000
  4 H 2s      -0.00000  -0.00000   0.23477   0.00000  -0.00000
  5 H 1s      -0.00000  -0.00000  -0.53908   0.93761  -0.44434
  5 H 2s       0.00000   0.00000   0.20270  -1.84557   0.87463
  6 H 1s       0.00000  -0.00000  -0.53908  -0.44434  -0.93761
  6 H 2s      -0.00000   0.00000   0.20270   0.87463   1.84557
               #30       #31       #32       #33      
 0 Ni 3s      -0.00000   0.01423   0.00000   2.38063
 0 Ni 4s      -0.00000   0.02541   0.00000   3.98857
 0 Ni 5s       0.00000   0.01660  -0.00000   1.54773
 0 Ni 3px     -0.00000   0.00000  -0.00000  -0.00000
 0 Ni 3py     -0.00000   0.00000   0.00000   0.00000
 0 Ni 3pz     -0.07500   0.00000   0.00000  -0.00000
 0 Ni 4px     -0.00000   0.00000   0.00000   0.00000
 0 Ni 4py     -0.00000   0.00000   0.00000   0.00000
 0 Ni 4pz     -1.56543   0.00000   0.00000  -0.00000
 0 Ni 5px     -0.00000  -0.00000  -0.00000  -0.00000
 0 Ni 5py     -0.00000  -0.00000  -0.00000  -0.00000
 0 Ni 5pz     -0.06976  -0.00000  -0.00000   0.00000
 0 Ni 3dxy     0.00000  -0.00000  -0.00000  -0.00000
 0 Ni 3dyz    -0.00000   0.00000  -0.00000  -0.00000
 0 Ni 3dz^2   -0.00000  -0.43769   0.00000   0.00696
 0 Ni 3dxz     0.00000   0.00000   0.00000  -0.00000
0 Ni 3dx2-y2   0.00000  -0.00000  -0.44208   0.00000
 0 Ni 4dxy    -0.00000   0.00000   0.00000   0.00000
 0 Ni 4dyz     0.00000  -0.00000   0.00000  -0.00000
 0 Ni 4dz^2    0.00000   1.45704  -0.00000  -0.03003
 0 Ni 4dxz     0.00000  -0.00000  -0.00000  -0.00000
0 Ni 4dx2-y2  -0.00000   0.00000   1.48492  -0.00000
  1 H 1s      -1.03502  -0.85226   0.00000   0.20982
  1 H 2s       2.00160   0.15440  -0.00000  -1.57475
  2 H 1s      -0.00000   0.43048   0.74658   0.19143
  2 H 2s       0.00000  -0.09667  -0.13652  -1.60058
  3 H 1s      -0.00000   0.43048  -0.74658   0.19143
  3 H 2s       0.00000  -0.09667   0.13652  -1.60058
  4 H 1s       1.03502  -0.85226   0.00000   0.20982
  4 H 2s      -2.00160   0.15440  -0.00000  -1.57475
  5 H 1s       0.00000   0.43048   0.74658   0.19143
  5 H 2s      -0.00000  -0.09667  -0.13652  -1.60058
  6 H 1s       0.00000   0.43048  -0.74658   0.19143
  6 H 2s      -0.00000  -0.09667   0.13652  -1.60058
               #0        #1        #2        #3        #4       
 0 Ni 3s       0.99639   0.00000   0.00000  -0.00000  -0.00000
 0 Ni 4s      -0.00450   0.00000   0.00000  -0.00000   0.00000
 0 Ni 5s      -0.00227   0.00000  -0.00000   0.00000  -0.00000
 0 Ni 3px     -0.00000   0.59348   0.80179  -0.00000  -0.00000
 0 Ni 3py     -0.00000   0.80179  -0.59348  -0.00000  -0.00000
 0 Ni 3pz      0.00000   0.00000   0.00000   0.99765   0.00000
 0 Ni 4px      0.00000   0.00885   0.01195  -0.00000   0.00000
 0 Ni 4py      0.00000   0.01195  -0.00885  -0.00000   0.00000
 0 Ni 4pz     -0.00000   0.00000   0.00000   0.01523  -0.00000
 0 Ni 5px     -0.00000  -0.00226  -0.00306   0.00000  -0.00000
 0 Ni 5py     -0.00000  -0.00306   0.00226   0.00000   0.00000
 0 Ni 5pz      0.00000  -0.00000  -0.00000  -0.00383   0.00000
 0 Ni 3dxy     0.00000   0.00000   0.00000   0.00000   0.90085
 0 Ni 3dyz     0.00000   0.00000  -0.00000  -0.00000   0.00000
 0 Ni 3dz^2   -0.00155  -0.00000   0.00000   0.00000   0.00000
 0 Ni 3dxz     0.00000   0.00000   0.00000  -0.00000   0.00000
0 Ni 3dx2-y2  -0.00000  -0.00000  -0.00000  -0.00000  -0.00000
 0 Ni 4dxy     0.00000  -0.00000  -0.00000   0.00000   0.24330
 0 Ni 4dyz     0.00000   0.00000   0.00000   0.00000   0.00000
 0 Ni 4dz^2    0.00005  -0.00000  -0.00000  -0.00000  -0.00000
 0 Ni 4dxz     0.00000   0.00000  -0.00000   0.00000   0.00000
0 Ni 4dx2-y2  -0.00000   0.00000   0.00000   0.00000  -0.00000
  1 H 1s       0.00170   0.00000   0.00000   0.00941  -0.00000
  1 H 2s       0.00242  -0.00000  -0.00000  -0.00383   0.00000
  2 H 1s       0.00179   0.00791  -0.00585  -0.00000   0.00000
  2 H 2s       0.00247  -0.00282   0.00208   0.00000   0.00000
  3 H 1s       0.00179   0.00585   0.00791  -0.00000  -0.00000
  3 H 2s       0.00247  -0.00208  -0.00282   0.00000  -0.00000
  4 H 1s       0.00170  -0.00000  -0.00000  -0.00941   0.00000
  4 H 2s       0.00242  -0.00000   0.00000   0.00383  -0.00000
  5 H 1s       0.00179  -0.00791   0.00585   0.00000   0.00000
  5 H 2s       0.00247   0.00282  -0.00208  -0.00000  -0.00000
  6 H 1s       0.00179  -0.00585  -0.00791   0.00000  -0.00000
  6 H 2s       0.00247   0.00208   0.00282  -0.00000   0.00000
               #5        #6        #7        #8        #9       
 0 Ni 3s      -0.00000  -0.00000  -0.02737   0.00205  -0.00000
 0 Ni 4s      -0.00000   0.00000   0.38743   0.03888  -0.00000
 0 Ni 5s       0.00000   0.00000   0.26021  -0.00398  -0.00000
 0 Ni 3px      0.00000  -0.00000  -0.00000  -0.00000  -0.00000
 0 Ni 3py      0.00000  -0.00000   0.00000  -0.00000  -0.00000
 0 Ni 3pz     -0.00000   0.00000  -0.00000  -0.00000  -0.00000
 0 Ni 4px      0.00000  -0.00000   0.00000  -0.00000  -0.00000
 0 Ni 4py      0.00000   0.00000  -0.00000   0.00000  -0.00000
 0 Ni 4pz      0.00000  -0.00000   0.00000  -0.00000   0.00000
 0 Ni 5px     -0.00000  -0.00000  -0.00000   0.00000  -0.00000
 0 Ni 5py     -0.00000   0.00000   0.00000   0.00000   0.00000
 0 Ni 5pz      0.00000   0.00000   0.00000   0.00000   0.00000
 0 Ni 3dxy    -0.00000  -0.00000  -0.00000  -0.00000   0.00000
 0 Ni 3dyz    -0.52480   0.73240  -0.00000  -0.00000   0.00000
 0 Ni 3dz^2    0.00000   0.00000  -0.04112   0.63108  -0.00000
 0 Ni 3dxz     0.73240   0.52480  -0.00000  -0.00000  -0.00000
0 Ni 3dx2-y2   0.00000  -0.00000  -0.00000   0.00000   0.59996
 0 Ni 4dxy    -0.00000  -0.00000  -0.00000  -0.00000   0.00000
 0 Ni 4dyz    -0.14153   0.19751  -0.00000  -0.00000   0.00000
 0 Ni 4dz^2    0.00000   0.00000  -0.01574   0.28297  -0.00000
 0 Ni 4dxz     0.19751   0.14153  -0.00000  -0.00000  -0.00000
0 Ni 4dx2-y2   0.00000  -0.00000   0.00000   0.00000   0.27134
  1 H 1s       0.00000   0.00000   0.10930   0.14133  -0.00000
  1 H 2s      -0.00000   0.00000   0.02342   0.19016  -0.00000
  2 H 1s      -0.00000   0.00000   0.12932  -0.05893  -0.12453
  2 H 2s      -0.00000   0.00000   0.06629  -0.07893  -0.18048
  3 H 1s       0.00000   0.00000   0.12932  -0.05893   0.12453
  3 H 2s       0.00000  -0.00000   0.06629  -0.07893   0.18048
  4 H 1s      -0.00000   0.00000   0.10930   0.14133  -0.00000
  4 H 2s       0.00000   0.00000   0.02342   0.19016  -0.00000
  5 H 1s      -0.00000   0.00000   0.12932  -0.05893  -0.12453
  5 H 2s      -0.00000  -0.00000   0.06629  -0.07893  -0.18048
  6 H 1s       0.00000   0.00000   0.12932  -0.05893   0.12453
  6 H 2s       0.00000  -0.00000   0.06629  -0.07893   0.18048
               #10       #11       #12       #13       #14      
 0 Ni 3s      -0.00000  -0.00000   0.00000  -0.00000   0.00000
 0 Ni 4s      -0.00000   0.00000   0.00000  -0.00000   0.00000
 0 Ni 5s      -0.00000  -0.00000  -0.00000  -0.00000   0.00000
 0 Ni 3px     -0.13623   0.03785   0.00000  -0.00000  -0.03392
 0 Ni 3py     -0.03785  -0.13623   0.00000  -0.00000   0.08337
 0 Ni 3pz      0.00000   0.00000   0.14551   0.07902   0.00000
 0 Ni 4px      0.11688  -0.03247  -0.00000   0.00000   0.30240
 0 Ni 4py      0.03247   0.11688  -0.00000   0.00000  -0.74319
 0 Ni 4pz      0.00000  -0.00000  -0.27273  -0.74558  -0.00000
 0 Ni 5px      0.25511  -0.07087  -0.00000  -0.00000  -0.47264
 0 Ni 5py      0.07087   0.25511  -0.00000  -0.00000   1.16158
 0 Ni 5pz      0.00000   0.00000  -0.16131   1.26472   0.00000
 0 Ni 3dxy     0.00000  -0.00000  -0.00000  -0.00000   0.00000
 0 Ni 3dyz    -0.00000  -0.00000  -0.00000  -0.00000  -0.00000
 0 Ni 3dz^2   -0.00000  -0.00000   0.00000  -0.00000  -0.00000
 0 Ni 3dxz     0.00000  -0.00000   0.00000  -0.00000   0.00000
0 Ni 3dx2-y2  -0.00000  -0.00000  -0.00000   0.00000  -0.00000
 0 Ni 4dxy    -0.00000   0.00000   0.00000  -0.00000  -0.00000
 0 Ni 4dyz    -0.00000   0.00000   0.00000   0.00000  -0.00000
 0 Ni 4dz^2   -0.00000  -0.00000   0.00000  -0.00000  -0.00000
 0 Ni 4dxz     0.00000  -0.00000   0.00000   0.00000   0.00000
0 Ni 4dx2-y2  -0.00000  -0.00000  -0.00000   0.00000  -0.00000
  1 H 1s      -0.00000  -0.00000  -0.22680  -0.06769  -0.00000
  1 H 2s      -0.00000  -0.00000  -0.30816  -0.01347  -0.00000
  2 H 1s       0.05949   0.21416  -0.00000   0.00000  -0.07884
  2 H 2s       0.09870   0.35529   0.00000  -0.00000  -0.00742
  3 H 1s       0.21416  -0.05949  -0.00000   0.00000   0.03208
  3 H 2s       0.35529  -0.09870   0.00000  -0.00000   0.00302
  4 H 1s       0.00000   0.00000   0.22680   0.06769   0.00000
  4 H 2s       0.00000   0.00000   0.30816   0.01347   0.00000
  5 H 1s      -0.05949  -0.21416   0.00000  -0.00000   0.07884
  5 H 2s      -0.09870  -0.35529   0.00000   0.00000   0.00742
  6 H 1s      -0.21416   0.05949   0.00000  -0.00000  -0.03208
  6 H 2s      -0.35529   0.09870  -0.00000   0.00000  -0.00302
               #15       #16       #17       #18       #19      
 0 Ni 3s       0.00000  -0.00468  -0.00000   0.00633  -0.00000
 0 Ni 4s       0.00000  -0.20943  -0.00000   0.01009  -0.00000
 0 Ni 5s       0.00000   2.41146   0.00000   0.06181   0.00000
 0 Ni 3px      0.08337  -0.00000   0.00000  -0.00000  -0.03093
 0 Ni 3py      0.03392  -0.00000  -0.00000  -0.00000   0.00809
 0 Ni 3pz      0.00000   0.00000  -0.00000  -0.00000   0.00000
 0 Ni 4px     -0.74319  -0.00000  -0.00000   0.00000   3.12959
 0 Ni 4py     -0.30240  -0.00000  -0.00000  -0.00000  -0.81833
 0 Ni 4pz     -0.00000  -0.00000   0.00000  -0.00000  -0.00000
 0 Ni 5px      1.16158  -0.00000   0.00000  -0.00000  -0.38865
 0 Ni 5py      0.47264  -0.00000   0.00000   0.00000   0.10162
 0 Ni 5pz      0.00000   0.00000  -0.00000  -0.00000   0.00000
 0 Ni 3dxy    -0.00000   0.00000  -0.00000   0.00000  -0.00000
 0 Ni 3dyz     0.00000  -0.00000  -0.00000   0.00000   0.00000
 0 Ni 3dz^2   -0.00000   0.01990   0.00000  -0.56866   0.00000
 0 Ni 3dxz     0.00000  -0.00000   0.00000   0.00000  -0.00000
0 Ni 3dx2-y2   0.00000   0.00000  -0.58843  -0.00000  -0.00000
 0 Ni 4dxy     0.00000  -0.00000  -0.00000  -0.00000  -0.00000
 0 Ni 4dyz     0.00000   0.00000  -0.00000   0.00000  -0.00000
 0 Ni 4dz^2   -0.00000   0.01046   0.00000  -0.32210  -0.00000
 0 Ni 4dxz     0.00000   0.00000   0.00000   0.00000   0.00000
0 Ni 4dx2-y2   0.00000   0.00000  -0.35953  -0.00000  -0.00000
  1 H 1s      -0.00000  -0.00694  -0.00000   0.12314   0.00000
  1 H 2s      -0.00000  -0.57208  -0.00000   0.67032   0.00000
  2 H 1s      -0.03208  -0.00558  -0.09718  -0.06122   0.02097
  2 H 2s      -0.00302  -0.54877  -0.60301  -0.35280   0.50770
  3 H 1s      -0.07884  -0.00558   0.09718  -0.06122  -0.08019
  3 H 2s      -0.00742  -0.54877   0.60301  -0.35280  -1.94163
  4 H 1s       0.00000  -0.00694  -0.00000   0.12314  -0.00000
  4 H 2s       0.00000  -0.57208  -0.00000   0.67032  -0.00000
  5 H 1s       0.03208  -0.00558  -0.09718  -0.06122  -0.02097
  5 H 2s       0.00302  -0.54877  -0.60301  -0.35280  -0.50770
  6 H 1s       0.07884  -0.00558   0.09718  -0.06122   0.08019
  6 H 2s       0.00742  -0.54877   0.60301  -0.35280   1.94163
               #20       #21       #22       #23       #24      
 0 Ni 3s      -0.00000   0.00000  -0.00000   0.00223  -0.00000
 0 Ni 4s      -0.00000   0.00000  -0.00000  -0.01230   0.00000
 0 Ni 5s       0.00000   0.00000   0.00000   0.00910   0.00000
 0 Ni 3px     -0.00809  -0.00000  -0.00000   0.00000  -0.00000
 0 Ni 3py     -0.03093  -0.00000  -0.00000  -0.00000   0.00000
 0 Ni 3pz      0.00000  -0.03494   0.00000  -0.00000  -0.00000
 0 Ni 4px      0.81833   0.00000   0.00000   0.00000   0.00000
 0 Ni 4py      3.12959   0.00000   0.00000   0.00000   0.00000
 0 Ni 4pz     -0.00000   3.20221  -0.00000   0.00000   0.00000
 0 Ni 5px     -0.10162  -0.00000  -0.00000  -0.00000  -0.00000
 0 Ni 5py     -0.38865  -0.00000  -0.00000  -0.00000  -0.00000
 0 Ni 5pz      0.00000  -0.40556   0.00000  -0.00000  -0.00000
 0 Ni 3dxy     0.00000   0.00000  -0.00000   0.00000  -0.53266
 0 Ni 3dyz    -0.00000   0.00000   0.00000  -0.00000  -0.00000
 0 Ni 3dz^2   -0.00000  -0.00000  -0.00000   0.49632   0.00000
 0 Ni 3dxz    -0.00000  -0.00000  -0.00000  -0.00000  -0.00000
0 Ni 3dx2-y2  -0.00000   0.00000   0.51121   0.00000  -0.00000
 0 Ni 4dxy    -0.00000  -0.00000   0.00000  -0.00000   1.01787
 0 Ni 4dyz     0.00000  -0.00000  -0.00000   0.00000   0.00000
 0 Ni 4dz^2   -0.00000  -0.00000   0.00000  -0.80327  -0.00000
 0 Ni 4dxz     0.00000  -0.00000   0.00000   0.00000   0.00000
0 Ni 4dx2-y2  -0.00000  -0.00000  -0.78729  -0.00000   0.00000
  1 H 1s       0.00000  -0.08389   0.00000  -0.41283  -0.00000
  1 H 2s       0.00000  -1.99597  -0.00000   0.92810   0.00000
  2 H 1s      -0.08019  -0.00000   0.36947   0.22113  -0.00000
  2 H 2s      -1.94163  -0.00000  -0.80233  -0.46911   0.00000
  3 H 1s      -0.02097  -0.00000  -0.36947   0.22113   0.00000
  3 H 2s      -0.50770  -0.00000   0.80233  -0.46911  -0.00000
  4 H 1s      -0.00000   0.08389   0.00000  -0.41283  -0.00000
  4 H 2s      -0.00000   1.99597  -0.00000   0.92810   0.00000
  5 H 1s       0.08019   0.00000   0.36947   0.22113  -0.00000
  5 H 2s       1.94163   0.00000  -0.80233  -0.46911   0.00000
  6 H 1s       0.02097   0.00000  -0.36947   0.22113   0.00000
  6 H 2s       0.50770   0.00000   0.80233  -0.46911  -0.00000
               #25       #26       #27       #28       #29      
 0 Ni 3s      -0.00000   0.00000   0.23789   0.00000  -0.00000
 0 Ni 4s      -0.00000   0.00000   0.87196   0.00000  -0.00000
 0 Ni 5s      -0.00000  -0.00000  -0.52792  -0.00000   0.00000
 0 Ni 3px      0.00000  -0.00000   0.00000   0.03201   0.06755
 0 Ni 3py     -0.00000   0.00000   0.00000  -0.06755   0.03201
 0 Ni 3pz      0.00000  -0.00000  -0.00000   0.00000  -0.00000
 0 Ni 4px     -0.00000  -0.00000   0.00000   0.69420   1.46484
 0 Ni 4py      0.00000  -0.00000   0.00000  -1.46484   0.69420
 0 Ni 4pz     -0.00000  -0.00000  -0.00000   0.00000  -0.00000
 0 Ni 5px     -0.00000  -0.00000   0.00000   0.02523   0.05324
 0 Ni 5py      0.00000   0.00000   0.00000  -0.05324   0.02523
 0 Ni 5pz      0.00000  -0.00000  -0.00000   0.00000  -0.00000
 0 Ni 3dxy     0.00000   0.00000   0.00000   0.00000   0.00000
 0 Ni 3dyz     0.31494  -0.42923   0.00000   0.00000   0.00000
 0 Ni 3dz^2    0.00000  -0.00000   0.01000  -0.00000   0.00000
 0 Ni 3dxz    -0.42923  -0.31494   0.00000  -0.00000  -0.00000
0 Ni 3dx2-y2  -0.00000   0.00000   0.00000  -0.00000   0.00000
 0 Ni 4dxy    -0.00000  -0.00000  -0.00000  -0.00000  -0.00000
 0 Ni 4dyz    -0.60219   0.82072  -0.00000  -0.00000   0.00000
 0 Ni 4dz^2   -0.00000   0.00000  -0.03559   0.00000  -0.00000
 0 Ni 4dxz     0.82072   0.60219  -0.00000   0.00000   0.00000
0 Ni 4dx2-y2   0.00000  -0.00000  -0.00000   0.00000  -0.00000
  1 H 1s      -0.00000   0.00000  -0.54263   0.00000  -0.00000
  1 H 2s       0.00000  -0.00000   0.23477  -0.00000   0.00000
  2 H 1s      -0.00000  -0.00000  -0.53908  -0.93761   0.44434
  2 H 2s       0.00000   0.00000   0.20270   1.84557  -0.87463
  3 H 1s       0.00000  -0.00000  -0.53908   0.44434   0.93761
  3 H 2s      -0.00000   0.00000   0.20270  -0.87463  -1.84557
  4 H 1s       0.00000   0.00000  -0.54263  -0.00000   0.00000
  4 H 2s      -0.00000  -0.00000   0.23477   0.00000  -0.00000
  5 H 1s      -0.00000  -0.00000  -0.53908   0.93761  -0.44434
  5 H 2s       0.00000   0.00000   0.20270  -1.84557   0.87463
  6 H 1s       0.00000  -0.00000  -0.53908  -0.44434  -0.93761
  6 H 2s      -0.00000   0.00000   0.20270   0.87463   1.84557
               #30       #31       #32       #33      
 0 Ni 3s      -0.00000   0.01423   0.00000   2.38063
 0 Ni 4s      -0.00000   0.02541   0.00000   3.98857
 0 Ni 5s       0.00000   0.01660  -0.00000   1.54773
 0 Ni 3px     -0.00000   0.00000  -0.00000  -0.00000
 0 Ni 3py     -0.00000   0.00000   0.00000   0.00000
 0 Ni 3pz     -0.07500   0.00000   0.00000  -0.00000
 0 Ni 4px     -0.00000   0.00000   0.00000   0.00000
 0 Ni 4py     -0.00000   0.00000   0.00000   0.00000
 0 Ni 4pz     -1.56543   0.00000   0.00000  -0.00000
 0 Ni 5px     -0.00000  -0.00000  -0.00000  -0.00000
 0 Ni 5py     -0.00000  -0.00000  -0.00000  -0.00000
 0 Ni 5pz     -0.06976  -0.00000  -0.00000   0.00000
 0 Ni 3dxy     0.00000  -0.00000  -0.00000  -0.00000
 0 Ni 3dyz    -0.00000   0.00000  -0.00000  -0.00000
 0 Ni 3dz^2   -0.00000  -0.43769   0.00000   0.00696
 0 Ni 3dxz     0.00000   0.00000   0.00000  -0.00000
0 Ni 3dx2-y2   0.00000  -0.00000  -0.44208   0.00000
 0 Ni 4dxy    -0.00000   0.00000   0.00000   0.00000
 0 Ni 4dyz     0.00000  -0.00000   0.00000  -0.00000
 0 Ni 4dz^2    0.00000   1.45704  -0.00000  -0.03003
 0 Ni 4dxz     0.00000  -0.00000  -0.00000  -0.00000
0 Ni 4dx2-y2  -0.00000   0.00000   1.48492  -0.00000
  1 H 1s      -1.03502  -0.85226   0.00000   0.20982
  1 H 2s       2.00160   0.15440  -0.00000  -1.57475
  2 H 1s      -0.00000   0.43048   0.74658   0.19143
  2 H 2s       0.00000  -0.09667  -0.13652  -1.60058
  3 H 1s      -0.00000   0.43048  -0.74658   0.19143
  3 H 2s       0.00000  -0.09667   0.13652  -1.60058
  4 H 1s       1.03502  -0.85226   0.00000   0.20982
  4 H 2s      -2.00160   0.15440  -0.00000  -1.57475
  5 H 1s       0.00000   0.43048   0.74658   0.19143
  5 H 2s      -0.00000  -0.09667  -0.13652  -1.60058
  6 H 1s       0.00000   0.43048  -0.74658   0.19143
  6 H 2s      -0.00000  -0.09667   0.13652  -1.60058
               #0        #1        #2        #3        #4       
 0 Ni 3s       0.99639   0.00000   0.00000  -0.00000  -0.00000
 0 Ni 4s      -0.00450   0.00000   0.00000  -0.00000   0.00000
 0 Ni 5s      -0.00227   0.00000  -0.00000   0.00000  -0.00000
 0 Ni 3px     -0.00000   0.59348   0.80179  -0.00000  -0.00000
 0 Ni 3py     -0.00000   0.80179  -0.59348  -0.00000  -0.00000
 0 Ni 3pz      0.00000   0.00000   0.00000   0.99765   0.00000
 0 Ni 4px      0.00000   0.00885   0.01195  -0.00000   0.00000
 0 Ni 4py      0.00000   0.01195  -0.00885  -0.00000   0.00000
 0 Ni 4pz     -0.00000   0.00000   0.00000   0.01523  -0.00000
 0 Ni 5px     -0.00000  -0.00226  -0.00306   0.00000  -0.00000
 0 Ni 5py     -0.00000  -0.00306   0.00226   0.00000   0.00000
 0 Ni 5pz      0.00000  -0.00000  -0.00000  -0.00383   0.00000
 0 Ni 3dxy     0.00000   0.00000   0.00000   0.00000   0.90085
 0 Ni 3dyz     0.00000   0.00000  -0.00000  -0.00000   0.00000
 0 Ni 3dz^2   -0.00155  -0.00000   0.00000   0.00000   0.00000
 0 Ni 3dxz     0.00000   0.00000   0.00000  -0.00000   0.00000
0 Ni 3dx2-y2  -0.00000  -0.00000  -0.00000  -0.00000  -0.00000
 0 Ni 4dxy     0.00000  -0.00000  -0.00000   0.00000   0.24330
 0 Ni 4dyz     0.00000   0.00000   0.00000   0.00000   0.00000
 0 Ni 4dz^2    0.00005  -0.00000  -0.00000  -0.00000  -0.00000
 0 Ni 4dxz     0.00000   0.00000  -0.00000   0.00000   0.00000
0 Ni 4dx2-y2  -0.00000   0.00000   0.00000   0.00000  -0.00000
  1 H 1s       0.00170   0.00000   0.00000   0.00941  -0.00000
  1 H 2s       0.00242  -0.00000  -0.00000  -0.00383   0.00000
  2 H 1s       0.00179   0.00791  -0.00585  -0.00000   0.00000
  2 H 2s       0.00247  -0.00282   0.00208   0.00000   0.00000
  3 H 1s       0.00179   0.00585   0.00791  -0.00000  -0.00000
  3 H 2s       0.00247  -0.00208  -0.00282   0.00000  -0.00000
  4 H 1s       0.00170  -0.00000  -0.00000  -0.00941   0.00000
  4 H 2s       0.00242  -0.00000   0.00000   0.00383  -0.00000
  5 H 1s       0.00179  -0.00791   0.00585   0.00000   0.00000
  5 H 2s       0.00247   0.00282  -0.00208  -0.00000  -0.00000
  6 H 1s       0.00179  -0.00585  -0.00791   0.00000  -0.00000
  6 H 2s       0.00247   0.00208   0.00282  -0.00000   0.00000
               #5        #6        #7        #8        #9       
 0 Ni 3s      -0.00000  -0.00000  -0.02737   0.00205  -0.00000
 0 Ni 4s      -0.00000   0.00000   0.38743   0.03888  -0.00000
 0 Ni 5s       0.00000   0.00000   0.26021  -0.00398  -0.00000
 0 Ni 3px      0.00000  -0.00000  -0.00000  -0.00000  -0.00000
 0 Ni 3py      0.00000  -0.00000   0.00000  -0.00000  -0.00000
 0 Ni 3pz     -0.00000   0.00000  -0.00000  -0.00000  -0.00000
 0 Ni 4px      0.00000  -0.00000   0.00000  -0.00000  -0.00000
 0 Ni 4py      0.00000   0.00000  -0.00000   0.00000  -0.00000
 0 Ni 4pz      0.00000  -0.00000   0.00000  -0.00000   0.00000
 0 Ni 5px     -0.00000  -0.00000  -0.00000   0.00000  -0.00000
 0 Ni 5py     -0.00000   0.00000   0.00000   0.00000   0.00000
 0 Ni 5pz      0.00000   0.00000   0.00000   0.00000   0.00000
 0 Ni 3dxy    -0.00000  -0.00000  -0.00000  -0.00000   0.00000
 0 Ni 3dyz    -0.52480   0.73240  -0.00000  -0.00000   0.00000
 0 Ni 3dz^2    0.00000   0.00000  -0.04112   0.63108  -0.00000
 0 Ni 3dxz     0.73240   0.52480  -0.00000  -0.00000  -0.00000
0 Ni 3dx2-y2   0.00000  -0.00000  -0.00000   0.00000   0.59996
 0 Ni 4dxy    -0.00000  -0.00000  -0.00000  -0.00000   0.00000
 0 Ni 4dyz    -0.14153   0.19751  -0.00000  -0.00000   0.00000
 0 Ni 4dz^2    0.00000   0.00000  -0.01574   0.28297  -0.00000
 0 Ni 4dxz     0.19751   0.14153  -0.00000  -0.00000  -0.00000
0 Ni 4dx2-y2   0.00000  -0.00000   0.00000   0.00000   0.27134
  1 H 1s       0.00000   0.00000   0.10930   0.14133  -0.00000
  1 H 2s      -0.00000   0.00000   0.02342   0.19016  -0.00000
  2 H 1s      -0.00000   0.00000   0.12932  -0.05893  -0.12453
  2 H 2s      -0.00000   0.00000   0.06629  -0.07893  -0.18048
  3 H 1s       0.00000   0.00000   0.12932  -0.05893   0.12453
  3 H 2s       0.00000  -0.00000   0.06629  -0.07893   0.18048
  4 H 1s      -0.00000   0.00000   0.10930   0.14133  -0.00000
  4 H 2s       0.00000   0.00000   0.02342   0.19016  -0.00000
  5 H 1s      -0.00000   0.00000   0.12932  -0.05893  -0.12453
  5 H 2s      -0.00000  -0.00000   0.06629  -0.07893  -0.18048
  6 H 1s       0.00000   0.00000   0.12932  -0.05893   0.12453
  6 H 2s       0.00000  -0.00000   0.06629  -0.07893   0.18048
               #10       #11       #12       #13       #14      
 0 Ni 3s      -0.00000  -0.00000   0.00000  -0.00000   0.00000
 0 Ni 4s      -0.00000   0.00000   0.00000  -0.00000   0.00000
 0 Ni 5s      -0.00000  -0.00000  -0.00000  -0.00000   0.00000
 0 Ni 3px     -0.13623   0.03785   0.00000  -0.00000  -0.03392
 0 Ni 3py     -0.03785  -0.13623   0.00000  -0.00000   0.08337
 0 Ni 3pz      0.00000   0.00000   0.14551   0.07902   0.00000
 0 Ni 4px      0.11688  -0.03247  -0.00000   0.00000   0.30240
 0 Ni 4py      0.03247   0.11688  -0.00000   0.00000  -0.74319
 0 Ni 4pz      0.00000  -0.00000  -0.27273  -0.74558  -0.00000
 0 Ni 5px      0.25511  -0.07087  -0.00000  -0.00000  -0.47264
 0 Ni 5py      0.07087   0.25511  -0.00000  -0.00000   1.16158
 0 Ni 5pz      0.00000   0.00000  -0.16131   1.26472   0.00000
 0 Ni 3dxy     0.00000  -0.00000  -0.00000  -0.00000   0.00000
 0 Ni 3dyz    -0.00000  -0.00000  -0.00000  -0.00000  -0.00000
 0 Ni 3dz^2   -0.00000  -0.00000   0.00000  -0.00000  -0.00000
 0 Ni 3dxz     0.00000  -0.00000   0.00000  -0.00000   0.00000
0 Ni 3dx2-y2  -0.00000  -0.00000  -0.00000   0.00000  -0.00000
 0 Ni 4dxy    -0.00000   0.00000   0.00000  -0.00000  -0.00000
 0 Ni 4dyz    -0.00000   0.00000   0.00000   0.00000  -0.00000
 0 Ni 4dz^2   -0.00000  -0.00000   0.00000  -0.00000  -0.00000
 0 Ni 4dxz     0.00000  -0.00000   0.00000   0.00000   0.00000
0 Ni 4dx2-y2  -0.00000  -0.00000  -0.00000   0.00000  -0.00000
  1 H 1s      -0.00000  -0.00000  -0.22680  -0.06769  -0.00000
  1 H 2s      -0.00000  -0.00000  -0.30816  -0.01347  -0.00000
  2 H 1s       0.05949   0.21416  -0.00000   0.00000  -0.07884
  2 H 2s       0.09870   0.35529   0.00000  -0.00000  -0.00742
  3 H 1s       0.21416  -0.05949  -0.00000   0.00000   0.03208
  3 H 2s       0.35529  -0.09870   0.00000  -0.00000   0.00302
  4 H 1s       0.00000   0.00000   0.22680   0.06769   0.00000
  4 H 2s       0.00000   0.00000   0.30816   0.01347   0.00000
  5 H 1s      -0.05949  -0.21416   0.00000  -0.00000   0.07884
  5 H 2s      -0.09870  -0.35529   0.00000   0.00000   0.00742
  6 H 1s      -0.21416   0.05949   0.00000  -0.00000  -0.03208
  6 H 2s      -0.35529   0.09870  -0.00000   0.00000  -0.00302
               #15       #16       #17       #18       #19      
 0 Ni 3s       0.00000  -0.00468  -0.00000   0.00633  -0.00000
 0 Ni 4s       0.00000  -0.20943  -0.00000   0.01009  -0.00000
 0 Ni 5s       0.00000   2.41146   0.00000   0.06181   0.00000
 0 Ni 3px      0.08337  -0.00000   0.00000  -0.00000  -0.03093
 0 Ni 3py      0.03392  -0.00000  -0.00000  -0.00000   0.00809
 0 Ni 3pz      0.00000   0.00000  -0.00000  -0.00000   0.00000
 0 Ni 4px     -0.74319  -0.00000  -0.00000   0.00000   3.12959
 0 Ni 4py     -0.30240  -0.00000  -0.00000  -0.00000  -0.81833
 0 Ni 4pz     -0.00000  -0.00000   0.00000  -0.00000  -0.00000
 0 Ni 5px      1.16158  -0.00000   0.00000  -0.00000  -0.38865
 0 Ni 5py      0.47264  -0.00000   0.00000   0.00000   0.10162
 0 Ni 5pz      0.00000   0.00000  -0.00000  -0.00000   0.00000
 0 Ni 3dxy    -0.00000   0.00000  -0.00000   0.00000  -0.00000
 0 Ni 3dyz     0.00000  -0.00000  -0.00000   0.00000   0.00000
 0 Ni 3dz^2   -0.00000   0.01990   0.00000  -0.56866   0.00000
 0 Ni 3dxz     0.00000  -0.00000   0.00000   0.00000  -0.00000
0 Ni 3dx2-y2   0.00000   0.00000  -0.58843  -0.00000  -0.00000
 0 Ni 4dxy     0.00000  -0.00000  -0.00000  -0.00000  -0.00000
 0 Ni 4dyz     0.00000   0.00000  -0.00000   0.00000  -0.00000
 0 Ni 4dz^2   -0.00000   0.01046   0.00000  -0.32210  -0.00000
 0 Ni 4dxz     0.00000   0.00000   0.00000   0.00000   0.00000
0 Ni 4dx2-y2   0.00000   0.00000  -0.35953  -0.00000  -0.00000
  1 H 1s      -0.00000  -0.00694  -0.00000   0.12314   0.00000
  1 H 2s      -0.00000  -0.57208  -0.00000   0.67032   0.00000
  2 H 1s      -0.03208  -0.00558  -0.09718  -0.06122   0.02097
  2 H 2s      -0.00302  -0.54877  -0.60301  -0.35280   0.50770
  3 H 1s      -0.07884  -0.00558   0.09718  -0.06122  -0.08019
  3 H 2s      -0.00742  -0.54877   0.60301  -0.35280  -1.94163
  4 H 1s       0.00000  -0.00694  -0.00000   0.12314  -0.00000
  4 H 2s       0.00000  -0.57208  -0.00000   0.67032  -0.00000
  5 H 1s       0.03208  -0.00558  -0.09718  -0.06122  -0.02097
  5 H 2s       0.00302  -0.54877  -0.60301  -0.35280  -0.50770
  6 H 1s       0.07884  -0.00558   0.09718  -0.06122   0.08019
  6 H 2s       0.00742  -0.54877   0.60301  -0.35280   1.94163
               #20       #21       #22       #23       #24      
 0 Ni 3s      -0.00000   0.00000  -0.00000   0.00223  -0.00000
 0 Ni 4s      -0.00000   0.00000  -0.00000  -0.01230   0.00000
 0 Ni 5s       0.00000   0.00000   0.00000   0.00910   0.00000
 0 Ni 3px     -0.00809  -0.00000  -0.00000   0.00000  -0.00000
 0 Ni 3py     -0.03093  -0.00000  -0.00000  -0.00000   0.00000
 0 Ni 3pz      0.00000  -0.03494   0.00000  -0.00000  -0.00000
 0 Ni 4px      0.81833   0.00000   0.00000   0.00000   0.00000
 0 Ni 4py      3.12959   0.00000   0.00000   0.00000   0.00000
 0 Ni 4pz     -0.00000   3.20221  -0.00000   0.00000   0.00000
 0 Ni 5px     -0.10162  -0.00000  -0.00000  -0.00000  -0.00000
 0 Ni 5py     -0.38865  -0.00000  -0.00000  -0.00000  -0.00000
 0 Ni 5pz      0.00000  -0.40556   0.00000  -0.00000  -0.00000
 0 Ni 3dxy     0.00000   0.00000  -0.00000   0.00000  -0.53266
 0 Ni 3dyz    -0.00000   0.00000   0.00000  -0.00000  -0.00000
 0 Ni 3dz^2   -0.00000  -0.00000  -0.00000   0.49632   0.00000
 0 Ni 3dxz    -0.00000  -0.00000  -0.00000  -0.00000  -0.00000
0 Ni 3dx2-y2  -0.00000   0.00000   0.51121   0.00000  -0.00000
 0 Ni 4dxy    -0.00000  -0.00000   0.00000  -0.00000   1.01787
 0 Ni 4dyz     0.00000  -0.00000  -0.00000   0.00000   0.00000
 0 Ni 4dz^2   -0.00000  -0.00000   0.00000  -0.80327  -0.00000
 0 Ni 4dxz     0.00000  -0.00000   0.00000   0.00000   0.00000
0 Ni 4dx2-y2  -0.00000  -0.00000  -0.78729  -0.00000   0.00000
  1 H 1s       0.00000  -0.08389   0.00000  -0.41283  -0.00000
  1 H 2s       0.00000  -1.99597  -0.00000   0.92810   0.00000
  2 H 1s      -0.08019  -0.00000   0.36947   0.22113  -0.00000
  2 H 2s      -1.94163  -0.00000  -0.80233  -0.46911   0.00000
  3 H 1s      -0.02097  -0.00000  -0.36947   0.22113   0.00000
  3 H 2s      -0.50770  -0.00000   0.80233  -0.46911  -0.00000
  4 H 1s      -0.00000   0.08389   0.00000  -0.41283  -0.00000
  4 H 2s      -0.00000   1.99597  -0.00000   0.92810   0.00000
  5 H 1s       0.08019   0.00000   0.36947   0.22113  -0.00000
  5 H 2s       1.94163   0.00000  -0.80233  -0.46911   0.00000
  6 H 1s       0.02097   0.00000  -0.36947   0.22113   0.00000
  6 H 2s       0.50770   0.00000   0.80233  -0.46911  -0.00000
               #25       #26       #27       #28       #29      
 0 Ni 3s      -0.00000   0.00000   0.23789   0.00000  -0.00000
 0 Ni 4s      -0.00000   0.00000   0.87196   0.00000  -0.00000
 0 Ni 5s      -0.00000  -0.00000  -0.52792  -0.00000   0.00000
 0 Ni 3px      0.00000  -0.00000   0.00000   0.03201   0.06755
 0 Ni 3py     -0.00000   0.00000   0.00000  -0.06755   0.03201
 0 Ni 3pz      0.00000  -0.00000  -0.00000   0.00000  -0.00000
 0 Ni 4px     -0.00000  -0.00000   0.00000   0.69420   1.46484
 0 Ni 4py      0.00000  -0.00000   0.00000  -1.46484   0.69420
 0 Ni 4pz     -0.00000  -0.00000  -0.00000   0.00000  -0.00000
 0 Ni 5px     -0.00000  -0.00000   0.00000   0.02523   0.05324
 0 Ni 5py      0.00000   0.00000   0.00000  -0.05324   0.02523
 0 Ni 5pz      0.00000  -0.00000  -0.00000   0.00000  -0.00000
 0 Ni 3dxy     0.00000   0.00000   0.00000   0.00000   0.00000
 0 Ni 3dyz     0.31494  -0.42923   0.00000   0.00000   0.00000
 0 Ni 3dz^2    0.00000  -0.00000   0.01000  -0.00000   0.00000
 0 Ni 3dxz    -0.42923  -0.31494   0.00000  -0.00000  -0.00000
0 Ni 3dx2-y2  -0.00000   0.00000   0.00000  -0.00000   0.00000
 0 Ni 4dxy    -0.00000  -0.00000  -0.00000  -0.00000  -0.00000
 0 Ni 4dyz    -0.60219   0.82072  -0.00000  -0.00000   0.00000
 0 Ni 4dz^2   -0.00000   0.00000  -0.03559   0.00000  -0.00000
 0 Ni 4dxz     0.82072   0.60219  -0.00000   0.00000   0.00000
0 Ni 4dx2-y2   0.00000  -0.00000  -0.00000   0.00000  -0.00000
  1 H 1s      -0.00000   0.00000  -0.54263   0.00000  -0.00000
  1 H 2s       0.00000  -0.00000   0.23477  -0.00000   0.00000
  2 H 1s      -0.00000  -0.00000  -0.53908  -0.93761   0.44434
  2 H 2s       0.00000   0.00000   0.20270   1.84557  -0.87463
  3 H 1s       0.00000  -0.00000  -0.53908   0.44434   0.93761
  3 H 2s      -0.00000   0.00000   0.20270  -0.87463  -1.84557
  4 H 1s       0.00000   0.00000  -0.54263  -0.00000   0.00000
  4 H 2s      -0.00000  -0.00000   0.23477   0.00000  -0.00000
  5 H 1s      -0.00000  -0.00000  -0.53908   0.93761  -0.44434
  5 H 2s       0.00000   0.00000   0.20270  -1.84557   0.87463
  6 H 1s       0.00000  -0.00000  -0.53908  -0.44434  -0.93761
  6 H 2s      -0.00000   0.00000   0.20270   0.87463   1.84557
               #30       #31       #32       #33      
 0 Ni 3s      -0.00000   0.01423   0.00000   2.38063
 0 Ni 4s      -0.00000   0.02541   0.00000   3.98857
 0 Ni 5s       0.00000   0.01660  -0.00000   1.54773
 0 Ni 3px     -0.00000   0.00000  -0.00000  -0.00000
 0 Ni 3py     -0.00000   0.00000   0.00000   0.00000
 0 Ni 3pz     -0.07500   0.00000   0.00000  -0.00000
 0 Ni 4px     -0.00000   0.00000   0.00000   0.00000
 0 Ni 4py     -0.00000   0.00000   0.00000   0.00000
 0 Ni 4pz     -1.56543   0.00000   0.00000  -0.00000
 0 Ni 5px     -0.00000  -0.00000  -0.00000  -0.00000
 0 Ni 5py     -0.00000  -0.00000  -0.00000  -0.00000
 0 Ni 5pz     -0.06976  -0.00000  -0.00000   0.00000
 0 Ni 3dxy     0.00000  -0.00000  -0.00000  -0.00000
 0 Ni 3dyz    -0.00000   0.00000  -0.00000  -0.00000
 0 Ni 3dz^2   -0.00000  -0.43769   0.00000   0.00696
 0 Ni 3dxz     0.00000   0.00000   0.00000  -0.00000
0 Ni 3dx2-y2   0.00000  -0.00000  -0.44208   0.00000
 0 Ni 4dxy    -0.00000   0.00000   0.00000   0.00000
 0 Ni 4dyz     0.00000  -0.00000   0.00000  -0.00000
 0 Ni 4dz^2    0.00000   1.45704  -0.00000  -0.03003
 0 Ni 4dxz     0.00000  -0.00000  -0.00000  -0.00000
0 Ni 4dx2-y2  -0.00000   0.00000   1.48492  -0.00000
  1 H 1s      -1.03502  -0.85226   0.00000   0.20982
  1 H 2s       2.00160   0.15440  -0.00000  -1.57475
  2 H 1s      -0.00000   0.43048   0.74658   0.19143
  2 H 2s       0.00000  -0.09667  -0.13652  -1.60058
  3 H 1s      -0.00000   0.43048  -0.74658   0.19143
  3 H 2s       0.00000  -0.09667   0.13652  -1.60058
  4 H 1s       1.03502  -0.85226   0.00000   0.20982
  4 H 2s      -2.00160   0.15440  -0.00000  -1.57475
  5 H 1s       0.00000   0.43048   0.74658   0.19143
  5 H 2s      -0.00000  -0.09667  -0.13652  -1.60058
  6 H 1s       0.00000   0.43048  -0.74658   0.19143
  6 H 2s      -0.00000  -0.09667   0.13652  -1.60058
               #0        #1        #2        #3        #4       
 0 Ni 3s       0.99639   0.00000   0.00000  -0.00000  -0.00000
 0 Ni 4s      -0.00450   0.00000   0.00000  -0.00000   0.00000
 0 Ni 5s      -0.00227   0.00000  -0.00000   0.00000  -0.00000
 0 Ni 3px     -0.00000   0.59348   0.80179  -0.00000  -0.00000
 0 Ni 3py     -0.00000   0.80179  -0.59348  -0.00000  -0.00000
 0 Ni 3pz      0.00000   0.00000   0.00000   0.99765   0.00000
 0 Ni 4px      0.00000   0.00885   0.01195  -0.00000   0.00000
 0 Ni 4py      0.00000   0.01195  -0.00885  -0.00000   0.00000
 0 Ni 4pz     -0.00000   0.00000   0.00000   0.01523  -0.00000
 0 Ni 5px     -0.00000  -0.00226  -0.00306   0.00000  -0.00000
 0 Ni 5py     -0.00000  -0.00306   0.00226   0.00000   0.00000
 0 Ni 5pz      0.00000  -0.00000  -0.00000  -0.00383   0.00000
 0 Ni 3dxy     0.00000   0.00000   0.00000   0.00000   0.90085
 0 Ni 3dyz     0.00000   0.00000  -0.00000  -0.00000   0.00000
 0 Ni 3dz^2   -0.00155  -0.00000   0.00000   0.00000   0.00000
 0 Ni 3dxz     0.00000   0.00000   0.00000  -0.00000   0.00000
0 Ni 3dx2-y2  -0.00000  -0.00000  -0.00000  -0.00000  -0.00000
 0 Ni 4dxy     0.00000  -0.00000  -0.00000   0.00000   0.24330
 0 Ni 4dyz     0.00000   0.00000   0.00000   0.00000   0.00000
 0 Ni 4dz^2    0.00005  -0.00000  -0.00000  -0.00000  -0.00000
 0 Ni 4dxz     0.00000   0.00000  -0.00000   0.00000   0.00000
0 Ni 4dx2-y2  -0.00000   0.00000   0.00000   0.00000  -0.00000
  1 H 1s       0.00170   0.00000   0.00000   0.00941  -0.00000
  1 H 2s       0.00242  -0.00000  -0.00000  -0.00383   0.00000
  2 H 1s       0.00179   0.00791  -0.00585  -0.00000   0.00000
  2 H 2s       0.00247  -0.00282   0.00208   0.00000   0.00000
  3 H 1s       0.00179   0.00585   0.00791  -0.00000  -0.00000
  3 H 2s       0.00247  -0.00208  -0.00282   0.00000  -0.00000
  4 H 1s       0.00170  -0.00000  -0.00000  -0.00941   0.00000
  4 H 2s       0.00242  -0.00000   0.00000   0.00383  -0.00000
  5 H 1s       0.00179  -0.00791   0.00585   0.00000   0.00000
  5 H 2s       0.00247   0.00282  -0.00208  -0.00000  -0.00000
  6 H 1s       0.00179  -0.00585  -0.00791   0.00000  -0.00000
  6 H 2s       0.00247   0.00208   0.00282  -0.00000   0.00000
               #5        #6        #7        #8        #9       
 0 Ni 3s      -0.00000  -0.00000  -0.02737   0.00205  -0.00000
 0 Ni 4s      -0.00000   0.00000   0.38743   0.03888  -0.00000
 0 Ni 5s       0.00000   0.00000   0.26021  -0.00398  -0.00000
 0 Ni 3px      0.00000  -0.00000  -0.00000  -0.00000  -0.00000
 0 Ni 3py      0.00000  -0.00000   0.00000  -0.00000  -0.00000
 0 Ni 3pz     -0.00000   0.00000  -0.00000  -0.00000  -0.00000
 0 Ni 4px      0.00000  -0.00000   0.00000  -0.00000  -0.00000
 0 Ni 4py      0.00000   0.00000  -0.00000   0.00000  -0.00000
 0 Ni 4pz      0.00000  -0.00000   0.00000  -0.00000   0.00000
 0 Ni 5px     -0.00000  -0.00000  -0.00000   0.00000  -0.00000
 0 Ni 5py     -0.00000   0.00000   0.00000   0.00000   0.00000
 0 Ni 5pz      0.00000   0.00000   0.00000   0.00000   0.00000
 0 Ni 3dxy    -0.00000  -0.00000  -0.00000  -0.00000   0.00000
 0 Ni 3dyz    -0.52480   0.73240  -0.00000  -0.00000   0.00000
 0 Ni 3dz^2    0.00000   0.00000  -0.04112   0.63108  -0.00000
 0 Ni 3dxz     0.73240   0.52480  -0.00000  -0.00000  -0.00000
0 Ni 3dx2-y2   0.00000  -0.00000  -0.00000   0.00000   0.59996
 0 Ni 4dxy    -0.00000  -0.00000  -0.00000  -0.00000   0.00000
 0 Ni 4dyz    -0.14153   0.19751  -0.00000  -0.00000   0.00000
 0 Ni 4dz^2    0.00000   0.00000  -0.01574   0.28297  -0.00000
 0 Ni 4dxz     0.19751   0.14153  -0.00000  -0.00000  -0.00000
0 Ni 4dx2-y2   0.00000  -0.00000   0.00000   0.00000   0.27134
  1 H 1s       0.00000   0.00000   0.10930   0.14133  -0.00000
  1 H 2s      -0.00000   0.00000   0.02342   0.19016  -0.00000
  2 H 1s      -0.00000   0.00000   0.12932  -0.05893  -0.12453
  2 H 2s      -0.00000   0.00000   0.06629  -0.07893  -0.18048
  3 H 1s       0.00000   0.00000   0.12932  -0.05893   0.12453
  3 H 2s       0.00000  -0.00000   0.06629  -0.07893   0.18048
  4 H 1s      -0.00000   0.00000   0.10930   0.14133  -0.00000
  4 H 2s       0.00000   0.00000   0.02342   0.19016  -0.00000
  5 H 1s      -0.00000   0.00000   0.12932  -0.05893  -0.12453
  5 H 2s      -0.00000  -0.00000   0.06629  -0.07893  -0.18048
  6 H 1s       0.00000   0.00000   0.12932  -0.05893   0.12453
  6 H 2s       0.00000  -0.00000   0.06629  -0.07893   0.18048
               #10       #11       #12       #13       #14      
 0 Ni 3s      -0.00000  -0.00000   0.00000  -0.00000   0.00000
 0 Ni 4s      -0.00000   0.00000   0.00000  -0.00000   0.00000
 0 Ni 5s      -0.00000  -0.00000  -0.00000  -0.00000   0.00000
 0 Ni 3px     -0.13623   0.03785   0.00000  -0.00000  -0.03392
 0 Ni 3py     -0.03785  -0.13623   0.00000  -0.00000   0.08337
 0 Ni 3pz      0.00000   0.00000   0.14551   0.07902   0.00000
 0 Ni 4px      0.11688  -0.03247  -0.00000   0.00000   0.30240
 0 Ni 4py      0.03247   0.11688  -0.00000   0.00000  -0.74319
 0 Ni 4pz      0.00000  -0.00000  -0.27273  -0.74558  -0.00000
 0 Ni 5px      0.25511  -0.07087  -0.00000  -0.00000  -0.47264
 0 Ni 5py      0.07087   0.25511  -0.00000  -0.00000   1.16158
 0 Ni 5pz      0.00000   0.00000  -0.16131   1.26472   0.00000
 0 Ni 3dxy     0.00000  -0.00000  -0.00000  -0.00000   0.00000
 0 Ni 3dyz    -0.00000  -0.00000  -0.00000  -0.00000  -0.00000
 0 Ni 3dz^2   -0.00000  -0.00000   0.00000  -0.00000  -0.00000
 0 Ni 3dxz     0.00000  -0.00000   0.00000  -0.00000   0.00000
0 Ni 3dx2-y2  -0.00000  -0.00000  -0.00000   0.00000  -0.00000
 0 Ni 4dxy    -0.00000   0.00000   0.00000  -0.00000  -0.00000
 0 Ni 4dyz    -0.00000   0.00000   0.00000   0.00000  -0.00000
 0 Ni 4dz^2   -0.00000  -0.00000   0.00000  -0.00000  -0.00000
 0 Ni 4dxz     0.00000  -0.00000   0.00000   0.00000   0.00000
0 Ni 4dx2-y2  -0.00000  -0.00000  -0.00000   0.00000  -0.00000
  1 H 1s      -0.00000  -0.00000  -0.22680  -0.06769  -0.00000
  1 H 2s      -0.00000  -0.00000  -0.30816  -0.01347  -0.00000
  2 H 1s       0.05949   0.21416  -0.00000   0.00000  -0.07884
  2 H 2s       0.09870   0.35529   0.00000  -0.00000  -0.00742
  3 H 1s       0.21416  -0.05949  -0.00000   0.00000   0.03208
  3 H 2s       0.35529  -0.09870   0.00000  -0.00000   0.00302
  4 H 1s       0.00000   0.00000   0.22680   0.06769   0.00000
  4 H 2s       0.00000   0.00000   0.30816   0.01347   0.00000
  5 H 1s      -0.05949  -0.21416   0.00000  -0.00000   0.07884
  5 H 2s      -0.09870  -0.35529   0.00000   0.00000   0.00742
  6 H 1s      -0.21416   0.05949   0.00000  -0.00000  -0.03208
  6 H 2s      -0.35529   0.09870  -0.00000   0.00000  -0.00302
               #15       #16       #17       #18       #19      
 0 Ni 3s       0.00000  -0.00468  -0.00000   0.00633  -0.00000
 0 Ni 4s       0.00000  -0.20943  -0.00000   0.01009  -0.00000
 0 Ni 5s       0.00000   2.41146   0.00000   0.06181   0.00000
 0 Ni 3px      0.08337  -0.00000   0.00000  -0.00000  -0.03093
 0 Ni 3py      0.03392  -0.00000  -0.00000  -0.00000   0.00809
 0 Ni 3pz      0.00000   0.00000  -0.00000  -0.00000   0.00000
 0 Ni 4px     -0.74319  -0.00000  -0.00000   0.00000   3.12959
 0 Ni 4py     -0.30240  -0.00000  -0.00000  -0.00000  -0.81833
 0 Ni 4pz     -0.00000  -0.00000   0.00000  -0.00000  -0.00000
 0 Ni 5px      1.16158  -0.00000   0.00000  -0.00000  -0.38865
 0 Ni 5py      0.47264  -0.00000   0.00000   0.00000   0.10162
 0 Ni 5pz      0.00000   0.00000  -0.00000  -0.00000   0.00000
 0 Ni 3dxy    -0.00000   0.00000  -0.00000   0.00000  -0.00000
 0 Ni 3dyz     0.00000  -0.00000  -0.00000   0.00000   0.00000
 0 Ni 3dz^2   -0.00000   0.01990   0.00000  -0.56866   0.00000
 0 Ni 3dxz     0.00000  -0.00000   0.00000   0.00000  -0.00000
0 Ni 3dx2-y2   0.00000   0.00000  -0.58843  -0.00000  -0.00000
 0 Ni 4dxy     0.00000  -0.00000  -0.00000  -0.00000  -0.00000
 0 Ni 4dyz     0.00000   0.00000  -0.00000   0.00000  -0.00000
 0 Ni 4dz^2   -0.00000   0.01046   0.00000  -0.32210  -0.00000
 0 Ni 4dxz     0.00000   0.00000   0.00000   0.00000   0.00000
0 Ni 4dx2-y2   0.00000   0.00000  -0.35953  -0.00000  -0.00000
  1 H 1s      -0.00000  -0.00694  -0.00000   0.12314   0.00000
  1 H 2s      -0.00000  -0.57208  -0.00000   0.67032   0.00000
  2 H 1s      -0.03208  -0.00558  -0.09718  -0.06122   0.02097
  2 H 2s      -0.00302  -0.54877  -0.60301  -0.35280   0.50770
  3 H 1s      -0.07884  -0.00558   0.09718  -0.06122  -0.08019
  3 H 2s      -0.00742  -0.54877   0.60301  -0.35280  -1.94163
  4 H 1s       0.00000  -0.00694  -0.00000   0.12314  -0.00000
  4 H 2s       0.00000  -0.57208  -0.00000   0.67032  -0.00000
  5 H 1s       0.03208  -0.00558  -0.09718  -0.06122  -0.02097
  5 H 2s       0.00302  -0.54877  -0.60301  -0.35280  -0.50770
  6 H 1s       0.07884  -0.00558   0.09718  -0.06122   0.08019
  6 H 2s       0.00742  -0.54877   0.60301  -0.35280   1.94163
               #20       #21       #22       #23       #24      
 0 Ni 3s      -0.00000   0.00000  -0.00000   0.00223  -0.00000
 0 Ni 4s      -0.00000   0.00000  -0.00000  -0.01230   0.00000
 0 Ni 5s       0.00000   0.00000   0.00000   0.00910   0.00000
 0 Ni 3px     -0.00809  -0.00000  -0.00000   0.00000  -0.00000
 0 Ni 3py     -0.03093  -0.00000  -0.00000  -0.00000   0.00000
 0 Ni 3pz      0.00000  -0.03494   0.00000  -0.00000  -0.00000
 0 Ni 4px      0.81833   0.00000   0.00000   0.00000   0.00000
 0 Ni 4py      3.12959   0.00000   0.00000   0.00000   0.00000
 0 Ni 4pz     -0.00000   3.20221  -0.00000   0.00000   0.00000
 0 Ni 5px     -0.10162  -0.00000  -0.00000  -0.00000  -0.00000
 0 Ni 5py     -0.38865  -0.00000  -0.00000  -0.00000  -0.00000
 0 Ni 5pz      0.00000  -0.40556   0.00000  -0.00000  -0.00000
 0 Ni 3dxy     0.00000   0.00000  -0.00000   0.00000  -0.53266
 0 Ni 3dyz    -0.00000   0.00000   0.00000  -0.00000  -0.00000
 0 Ni 3dz^2   -0.00000  -0.00000  -0.00000   0.49632   0.00000
 0 Ni 3dxz    -0.00000  -0.00000  -0.00000  -0.00000  -0.00000
0 Ni 3dx2-y2  -0.00000   0.00000   0.51121   0.00000  -0.00000
 0 Ni 4dxy    -0.00000  -0.00000   0.00000  -0.00000   1.01787
 0 Ni 4dyz     0.00000  -0.00000  -0.00000   0.00000   0.00000
 0 Ni 4dz^2   -0.00000  -0.00000   0.00000  -0.80327  -0.00000
 0 Ni 4dxz     0.00000  -0.00000   0.00000   0.00000   0.00000
0 Ni 4dx2-y2  -0.00000  -0.00000  -0.78729  -0.00000   0.00000
  1 H 1s       0.00000  -0.08389   0.00000  -0.41283  -0.00000
  1 H 2s       0.00000  -1.99597  -0.00000   0.92810   0.00000
  2 H 1s      -0.08019  -0.00000   0.36947   0.22113  -0.00000
  2 H 2s      -1.94163  -0.00000  -0.80233  -0.46911   0.00000
  3 H 1s      -0.02097  -0.00000  -0.36947   0.22113   0.00000
  3 H 2s      -0.50770  -0.00000   0.80233  -0.46911  -0.00000
  4 H 1s      -0.00000   0.08389   0.00000  -0.41283  -0.00000
  4 H 2s      -0.00000   1.99597  -0.00000   0.92810   0.00000
  5 H 1s       0.08019   0.00000   0.36947   0.22113  -0.00000
  5 H 2s       1.94163   0.00000  -0.80233  -0.46911   0.00000
  6 H 1s       0.02097   0.00000  -0.36947   0.22113   0.00000
  6 H 2s       0.50770   0.00000   0.80233  -0.46911  -0.00000
               #25       #26       #27       #28       #29      
 0 Ni 3s      -0.00000   0.00000   0.23789   0.00000  -0.00000
 0 Ni 4s      -0.00000   0.00000   0.87196   0.00000  -0.00000
 0 Ni 5s      -0.00000  -0.00000  -0.52792  -0.00000   0.00000
 0 Ni 3px      0.00000  -0.00000   0.00000   0.03201   0.06755
 0 Ni 3py     -0.00000   0.00000   0.00000  -0.06755   0.03201
 0 Ni 3pz      0.00000  -0.00000  -0.00000   0.00000  -0.00000
 0 Ni 4px     -0.00000  -0.00000   0.00000   0.69420   1.46484
 0 Ni 4py      0.00000  -0.00000   0.00000  -1.46484   0.69420
 0 Ni 4pz     -0.00000  -0.00000  -0.00000   0.00000  -0.00000
 0 Ni 5px     -0.00000  -0.00000   0.00000   0.02523   0.05324
 0 Ni 5py      0.00000   0.00000   0.00000  -0.05324   0.02523
 0 Ni 5pz      0.00000  -0.00000  -0.00000   0.00000  -0.00000
 0 Ni 3dxy     0.00000   0.00000   0.00000   0.00000   0.00000
 0 Ni 3dyz     0.31494  -0.42923   0.00000   0.00000   0.00000
 0 Ni 3dz^2    0.00000  -0.00000   0.01000  -0.00000   0.00000
 0 Ni 3dxz    -0.42923  -0.31494   0.00000  -0.00000  -0.00000
0 Ni 3dx2-y2  -0.00000   0.00000   0.00000  -0.00000   0.00000
 0 Ni 4dxy    -0.00000  -0.00000  -0.00000  -0.00000  -0.00000
 0 Ni 4dyz    -0.60219   0.82072  -0.00000  -0.00000   0.00000
 0 Ni 4dz^2   -0.00000   0.00000  -0.03559   0.00000  -0.00000
 0 Ni 4dxz     0.82072   0.60219  -0.00000   0.00000   0.00000
0 Ni 4dx2-y2   0.00000  -0.00000  -0.00000   0.00000  -0.00000
  1 H 1s      -0.00000   0.00000  -0.54263   0.00000  -0.00000
  1 H 2s       0.00000  -0.00000   0.23477  -0.00000   0.00000
  2 H 1s      -0.00000  -0.00000  -0.53908  -0.93761   0.44434
  2 H 2s       0.00000   0.00000   0.20270   1.84557  -0.87463
  3 H 1s       0.00000  -0.00000  -0.53908   0.44434   0.93761
  3 H 2s      -0.00000   0.00000   0.20270  -0.87463  -1.84557
  4 H 1s       0.00000   0.00000  -0.54263  -0.00000   0.00000
  4 H 2s      -0.00000  -0.00000   0.23477   0.00000  -0.00000
  5 H 1s      -0.00000  -0.00000  -0.53908   0.93761  -0.44434
  5 H 2s       0.00000   0.00000   0.20270  -1.84557   0.87463
  6 H 1s       0.00000  -0.00000  -0.53908  -0.44434  -0.93761
  6 H 2s      -0.00000   0.00000   0.20270   0.87463   1.84557
               #30       #31       #32       #33      
 0 Ni 3s      -0.00000   0.01423   0.00000   2.38063
 0 Ni 4s      -0.00000   0.02541   0.00000   3.98857
 0 Ni 5s       0.00000   0.01660  -0.00000   1.54773
 0 Ni 3px     -0.00000   0.00000  -0.00000  -0.00000
 0 Ni 3py     -0.00000   0.00000   0.00000   0.00000
 0 Ni 3pz     -0.07500   0.00000   0.00000  -0.00000
 0 Ni 4px     -0.00000   0.00000   0.00000   0.00000
 0 Ni 4py     -0.00000   0.00000   0.00000   0.00000
 0 Ni 4pz     -1.56543   0.00000   0.00000  -0.00000
 0 Ni 5px     -0.00000  -0.00000  -0.00000  -0.00000
 0 Ni 5py     -0.00000  -0.00000  -0.00000  -0.00000
 0 Ni 5pz     -0.06976  -0.00000  -0.00000   0.00000
 0 Ni 3dxy     0.00000  -0.00000  -0.00000  -0.00000
 0 Ni 3dyz    -0.00000   0.00000  -0.00000  -0.00000
 0 Ni 3dz^2   -0.00000  -0.43769   0.00000   0.00696
 0 Ni 3dxz     0.00000   0.00000   0.00000  -0.00000
0 Ni 3dx2-y2   0.00000  -0.00000  -0.44208   0.00000
 0 Ni 4dxy    -0.00000   0.00000   0.00000   0.00000
 0 Ni 4dyz     0.00000  -0.00000   0.00000  -0.00000
 0 Ni 4dz^2    0.00000   1.45704  -0.00000  -0.03003
 0 Ni 4dxz     0.00000  -0.00000  -0.00000  -0.00000
0 Ni 4dx2-y2  -0.00000   0.00000   1.48492  -0.00000
  1 H 1s      -1.03502  -0.85226   0.00000   0.20982
  1 H 2s       2.00160   0.15440  -0.00000  -1.57475
  2 H 1s      -0.00000   0.43048   0.74658   0.19143
  2 H 2s       0.00000  -0.09667  -0.13652  -1.60058
  3 H 1s      -0.00000   0.43048  -0.74658   0.19143
  3 H 2s       0.00000  -0.09667   0.13652  -1.60058
  4 H 1s       1.03502  -0.85226   0.00000   0.20982
  4 H 2s      -2.00160   0.15440  -0.00000  -1.57475
  5 H 1s       0.00000   0.43048   0.74658   0.19143
  5 H 2s      -0.00000  -0.09667  -0.13652  -1.60058
  6 H 1s       0.00000   0.43048  -0.74658   0.19143
  6 H 2s      -0.00000  -0.09667   0.13652  -1.60058
               #0        #1        #2        #3        #4       
 0 Ni 3s       0.99639   0.00000   0.00000  -0.00000  -0.00000
 0 Ni 4s      -0.00450   0.00000   0.00000  -0.00000   0.00000
 0 Ni 5s      -0.00227   0.00000  -0.00000   0.00000  -0.00000
 0 Ni 3px     -0.00000   0.59348   0.80179  -0.00000  -0.00000
 0 Ni 3py     -0.00000   0.80179  -0.59348  -0.00000  -0.00000
 0 Ni 3pz      0.00000   0.00000   0.00000   0.99765   0.00000
 0 Ni 4px      0.00000   0.00885   0.01195  -0.00000   0.00000
 0 Ni 4py      0.00000   0.01195  -0.00885  -0.00000   0.00000
 0 Ni 4pz     -0.00000   0.00000   0.00000   0.01523  -0.00000
 0 Ni 5px     -0.00000  -0.00226  -0.00306   0.00000  -0.00000
 0 Ni 5py     -0.00000  -0.00306   0.00226   0.00000   0.00000
 0 Ni 5pz      0.00000  -0.00000  -0.00000  -0.00383   0.00000
 0 Ni 3dxy     0.00000   0.00000   0.00000   0.00000   0.90085
 0 Ni 3dyz     0.00000   0.00000  -0.00000  -0.00000   0.00000
 0 Ni 3dz^2   -0.00155  -0.00000   0.00000   0.00000   0.00000
 0 Ni 3dxz     0.00000   0.00000   0.00000  -0.00000   0.00000
0 Ni 3dx2-y2  -0.00000  -0.00000  -0.00000  -0.00000  -0.00000
 0 Ni 4dxy     0.00000  -0.00000  -0.00000   0.00000   0.24330
 0 Ni 4dyz     0.00000   0.00000   0.00000   0.00000   0.00000
 0 Ni 4dz^2    0.00005  -0.00000  -0.00000  -0.00000  -0.00000
 0 Ni 4dxz     0.00000   0.00000  -0.00000   0.00000   0.00000
0 Ni 4dx2-y2  -0.00000   0.00000   0.00000   0.00000  -0.00000
  1 H 1s       0.00170   0.00000   0.00000   0.00941  -0.00000
  1 H 2s       0.00242  -0.00000  -0.00000  -0.00383   0.00000
  2 H 1s       0.00179   0.00791  -0.00585  -0.00000   0.00000
  2 H 2s       0.00247  -0.00282   0.00208   0.00000   0.00000
  3 H 1s       0.00179   0.00585   0.00791  -0.00000  -0.00000
  3 H 2s       0.00247  -0.00208  -0.00282   0.00000  -0.00000
  4 H 1s       0.00170  -0.00000  -0.00000  -0.00941   0.00000
  4 H 2s       0.00242  -0.00000   0.00000   0.00383  -0.00000
  5 H 1s       0.00179  -0.00791   0.00585   0.00000   0.00000
  5 H 2s       0.00247   0.00282  -0.00208  -0.00000  -0.00000
  6 H 1s       0.00179  -0.00585  -0.00791   0.00000  -0.00000
  6 H 2s       0.00247   0.00208   0.00282  -0.00000   0.00000
               #5        #6        #7        #8        #9       
 0 Ni 3s      -0.00000  -0.00000  -0.02737   0.00205  -0.00000
 0 Ni 4s      -0.00000   0.00000   0.38743   0.03888  -0.00000
 0 Ni 5s       0.00000   0.00000   0.26021  -0.00398  -0.00000
 0 Ni 3px      0.00000  -0.00000  -0.00000  -0.00000  -0.00000
 0 Ni 3py      0.00000  -0.00000   0.00000  -0.00000  -0.00000
 0 Ni 3pz     -0.00000   0.00000  -0.00000  -0.00000  -0.00000
 0 Ni 4px      0.00000  -0.00000   0.00000  -0.00000  -0.00000
 0 Ni 4py      0.00000   0.00000  -0.00000   0.00000  -0.00000
 0 Ni 4pz      0.00000  -0.00000   0.00000  -0.00000   0.00000
 0 Ni 5px     -0.00000  -0.00000  -0.00000   0.00000  -0.00000
 0 Ni 5py     -0.00000   0.00000   0.00000   0.00000   0.00000
 0 Ni 5pz      0.00000   0.00000   0.00000   0.00000   0.00000
 0 Ni 3dxy    -0.00000  -0.00000  -0.00000  -0.00000   0.00000
 0 Ni 3dyz    -0.52480   0.73240  -0.00000  -0.00000   0.00000
 0 Ni 3dz^2    0.00000   0.00000  -0.04112   0.63108  -0.00000
 0 Ni 3dxz     0.73240   0.52480  -0.00000  -0.00000  -0.00000
0 Ni 3dx2-y2   0.00000  -0.00000  -0.00000   0.00000   0.59996
 0 Ni 4dxy    -0.00000  -0.00000  -0.00000  -0.00000   0.00000
 0 Ni 4dyz    -0.14153   0.19751  -0.00000  -0.00000   0.00000
 0 Ni 4dz^2    0.00000   0.00000  -0.01574   0.28297  -0.00000
 0 Ni 4dxz     0.19751   0.14153  -0.00000  -0.00000  -0.00000
0 Ni 4dx2-y2   0.00000  -0.00000   0.00000   0.00000   0.27134
  1 H 1s       0.00000   0.00000   0.10930   0.14133  -0.00000
  1 H 2s      -0.00000   0.00000   0.02342   0.19016  -0.00000
  2 H 1s      -0.00000   0.00000   0.12932  -0.05893  -0.12453
  2 H 2s      -0.00000   0.00000   0.06629  -0.07893  -0.18048
  3 H 1s       0.00000   0.00000   0.12932  -0.05893   0.12453
  3 H 2s       0.00000  -0.00000   0.06629  -0.07893   0.18048
  4 H 1s      -0.00000   0.00000   0.10930   0.14133  -0.00000
  4 H 2s       0.00000   0.00000   0.02342   0.19016  -0.00000
  5 H 1s      -0.00000   0.00000   0.12932  -0.05893  -0.12453
  5 H 2s      -0.00000  -0.00000   0.06629  -0.07893  -0.18048
  6 H 1s       0.00000   0.00000   0.12932  -0.05893   0.12453
  6 H 2s       0.00000  -0.00000   0.06629  -0.07893   0.18048
               #10       #11       #12       #13       #14      
 0 Ni 3s      -0.00000  -0.00000   0.00000  -0.00000   0.00000
 0 Ni 4s      -0.00000   0.00000   0.00000  -0.00000   0.00000
 0 Ni 5s      -0.00000  -0.00000  -0.00000  -0.00000   0.00000
 0 Ni 3px     -0.13623   0.03785   0.00000  -0.00000  -0.03392
 0 Ni 3py     -0.03785  -0.13623   0.00000  -0.00000   0.08337
 0 Ni 3pz      0.00000   0.00000   0.14551   0.07902   0.00000
 0 Ni 4px      0.11688  -0.03247  -0.00000   0.00000   0.30240
 0 Ni 4py      0.03247   0.11688  -0.00000   0.00000  -0.74319
 0 Ni 4pz      0.00000  -0.00000  -0.27273  -0.74558  -0.00000
 0 Ni 5px      0.25511  -0.07087  -0.00000  -0.00000  -0.47264
 0 Ni 5py      0.07087   0.25511  -0.00000  -0.00000   1.16158
 0 Ni 5pz      0.00000   0.00000  -0.16131   1.26472   0.00000
 0 Ni 3dxy     0.00000  -0.00000  -0.00000  -0.00000   0.00000
 0 Ni 3dyz    -0.00000  -0.00000  -0.00000  -0.00000  -0.00000
 0 Ni 3dz^2   -0.00000  -0.00000   0.00000  -0.00000  -0.00000
 0 Ni 3dxz     0.00000  -0.00000   0.00000  -0.00000   0.00000
0 Ni 3dx2-y2  -0.00000  -0.00000  -0.00000   0.00000  -0.00000
 0 Ni 4dxy    -0.00000   0.00000   0.00000  -0.00000  -0.00000
 0 Ni 4dyz    -0.00000   0.00000   0.00000   0.00000  -0.00000
 0 Ni 4dz^2   -0.00000  -0.00000   0.00000  -0.00000  -0.00000
 0 Ni 4dxz     0.00000  -0.00000   0.00000   0.00000   0.00000
0 Ni 4dx2-y2  -0.00000  -0.00000  -0.00000   0.00000  -0.00000
  1 H 1s      -0.00000  -0.00000  -0.22680  -0.06769  -0.00000
  1 H 2s      -0.00000  -0.00000  -0.30816  -0.01347  -0.00000
  2 H 1s       0.05949   0.21416  -0.00000   0.00000  -0.07884
  2 H 2s       0.09870   0.35529   0.00000  -0.00000  -0.00742
  3 H 1s       0.21416  -0.05949  -0.00000   0.00000   0.03208
  3 H 2s       0.35529  -0.09870   0.00000  -0.00000   0.00302
  4 H 1s       0.00000   0.00000   0.22680   0.06769   0.00000
  4 H 2s       0.00000   0.00000   0.30816   0.01347   0.00000
  5 H 1s      -0.05949  -0.21416   0.00000  -0.00000   0.07884
  5 H 2s      -0.09870  -0.35529   0.00000   0.00000   0.00742
  6 H 1s      -0.21416   0.05949   0.00000  -0.00000  -0.03208
  6 H 2s      -0.35529   0.09870  -0.00000   0.00000  -0.00302
               #15       #16       #17       #18       #19      
 0 Ni 3s       0.00000  -0.00468  -0.00000   0.00633  -0.00000
 0 Ni 4s       0.00000  -0.20943  -0.00000   0.01009  -0.00000
 0 Ni 5s       0.00000   2.41146   0.00000   0.06181   0.00000
 0 Ni 3px      0.08337  -0.00000   0.00000  -0.00000  -0.03093
 0 Ni 3py      0.03392  -0.00000  -0.00000  -0.00000   0.00809
 0 Ni 3pz      0.00000   0.00000  -0.00000  -0.00000   0.00000
 0 Ni 4px     -0.74319  -0.00000  -0.00000   0.00000   3.12959
 0 Ni 4py     -0.30240  -0.00000  -0.00000  -0.00000  -0.81833
 0 Ni 4pz     -0.00000  -0.00000   0.00000  -0.00000  -0.00000
 0 Ni 5px      1.16158  -0.00000   0.00000  -0.00000  -0.38865
 0 Ni 5py      0.47264  -0.00000   0.00000   0.00000   0.10162
 0 Ni 5pz      0.00000   0.00000  -0.00000  -0.00000   0.00000
 0 Ni 3dxy    -0.00000   0.00000  -0.00000   0.00000  -0.00000
 0 Ni 3dyz     0.00000  -0.00000  -0.00000   0.00000   0.00000
 0 Ni 3dz^2   -0.00000   0.01990   0.00000  -0.56866   0.00000
 0 Ni 3dxz     0.00000  -0.00000   0.00000   0.00000  -0.00000
0 Ni 3dx2-y2   0.00000   0.00000  -0.58843  -0.00000  -0.00000
 0 Ni 4dxy     0.00000  -0.00000  -0.00000  -0.00000  -0.00000
 0 Ni 4dyz     0.00000   0.00000  -0.00000   0.00000  -0.00000
 0 Ni 4dz^2   -0.00000   0.01046   0.00000  -0.32210  -0.00000
 0 Ni 4dxz     0.00000   0.00000   0.00000   0.00000   0.00000
0 Ni 4dx2-y2   0.00000   0.00000  -0.35953  -0.00000  -0.00000
  1 H 1s      -0.00000  -0.00694  -0.00000   0.12314   0.00000
  1 H 2s      -0.00000  -0.57208  -0.00000   0.67032   0.00000
  2 H 1s      -0.03208  -0.00558  -0.09718  -0.06122   0.02097
  2 H 2s      -0.00302  -0.54877  -0.60301  -0.35280   0.50770
  3 H 1s      -0.07884  -0.00558   0.09718  -0.06122  -0.08019
  3 H 2s      -0.00742  -0.54877   0.60301  -0.35280  -1.94163
  4 H 1s       0.00000  -0.00694  -0.00000   0.12314  -0.00000
  4 H 2s       0.00000  -0.57208  -0.00000   0.67032  -0.00000
  5 H 1s       0.03208  -0.00558  -0.09718  -0.06122  -0.02097
  5 H 2s       0.00302  -0.54877  -0.60301  -0.35280  -0.50770
  6 H 1s       0.07884  -0.00558   0.09718  -0.06122   0.08019
  6 H 2s       0.00742  -0.54877   0.60301  -0.35280   1.94163
               #20       #21       #22       #23       #24      
 0 Ni 3s      -0.00000   0.00000  -0.00000   0.00223  -0.00000
 0 Ni 4s      -0.00000   0.00000  -0.00000  -0.01230   0.00000
 0 Ni 5s       0.00000   0.00000   0.00000   0.00910   0.00000
 0 Ni 3px     -0.00809  -0.00000  -0.00000   0.00000  -0.00000
 0 Ni 3py     -0.03093  -0.00000  -0.00000  -0.00000   0.00000
 0 Ni 3pz      0.00000  -0.03494   0.00000  -0.00000  -0.00000
 0 Ni 4px      0.81833   0.00000   0.00000   0.00000   0.00000
 0 Ni 4py      3.12959   0.00000   0.00000   0.00000   0.00000
 0 Ni 4pz     -0.00000   3.20221  -0.00000   0.00000   0.00000
 0 Ni 5px     -0.10162  -0.00000  -0.00000  -0.00000  -0.00000
 0 Ni 5py     -0.38865  -0.00000  -0.00000  -0.00000  -0.00000
 0 Ni 5pz      0.00000  -0.40556   0.00000  -0.00000  -0.00000
 0 Ni 3dxy     0.00000   0.00000  -0.00000   0.00000  -0.53266
 0 Ni 3dyz    -0.00000   0.00000   0.00000  -0.00000  -0.00000
 0 Ni 3dz^2   -0.00000  -0.00000  -0.00000   0.49632   0.00000
 0 Ni 3dxz    -0.00000  -0.00000  -0.00000  -0.00000  -0.00000
0 Ni 3dx2-y2  -0.00000   0.00000   0.51121   0.00000  -0.00000
 0 Ni 4dxy    -0.00000  -0.00000   0.00000  -0.00000   1.01787
 0 Ni 4dyz     0.00000  -0.00000  -0.00000   0.00000   0.00000
 0 Ni 4dz^2   -0.00000  -0.00000   0.00000  -0.80327  -0.00000
 0 Ni 4dxz     0.00000  -0.00000   0.00000   0.00000   0.00000
0 Ni 4dx2-y2  -0.00000  -0.00000  -0.78729  -0.00000   0.00000
  1 H 1s       0.00000  -0.08389   0.00000  -0.41283  -0.00000
  1 H 2s       0.00000  -1.99597  -0.00000   0.92810   0.00000
  2 H 1s      -0.08019  -0.00000   0.36947   0.22113  -0.00000
  2 H 2s      -1.94163  -0.00000  -0.80233  -0.46911   0.00000
  3 H 1s      -0.02097  -0.00000  -0.36947   0.22113   0.00000
  3 H 2s      -0.50770  -0.00000   0.80233  -0.46911  -0.00000
  4 H 1s      -0.00000   0.08389   0.00000  -0.41283  -0.00000
  4 H 2s      -0.00000   1.99597  -0.00000   0.92810   0.00000
  5 H 1s       0.08019   0.00000   0.36947   0.22113  -0.00000
  5 H 2s       1.94163   0.00000  -0.80233  -0.46911   0.00000
  6 H 1s       0.02097   0.00000  -0.36947   0.22113   0.00000
  6 H 2s       0.50770   0.00000   0.80233  -0.46911  -0.00000
               #25       #26       #27       #28       #29      
 0 Ni 3s      -0.00000   0.00000   0.23789   0.00000  -0.00000
 0 Ni 4s      -0.00000   0.00000   0.87196   0.00000  -0.00000
 0 Ni 5s      -0.00000  -0.00000  -0.52792  -0.00000   0.00000
 0 Ni 3px      0.00000  -0.00000   0.00000   0.03201   0.06755
 0 Ni 3py     -0.00000   0.00000   0.00000  -0.06755   0.03201
 0 Ni 3pz      0.00000  -0.00000  -0.00000   0.00000  -0.00000
 0 Ni 4px     -0.00000  -0.00000   0.00000   0.69420   1.46484
 0 Ni 4py      0.00000  -0.00000   0.00000  -1.46484   0.69420
 0 Ni 4pz     -0.00000  -0.00000  -0.00000   0.00000  -0.00000
 0 Ni 5px     -0.00000  -0.00000   0.00000   0.02523   0.05324
 0 Ni 5py      0.00000   0.00000   0.00000  -0.05324   0.02523
 0 Ni 5pz      0.00000  -0.00000  -0.00000   0.00000  -0.00000
 0 Ni 3dxy     0.00000   0.00000   0.00000   0.00000   0.00000
 0 Ni 3dyz     0.31494  -0.42923   0.00000   0.00000   0.00000
 0 Ni 3dz^2    0.00000  -0.00000   0.01000  -0.00000   0.00000
 0 Ni 3dxz    -0.42923  -0.31494   0.00000  -0.00000  -0.00000
0 Ni 3dx2-y2  -0.00000   0.00000   0.00000  -0.00000   0.00000
 0 Ni 4dxy    -0.00000  -0.00000  -0.00000  -0.00000  -0.00000
 0 Ni 4dyz    -0.60219   0.82072  -0.00000  -0.00000   0.00000
 0 Ni 4dz^2   -0.00000   0.00000  -0.03559   0.00000  -0.00000
 0 Ni 4dxz     0.82072   0.60219  -0.00000   0.00000   0.00000
0 Ni 4dx2-y2   0.00000  -0.00000  -0.00000   0.00000  -0.00000
  1 H 1s      -0.00000   0.00000  -0.54263   0.00000  -0.00000
  1 H 2s       0.00000  -0.00000   0.23477  -0.00000   0.00000
  2 H 1s      -0.00000  -0.00000  -0.53908  -0.93761   0.44434
  2 H 2s       0.00000   0.00000   0.20270   1.84557  -0.87463
  3 H 1s       0.00000  -0.00000  -0.53908   0.44434   0.93761
  3 H 2s      -0.00000   0.00000   0.20270  -0.87463  -1.84557
  4 H 1s       0.00000   0.00000  -0.54263  -0.00000   0.00000
  4 H 2s      -0.00000  -0.00000   0.23477   0.00000  -0.00000
  5 H 1s      -0.00000  -0.00000  -0.53908   0.93761  -0.44434
  5 H 2s       0.00000   0.00000   0.20270  -1.84557   0.87463
  6 H 1s       0.00000  -0.00000  -0.53908  -0.44434  -0.93761
  6 H 2s      -0.00000   0.00000   0.20270   0.87463   1.84557
               #30       #31       #32       #33      
 0 Ni 3s      -0.00000   0.01423   0.00000   2.38063
 0 Ni 4s      -0.00000   0.02541   0.00000   3.98857
 0 Ni 5s       0.00000   0.01660  -0.00000   1.54773
 0 Ni 3px     -0.00000   0.00000  -0.00000  -0.00000
