

******** <class 'pyscf.scf.hf.RHF'> ********
method = RHF
initial guess = minao
damping factor = 0
level_shift factor = 0
DIIS = <class 'pyscf.scf.diis.CDIIS'>
diis_start_cycle = 1
diis_space = 10
SCF conv_tol = 1e-09
SCF conv_tol_grad = None
SCF max_cycles = 1000
direct_scf = True
direct_scf_tol = 1e-13
chkfile to save SCF result = /scratch/global/yangjunjie/test/410947/tmp1apekkjq
max_memory 4000 MB (current use 588 MB)
Set gradient conv threshold to 3.16228e-05
init E= -169.747570285872
  HOMO = 0.465393185930614  LUMO = 0.550491803428696
cycle= 1 E= -169.74670626453  delta_E= 0.000864  |g|= 0.00443  |ddm|= 0.0365
  HOMO = 0.465409076385136  LUMO = 0.550560513753386
cycle= 2 E= -169.746719791639  delta_E= -1.35e-05  |g|= 0.00232  |ddm|= 0.012
  HOMO = 0.465364480252994  LUMO = 0.550553639562684
cycle= 3 E= -169.74672388027  delta_E= -4.09e-06  |g|= 0.00158  |ddm|= 0.00581
  HOMO = 0.465370161203313  LUMO = 0.550607738884337
cycle= 4 E= -169.746726221813  delta_E= -2.34e-06  |g|= 0.000541  |ddm|= 0.00481
  HOMO = 0.465357359132641  LUMO = 0.550623782680665
cycle= 5 E= -169.746726710492  delta_E= -4.89e-07  |g|= 0.000126  |ddm|= 0.00266
  HOMO = 0.46535848241044  LUMO = 0.550623916527497
cycle= 6 E= -169.746726733298  delta_E= -2.28e-08  |g|= 8.71e-06  |ddm|= 0.000734
  HOMO = 0.46535875474945  LUMO = 0.550624004171485
cycle= 7 E= -169.746726733483  delta_E= -1.85e-10  |g|= 2.79e-06  |ddm|= 6.26e-05
  HOMO = 0.465358786625678  LUMO = 0.550623891979398
Extra cycle  E= -169.7467267335  delta_E= -1.77e-11  |g|= 1.43e-06  |ddm|= 1.55e-05
converged SCF energy = -169.7467267335

******** CASCI flags ********
CAS (6e+6e, 10o), ncore = 8, nvir = 5
natorb = False
canonicalization = True
sorting_mo_energy = False
max_memory 4000 (MB)
******** <class 'pyscf.fci.direct_spin1.FCISolver'> ********
max. cycles = 200
conv_tol = 1e-08
davidson only = False
linear dependence = 1e-10
level shift = 0.001
max iter space = 12
max_memory 4000 MB
nroots = 1
pspace_size = 400
spin = None
Density matrix diagonal elements [1.99901410e+00 1.99826512e+00 1.99473181e+00 1.99896469e+00
 1.99616615e+00 1.99303128e+00 1.55544135e-04 1.14837169e-03
 1.39527748e-02 4.57015868e-03]
CASCI converged
CASCI E = -169.759527417505  E(CI) = -46.8292679855048  S^2 = 0.0000000

******** <class 'pyscf.mcscf.mc1step.CASSCF'> ********
CAS (6e+6e, 10o), ncore = 8, nvir = 5
max_cycle_macro = 50
max_cycle_micro = 4
conv_tol = 1e-07
conv_tol_grad = None
orbital rotation max_stepsize = 0.02
orbital rotation threshold for CI restart = 0.01
augmented hessian ah_max_cycle = 30
augmented hessian ah_conv_tol = 1e-12
augmented hessian ah_linear dependence = 1e-14
augmented hessian ah_level shift = 1e-08
augmented hessian ah_start_tol = 2.5
augmented hessian ah_start_cycle = 3
augmented hessian ah_grad_trust_region = 3
kf_trust_region = 3
kf_interval = 4
ci_response_space = 4
ci_grad_trust_region = 3
with_dep4 0
natorb = False
canonicalization = True
sorting_mo_energy = False
ao2mo_level = 2
chkfile = /scratch/global/yangjunjie/test/410947/tmp1apekkjq
max_memory 4000 MB (current use 576 MB)
internal_rotation = False
******** <class 'pyscf.fci.direct_spin1.FCISolver'> ********
max. cycles = 50
conv_tol = 1e-08
davidson only = False
linear dependence = 1e-10
level shift = 0.001
max iter space = 12
max_memory 4000 MB
nroots = 1
pspace_size = 400
spin = None
CASCI E = -169.759527417505  S^2 = 0.0000000
Set conv_tol_grad to 0.000316228
macro iter 1 (21 JK  4 micro), CASSCF E = -169.765617923485  dE = -0.006090506  S^2 = 0.0000000
               |grad[o]|=0.0113  |grad[c]|= 0.03819257346167384  |ddm|=0.0107  |maxRot[o]|=0.314
macro iter 2 (21 JK  4 micro), CASSCF E = -169.776977032353  dE = -0.011359109  S^2 = 0.0000000
               |grad[o]|=0.0137  |grad[c]|= 0.04012261987731686  |ddm|=0.0158  |maxRot[o]|=0.314
macro iter 3 (21 JK  4 micro), CASSCF E = -169.796465233227  dE = -0.019488201  S^2 = 0.0000000
               |grad[o]|=0.0272  |grad[c]|= 0.049563916496775204  |ddm|=0.0331  |maxRot[o]|=0.314
macro iter 4 (21 JK  4 micro), CASSCF E = -169.815617570112  dE = -0.019152337  S^2 = 0.0000000
               |grad[o]|=0.0464  |grad[c]|= 0.055702922519737894  |ddm|=0.0454  |maxRot[o]|=0.313
macro iter 5 (21 JK  4 micro), CASSCF E = -169.818179687618  dE = -0.0025621175  S^2 = 0.0000000
               |grad[o]|=0.0352  |grad[c]|= 0.015405017587282426  |ddm|=0.0318  |maxRot[o]|=0.187
macro iter 6 (21 JK  4 micro), CASSCF E = -169.818205864891  dE = -2.6177273e-05  S^2 = 0.0000000
               |grad[o]|=0.00949  |grad[c]|= 0.008350422003373947  |ddm|=0.000618  |maxRot[o]|=0.0123
macro iter 7 (21 JK  4 micro), CASSCF E = -169.818233192121  dE = -2.732723e-05  S^2 = 0.0000000
               |grad[o]|=0.00868  |grad[c]|= 0.00746183578688059  |ddm|=0.0012  |maxRot[o]|=0.0239
macro iter 8 (21 JK  4 micro), CASSCF E = -169.818272623572  dE = -3.9431451e-05  S^2 = 0.0000000
               |grad[o]|=0.00795  |grad[c]|= 0.009206797123896007  |ddm|=0.0019  |maxRot[o]|=0.0316
macro iter 9 (21 JK  4 micro), CASSCF E = -169.818573008976  dE = -0.0003003854  S^2 = 0.0000000
               |grad[o]|=0.00697  |grad[c]|= 0.004898784054602814  |ddm|=0.0137  |maxRot[o]|=0.132
macro iter 10 (21 JK  4 micro), CASSCF E = -169.819523624482  dE = -0.00095061551  S^2 = 0.0000000
               |grad[o]|=0.0113  |grad[c]|= 0.011026444775297748  |ddm|=0.0312  |maxRot[o]|=0.175
macro iter 11 (21 JK  4 micro), CASSCF E = -169.820044760731  dE = -0.00052113625  S^2 = 0.0000000
               |grad[o]|=0.0214  |grad[c]|= 0.01223632173546868  |ddm|=0.00791  |maxRot[o]|=0.0481
macro iter 12 (21 JK  4 micro), CASSCF E = -169.820463570641  dE = -0.00041880991  S^2 = 0.0000000
               |grad[o]|=0.0145  |grad[c]|= 0.012766170102273391  |ddm|=0.00823  |maxRot[o]|=0.0439
macro iter 13 (21 JK  4 micro), CASSCF E = -169.820965204629  dE = -0.00050163399  S^2 = 0.0000000
               |grad[o]|=0.0115  |grad[c]|= 0.010700336222363705  |ddm|=0.00965  |maxRot[o]|=0.0466
macro iter 14 (21 JK  4 micro), CASSCF E = -169.821616976175  dE = -0.00065177155  S^2 = 0.0000000
               |grad[o]|=0.0103  |grad[c]|= 0.006437776097334317  |ddm|=0.00861  |maxRot[o]|=0.0815
macro iter 15 (21 JK  4 micro), CASSCF E = -169.821988123279  dE = -0.0003711471  S^2 = 0.0000000
               |grad[o]|=0.00972  |grad[c]|= 0.010367552669936431  |ddm|=0.00948  |maxRot[o]|=0.0422
macro iter 16 (21 JK  4 micro), CASSCF E = -169.822361590903  dE = -0.00037346762  S^2 = 0.0000000
               |grad[o]|=0.0094  |grad[c]|= 0.008798969289436428  |ddm|=0.00946  |maxRot[o]|=0.0413
macro iter 17 (21 JK  4 micro), CASSCF E = -169.822736746653  dE = -0.00037515575  S^2 = 0.0000000
               |grad[o]|=0.00961  |grad[c]|= 0.007871430615667242  |ddm|=0.0104  |maxRot[o]|=0.0408
macro iter 18 (21 JK  4 micro), CASSCF E = -169.823106555435  dE = -0.00036980878  S^2 = 0.0000000
               |grad[o]|=0.00987  |grad[c]|= 0.007643950914154646  |ddm|=0.011  |maxRot[o]|=0.0419
macro iter 19 (21 JK  4 micro), CASSCF E = -169.823458511247  dE = -0.00035195581  S^2 = 0.0000000
               |grad[o]|=0.0102  |grad[c]|= 0.007892366417453379  |ddm|=0.0108  |maxRot[o]|=0.0401
macro iter 20 (21 JK  4 micro), CASSCF E = -169.82378075577  dE = -0.00032224452  S^2 = 0.0000000
               |grad[o]|=0.0104  |grad[c]|= 0.007893919185957547  |ddm|=0.0105  |maxRot[o]|=0.0374
macro iter 21 (21 JK  4 micro), CASSCF E = -169.824083182363  dE = -0.00030242659  S^2 = 0.0000000
               |grad[o]|=0.0105  |grad[c]|= 0.007915399237134088  |ddm|= 0.01  |maxRot[o]|=0.0359
macro iter 22 (21 JK  4 micro), CASSCF E = -169.824361910409  dE = -0.00027872805  S^2 = 0.0000000
               |grad[o]|=0.0105  |grad[c]|= 0.008173816334978323  |ddm|=0.00973  |maxRot[o]|=0.0341
macro iter 23 (21 JK  4 micro), CASSCF E = -169.824619091933  dE = -0.00025718152  S^2 = 0.0000000
               |grad[o]|=0.0105  |grad[c]|= 0.00818065548433696  |ddm|=0.00911  |maxRot[o]|=0.0326
macro iter 24 (21 JK  4 micro), CASSCF E = -169.824856943661  dE = -0.00023785173  S^2 = 0.0000000
               |grad[o]|=0.0103  |grad[c]|= 0.008469007080806697  |ddm|=0.00878  |maxRot[o]|=0.0313
macro iter 25 (21 JK  4 micro), CASSCF E = -169.825077888295  dE = -0.00022094463  S^2 = 0.0000000
               |grad[o]|=0.0101  |grad[c]|= 0.00850820145723145  |ddm|=0.00829  |maxRot[o]|=0.0312
macro iter 26 (21 JK  4 micro), CASSCF E = -169.825287056766  dE = -0.00020916847  S^2 = 0.0000000
               |grad[o]|=0.00985  |grad[c]|= 0.00884624742402535  |ddm|=0.00778  |maxRot[o]|=0.0431
macro iter 27 (21 JK  4 micro), CASSCF E = -169.825492389364  dE = -0.0002053326  S^2 = 0.0000000
               |grad[o]|=0.00953  |grad[c]|= 0.009003214396653334  |ddm|=0.00717  |maxRot[o]|=0.0599
macro iter 28 (21 JK  4 micro), CASSCF E = -169.825705771037  dE = -0.00021338167  S^2 = 0.0000000
               |grad[o]|=0.0092  |grad[c]|= 0.009541544215419097  |ddm|=0.00649  |maxRot[o]|=0.0811
macro iter 29 (21 JK  4 micro), CASSCF E = -169.825938665067  dE = -0.00023289403  S^2 = 0.0000000
               |grad[o]|=0.00886  |grad[c]|= 0.009971285948248764  |ddm|=0.00601  |maxRot[o]|=0.104
macro iter 30 (21 JK  4 micro), CASSCF E = -169.826197412026  dE = -0.00025874696  S^2 = 0.0000000
               |grad[o]|=0.00851  |grad[c]|= 0.01035854588225039  |ddm|=0.00549  |maxRot[o]|= 0.12
macro iter 31 (21 JK  4 micro), CASSCF E = -169.82647631399  dE = -0.00027890196  S^2 = 0.0000000
               |grad[o]|=0.00811  |grad[c]|= 0.010728330232833363  |ddm|=0.00527  |maxRot[o]|=0.128
macro iter 32 (21 JK  4 micro), CASSCF E = -169.826751214252  dE = -0.00027490026  S^2 = 0.0000000
               |grad[o]|=0.00773  |grad[c]|= 0.010804264204752556  |ddm|=0.00474  |maxRot[o]|=0.126
macro iter 33 (21 JK  4 micro), CASSCF E = -169.827002668158  dE = -0.00025145391  S^2 = 0.0000000
               |grad[o]|=0.00737  |grad[c]|= 0.01127098454278949  |ddm|=0.00435  |maxRot[o]|=0.118
macro iter 34 (21 JK  4 micro), CASSCF E = -169.827211868553  dE = -0.0002092004  S^2 = 0.0000000
               |grad[o]|=0.00699  |grad[c]|= 0.011428046104798209  |ddm|=0.00381  |maxRot[o]|=0.107
macro iter 35 (21 JK  4 micro), CASSCF E = -169.827372629903  dE = -0.00016076135  S^2 = 0.0000000
               |grad[o]|=0.00651  |grad[c]|= 0.011967077031804151  |ddm|=0.00337  |maxRot[o]|=0.0952
macro iter 36 (21 JK  4 micro), CASSCF E = -169.827485876868  dE = -0.00011324696  S^2 = 0.0000000
               |grad[o]|=0.00593  |grad[c]|= 0.012611532511513637  |ddm|=0.00291  |maxRot[o]|=0.0854
macro iter 37 (21 JK  4 micro), CASSCF E = -169.827536055362  dE = -5.0178493e-05  S^2 = 0.0000000
               |grad[o]|=0.00529  |grad[c]|= 0.012650172274272224  |ddm|=0.00235  |maxRot[o]|=0.0733
macro iter 38 (21 JK  4 micro), CASSCF E = -169.833427192721  dE = -0.0058911374  S^2 = 0.0000000
               |grad[o]|=0.00467  |grad[c]|= 0.010441527947129284  |ddm|=0.00143  |maxRot[o]|=0.063
macro iter 39 (21 JK  4 micro), CASSCF E = -169.904918484927  dE = -0.071491292  S^2 = 0.0000000
               |grad[o]|=0.295  |grad[c]|= 0.10224980796580913  |ddm|=0.255  |maxRot[o]|=0.147
macro iter 40 (21 JK  4 micro), CASSCF E = -169.913828560933  dE = -0.008910076  S^2 = 0.0000000
               |grad[o]|=0.126  |grad[c]|= 0.037507311811870364  |ddm|=0.0485  |maxRot[o]|=0.173
macro iter 41 (20 JK  4 micro), CASSCF E = -169.919907207438  dE = -0.0060786465  S^2 = 0.0000000
               |grad[o]|=0.0835  |grad[c]|= 0.09292672915517165  |ddm|=0.0725  |maxRot[o]|=  0.1
macro iter 42 (21 JK  4 micro), CASSCF E = -169.921619685506  dE = -0.0017124781  S^2 = 0.0000000
               |grad[o]|=0.0327  |grad[c]|= 0.05124816916554357  |ddm|=0.0224  |maxRot[o]|=0.102
macro iter 43 (21 JK  4 micro), CASSCF E = -169.922387267467  dE = -0.00076758196  S^2 = 0.0000000
               |grad[o]|=0.0188  |grad[c]|= 0.025531460670470536  |ddm|=0.0104  |maxRot[o]|=0.0539
macro iter 44 (21 JK  4 micro), CASSCF E = -169.922783099498  dE = -0.00039583203  S^2 = 0.0000000
               |grad[o]|=0.0187  |grad[c]|= 0.00985156608924278  |ddm|=0.00451  |maxRot[o]|=0.0394
macro iter 45 (19 JK  4 micro), CASSCF E = -169.9228513206  dE = -6.8221102e-05  S^2 = 0.0000000
               |grad[o]|=0.00985  |grad[c]|= 0.008664644846194612  |ddm|=0.00255  |maxRot[o]|=0.0406
macro iter 46 (20 JK  4 micro), CASSCF E = -169.922880175515  dE = -2.8854916e-05  S^2 = 0.0000000
               |grad[o]|=0.0035  |grad[c]|= 0.007065106408286947  |ddm|=0.00226  |maxRot[o]|=0.0342
macro iter 47 (20 JK  4 micro), CASSCF E = -169.922963463553  dE = -8.3288038e-05  S^2 = 0.0000000
               |grad[o]|=0.00476  |grad[c]|= 0.013263530327078766  |ddm|=0.00398  |maxRot[o]|=0.0192
macro iter 48 (20 JK  4 micro), CASSCF E = -169.923250571146  dE = -0.00028710759  S^2 = 0.0000000
               |grad[o]|=0.00983  |grad[c]|= 0.01576283628386006  |ddm|=0.00629  |maxRot[o]|=0.0246
macro iter 49 (21 JK  4 micro), CASSCF E = -169.92382138527  dE = -0.00057081412  S^2 = 0.0000000
               |grad[o]|=0.0181  |grad[c]|= 0.014995003597934934  |ddm|=0.00821  |maxRot[o]|=0.0648
macro iter 50 (21 JK  4 micro), CASSCF E = -169.924801040797  dE = -0.00097965553  S^2 = 0.0000000
               |grad[o]|=0.0252  |grad[c]|= 0.00831509600243811  |ddm|=0.00643  |maxRot[o]|=0.136
1-step CASSCF not converged, 50 macro (1044 JK 200 micro) steps
CASSCF canonicalization
Density matrix diagonal elements [1.9995181  1.78272947 1.51200157 1.49015261 1.98103361 1.95442544
 0.5539263  0.00728153 0.23986068 0.47907069]
CASSCF energy = -169.924801040797
CASCI E = -169.924801040797  E(CI) = -45.8822688460255  S^2 = 0.0000000


******** <class 'pyscf.scf.uhf.UHF'> ********
method = UHF
initial guess = minao
damping factor = 0
level_shift factor = 0
DIIS = <class 'pyscf.scf.diis.CDIIS'>
diis_start_cycle = 1
diis_space = 10
SCF conv_tol = 1e-09
SCF conv_tol_grad = None
SCF max_cycles = 1000
direct_scf = True
direct_scf_tol = 1e-13
chkfile to save SCF result = /scratch/global/yangjunjie/test/410947/tmpbyj0wk1b
max_memory 4000 MB (current use 585 MB)
number electrons alpha = 14  beta = 14
Set gradient conv threshold to 3.16228e-05
init E= -169.611870489345
  alpha nocc = 14  HOMO = 0.408801001599341  LUMO = 0.492236669535578
  beta  nocc = 14  HOMO = 0.408801001591656  LUMO = 0.492236669533117
cycle= 1 E= -169.611043482432  delta_E= 0.000827  |g|= 0.00285  |ddm|= 0.0249
  alpha nocc = 14  HOMO = 0.408214294058114  LUMO = 0.491508713614803
  beta  nocc = 14  HOMO = 0.408214294051719  LUMO = 0.491508713612733
cycle= 2 E= -169.611052423006  delta_E= -8.94e-06  |g|= 0.00127  |ddm|= 0.0057
  alpha nocc = 14  HOMO = 0.408237333801915  LUMO = 0.491510032558747
  beta  nocc = 14  HOMO = 0.408237333796451  LUMO = 0.491510032556976
cycle= 3 E= -169.611054655129  delta_E= -2.23e-06  |g|= 0.000701  |ddm|= 0.00215
  alpha nocc = 14  HOMO = 0.408246107403588  LUMO = 0.491497499167006
  beta  nocc = 14  HOMO = 0.408246107399727  LUMO = 0.491497499165761
cycle= 4 E= -169.61105582188  delta_E= -1.17e-06  |g|= 0.000141  |ddm|= 0.0024
  alpha nocc = 14  HOMO = 0.408243344557161  LUMO = 0.491496394428356
  beta  nocc = 14  HOMO = 0.408243344554225  LUMO = 0.491496394427425
cycle= 5 E= -169.611055870198  delta_E= -4.83e-08  |g|= 2.6e-05  |ddm|= 0.000602
  alpha nocc = 14  HOMO = 0.408243375507871  LUMO = 0.491495684791702
  beta  nocc = 14  HOMO = 0.408243375505649  LUMO = 0.49149568479102
cycle= 6 E= -169.611055875523  delta_E= -5.32e-09  |g|= 1.59e-05  |ddm|= 0.000458
  alpha nocc = 14  HOMO = 0.408243407470787  LUMO = 0.491495751684609
  beta  nocc = 14  HOMO = 0.408243407468828  LUMO = 0.491495751684022
cycle= 7 E= -169.611055880478  delta_E= -4.95e-09  |g|= 2e-05  |ddm|= 0.000379
  alpha nocc = 14  HOMO = 0.408243447217666  LUMO = 0.491495795852014
  beta  nocc = 14  HOMO = 0.40824344721546  LUMO = 0.491495795851327
cycle= 8 E= -169.611055869254  delta_E= 1.12e-08  |g|= 9.82e-07  |ddm|= 0.00149
  alpha nocc = 14  HOMO = 0.408243437149915  LUMO = 0.491495786435962
  beta  nocc = 14  HOMO = 0.408243437148136  LUMO = 0.491495786435425
cycle= 9 E= -169.611055869256  delta_E= -2.05e-12  |g|= 7.99e-07  |ddm|= 2.97e-05
  alpha nocc = 14  HOMO = 0.40824343557558  LUMO = 0.491495792443381
  beta  nocc = 14  HOMO = 0.408243435574053  LUMO = 0.49149579244293
Extra cycle  E= -169.611055869263  delta_E= -7.36e-12  |g|= 1.01e-06  |ddm|= 1.53e-05
converged SCF energy = -169.611055869263  <S^2> = 7.709211e-10  2S+1 = 1


******** <class 'pyscf.scf.uhf.UHF'> ********
method = UHF
initial guess = minao
damping factor = 0
level_shift factor = 0
DIIS = <class 'pyscf.scf.diis.CDIIS'>
diis_start_cycle = 1
diis_space = 10
SCF conv_tol = 1e-09
SCF conv_tol_grad = None
SCF max_cycles = 1000
direct_scf = True
direct_scf_tol = 1e-13
chkfile to save SCF result = /scratch/global/yangjunjie/test/410947/tmpur790qum
max_memory 4000 MB (current use 585 MB)
number electrons alpha = 15  beta = 13
Set gradient conv threshold to 3.16228e-05
init E= -169.7161459171
  alpha nocc = 15  HOMO = 0.411468863861734  LUMO = 0.76751012164221
  beta  nocc = 13  HOMO = 0.394965343378663  LUMO = 0.547777079117589
cycle= 1 E= -169.713282702823  delta_E= 0.00286  |g|= 0.00216  |ddm|= 0.0238
  alpha nocc = 15  HOMO = 0.411944828711711  LUMO = 0.768069898664977
  beta  nocc = 13  HOMO = 0.394152583242656  LUMO = 0.548091684250852
cycle= 2 E= -169.713289759443  delta_E= -7.06e-06  |g|= 0.00118  |ddm|= 0.00421
  alpha nocc = 15  HOMO = 0.411933139833404  LUMO = 0.767731623255435
  beta  nocc = 13  HOMO = 0.394089413048574  LUMO = 0.548074714026826
cycle= 3 E= -169.713293372515  delta_E= -3.61e-06  |g|= 0.000727  |ddm|= 0.00326
  alpha nocc = 15  HOMO = 0.41193730663706  LUMO = 0.767675786270511
  beta  nocc = 13  HOMO = 0.394379960176102  LUMO = 0.548072818426995
cycle= 4 E= -169.71329536397  delta_E= -1.99e-06  |g|= 0.000379  |ddm|= 0.00327
  alpha nocc = 15  HOMO = 0.411929883484354  LUMO = 0.767595617051478
  beta  nocc = 13  HOMO = 0.3943950403537  LUMO = 0.548068522690444
cycle= 5 E= -169.713295897345  delta_E= -5.33e-07  |g|= 0.000257  |ddm|= 0.00167
  alpha nocc = 15  HOMO = 0.411927807850862  LUMO = 0.767604623680326
  beta  nocc = 13  HOMO = 0.394498496578205  LUMO = 0.548065013366107
cycle= 6 E= -169.71329627404  delta_E= -3.77e-07  |g|= 0.000158  |ddm|= 0.00174
  alpha nocc = 15  HOMO = 0.411926286928055  LUMO = 0.767643000707109
  beta  nocc = 13  HOMO = 0.394553076836951  LUMO = 0.548067996074603
cycle= 7 E= -169.7132964722  delta_E= -1.98e-07  |g|= 5.38e-05  |ddm|= 0.00178
  alpha nocc = 15  HOMO = 0.411926640306069  LUMO = 0.767640888819427
  beta  nocc = 13  HOMO = 0.39455252209744  LUMO = 0.548068946697461
cycle= 8 E= -169.713296491164  delta_E= -1.9e-08  |g|= 2.42e-05  |ddm|= 0.000587
  alpha nocc = 15  HOMO = 0.411926785983847  LUMO = 0.767639417193749
  beta  nocc = 13  HOMO = 0.394552592113566  LUMO = 0.548068992742933
cycle= 9 E= -169.71329649341  delta_E= -2.25e-09  |g|= 2.63e-05  |ddm|= 9.07e-05
  alpha nocc = 15  HOMO = 0.411926825609398  LUMO = 0.767640500752494
  beta  nocc = 13  HOMO = 0.394552226812336  LUMO = 0.548068977676958
cycle= 10 E= -169.713296489041  delta_E= 4.37e-09  |g|= 1.74e-05  |ddm|= 0.000191
  alpha nocc = 15  HOMO = 0.411926786307827  LUMO = 0.767638800744007
  beta  nocc = 13  HOMO = 0.394552748821913  LUMO = 0.548069023383508
cycle= 11 E= -169.713296487887  delta_E= 1.15e-09  |g|= 1.3e-05  |ddm|= 0.000115
  alpha nocc = 15  HOMO = 0.411926753409583  LUMO = 0.767638490780261
  beta  nocc = 13  HOMO = 0.394553236435686  LUMO = 0.548069047829972
cycle= 12 E= -169.71329648873  delta_E= -8.44e-10  |g|= 1.29e-05  |ddm|= 6.83e-05
  alpha nocc = 15  HOMO = 0.411926758139459  LUMO = 0.767638555759756
  beta  nocc = 13  HOMO = 0.394553216521917  LUMO = 0.548069047181898
Extra cycle  E= -169.713296489297  delta_E= -5.67e-10  |g|= 1.3e-05  |ddm|= 4.55e-05
converged SCF energy = -169.713296489297  <S^2> = 4.054741  2S+1 = 4.1495739
