

******** <class 'pyscf.scf.hf.RHF'> ********
method = RHF
initial guess = minao
damping factor = 0
level_shift factor = 0
DIIS = <class 'pyscf.scf.diis.CDIIS'>
diis_start_cycle = 1
diis_space = 10
SCF conv_tol = 1e-09
SCF conv_tol_grad = None
SCF max_cycles = 1000
direct_scf = True
direct_scf_tol = 1e-13
chkfile to save SCF result = /scratch/global/yangjunjie/test/410949/tmp7q1psys0
max_memory 4000 MB (current use 578 MB)
Set gradient conv threshold to 3.16228e-05
init E= -169.748534064595
  HOMO = 0.464044489107092  LUMO = 0.552136565382572
cycle= 1 E= -169.746492759917  delta_E= 0.00204  |g|= 0.0046  |ddm|= 0.0382
  HOMO = 0.464192748647703  LUMO = 0.55223821958514
cycle= 2 E= -169.746507281567  delta_E= -1.45e-05  |g|= 0.0025  |ddm|= 0.0133
  HOMO = 0.464137359196883  LUMO = 0.552164076173452
cycle= 3 E= -169.746511428221  delta_E= -4.15e-06  |g|= 0.00157  |ddm|= 0.00582
  HOMO = 0.464136479776936  LUMO = 0.552152686089771
cycle= 4 E= -169.746513893726  delta_E= -2.47e-06  |g|= 0.000524  |ddm|= 0.00545
  HOMO = 0.464125897599347  LUMO = 0.552135077851135
cycle= 5 E= -169.746514323181  delta_E= -4.29e-07  |g|= 0.000126  |ddm|= 0.00244
  HOMO = 0.464127723418975  LUMO = 0.552135660572713
cycle= 6 E= -169.746514344691  delta_E= -2.15e-08  |g|= 7.78e-06  |ddm|= 0.000685
  HOMO = 0.464127655720223  LUMO = 0.552135817490535
cycle= 7 E= -169.746514344805  delta_E= -1.14e-10  |g|= 2.48e-06  |ddm|= 4.84e-05
  HOMO = 0.46412766298462  LUMO = 0.552135891354848
Extra cycle  E= -169.746514344817  delta_E= -1.17e-11  |g|= 1.33e-06  |ddm|= 1.23e-05
converged SCF energy = -169.746514344817

******** CASCI flags ********
CAS (6e+6e, 10o), ncore = 8, nvir = 5
natorb = False
canonicalization = True
sorting_mo_energy = False
max_memory 4000 (MB)
******** <class 'pyscf.fci.direct_spin1.FCISolver'> ********
max. cycles = 200
conv_tol = 1e-08
davidson only = False
linear dependence = 1e-10
level shift = 0.001
max iter space = 12
max_memory 4000 MB
nroots = 1
pspace_size = 400
spin = None
Density matrix diagonal elements [1.99981164e+00 1.99715528e+00 1.99684587e+00 1.99806948e+00
 1.99486336e+00 1.98652675e+00 1.08900947e-02 1.55478579e-03
 1.40710063e-02 2.11714787e-04]
CASCI converged
CASCI E = -169.755762481672  E(CI) = -46.7190981936535  S^2 = 0.0000000

******** <class 'pyscf.mcscf.mc1step.CASSCF'> ********
CAS (6e+6e, 10o), ncore = 8, nvir = 5
max_cycle_macro = 200
max_cycle_micro = 200
conv_tol = 1e-07
conv_tol_grad = None
orbital rotation max_stepsize = 0.02
orbital rotation threshold for CI restart = 0.01
augmented hessian ah_max_cycle = 30
augmented hessian ah_conv_tol = 1e-12
augmented hessian ah_linear dependence = 1e-14
augmented hessian ah_level shift = 1e-08
augmented hessian ah_start_tol = 2.5
augmented hessian ah_start_cycle = 3
augmented hessian ah_grad_trust_region = 3
kf_trust_region = 3
kf_interval = 4
ci_response_space = 4
ci_grad_trust_region = 3
with_dep4 0
natorb = False
canonicalization = True
sorting_mo_energy = False
ao2mo_level = 2
chkfile = /scratch/global/yangjunjie/test/410949/tmp7q1psys0
max_memory 4000 MB (current use 578 MB)
internal_rotation = False
******** <class 'pyscf.fci.direct_spin1.FCISolver'> ********
max. cycles = 200
conv_tol = 1e-08
davidson only = False
linear dependence = 1e-10
level shift = 0.001
max iter space = 12
max_memory 4000 MB
nroots = 1
pspace_size = 400
spin = None
CASCI E = -169.755762481672  S^2 = 0.0000000
Set conv_tol_grad to 0.000316228
macro iter 1 (37 JK  8 micro), CASSCF E = -169.76603698057  dE = -0.010274499  S^2 = 0.0000000
               |grad[o]|=0.0134  |grad[c]|= 0.07133947889663732  |ddm|=0.0658  |maxRot[o]|= 0.46
macro iter 2 (37 JK  8 micro), CASSCF E = -169.784686877306  dE = -0.018649897  S^2 = 0.0000000
               |grad[o]|=0.0214  |grad[c]|= 0.1293094985047016  |ddm|=0.0607  |maxRot[o]|=0.383
macro iter 3 (37 JK  8 micro), CASSCF E = -169.805213045892  dE = -0.020526169  S^2 = 0.0000000
               |grad[o]|=0.0395  |grad[c]|= 0.10586371478035463  |ddm|=0.0572  |maxRot[o]|=0.334
macro iter 4 (37 JK  8 micro), CASSCF E = -169.813973020665  dE = -0.0087599748  S^2 = 0.0000000
               |grad[o]|=0.0388  |grad[c]|= 0.041046006533247394  |ddm|=0.0434  |maxRot[o]|=0.183
macro iter 5 (37 JK  8 micro), CASSCF E = -169.815601913979  dE = -0.0016288933  S^2 = 0.0000000
               |grad[o]|=0.0232  |grad[c]|= 0.014696206412172076  |ddm|=0.0151  |maxRot[o]|=0.105
macro iter 6 (37 JK  8 micro), CASSCF E = -169.816402244482  dE = -0.0008003305  S^2 = 0.0000000
               |grad[o]|=0.0149  |grad[c]|= 0.01575439253766149  |ddm|=0.0114  |maxRot[o]|=0.117
macro iter 7 (37 JK  8 micro), CASSCF E = -169.818248590021  dE = -0.0018463455  S^2 = 0.0000000
               |grad[o]|=0.0124  |grad[c]|= 0.015479815728225462  |ddm|=0.0246  |maxRot[o]|= 0.25
macro iter 8 (37 JK  8 micro), CASSCF E = -169.829594058811  dE = -0.011345469  S^2 = 0.0000000
               |grad[o]|=0.0163  |grad[c]|= 0.06695001003432696  |ddm|=0.122  |maxRot[o]|=0.483
macro iter 9 (37 JK  8 micro), CASSCF E = -169.838089066542  dE = -0.0084950077  S^2 = 0.0000000
               |grad[o]|=0.037  |grad[c]|= 0.030069659067880623  |ddm|=0.0671  |maxRot[o]|=0.213
macro iter 10 (37 JK  8 micro), CASSCF E = -169.845573045385  dE = -0.0074839788  S^2 = 0.0000000
               |grad[o]|=0.0413  |grad[c]|= 0.027875845541352223  |ddm|=0.0721  |maxRot[o]|=0.0967
macro iter 11 (37 JK  8 micro), CASSCF E = -169.852642544854  dE = -0.0070694995  S^2 = 0.0000000
               |grad[o]|=0.0402  |grad[c]|= 0.025400302579349082  |ddm|=0.0679  |maxRot[o]|=0.0798
macro iter 12 (37 JK  8 micro), CASSCF E = -169.861091726405  dE = -0.0084491816  S^2 = 0.0000000
               |grad[o]|=0.0374  |grad[c]|= 0.02423620044496213  |ddm|=0.0633  |maxRot[o]|=0.0948
macro iter 13 (22 JK  5 micro), CASSCF E = -169.869327501685  dE = -0.0082357753  S^2 = 0.0000000
               |grad[o]|=0.0329  |grad[c]|= 0.03837528270941785  |ddm|=0.0614  |maxRot[o]|=0.142
macro iter 14 (37 JK  8 micro), CASSCF E = -169.874533429749  dE = -0.0052059281  S^2 = 0.0000000
               |grad[o]|=0.0277  |grad[c]|= 0.018665501492395067  |ddm|=0.0397  |maxRot[o]|=0.0788
macro iter 15 (37 JK  8 micro), CASSCF E = -169.878474627228  dE = -0.0039411975  S^2 = 0.0000000
               |grad[o]|=0.0216  |grad[c]|= 0.024282819700811618  |ddm|=0.0336  |maxRot[o]|=0.078
macro iter 16 (12 JK  3 micro), CASSCF E = -169.880680753457  dE = -0.0022061262  S^2 = 0.0000000
               |grad[o]|=0.0161  |grad[c]|= 0.023244282822867206  |ddm|=0.0182  |maxRot[o]|=0.0764
macro iter 17 (12 JK  3 micro), CASSCF E = -169.882087926957  dE = -0.0014071735  S^2 = 0.0000000
               |grad[o]|=0.0124  |grad[c]|= 0.024083584971828973  |ddm|=0.0154  |maxRot[o]|=0.0856
macro iter 18 (12 JK  3 micro), CASSCF E = -169.883230198588  dE = -0.0011422716  S^2 = 0.0000000
               |grad[o]|=0.00965  |grad[c]|= 0.029235862501506865  |ddm|=0.0148  |maxRot[o]|=0.101
macro iter 19 (32 JK  7 micro), CASSCF E = -169.883629342499  dE = -0.00039914391  S^2 = 0.0000000
               |grad[o]|=0.0083  |grad[c]|= 0.04115484873438964  |ddm|=0.0249  |maxRot[o]|=0.103
macro iter 20 (12 JK  3 micro), CASSCF E = -169.884075596525  dE = -0.00044625403  S^2 = 0.0000000
               |grad[o]|=0.00537  |grad[c]|= 0.012571491925198026  |ddm|=0.00261  |maxRot[o]|=0.0812
macro iter 21 (37 JK  8 micro), CASSCF E = -169.884328829194  dE = -0.00025323267  S^2 = 0.0000000
               |grad[o]|=0.00516  |grad[c]|= 0.002494792480681212  |ddm|=0.00405  |maxRot[o]|=0.164
macro iter 22 (37 JK  8 micro), CASSCF E = -169.884579629465  dE = -0.00025080027  S^2 = 0.0000000
               |grad[o]|=0.013  |grad[c]|= 0.004541146684803201  |ddm|=0.00785  |maxRot[o]|=0.186
macro iter 23 (12 JK  3 micro), CASSCF E = -169.88489537988  dE = -0.00031575042  S^2 = 0.0000000
               |grad[o]|=0.0184  |grad[c]|= 0.0022628680562859667  |ddm|=0.00489  |maxRot[o]|= 0.15
macro iter 24 (37 JK  8 micro), CASSCF E = -169.885471672149  dE = -0.00057629227  S^2 = 0.0000000
               |grad[o]|=0.0282  |grad[c]|= 0.0036220474969441093  |ddm|=0.00488  |maxRot[o]|=0.103
macro iter 25 (37 JK  8 micro), CASSCF E = -169.884091100623  dE = 0.0013805715  S^2 = 0.0000000
               |grad[o]|=0.0101  |grad[c]|= 0.32184073800382057  |ddm|=0.0227  |maxRot[o]|=0.331
macro iter 26 (37 JK  8 micro), CASSCF E = -169.884720754965  dE = -0.00062965434  S^2 = 0.0000000
               |grad[o]|=0.00921  |grad[c]|= 0.005603619076118496  |ddm|=0.00244  |maxRot[o]|=0.0954
macro iter 27 (37 JK  8 micro), CASSCF E = -169.885278249267  dE = -0.0005574943  S^2 = 0.0000000
               |grad[o]|=0.00781  |grad[c]|= 0.0030955593258756974  |ddm|=0.00309  |maxRot[o]|=0.0739
macro iter 28 (37 JK  8 micro), CASSCF E = -169.885721991002  dE = -0.00044374173  S^2 = 0.0000000
               |grad[o]|=0.00691  |grad[c]|= 0.0021981694432420557  |ddm|=0.00326  |maxRot[o]|=0.0622
macro iter 29 (37 JK  8 micro), CASSCF E = -169.886079612596  dE = -0.00035762159  S^2 = 0.0000000
               |grad[o]|=0.006  |grad[c]|= 0.0020818089189851884  |ddm|=0.00344  |maxRot[o]|=0.068
macro iter 30 (37 JK  8 micro), CASSCF E = -169.88636733067  dE = -0.00028771807  S^2 = 0.0000000
               |grad[o]|=0.00532  |grad[c]|= 0.002145610724473859  |ddm|=0.00344  |maxRot[o]|=0.0705
macro iter 31 (37 JK  8 micro), CASSCF E = -169.886602531678  dE = -0.00023520101  S^2 = 0.0000000
               |grad[o]|=0.00477  |grad[c]|= 0.0021864042373826763  |ddm|=0.00329  |maxRot[o]|=0.0703
macro iter 32 (32 JK  7 micro), CASSCF E = -169.886908973011  dE = -0.00030644133  S^2 = 0.0000000
               |grad[o]|=0.00428  |grad[c]|= 0.00607642425167741  |ddm|=0.00276  |maxRot[o]|=0.0598
macro iter 33 (22 JK  5 micro), CASSCF E = -169.887449678199  dE = -0.00054070519  S^2 = 0.0000000
               |grad[o]|=0.00393  |grad[c]|= 0.007039905334276291  |ddm|=0.00312  |maxRot[o]|=0.0705
macro iter 34 (22 JK  5 micro), CASSCF E = -169.887444677145  dE = 5.0010536e-06  S^2 = 0.0000000
               |grad[o]|=0.00429  |grad[c]|= 0.023278668723849795  |ddm|=0.00297  |maxRot[o]|=0.0884
macro iter 35 (37 JK  8 micro), CASSCF E = -169.887781785517  dE = -0.00033710837  S^2 = 0.0000000
               |grad[o]|=0.00406  |grad[c]|= 0.0006357511683301883  |ddm|=0.00213  |maxRot[o]|=0.0349
macro iter 36 (37 JK  8 micro), CASSCF E = -169.888131944598  dE = -0.00035015908  S^2 = 0.0000000
               |grad[o]|=0.00446  |grad[c]|= 0.0017492195007291498  |ddm|=0.00254  |maxRot[o]|=0.0235
macro iter 37 (37 JK  8 micro), CASSCF E = -169.888476835103  dE = -0.00034489051  S^2 = 0.0000000
               |grad[o]|=0.00491  |grad[c]|= 0.003709049907163376  |ddm|=0.00303  |maxRot[o]|=0.0303
macro iter 38 (37 JK  8 micro), CASSCF E = -169.888512942128  dE = -3.6107024e-05  S^2 = 0.0000000
               |grad[o]|=0.00531  |grad[c]|= 0.07480012646900777  |ddm|=0.00997  |maxRot[o]|= 0.13
macro iter 39 (7 JK  2 micro), CASSCF E = -169.889454079435  dE = -0.00094113731  S^2 = 0.0000000
               |grad[o]|=0.00607  |grad[c]|= 0.005139590601961959  |ddm|=0.00364  |maxRot[o]|=0.0648
macro iter 40 (7 JK  2 micro), CASSCF E = -169.8909041322  dE = -0.0014500528  S^2 = 0.0000000
               |grad[o]|=0.00689  |grad[c]|= 0.005494504368876008  |ddm|=0.00635  |maxRot[o]|=0.0672
macro iter 41 (7 JK  2 micro), CASSCF E = -169.892441153427  dE = -0.0015370212  S^2 = 0.0000000
               |grad[o]|=0.00805  |grad[c]|= 0.005366359622704685  |ddm|=0.00654  |maxRot[o]|=0.0685
macro iter 42 (7 JK  2 micro), CASSCF E = -169.894006753996  dE = -0.0015656006  S^2 = 0.0000000
               |grad[o]|=0.00886  |grad[c]|= 0.004515068239924004  |ddm|=0.00654  |maxRot[o]|=0.0692
macro iter 43 (7 JK  2 micro), CASSCF E = -169.895492722072  dE = -0.0014859681  S^2 = 0.0000000
               |grad[o]|=0.00922  |grad[c]|= 0.005582137895568597  |ddm|=0.00626  |maxRot[o]|=0.0695
macro iter 44 (7 JK  2 micro), CASSCF E = -169.896805888415  dE = -0.0013131663  S^2 = 0.0000000
               |grad[o]|=0.00918  |grad[c]|= 0.008789568918621805  |ddm|=0.00598  |maxRot[o]|=0.0696
macro iter 45 (7 JK  2 micro), CASSCF E = -169.897836420288  dE = -0.0010305319  S^2 = 0.0000000
               |grad[o]|=0.00888  |grad[c]|= 0.012175570110755908  |ddm|=0.00579  |maxRot[o]|=0.0697
macro iter 46 (7 JK  2 micro), CASSCF E = -169.898572186268  dE = -0.00073576598  S^2 = 0.0000000
               |grad[o]|=0.00849  |grad[c]|= 0.01486090912949619  |ddm|=0.00639  |maxRot[o]|=0.0698
macro iter 47 (7 JK  2 micro), CASSCF E = -169.899081405337  dE = -0.00050921907  S^2 = 0.0000000
               |grad[o]|=0.00814  |grad[c]|= 0.019414138555457105  |ddm|=0.00798  |maxRot[o]|=0.0696
macro iter 48 (7 JK  2 micro), CASSCF E = -169.899452379616  dE = -0.00037097428  S^2 = 0.0000000
               |grad[o]|=0.00791  |grad[c]|= 0.02501252009860965  |ddm|=0.0113  |maxRot[o]|=0.0688
macro iter 49 (37 JK  8 micro), CASSCF E = -169.890537074039  dE = 0.0089153056  S^2 = 0.0000000
               |grad[o]|=0.00787  |grad[c]|= 0.39249852463344004  |ddm|=0.0662  |maxRot[o]|=0.278
macro iter 50 (37 JK  8 micro), CASSCF E = -169.893384999728  dE = -0.0028479257  S^2 = 0.0000000
               |grad[o]|=0.0446  |grad[c]|= 0.004676960088930685  |ddm|=0.00945  |maxRot[o]|=0.0526
macro iter 51 (37 JK  8 micro), CASSCF E = -169.895168749386  dE = -0.0017837497  S^2 = 0.0000000
               |grad[o]|=0.0276  |grad[c]|= 0.0032162695381876757  |ddm|=0.00745  |maxRot[o]|=0.0387
macro iter 52 (37 JK  8 micro), CASSCF E = -169.89643343032  dE = -0.0012646809  S^2 = 0.0000000
               |grad[o]|=0.0188  |grad[c]|= 0.005770397042389166  |ddm|=0.00783  |maxRot[o]|=0.0371
macro iter 53 (37 JK  8 micro), CASSCF E = -169.897601183979  dE = -0.0011677537  S^2 = 0.0000000
               |grad[o]|=0.0131  |grad[c]|= 0.019181706748826816  |ddm|=0.00895  |maxRot[o]|=0.0617
macro iter 54 (7 JK  2 micro), CASSCF E = -169.898690170694  dE = -0.0010889867  S^2 = 0.0000000
               |grad[o]|=0.00957  |grad[c]|= 0.009406317888829186  |ddm|=0.00552  |maxRot[o]|=0.0646
macro iter 55 (7 JK  2 micro), CASSCF E = -169.899444552961  dE = -0.00075438227  S^2 = 0.0000000
               |grad[o]|=0.00795  |grad[c]|= 0.010058516776306802  |ddm|=0.00685  |maxRot[o]|=0.0673
macro iter 56 (7 JK  2 micro), CASSCF E = -169.899922343011  dE = -0.00047779005  S^2 = 0.0000000
               |grad[o]|=0.00688  |grad[c]|= 0.016664666389972573  |ddm|=0.00711  |maxRot[o]|=0.0652
macro iter 57 (37 JK  8 micro), CASSCF E = -169.897057694496  dE = 0.0028646485  S^2 = 0.0000000
               |grad[o]|=0.00612  |grad[c]|= 0.2261534280768366  |ddm|=0.117  |maxRot[o]|=0.202
macro iter 58 (37 JK  8 micro), CASSCF E = -169.898351419799  dE = -0.0012937253  S^2 = 0.0000000
               |grad[o]|=0.0244  |grad[c]|= 0.025880542549471287  |ddm|=0.013  |maxRot[o]|=0.0671
macro iter 59 (37 JK  8 micro), CASSCF E = -169.899042907267  dE = -0.00069148747  S^2 = 0.0000000
               |grad[o]|=0.0158  |grad[c]|= 0.005643622377673163  |ddm|=0.00657  |maxRot[o]|=0.039
macro iter 60 (37 JK  8 micro), CASSCF E = -169.899428896098  dE = -0.00038598883  S^2 = 0.0000000
               |grad[o]|=0.0101  |grad[c]|= 0.006377961700409261  |ddm|=0.0066  |maxRot[o]|=0.0472
macro iter 61 (37 JK  8 micro), CASSCF E = -169.899646029051  dE = -0.00021713295  S^2 = 0.0000000
               |grad[o]|=0.00677  |grad[c]|= 0.0147144905349444  |ddm|=0.00638  |maxRot[o]|=0.0601
macro iter 62 (37 JK  8 micro), CASSCF E = -169.899832628538  dE = -0.00018659949  S^2 = 0.0000000
               |grad[o]|=0.00514  |grad[c]|= 0.015695325227343595  |ddm|=0.00461  |maxRot[o]|=0.064
macro iter 63 (37 JK  8 micro), CASSCF E = -169.900017848947  dE = -0.00018522041  S^2 = 0.0000000
               |grad[o]|=0.00421  |grad[c]|= 0.02676107675103048  |ddm|=0.00372  |maxRot[o]|=0.0767
macro iter 64 (37 JK  8 micro), CASSCF E = -169.900207353485  dE = -0.00018950454  S^2 = 0.0000000
               |grad[o]|=0.00425  |grad[c]|= 0.014977091099204863  |ddm|=0.00384  |maxRot[o]|=0.0784
macro iter 65 (22 JK  5 micro), CASSCF E = -169.900261022313  dE = -5.3668828e-05  S^2 = 0.0000000
               |grad[o]|=0.0041  |grad[c]|= 0.023874628040783826  |ddm|=0.00909  |maxRot[o]|=0.0719
macro iter 66 (37 JK  8 micro), CASSCF E = -169.900543732037  dE = -0.00028270972  S^2 = 0.0000000
               |grad[o]|=0.00433  |grad[c]|= 0.012676488696651734  |ddm|=0.00316  |maxRot[o]|=0.0795
macro iter 67 (22 JK  5 micro), CASSCF E = -169.900631346762  dE = -8.7614726e-05  S^2 = 0.0000000
               |grad[o]|=0.00372  |grad[c]|= 0.029908869269902397  |ddm|=0.00259  |maxRot[o]|=0.0729
macro iter 68 (22 JK  5 micro), CASSCF E = -169.900666194883  dE = -3.4848121e-05  S^2 = 0.0000000
               |grad[o]|=0.00389  |grad[c]|= 0.026749725774992718  |ddm|=0.00289  |maxRot[o]|=0.0658
macro iter 69 (22 JK  5 micro), CASSCF E = -169.900572456937  dE = 9.3737946e-05  S^2 = 0.0000000
               |grad[o]|=0.00392  |grad[c]|= 0.014016697817683322  |ddm|=0.00197  |maxRot[o]|=0.0501
macro iter 70 (37 JK  8 micro), CASSCF E = -169.900895856423  dE = -0.00032339949  S^2 = 0.0000000
               |grad[o]|=0.00386  |grad[c]|= 0.02146897487263925  |ddm|=0.00263  |maxRot[o]|=0.0943
macro iter 71 (37 JK  8 micro), CASSCF E = -169.901235456848  dE = -0.00033960042  S^2 = 0.0000000
               |grad[o]|=0.00393  |grad[c]|= 0.1027759254086078  |ddm|=0.00606  |maxRot[o]|=0.211
macro iter 72 (37 JK  8 micro), CASSCF E = -169.901275736588  dE = -4.0279741e-05  S^2 = 0.0000000
               |grad[o]|=0.0058  |grad[c]|= 0.09903422598031948  |ddm|=0.00771  |maxRot[o]|=0.137
macro iter 73 (37 JK  8 micro), CASSCF E = -169.901731716635  dE = -0.00045598005  S^2 = 0.0000000
               |grad[o]|=0.00673  |grad[c]|= 0.015860790826028596  |ddm|=0.00289  |maxRot[o]|=0.0495
macro iter 74 (37 JK  8 micro), CASSCF E = -169.90187897483  dE = -0.0001472582  S^2 = 0.0000000
               |grad[o]|=0.00458  |grad[c]|= 0.0033951453606505546  |ddm|=0.00213  |maxRot[o]|=0.0339
macro iter 75 (17 JK  4 micro), CASSCF E = -169.90222119681  dE = -0.00034222198  S^2 = 0.0000000
               |grad[o]|=0.0038  |grad[c]|= 0.02039108681565456  |ddm|=0.0017  |maxRot[o]|=0.0635
macro iter 76 (7 JK  2 micro), CASSCF E = -169.902539531704  dE = -0.00031833489  S^2 = 0.0000000
               |grad[o]|=0.00336  |grad[c]|= 0.02278774491215437  |ddm|=0.0015  |maxRot[o]|=0.0686
macro iter 77 (7 JK  2 micro), CASSCF E = -169.902780721453  dE = -0.00024118975  S^2 = 0.0000000
               |grad[o]|=0.00282  |grad[c]|= 0.025403358592899737  |ddm|=0.00258  |maxRot[o]|=0.0693
macro iter 78 (7 JK  2 micro), CASSCF E = -169.902927261914  dE = -0.00014654046  S^2 = 0.0000000
               |grad[o]|=0.00229  |grad[c]|= 0.024417193401774725  |ddm|=0.00432  |maxRot[o]|=0.0647
macro iter 79 (17 JK  4 micro), CASSCF E = -169.902803497482  dE = 0.00012376443  S^2 = 0.0000000
               |grad[o]|=0.00259  |grad[c]|= 0.021596007010788364  |ddm|=0.00401  |maxRot[o]|=0.0745
macro iter 80 (37 JK  8 micro), CASSCF E = -169.902926722848  dE = -0.00012322537  S^2 = 0.0000000
               |grad[o]|=0.00275  |grad[c]|= 0.0021301684753420487  |ddm|=0.006  |maxRot[o]|=0.0361
macro iter 81 (7 JK  2 micro), CASSCF E = -169.903021508764  dE = -9.4785916e-05  S^2 = 0.0000000
               |grad[o]|=0.00238  |grad[c]|= 0.005280060225825678  |ddm|=0.00393  |maxRot[o]|=0.0383
macro iter 82 (37 JK  8 micro), CASSCF E = -169.901814620821  dE = 0.0012068879  S^2 = 0.0000000
               |grad[o]|=0.00242  |grad[c]|= 0.08737876183386593  |ddm|=0.0375  |maxRot[o]|=0.159
macro iter 83 (37 JK  8 micro), CASSCF E = -169.902289700046  dE = -0.00047507923  S^2 = 0.0000000
               |grad[o]|=0.0131  |grad[c]|= 0.013847106288448489  |ddm|=0.00427  |maxRot[o]|=0.0498
macro iter 84 (37 JK  8 micro), CASSCF E = -169.902597199088  dE = -0.00030749904  S^2 = 0.0000000
               |grad[o]|=0.00579  |grad[c]|= 0.02764089589144751  |ddm|=0.00311  |maxRot[o]|=0.0623
macro iter 85 (7 JK  2 micro), CASSCF E = -169.902849314001  dE = -0.00025211491  S^2 = 0.0000000
               |grad[o]|=0.00307  |grad[c]|= 0.007192175735648429  |ddm|=0.00342  |maxRot[o]|=0.0423
macro iter 86 (7 JK  2 micro), CASSCF E = -169.903026027196  dE = -0.00017671319  S^2 = 0.0000000
               |grad[o]|=0.00236  |grad[c]|= 0.02118950197709912  |ddm|=0.00352  |maxRot[o]|=0.054
macro iter 87 (37 JK  8 micro), CASSCF E = -169.901787441114  dE = 0.0012385861  S^2 = 0.0000000
               |grad[o]|=0.00187  |grad[c]|= 0.09255768668906701  |ddm|=0.0284  |maxRot[o]|=0.182
macro iter 88 (37 JK  8 micro), CASSCF E = -169.902256585578  dE = -0.00046914446  S^2 = 0.0000000
               |grad[o]|=0.0149  |grad[c]|= 0.08324569297805846  |ddm|=0.0099  |maxRot[o]|=0.112
macro iter 89 (37 JK  8 micro), CASSCF E = -169.902736404159  dE = -0.00047981858  S^2 = 0.0000000
               |grad[o]|=0.00973  |grad[c]|= 0.013107224594609095  |ddm|=0.00559  |maxRot[o]|=0.0579
macro iter 90 (7 JK  2 micro), CASSCF E = -169.903038031749  dE = -0.00030162759  S^2 = 0.0000000
               |grad[o]|=0.0048  |grad[c]|= 0.01118186427353066  |ddm|=0.0055  |maxRot[o]|=0.0448
macro iter 91 (7 JK  2 micro), CASSCF E = -169.903174288868  dE = -0.00013625712  S^2 = 0.0000000
               |grad[o]|=0.00316  |grad[c]|= 0.021494628887719323  |ddm|=0.00419  |maxRot[o]|=0.0573
macro iter 92 (12 JK  3 micro), CASSCF E = -169.903178980276  dE = -4.6914079e-06  S^2 = 0.0000000
               |grad[o]|=0.0021  |grad[c]|= 0.014699176793107087  |ddm|=0.00444  |maxRot[o]|=0.0419
macro iter 93 (7 JK  2 micro), CASSCF E = -169.903245347705  dE = -6.6367429e-05  S^2 = 0.0000000
               |grad[o]|=0.00204  |grad[c]|= 0.013987441240297873  |ddm|=0.00222  |maxRot[o]|=0.0482
macro iter 94 (12 JK  3 micro), CASSCF E = -169.903274661789  dE = -2.9314084e-05  S^2 = 0.0000000
               |grad[o]|=0.00163  |grad[c]|= 0.010756903832699519  |ddm|=0.00614  |maxRot[o]|=0.0548
macro iter 95 (7 JK  2 micro), CASSCF E = -169.903331588321  dE = -5.6926532e-05  S^2 = 0.0000000
               |grad[o]|=0.00294  |grad[c]|= 0.0022373152935733485  |ddm|=0.00371  |maxRot[o]|=0.0457
macro iter 96 (17 JK  4 micro), CASSCF E = -169.903021752888  dE = 0.00030983543  S^2 = 0.0000000
               |grad[o]|=0.00194  |grad[c]|= 0.03550602910203226  |ddm|=0.00937  |maxRot[o]|=0.109
macro iter 97 (37 JK  8 micro), CASSCF E = -169.903163449447  dE = -0.00014169656  S^2 = 0.0000000
               |grad[o]|=0.0033  |grad[c]|= 0.013607813060278183  |ddm|=0.00356  |maxRot[o]|=0.0512
macro iter 98 (7 JK  2 micro), CASSCF E = -169.903286558874  dE = -0.00012310943  S^2 = 0.0000000
               |grad[o]|=0.00165  |grad[c]|= 0.007664694241326283  |ddm|=0.00238  |maxRot[o]|=0.0382
macro iter 99 (7 JK  2 micro), CASSCF E = -169.903385919429  dE = -9.9360556e-05  S^2 = 0.0000000
               |grad[o]|=0.00176  |grad[c]|= 0.017221543715793337  |ddm|=0.00414  |maxRot[o]|=0.0481
macro iter 100 (22 JK  5 micro), CASSCF E = -169.903290310809  dE = 9.560862e-05  S^2 = 0.0000000
               |grad[o]|=0.00184  |grad[c]|= 0.017204728203125564  |ddm|=0.00507  |maxRot[o]|=0.0899
macro iter 101 (37 JK  8 micro), CASSCF E = -169.903264652296  dE = 2.5658513e-05  S^2 = 0.0000000
               |grad[o]|=0.00258  |grad[c]|= 0.029194057675449348  |ddm|=0.00718  |maxRot[o]|=0.102
macro iter 102 (35 JK  6 micro), CASSCF E = -169.903346584902  dE = -8.1932606e-05  S^2 = 0.0000000
               |grad[o]|=0.0021  |grad[c]|= 0.0027362312066628296  |ddm|=0.000762  |maxRot[o]|=0.0428
macro iter 103 (37 JK  8 micro), CASSCF E = -169.903302170552  dE = 4.441435e-05  S^2 = 0.0000000
               |grad[o]|=0.00165  |grad[c]|= 0.04093273694631805  |ddm|=0.00599  |maxRot[o]|=0.0895
macro iter 104 (35 JK  6 micro), CASSCF E = -169.903364913244  dE = -6.2742692e-05  S^2 = 0.0000000
               |grad[o]|=0.002  |grad[c]|= 0.007420122694132601  |ddm|=0.00133  |maxRot[o]|=0.038
macro iter 105 (37 JK  8 micro), CASSCF E = -169.903331123393  dE = 3.378985e-05  S^2 = 0.0000000
               |grad[o]|=0.00156  |grad[c]|= 0.01751517882888856  |ddm|=0.00482  |maxRot[o]|=0.0915
macro iter 106 (35 JK  6 micro), CASSCF E = -169.9033924895  dE = -6.1366107e-05  S^2 = 0.0000000
               |grad[o]|=0.00135  |grad[c]|= 0.0070672036462207126  |ddm|=0.000949  |maxRot[o]|=0.0347
macro iter 107 (37 JK  8 micro), CASSCF E = -169.903387623467  dE = 4.8660333e-06  S^2 = 0.0000000
               |grad[o]|=0.00109  |grad[c]|= 0.03150873130371937  |ddm|=0.0038  |maxRot[o]|=0.102
macro iter 108 (36 JK  7 micro), CASSCF E = -169.903426076551  dE = -3.8453084e-05  S^2 = 0.0000000
               |grad[o]|=0.00125  |grad[c]|= 0.004674925045476846  |ddm|=0.00149  |maxRot[o]|=0.0462
macro iter 109 (37 JK  8 micro), CASSCF E = -169.90329389068  dE = 0.00013218587  S^2 = 0.0000000
               |grad[o]|=0.00098  |grad[c]|= 0.0380495670390025  |ddm|=0.00941  |maxRot[o]|=0.127
macro iter 110 (35 JK  6 micro), CASSCF E = -169.903365568843  dE = -7.1678163e-05  S^2 = 0.0000000
               |grad[o]|=0.0018  |grad[c]|= 0.007044555328341192  |ddm|=0.000767  |maxRot[o]|=0.0378
macro iter 111 (27 JK  6 micro), CASSCF E = -169.903411631342  dE = -4.6062499e-05  S^2 = 0.0000000
               |grad[o]|=0.00127  |grad[c]|= 0.0011885789811503199  |ddm|=0.000986  |maxRot[o]|=0.0329
macro iter 112 (7 JK  2 micro), CASSCF E = -169.903448020152  dE = -3.6388811e-05  S^2 = 0.0000000
               |grad[o]|=0.000825  |grad[c]|= 0.0026774467991257027  |ddm|=0.000836  |maxRot[o]|=0.0382
macro iter 113 (7 JK  2 micro), CASSCF E = -169.903460551461  dE = -1.2531308e-05  S^2 = 0.0000000
               |grad[o]|=0.000774  |grad[c]|= 0.0024763277809695316  |ddm|=0.000825  |maxRot[o]|=0.0311
macro iter 114 (15 JK  3 micro), CASSCF E = -169.903458225229  dE = 2.3262313e-06  S^2 = 0.0000000
               |grad[o]|=0.000432  |grad[c]|= 0.0028518306144764472  |ddm|=0.0012  |maxRot[o]|=0.0318
macro iter 115 (30 JK  7 micro), CASSCF E = -169.903465413081  dE = -7.1878521e-06  S^2 = 0.0000000
               |grad[o]|=0.00146  |grad[c]|= 0.002283356905586017  |ddm|=0.000981  |maxRot[o]|=0.0197
macro iter 116 (37 JK  8 micro), CASSCF E = -169.903009083833  dE = 0.00045632925  S^2 = 0.0000000
               |grad[o]|=0.000294  |grad[c]|= 0.08093156632257319  |ddm|=0.0234  |maxRot[o]|=0.179
macro iter 117 (36 JK  7 micro), CASSCF E = -169.903123175569  dE = -0.00011409174  S^2 = 0.0000000
               |grad[o]|=0.00363  |grad[c]|= 0.002594264273528448  |ddm|=0.00107  |maxRot[o]|=0.0401
macro iter 118 (37 JK  8 micro), CASSCF E = -169.90314092802  dE = -1.7752451e-05  S^2 = 0.0000000
               |grad[o]|=0.00232  |grad[c]|= 0.06930760134925938  |ddm|=0.0128  |maxRot[o]|=0.132
macro iter 119 (37 JK  8 micro), CASSCF E = -169.902458229408  dE = 0.00068269861  S^2 = 0.0000000
               |grad[o]|=0.00271  |grad[c]|= 0.1538025680068274  |ddm|=0.0247  |maxRot[o]|= 0.27
macro iter 120 (37 JK  8 micro), CASSCF E = -169.902970584577  dE = -0.00051235517  S^2 = 0.0000000
               |grad[o]|=0.0141  |grad[c]|= 0.03659658634327948  |ddm|=0.00456  |maxRot[o]|=0.0939
macro iter 121 (37 JK  8 micro), CASSCF E = -169.903203566048  dE = -0.00023298147  S^2 = 0.0000000
               |grad[o]|=0.00935  |grad[c]|= 0.058277604828919756  |ddm|=0.0108  |maxRot[o]|=0.141
macro iter 122 (12 JK  3 micro), CASSCF E = -169.903374070683  dE = -0.00017050463  S^2 = 0.0000000
               |grad[o]|=0.00533  |grad[c]|= 0.015086140930494247  |ddm|=0.00248  |maxRot[o]|=0.0836
macro iter 123 (7 JK  2 micro), CASSCF E = -169.903454341528  dE = -8.0270845e-05  S^2 = 0.0000000
               |grad[o]|=0.00304  |grad[c]|= 0.007311006797121841  |ddm|=0.00277  |maxRot[o]|=0.0567
macro iter 124 (12 JK  3 micro), CASSCF E = -169.903417056913  dE = 3.7284615e-05  S^2 = 0.0000000
               |grad[o]|=0.00135  |grad[c]|= 0.004914264248059622  |ddm|=0.00199  |maxRot[o]|=0.0529
macro iter 125 (37 JK  8 micro), CASSCF E = -169.903445679056  dE = -2.8622144e-05  S^2 = 0.0000000
               |grad[o]|=0.00123  |grad[c]|= 0.0011595653948025947  |ddm|=0.00123  |maxRot[o]|=0.0211
macro iter 126 (7 JK  2 micro), CASSCF E = -169.903463509259  dE = -1.7830202e-05  S^2 = 0.0000000
               |grad[o]|=0.000572  |grad[c]|= 0.0024472582662961296  |ddm|=0.00069  |maxRot[o]|=0.0364
macro iter 127 (17 JK  4 micro), CASSCF E = -169.903417464192  dE = 4.6045067e-05  S^2 = 0.0000000
               |grad[o]|=0.000398  |grad[c]|= 0.003569657517895859  |ddm|=0.000456  |maxRot[o]|=0.0375
macro iter 128 (37 JK  8 micro), CASSCF E = -169.903409816032  dE = 7.6481594e-06  S^2 = 0.0000000
               |grad[o]|=0.00105  |grad[c]|= 0.0451288057085076  |ddm|=0.00164  |maxRot[o]|=0.101
macro iter 129 (35 JK  6 micro), CASSCF E = -169.903440862956  dE = -3.1046924e-05  S^2 = 0.0000000
               |grad[o]|=0.00115  |grad[c]|= 0.00442603806652349  |ddm|=0.000693  |maxRot[o]|=0.0296
macro iter 130 (37 JK  8 micro), CASSCF E = -169.903394482575  dE = 4.6380382e-05  S^2 = 0.0000000
               |grad[o]|=0.000811  |grad[c]|= 0.01871128669955162  |ddm|=0.00362  |maxRot[o]|=0.0795
macro iter 131 (35 JK  6 micro), CASSCF E = -169.903430874706  dE = -3.6392131e-05  S^2 = 0.0000000
               |grad[o]|=0.000916  |grad[c]|= 0.003976290677803317  |ddm|=0.000538  |maxRot[o]|=0.0385
macro iter 132 (37 JK  8 micro), CASSCF E = -169.903368500877  dE = 6.2373829e-05  S^2 = 0.0000000
               |grad[o]|=0.000647  |grad[c]|= 0.033191913279976865  |ddm|=0.00652  |maxRot[o]|=0.0989
macro iter 133 (35 JK  6 micro), CASSCF E = -169.903419058958  dE = -5.0558081e-05  S^2 = 0.0000000
               |grad[o]|=0.00117  |grad[c]|= 0.0026800547365456702  |ddm|=0.000435  |maxRot[o]|=0.0452
macro iter 134 (37 JK  8 micro), CASSCF E = -169.90339832601  dE = 2.0732948e-05  S^2 = 0.0000000
               |grad[o]|=0.000871  |grad[c]|= 0.01659039953098788  |ddm|=0.00411  |maxRot[o]|=0.081
macro iter 135 (35 JK  6 micro), CASSCF E = -169.903445132734  dE = -4.6806724e-05  S^2 = 0.0000000
               |grad[o]|=0.000829  |grad[c]|= 0.0020328474223054054  |ddm|=0.000334  |maxRot[o]|= 0.04
macro iter 136 (37 JK  8 micro), CASSCF E = -169.903321187423  dE = 0.00012394531  S^2 = 0.0000000
               |grad[o]|=0.000569  |grad[c]|= 0.0411161262401218  |ddm|=0.0104  |maxRot[o]|=0.148
macro iter 137 (35 JK  6 micro), CASSCF E = -169.903371506199  dE = -5.0318776e-05  S^2 = 0.0000000
               |grad[o]|=0.00172  |grad[c]|= 0.0040372932377934915  |ddm|=0.00068  |maxRot[o]|=0.0428
macro iter 138 (37 JK  8 micro), CASSCF E = -169.903384879271  dE = -1.3373071e-05  S^2 = 0.0000000
               |grad[o]|=0.00109  |grad[c]|= 0.020161918094308732  |ddm|=0.00389  |maxRot[o]|=0.0817
macro iter 139 (12 JK  3 micro), CASSCF E = -169.903457870105  dE = -7.2990835e-05  S^2 = 0.0000000
               |grad[o]|=0.00098  |grad[c]|= 0.011598902637688605  |ddm|=0.00105  |maxRot[o]|=0.0799
macro iter 140 (7 JK  2 micro), CASSCF E = -169.903467457665  dE = -9.5875601e-06  S^2 = 0.0000000
               |grad[o]|=0.000715  |grad[c]|= 0.0017823252664190298  |ddm|=0.00064  |maxRot[o]|=0.0299
macro iter 141 (24 JK  5 micro), CASSCF E = -169.903447798792  dE = 1.9658874e-05  S^2 = 0.0000000
               |grad[o]|=0.000371  |grad[c]|= 0.0046136912794909396  |ddm|=0.00124  |maxRot[o]|=0.0451
macro iter 142 (12 JK  3 micro), CASSCF E = -169.903461922662  dE = -1.412387e-05  S^2 = 0.0000000
               |grad[o]|=0.000526  |grad[c]|= 0.0026785744936747794  |ddm|=0.000538  |maxRot[o]|=0.0346
macro iter 143 (12 JK  3 micro), CASSCF E = -169.903449746791  dE = 1.2175871e-05  S^2 = 0.0000000
               |grad[o]|=0.000535  |grad[c]|= 0.004559346202439023  |ddm|=0.000253  |maxRot[o]|=0.0423
macro iter 144 (36 JK  7 micro), CASSCF E = -169.903432863542  dE = 1.6883248e-05  S^2 = 0.0000000
               |grad[o]|=0.00091  |grad[c]|= 0.015753242225235574  |ddm|=0.00275  |maxRot[o]|=0.0753
macro iter 145 (34 JK  5 micro), CASSCF E = -169.903448157536  dE = -1.5293994e-05  S^2 = 0.0000000
               |grad[o]|=0.000662  |grad[c]|= 0.0013643749301892134  |ddm|=0.000146  |maxRot[o]|=0.0256
macro iter 146 (32 JK  7 micro), CASSCF E = -169.90345410146  dE = -5.9439235e-06  S^2 = 0.0000000
               |grad[o]|=0.000457  |grad[c]|= 0.0006772161521449996  |ddm|=0.000247  |maxRot[o]|=0.019
macro iter 147 (7 JK  2 micro), CASSCF E = -169.903467549958  dE = -1.3448498e-05  S^2 = 0.0000000
               |grad[o]|=0.000312  |grad[c]|= 0.005005110481680442  |ddm|=0.000164  |maxRot[o]|=0.0319
macro iter 148 (13 JK  3 micro), CASSCF E = -169.903465348264  dE = 2.2016944e-06  S^2 = 0.0000000
               |grad[o]|=0.000345  |grad[c]|= 0.001972613337454933  |ddm|=0.000206  |maxRot[o]|=0.0171
macro iter 149 (37 JK  8 micro), CASSCF E = -169.903452475627  dE = 1.2872637e-05  S^2 = 0.0000000
               |grad[o]|=0.000277  |grad[c]|= 0.0029983398562322626  |ddm|=0.000672  |maxRot[o]|=0.032
macro iter 150 (35 JK  6 micro), CASSCF E = -169.903461016689  dE = -8.5410625e-06  S^2 = 0.0000000
               |grad[o]|=0.000291  |grad[c]|= 0.0018011683263415117  |ddm|=0.000452  |maxRot[o]|=0.0319
macro iter 151 (7 JK  2 micro), CASSCF E = -169.903467877837  dE = -6.8611476e-06  S^2 = 0.0000000
               |grad[o]|=0.000242  |grad[c]|= 0.0007650832338799749  |ddm|=0.000161  |maxRot[o]|=0.0156
macro iter 152 (9 JK  2 micro), CASSCF E = -169.903467776267  dE = 1.0157021e-07  S^2 = 0.0000000
               |grad[o]|=0.000168  |grad[c]|= 0.0005197216101331109  |ddm|=7.25e-05  |maxRot[o]|=0.00977
macro iter 153 (10 JK  2 micro), CASSCF E = -169.903468477525  dE = -7.0125856e-07  S^2 = 0.0000000
               |grad[o]|=0.0004  |grad[c]|= 0.0002951237720678246  |ddm|=4.44e-05  |maxRot[o]|=0.00836
macro iter 154 (6 JK  1 micro), CASSCF E = -169.903468526726  dE = -4.9200537e-08  S^2 = 0.0000000
               |grad[o]|=6.07e-05  |grad[c]|= 3.0365043081875684e-05  |ddm|=1.94e-05  |maxRot[o]|=0.00267
1-step CASSCF converged in 154 macro (4035 JK 876 micro) steps
CASSCF canonicalization
Density matrix diagonal elements [1.97521029 1.90116791 1.99553111 1.96067873 1.92514272 1.95904357
 0.04718386 0.08317074 0.09941495 0.05345612]
CASSCF energy = -169.903468526726
CASCI E = -169.903468526726  E(CI) = -37.9840981957463  S^2 = 0.0000000


******** <class 'pyscf.scf.uhf.UHF'> ********
method = UHF
initial guess = minao
damping factor = 0
level_shift factor = 0
DIIS = <class 'pyscf.scf.diis.CDIIS'>
diis_start_cycle = 1
diis_space = 10
SCF conv_tol = 1e-09
SCF conv_tol_grad = None
SCF max_cycles = 1000
direct_scf = True
direct_scf_tol = 1e-13
chkfile to save SCF result = /scratch/global/yangjunjie/test/410949/tmpnsis_41w
max_memory 4000 MB (current use 578 MB)
number electrons alpha = 14  beta = 14
Set gradient conv threshold to 3.16228e-05
init E= -169.614820785231
  alpha nocc = 14  HOMO = 0.408968009771429  LUMO = 0.491650023913626
  beta  nocc = 14  HOMO = 0.40896800977285  LUMO = 0.491650023913871
cycle= 1 E= -169.612960535112  delta_E= 0.00186  |g|= 0.00245  |ddm|= 0.0252
  alpha nocc = 14  HOMO = 0.408709527241239  LUMO = 0.491254428499218
  beta  nocc = 14  HOMO = 0.408709527242496  LUMO = 0.49125442849943
cycle= 2 E= -169.612967848431  delta_E= -7.31e-06  |g|= 0.00107  |ddm|= 0.00492
  alpha nocc = 14  HOMO = 0.408729654442439  LUMO = 0.491248808976746
  beta  nocc = 14  HOMO = 0.408729654443554  LUMO = 0.491248808976926
cycle= 3 E= -169.61296974581  delta_E= -1.9e-06  |g|= 0.000555  |ddm|= 0.00222
  alpha nocc = 14  HOMO = 0.408732764301935  LUMO = 0.49123792742224
  beta  nocc = 14  HOMO = 0.408732764302883  LUMO = 0.491237927422383
cycle= 4 E= -169.612970392252  delta_E= -6.46e-07  |g|= 0.000113  |ddm|= 0.00187
  alpha nocc = 14  HOMO = 0.408730647123595  LUMO = 0.49123754675889
  beta  nocc = 14  HOMO = 0.408730647124444  LUMO = 0.491237546759004
cycle= 5 E= -169.61297044325  delta_E= -5.1e-08  |g|= 4.16e-05  |ddm|= 0.00115
  alpha nocc = 14  HOMO = 0.408730670996389  LUMO = 0.491237424556648
  beta  nocc = 14  HOMO = 0.408730670997222  LUMO = 0.491237424556756
cycle= 6 E= -169.612970461567  delta_E= -1.83e-08  |g|= 4.83e-05  |ddm|= 0.000548
  alpha nocc = 14  HOMO = 0.408730702764437  LUMO = 0.49123717584721
  beta  nocc = 14  HOMO = 0.408730702765258  LUMO = 0.491237175847318
cycle= 7 E= -169.612970395567  delta_E= 6.6e-08  |g|= 5.76e-06  |ddm|= 0.00346
  alpha nocc = 14  HOMO = 0.408730744937238  LUMO = 0.49123709495874
  beta  nocc = 14  HOMO = 0.408730744937984  LUMO = 0.49123709495885
cycle= 8 E= -169.612970395402  delta_E= 1.65e-10  |g|= 2.06e-06  |ddm|= 0.00022
  alpha nocc = 14  HOMO = 0.408730719302201  LUMO = 0.491237129198525
  beta  nocc = 14  HOMO = 0.408730719302908  LUMO = 0.49123712919861
Extra cycle  E= -169.612970395437  delta_E= -3.48e-11  |g|= 2.23e-06  |ddm|= 3.17e-05
converged SCF energy = -169.612970395437  <S^2> = 3.15341e-09  2S+1 = 1


******** <class 'pyscf.scf.uhf.UHF'> ********
method = UHF
initial guess = minao
damping factor = 0
level_shift factor = 0
DIIS = <class 'pyscf.scf.diis.CDIIS'>
diis_start_cycle = 1
diis_space = 10
SCF conv_tol = 1e-09
SCF conv_tol_grad = None
SCF max_cycles = 1000
direct_scf = True
direct_scf_tol = 1e-13
chkfile to save SCF result = /scratch/global/yangjunjie/test/410949/tmp9cxll12b
max_memory 4000 MB (current use 578 MB)
number electrons alpha = 15  beta = 13
Set gradient conv threshold to 3.16228e-05
init E= -169.732525051689
  alpha nocc = 15  HOMO = 0.398470617473803  LUMO = 0.59631944507472
  beta  nocc = 13  HOMO = 0.416023255894253  LUMO = 0.518226626620855
cycle= 1 E= -169.730305006061  delta_E= 0.00222  |g|= 0.0024  |ddm|= 0.0255
  alpha nocc = 15  HOMO = 0.398109000923554  LUMO = 0.594824005312883
  beta  nocc = 13  HOMO = 0.415664542359892  LUMO = 0.518018196512655
cycle= 2 E= -169.730312206383  delta_E= -7.2e-06  |g|= 0.00104  |ddm|= 0.00447
  alpha nocc = 15  HOMO = 0.398096733520354  LUMO = 0.594826127195155
  beta  nocc = 13  HOMO = 0.415653854437912  LUMO = 0.518039891390692
cycle= 3 E= -169.730314189356  delta_E= -1.98e-06  |g|= 0.000513  |ddm|= 0.00234
  alpha nocc = 15  HOMO = 0.398086429640172  LUMO = 0.594562475056909
  beta  nocc = 13  HOMO = 0.415644160744022  LUMO = 0.518041989121622
cycle= 4 E= -169.73031469121  delta_E= -5.02e-07  |g|= 0.000111  |ddm|= 0.00147
  alpha nocc = 15  HOMO = 0.398086981627329  LUMO = 0.594549604674116
  beta  nocc = 13  HOMO = 0.4156445458927  LUMO = 0.518040762175947
cycle= 5 E= -169.730314713516  delta_E= -2.23e-08  |g|= 1.82e-05  |ddm|= 0.00036
  alpha nocc = 15  HOMO = 0.398086530539348  LUMO = 0.594543684811555
  beta  nocc = 13  HOMO = 0.415643975761101  LUMO = 0.518040674558242
cycle= 6 E= -169.730314714343  delta_E= -8.27e-10  |g|= 1.21e-05  |ddm|= 5.43e-05
  alpha nocc = 15  HOMO = 0.398086583743219  LUMO = 0.594544306348059
  beta  nocc = 13  HOMO = 0.415644015096325  LUMO = 0.518040667684601
Extra cycle  E= -169.730314714634  delta_E= -2.91e-10  |g|= 9.92e-06  |ddm|= 2.3e-05
converged SCF energy = -169.730314714634  <S^2> = 3.0008688  2S+1 = 3.6060332
