

******** <class 'pyscf.scf.hf.RHF'> ********
method = RHF
initial guess = minao
damping factor = 0
level_shift factor = 0
DIIS = <class 'pyscf.scf.diis.CDIIS'>
diis_start_cycle = 1
diis_space = 10
SCF conv_tol = 1e-09
SCF conv_tol_grad = None
SCF max_cycles = 1000
direct_scf = True
direct_scf_tol = 1e-13
chkfile to save SCF result = /scratch/global/yangjunjie/test/410949/tmpgg_28d7h
max_memory 4000 MB (current use 589 MB)
Set gradient conv threshold to 3.16228e-05
init E= -169.738877780673
  HOMO = 0.462562646374213  LUMO = 0.550211630325035
cycle= 1 E= -169.735608122677  delta_E= 0.00327  |g|= 0.00473  |ddm|= 0.0393
  HOMO = 0.462843254530224  LUMO = 0.550454983126799
cycle= 2 E= -169.735623139141  delta_E= -1.5e-05  |g|= 0.00265  |ddm|= 0.0145
  HOMO = 0.462778461454567  LUMO = 0.550372248201804
cycle= 3 E= -169.735627247209  delta_E= -4.11e-06  |g|= 0.00151  |ddm|= 0.00572
  HOMO = 0.462771270205915  LUMO = 0.55035357642574
cycle= 4 E= -169.73562967179  delta_E= -2.42e-06  |g|= 0.000496  |ddm|= 0.00589
  HOMO = 0.462763352423057  LUMO = 0.5503382437863
cycle= 5 E= -169.735630032587  delta_E= -3.61e-07  |g|= 0.000119  |ddm|= 0.00223
  HOMO = 0.462765591502913  LUMO = 0.550338937909315
cycle= 6 E= -169.73563005102  delta_E= -1.84e-08  |g|= 7.23e-06  |ddm|= 0.000601
  HOMO = 0.462765264600173  LUMO = 0.550338773689598
cycle= 7 E= -169.735630051087  delta_E= -6.77e-11  |g|= 2.19e-06  |ddm|= 3.81e-05
  HOMO = 0.462765229626784  LUMO = 0.550338781124425
Extra cycle  E= -169.735630051095  delta_E= -7.28e-12  |g|= 1.23e-06  |ddm|= 9.87e-06
converged SCF energy = -169.735630051095

******** CASCI flags ********
CAS (6e+6e, 10o), ncore = 8, nvir = 5
natorb = False
canonicalization = True
sorting_mo_energy = False
max_memory 4000 (MB)
******** <class 'pyscf.fci.direct_spin1.FCISolver'> ********
max. cycles = 200
conv_tol = 1e-08
davidson only = False
linear dependence = 1e-10
level shift = 0.001
max iter space = 12
max_memory 4000 MB
nroots = 1
pspace_size = 400
spin = None
Density matrix diagonal elements [1.99856680e+00 1.99929408e+00 1.99822666e+00 1.99809932e+00
 1.99237302e+00 1.99959166e+00 1.69778279e-04 5.25666265e-04
 1.29123455e-02 2.40681400e-04]
CASCI converged
CASCI E = -169.744923279007  E(CI) = -47.0247940909819  S^2 = 0.0000000

******** <class 'pyscf.mcscf.mc1step.CASSCF'> ********
CAS (6e+6e, 10o), ncore = 8, nvir = 5
max_cycle_macro = 200
max_cycle_micro = 200
conv_tol = 1e-07
conv_tol_grad = None
orbital rotation max_stepsize = 0.02
orbital rotation threshold for CI restart = 0.01
augmented hessian ah_max_cycle = 30
augmented hessian ah_conv_tol = 1e-12
augmented hessian ah_linear dependence = 1e-14
augmented hessian ah_level shift = 1e-08
augmented hessian ah_start_tol = 2.5
augmented hessian ah_start_cycle = 3
augmented hessian ah_grad_trust_region = 3
kf_trust_region = 3
kf_interval = 4
ci_response_space = 4
ci_grad_trust_region = 3
with_dep4 0
natorb = False
canonicalization = True
sorting_mo_energy = False
ao2mo_level = 2
chkfile = /scratch/global/yangjunjie/test/410949/tmpgg_28d7h
max_memory 4000 MB (current use 589 MB)
internal_rotation = False
******** <class 'pyscf.fci.direct_spin1.FCISolver'> ********
max. cycles = 200
conv_tol = 1e-08
davidson only = False
linear dependence = 1e-10
level shift = 0.001
max iter space = 12
max_memory 4000 MB
nroots = 1
pspace_size = 400
spin = None
CASCI E = -169.744923279007  S^2 = 0.0000000
Set conv_tol_grad to 0.000316228
macro iter 1 (37 JK  8 micro), CASSCF E = -169.745812014621  dE = -0.00088873561  S^2 = 0.0000000
               |grad[o]|=0.0128  |grad[c]|= 0.13433593185088014  |ddm|=0.0287  |maxRot[o]|=0.334
macro iter 2 (37 JK  8 micro), CASSCF E = -169.74733542449  dE = -0.0015234099  S^2 = 0.0000000
               |grad[o]|=0.0267  |grad[c]|= 0.018807735005263757  |ddm|=0.107  |maxRot[o]|=0.398
macro iter 3 (37 JK  8 micro), CASSCF E = -169.757661670378  dE = -0.010326246  S^2 = 0.0000000
               |grad[o]|=0.0327  |grad[c]|= 0.1783547289652703  |ddm|=0.0921  |maxRot[o]|=0.503
macro iter 4 (37 JK  8 micro), CASSCF E = -169.773290834347  dE = -0.015629164  S^2 = 0.0000000
               |grad[o]|=0.0565  |grad[c]|= 0.11393610085192327  |ddm|=0.0969  |maxRot[o]|=0.328
macro iter 5 (37 JK  8 micro), CASSCF E = -169.77796417854  dE = -0.0046733442  S^2 = 0.0000000
               |grad[o]|=0.0426  |grad[c]|= 0.014251022793580169  |ddm|=0.0268  |maxRot[o]|=0.462
macro iter 6 (37 JK  8 micro), CASSCF E = -169.785328530008  dE = -0.0073643515  S^2 = 0.0000000
               |grad[o]|=0.0297  |grad[c]|= 0.01710296078905219  |ddm|=0.0317  |maxRot[o]|=0.531
macro iter 7 (37 JK  8 micro), CASSCF E = -169.792260219602  dE = -0.0069316896  S^2 = 0.0000000
               |grad[o]|=0.022  |grad[c]|= 0.0905200852116963  |ddm|=0.0125  |maxRot[o]|=0.237
macro iter 8 (37 JK  8 micro), CASSCF E = -169.806242147041  dE = -0.013981927  S^2 = 0.0000000
               |grad[o]|=0.0235  |grad[c]|= 0.07582915817804649  |ddm|=0.134  |maxRot[o]|=0.237
macro iter 9 (37 JK  8 micro), CASSCF E = -169.817083288393  dE = -0.010841141  S^2 = 0.0000000
               |grad[o]|=0.0342  |grad[c]|= 0.032770113681369145  |ddm|=0.0899  |maxRot[o]|= 0.15
macro iter 10 (37 JK  8 micro), CASSCF E = -169.826675380583  dE = -0.0095920922  S^2 = 0.0000000
               |grad[o]|=0.0347  |grad[c]|= 0.03178660450692076  |ddm|=0.068  |maxRot[o]|=0.136
macro iter 11 (37 JK  8 micro), CASSCF E = -169.83456040273  dE = -0.0078850221  S^2 = 0.0000000
               |grad[o]|=0.032  |grad[c]|= 0.023096819138666177  |ddm|=0.0538  |maxRot[o]|=0.122
macro iter 12 (37 JK  8 micro), CASSCF E = -169.840760420234  dE = -0.0062000175  S^2 = 0.0000000
               |grad[o]|=0.0273  |grad[c]|= 0.023028461632355536  |ddm|=0.0477  |maxRot[o]|=0.116
macro iter 13 (37 JK  8 micro), CASSCF E = -169.845223932006  dE = -0.0044635118  S^2 = 0.0000000
               |grad[o]|=0.0219  |grad[c]|= 0.02199708009318192  |ddm|=0.0368  |maxRot[o]|=0.104
macro iter 14 (37 JK  8 micro), CASSCF E = -169.848145149226  dE = -0.0029212172  S^2 = 0.0000000
               |grad[o]|=0.0166  |grad[c]|= 0.016126018149607305  |ddm|=0.0252  |maxRot[o]|=0.0888
macro iter 15 (37 JK  8 micro), CASSCF E = -169.850118620373  dE = -0.0019734711  S^2 = 0.0000000
               |grad[o]|=0.0119  |grad[c]|= 0.018791085713523708  |ddm|=0.013  |maxRot[o]|=0.109
macro iter 16 (37 JK  8 micro), CASSCF E = -169.851847398252  dE = -0.0017287779  S^2 = 0.0000000
               |grad[o]|=0.00984  |grad[c]|= 0.016507496301319056  |ddm|=0.00613  |maxRot[o]|=0.138
macro iter 17 (37 JK  8 micro), CASSCF E = -169.853080739547  dE = -0.0012333413  S^2 = 0.0000000
               |grad[o]|=0.00878  |grad[c]|= 0.0072052753706775335  |ddm|=0.00402  |maxRot[o]|=0.0829
macro iter 18 (37 JK  8 micro), CASSCF E = -169.85417626875  dE = -0.0010955292  S^2 = 0.0000000
               |grad[o]|=0.00842  |grad[c]|= 0.005718404575393864  |ddm|=0.00388  |maxRot[o]|=0.0724
macro iter 19 (37 JK  8 micro), CASSCF E = -169.855231198991  dE = -0.0010549302  S^2 = 0.0000000
               |grad[o]|=0.00817  |grad[c]|= 0.0034457657771237264  |ddm|=0.00392  |maxRot[o]|=0.0711
macro iter 20 (37 JK  8 micro), CASSCF E = -169.856651225724  dE = -0.0014200267  S^2 = 0.0000000
               |grad[o]|=0.00835  |grad[c]|= 0.006254031623792207  |ddm|=0.00548  |maxRot[o]|=0.0888
macro iter 21 (22 JK  5 micro), CASSCF E = -169.858340668853  dE = -0.0016894431  S^2 = 0.0000000
               |grad[o]|=0.00892  |grad[c]|= 0.011233475118321429  |ddm|=0.00441  |maxRot[o]|=0.102
macro iter 22 (22 JK  5 micro), CASSCF E = -169.859626008256  dE = -0.0012853394  S^2 = 0.0000000
               |grad[o]|=0.00944  |grad[c]|= 0.012370820072419736  |ddm|=0.00439  |maxRot[o]|=0.0732
macro iter 23 (37 JK  8 micro), CASSCF E = -169.860655724195  dE = -0.0010297159  S^2 = 0.0000000
               |grad[o]|=0.00952  |grad[c]|= 0.0028511518041081955  |ddm|=0.00665  |maxRot[o]|=0.0546
macro iter 24 (37 JK  8 micro), CASSCF E = -169.861674477001  dE = -0.0010187528  S^2 = 0.0000000
               |grad[o]|=0.00981  |grad[c]|= 0.0031548696440919983  |ddm|=0.00764  |maxRot[o]|=0.0517
macro iter 25 (32 JK  7 micro), CASSCF E = -169.863460231266  dE = -0.0017857543  S^2 = 0.0000000
               |grad[o]|=0.0101  |grad[c]|= 0.00906762754111391  |ddm|=0.00722  |maxRot[o]|=0.0904
macro iter 26 (32 JK  7 micro), CASSCF E = -169.865566595869  dE = -0.0021063646  S^2 = 0.0000000
               |grad[o]|=0.0102  |grad[c]|= 0.007066812199369551  |ddm|=0.00911  |maxRot[o]|=0.109
macro iter 27 (37 JK  8 micro), CASSCF E = -169.86646868779  dE = -0.00090209192  S^2 = 0.0000000
               |grad[o]|=0.00993  |grad[c]|= 0.0037181270235380924  |ddm|=0.0111  |maxRot[o]|=0.0528
macro iter 28 (27 JK  6 micro), CASSCF E = -169.866741416267  dE = -0.00027272848  S^2 = 0.0000000
               |grad[o]|=0.00952  |grad[c]|= 0.04748073351445787  |ddm|=0.0117  |maxRot[o]|=0.139
macro iter 29 (32 JK  7 micro), CASSCF E = -169.868434944456  dE = -0.0016935282  S^2 = 0.0000000
               |grad[o]|=0.00957  |grad[c]|= 0.009704400822692043  |ddm|=0.0124  |maxRot[o]|=0.0902
macro iter 30 (37 JK  8 micro), CASSCF E = -169.869111236011  dE = -0.00067629156  S^2 = 0.0000000
               |grad[o]|=0.00863  |grad[c]|= 0.0026608927836499685  |ddm|=0.0146  |maxRot[o]|=0.0385
macro iter 31 (17 JK  4 micro), CASSCF E = -169.87005740734  dE = -0.00094617133  S^2 = 0.0000000
               |grad[o]|=0.00799  |grad[c]|= 0.009414003768793184  |ddm|=0.00592  |maxRot[o]|=0.0699
macro iter 32 (17 JK  4 micro), CASSCF E = -169.869957221052  dE = 0.00010018629  S^2 = 0.0000000
               |grad[o]|=0.00694  |grad[c]|= 0.04040550559841042  |ddm|=0.00552  |maxRot[o]|=0.127
macro iter 33 (37 JK  8 micro), CASSCF E = -169.870438963495  dE = -0.00048174244  S^2 = 0.0000000
               |grad[o]|=0.00654  |grad[c]|= 0.0025217736957347473  |ddm|=0.00528  |maxRot[o]|=0.0555
macro iter 34 (37 JK  8 micro), CASSCF E = -169.870872404277  dE = -0.00043344078  S^2 = 0.0000000
               |grad[o]|=0.00642  |grad[c]|= 0.0030019434531094232  |ddm|=0.00903  |maxRot[o]|=0.0558
macro iter 35 (37 JK  8 micro), CASSCF E = -169.871397233373  dE = -0.0005248291  S^2 = 0.0000000
               |grad[o]|=0.00612  |grad[c]|= 0.0034628927417096112  |ddm|=0.0125  |maxRot[o]|=0.0462
macro iter 36 (37 JK  8 micro), CASSCF E = -169.86964353977  dE = 0.0017536936  S^2 = 0.0000000
               |grad[o]|=0.00588  |grad[c]|= 0.3246565594408148  |ddm|=0.0335  |maxRot[o]|=0.314
macro iter 37 (37 JK  8 micro), CASSCF E = -169.870257062365  dE = -0.00061352259  S^2 = 0.0000000
               |grad[o]|=0.0101  |grad[c]|= 0.00370620601239885  |ddm|=0.00364  |maxRot[o]|=0.061
macro iter 38 (37 JK  8 micro), CASSCF E = -169.870762689731  dE = -0.00050562737  S^2 = 0.0000000
               |grad[o]|=0.00841  |grad[c]|= 0.0028171198269739506  |ddm|=0.00444  |maxRot[o]|=0.0525
macro iter 39 (37 JK  8 micro), CASSCF E = -169.87120224624  dE = -0.00043955651  S^2 = 0.0000000
               |grad[o]|=0.0071  |grad[c]|= 0.00543239165899771  |ddm|=0.00557  |maxRot[o]|=0.0444
macro iter 40 (37 JK  8 micro), CASSCF E = -169.871642750579  dE = -0.00044050434  S^2 = 0.0000000
               |grad[o]|=0.00611  |grad[c]|= 0.008804457967389831  |ddm|=0.00713  |maxRot[o]|=0.0601
macro iter 41 (7 JK  2 micro), CASSCF E = -169.872133176292  dE = -0.00049042571  S^2 = 0.0000000
               |grad[o]|=0.00557  |grad[c]|= 0.007846134857382312  |ddm|=0.00263  |maxRot[o]|=0.0635
macro iter 42 (7 JK  2 micro), CASSCF E = -169.872645011856  dE = -0.00051183556  S^2 = 0.0000000
               |grad[o]|=0.00547  |grad[c]|= 0.006527830379933304  |ddm|=0.00304  |maxRot[o]|=0.0667
macro iter 43 (7 JK  2 micro), CASSCF E = -169.873189952746  dE = -0.00054494089  S^2 = 0.0000000
               |grad[o]|=0.00547  |grad[c]|= 0.004934863695162126  |ddm|=0.00344  |maxRot[o]|=0.0685
macro iter 44 (7 JK  2 micro), CASSCF E = -169.873798993469  dE = -0.00060904072  S^2 = 0.0000000
               |grad[o]|=0.00567  |grad[c]|= 0.004547851448524641  |ddm|=0.00388  |maxRot[o]|=0.0692
macro iter 45 (7 JK  2 micro), CASSCF E = -169.874534770375  dE = -0.00073577691  S^2 = 0.0000000
               |grad[o]|=0.00615  |grad[c]|= 0.00612813266098833  |ddm|=0.00444  |maxRot[o]|=0.0695
macro iter 46 (7 JK  2 micro), CASSCF E = -169.875512187797  dE = -0.00097741742  S^2 = 0.0000000
               |grad[o]|=0.00699  |grad[c]|= 0.006600926299889446  |ddm|=0.00537  |maxRot[o]|=0.0697
macro iter 47 (17 JK  4 micro), CASSCF E = -169.875778323804  dE = -0.00026613601  S^2 = 0.0000000
               |grad[o]|=0.00831  |grad[c]|= 0.057362794592481184  |ddm|=0.00452  |maxRot[o]|=0.131
macro iter 48 (37 JK  8 micro), CASSCF E = -169.873363395342  dE = 0.0024149285  S^2 = 0.0000000
               |grad[o]|=0.00819  |grad[c]|= 0.1422924778782669  |ddm|=0.0114  |maxRot[o]|=0.369
macro iter 49 (37 JK  8 micro), CASSCF E = -169.874415115384  dE = -0.00105172  S^2 = 0.0000000
               |grad[o]|=0.011  |grad[c]|= 0.0008304203342411942  |ddm|=0.00526  |maxRot[o]|=0.0692
macro iter 50 (37 JK  8 micro), CASSCF E = -169.875330453578  dE = -0.00091533819  S^2 = 0.0000000
               |grad[o]|=0.00968  |grad[c]|= 0.0020906547377394576  |ddm|=0.0052  |maxRot[o]|=0.0548
macro iter 51 (12 JK  3 micro), CASSCF E = -169.876913224114  dE = -0.0015827705  S^2 = 0.0000000
               |grad[o]|=0.00908  |grad[c]|= 0.007003081907331137  |ddm|=0.00482  |maxRot[o]|=0.098
macro iter 52 (37 JK  8 micro), CASSCF E = -169.87801220458  dE = -0.0010989805  S^2 = 0.0000000
               |grad[o]|=0.0097  |grad[c]|= 0.001956012622085344  |ddm|=0.00667  |maxRot[o]|=0.0562
macro iter 53 (37 JK  8 micro), CASSCF E = -169.878548998542  dE = -0.00053679396  S^2 = 0.0000000
               |grad[o]|=0.00978  |grad[c]|= 0.008164924911096697  |ddm|=0.00648  |maxRot[o]|=0.0494
macro iter 54 (37 JK  8 micro), CASSCF E = -169.879053899232  dE = -0.00050490069  S^2 = 0.0000000
               |grad[o]|=0.00981  |grad[c]|= 0.00895977718964504  |ddm|=0.00623  |maxRot[o]|=0.0417
macro iter 55 (37 JK  8 micro), CASSCF E = -169.880085735987  dE = -0.0010318368  S^2 = 0.0000000
               |grad[o]|=0.00977  |grad[c]|= 0.001634786837120695  |ddm|=0.00496  |maxRot[o]|=0.0496
macro iter 56 (32 JK  7 micro), CASSCF E = -169.881568761753  dE = -0.0014830258  S^2 = 0.0000000
               |grad[o]|=0.00983  |grad[c]|= 0.008447897501437391  |ddm|=0.00606  |maxRot[o]|=0.0866
macro iter 57 (37 JK  8 micro), CASSCF E = -169.882553461239  dE = -0.00098469949  S^2 = 0.0000000
               |grad[o]|=0.00977  |grad[c]|= 0.0020272589024615366  |ddm|=0.00578  |maxRot[o]|=0.0466
macro iter 58 (37 JK  8 micro), CASSCF E = -169.883641848562  dE = -0.0010883873  S^2 = 0.0000000
               |grad[o]|=0.00957  |grad[c]|= 0.0051983685182974745  |ddm|=0.00658  |maxRot[o]|=0.0569
macro iter 59 (37 JK  8 micro), CASSCF E = -169.884502654083  dE = -0.00086080552  S^2 = 0.0000000
               |grad[o]|=0.00909  |grad[c]|= 0.0026863897785545992  |ddm|=0.00601  |maxRot[o]|=0.0464
macro iter 60 (37 JK  8 micro), CASSCF E = -169.885355788225  dE = -0.00085313414  S^2 = 0.0000000
               |grad[o]|=0.00855  |grad[c]|= 0.005887929783278698  |ddm|=0.00597  |maxRot[o]|=0.0547
macro iter 61 (37 JK  8 micro), CASSCF E = -169.886131670598  dE = -0.00077588237  S^2 = 0.0000000
               |grad[o]|=0.00778  |grad[c]|= 0.01297325687288337  |ddm|=0.00634  |maxRot[o]|=0.0737
macro iter 62 (37 JK  8 micro), CASSCF E = -169.886618459046  dE = -0.00048678845  S^2 = 0.0000000
               |grad[o]|=0.00685  |grad[c]|= 0.00985989926492489  |ddm|=0.00495  |maxRot[o]|=0.0555
macro iter 63 (22 JK  5 micro), CASSCF E = -169.887191293581  dE = -0.00057283453  S^2 = 0.0000000
               |grad[o]|=0.00607  |grad[c]|= 0.015222941493864639  |ddm|=0.00275  |maxRot[o]|=0.077
macro iter 64 (22 JK  5 micro), CASSCF E = -169.887556539416  dE = -0.00036524583  S^2 = 0.0000000
               |grad[o]|=0.00535  |grad[c]|= 0.014910738305467682  |ddm|=0.00308  |maxRot[o]|=0.0889
macro iter 65 (22 JK  5 micro), CASSCF E = -169.88766290913  dE = -0.00010636971  S^2 = 0.0000000
               |grad[o]|=0.00423  |grad[c]|= 0.015872321786468406  |ddm|=0.00229  |maxRot[o]|=0.0921
macro iter 66 (22 JK  5 micro), CASSCF E = -169.887741251493  dE = -7.8342363e-05  S^2 = 0.0000000
               |grad[o]|=0.00385  |grad[c]|= 0.013224059937609011  |ddm|=0.00272  |maxRot[o]|=0.0901
macro iter 67 (12 JK  3 micro), CASSCF E = -169.887696642019  dE = 4.4609474e-05  S^2 = 0.0000000
               |grad[o]|=0.00321  |grad[c]|= 0.012649442169485048  |ddm|=0.00103  |maxRot[o]|=0.0614
macro iter 68 (37 JK  8 micro), CASSCF E = -169.887811012692  dE = -0.00011437067  S^2 = 0.0000000
               |grad[o]|=0.00313  |grad[c]|= 0.0020174556214222383  |ddm|=0.00405  |maxRot[o]|=0.0419
macro iter 69 (32 JK  7 micro), CASSCF E = -169.887822361968  dE = -1.1349276e-05  S^2 = 0.0000000
               |grad[o]|=0.00248  |grad[c]|= 0.011476189644678333  |ddm|=0.00308  |maxRot[o]|=0.0599
macro iter 70 (12 JK  3 micro), CASSCF E = -169.887852600831  dE = -3.0238863e-05  S^2 = 0.0000000
               |grad[o]|=0.0022  |grad[c]|= 0.008987244870306426  |ddm|=0.000574  |maxRot[o]|=0.0501
macro iter 71 (7 JK  2 micro), CASSCF E = -169.88796695914  dE = -0.00011435831  S^2 = 0.0000000
               |grad[o]|=0.00195  |grad[c]|= 0.007581359481360497  |ddm|=0.00102  |maxRot[o]|=0.0602
macro iter 72 (7 JK  2 micro), CASSCF E = -169.888044960214  dE = -7.8001074e-05  S^2 = 0.0000000
               |grad[o]|=0.00174  |grad[c]|= 0.006942431767275567  |ddm|=0.00205  |maxRot[o]|=0.0649
macro iter 73 (7 JK  2 micro), CASSCF E = -169.888077260717  dE = -3.2300503e-05  S^2 = 0.0000000
               |grad[o]|=0.00168  |grad[c]|= 0.0028691075918237277  |ddm|=0.00301  |maxRot[o]|=0.0473
macro iter 74 (11 JK  3 micro), CASSCF E = -169.888074607333  dE = 2.6533837e-06  S^2 = 0.0000000
               |grad[o]|=0.00211  |grad[c]|= 0.00864404688414318  |ddm|=0.00494  |maxRot[o]|=0.0356
macro iter 75 (27 JK  6 micro), CASSCF E = -169.888087396795  dE = -1.2789461e-05  S^2 = 0.0000000
               |grad[o]|=0.0019  |grad[c]|= 0.006429180852832494  |ddm|=0.00314  |maxRot[o]|=0.0285
macro iter 76 (32 JK  7 micro), CASSCF E = -169.888004504272  dE = 8.2892523e-05  S^2 = 0.0000000
               |grad[o]|=0.00174  |grad[c]|= 0.023790917302931074  |ddm|=0.00318  |maxRot[o]|=0.0649
macro iter 77 (36 JK  7 micro), CASSCF E = -169.8880442327  dE = -3.9728428e-05  S^2 = 0.0000000
               |grad[o]|=0.00198  |grad[c]|= 0.000802850707908736  |ddm|=0.00168  |maxRot[o]|=0.0304
macro iter 78 (37 JK  8 micro), CASSCF E = -169.888054518054  dE = -1.0285354e-05  S^2 = 0.0000000
               |grad[o]|=0.00149  |grad[c]|= 0.005478187192228709  |ddm|=0.0032  |maxRot[o]|=0.0476
macro iter 79 (22 JK  5 micro), CASSCF E = -169.88805138445  dE = 3.133604e-06  S^2 = 0.0000000
               |grad[o]|=0.00183  |grad[c]|= 0.013746677473672711  |ddm|=0.00132  |maxRot[o]|=0.0555
macro iter 80 (36 JK  7 micro), CASSCF E = -169.88809137866  dE = -3.999421e-05  S^2 = 0.0000000
               |grad[o]|=0.00161  |grad[c]|= 0.0009733935559757965  |ddm|=0.00178  |maxRot[o]|=0.0385
macro iter 81 (12 JK  3 micro), CASSCF E = -169.888083141874  dE = 8.236786e-06  S^2 = 0.0000000
               |grad[o]|=0.00139  |grad[c]|= 0.0058246395582302575  |ddm|=0.00117  |maxRot[o]|=0.0286
macro iter 82 (36 JK  7 micro), CASSCF E = -169.888103961827  dE = -2.0819953e-05  S^2 = 0.0000000
               |grad[o]|=0.00119  |grad[c]|= 0.000381410447016689  |ddm|=0.00192  |maxRot[o]|=0.0189
macro iter 83 (22 JK  5 micro), CASSCF E = -169.888097981145  dE = 5.9806821e-06  S^2 = 0.0000000
               |grad[o]|=0.00125  |grad[c]|= 0.007294523362891754  |ddm|=0.00138  |maxRot[o]|=0.0341
macro iter 84 (35 JK  6 micro), CASSCF E = -169.888120629124  dE = -2.2647979e-05  S^2 = 0.0000000
               |grad[o]|=0.0013  |grad[c]|= 0.0004525050567287229  |ddm|=0.00146  |maxRot[o]|=0.026
macro iter 85 (32 JK  7 micro), CASSCF E = -169.888090305435  dE = 3.0323689e-05  S^2 = 0.0000000
               |grad[o]|=0.00119  |grad[c]|= 0.003121779661347028  |ddm|=0.00153  |maxRot[o]|=0.0325
macro iter 86 (35 JK  6 micro), CASSCF E = -169.888115670084  dE = -2.5364648e-05  S^2 = 0.0000000
               |grad[o]|=0.001  |grad[c]|= 0.00045489944884505453  |ddm|=0.00124  |maxRot[o]|=0.0284
macro iter 87 (37 JK  8 micro), CASSCF E = -169.887991859104  dE = 0.00012381098  S^2 = 0.0000000
               |grad[o]|=0.00107  |grad[c]|= 0.02202571746591126  |ddm|=0.00381  |maxRot[o]|=0.0839
macro iter 88 (35 JK  6 micro), CASSCF E = -169.888038638912  dE = -4.6779808e-05  S^2 = 0.0000000
               |grad[o]|=0.00156  |grad[c]|= 0.0007950576092628319  |ddm|=0.000772  |maxRot[o]|=0.0348
macro iter 89 (37 JK  8 micro), CASSCF E = -169.888072094999  dE = -3.3456087e-05  S^2 = 0.0000000
               |grad[o]|=0.00133  |grad[c]|= 0.0008865067463689741  |ddm|=0.00126  |maxRot[o]|=0.0148
macro iter 90 (7 JK  2 micro), CASSCF E = -169.888122231931  dE = -5.0136932e-05  S^2 = 0.0000000
               |grad[o]|=0.0012  |grad[c]|= 0.0024165932172600002  |ddm|=0.000703  |maxRot[o]|=0.0388
macro iter 91 (7 JK  2 micro), CASSCF E = -169.888168080315  dE = -4.5848384e-05  S^2 = 0.0000000
               |grad[o]|=0.00118  |grad[c]|= 0.006284596311581072  |ddm|=0.0017  |maxRot[o]|=0.0466
macro iter 92 (10 JK  3 micro), CASSCF E = -169.888132753382  dE = 3.5326933e-05  S^2 = 0.0000000
               |grad[o]|=0.00112  |grad[c]|= 0.007240705076555733  |ddm|=0.00126  |maxRot[o]|=0.0438
macro iter 93 (37 JK  8 micro), CASSCF E = -169.888113033811  dE = 1.9719572e-05  S^2 = 0.0000000
               |grad[o]|=0.000804  |grad[c]|= 0.02250396032594882  |ddm|=0.00184  |maxRot[o]|=0.0831
macro iter 94 (35 JK  6 micro), CASSCF E = -169.888143420752  dE = -3.0386941e-05  S^2 = 0.0000000
               |grad[o]|=0.00123  |grad[c]|= 0.0005957443770695988  |ddm|=0.00129  |maxRot[o]|=0.0351
macro iter 95 (37 JK  8 micro), CASSCF E = -169.88814426763  dE = -8.4687767e-07  S^2 = 0.0000000
               |grad[o]|=0.00112  |grad[c]|= 0.0031717189263405043  |ddm|=0.00187  |maxRot[o]|=0.0315
macro iter 96 (22 JK  5 micro), CASSCF E = -169.888059770307  dE = 8.4497322e-05  S^2 = 0.0000000
               |grad[o]|=0.000929  |grad[c]|= 0.0169380636752118  |ddm|=0.00125  |maxRot[o]|=0.0568
macro iter 97 (36 JK  7 micro), CASSCF E = -169.888100160956  dE = -4.0390649e-05  S^2 = 0.0000000
               |grad[o]|=0.00119  |grad[c]|= 0.0007498119256445226  |ddm|=0.000879  |maxRot[o]|=0.0368
macro iter 98 (7 JK  2 micro), CASSCF E = -169.888140983463  dE = -4.0822507e-05  S^2 = 0.0000000
               |grad[o]|=0.000853  |grad[c]|= 0.0029224456464020383  |ddm|=0.000463  |maxRot[o]|=0.0279
macro iter 99 (7 JK  2 micro), CASSCF E = -169.888182561846  dE = -4.1578382e-05  S^2 = 0.0000000
               |grad[o]|=0.000812  |grad[c]|= 0.007106152107901972  |ddm|=0.000972  |maxRot[o]|=0.0441
macro iter 100 (12 JK  3 micro), CASSCF E = -169.888149035263  dE = 3.3526582e-05  S^2 = 0.0000000
               |grad[o]|=0.000842  |grad[c]|= 0.01225034421753562  |ddm|=0.00102  |maxRot[o]|=0.0439
macro iter 101 (27 JK  6 micro), CASSCF E = -169.888165503604  dE = -1.6468341e-05  S^2 = 0.0000000
               |grad[o]|=0.000922  |grad[c]|= 0.004672465054413069  |ddm|=0.00106  |maxRot[o]|=0.0248
macro iter 102 (7 JK  2 micro), CASSCF E = -169.888188430795  dE = -2.2927191e-05  S^2 = 0.0000000
               |grad[o]|=0.000967  |grad[c]|= 0.0025704717778006324  |ddm|=0.00087  |maxRot[o]|=0.0342
macro iter 103 (12 JK  3 micro), CASSCF E = -169.888166336113  dE = 2.2094682e-05  S^2 = 0.0000000
               |grad[o]|=0.000853  |grad[c]|= 0.004059887435948514  |ddm|=0.00099  |maxRot[o]|=0.031
macro iter 104 (37 JK  8 micro), CASSCF E = -169.888186185593  dE = -1.9849479e-05  S^2 = 0.0000000
               |grad[o]|=0.000767  |grad[c]|= 0.0009843517193087797  |ddm|=0.00202  |maxRot[o]|=0.0168
macro iter 105 (6 JK  2 micro), CASSCF E = -169.888199656072  dE = -1.3470479e-05  S^2 = 0.0000000
               |grad[o]|=0.000907  |grad[c]|= 0.0017220590084915716  |ddm|=0.000965  |maxRot[o]|=0.0229
macro iter 106 (9 JK  3 micro), CASSCF E = -169.888176305257  dE = 2.3350815e-05  S^2 = 0.0000000
               |grad[o]|=0.000934  |grad[c]|= 0.006641477906007534  |ddm|=0.000969  |maxRot[o]|=0.0361
macro iter 107 (37 JK  8 micro), CASSCF E = -169.888191582799  dE = -1.5277542e-05  S^2 = 0.0000000
               |grad[o]|=0.00077  |grad[c]|= 0.0011565255037786744  |ddm|=0.00173  |maxRot[o]|=0.0177
macro iter 108 (6 JK  2 micro), CASSCF E = -169.888204806798  dE = -1.3223999e-05  S^2 = 0.0000000
               |grad[o]|=0.000849  |grad[c]|= 0.00189795755931876  |ddm|=0.00083  |maxRot[o]|=0.0225
macro iter 109 (9 JK  3 micro), CASSCF E = -169.888181466139  dE = 2.3340659e-05  S^2 = 0.0000000
               |grad[o]|=0.000885  |grad[c]|= 0.007323088019412086  |ddm|=0.000808  |maxRot[o]|=0.0362
macro iter 110 (37 JK  8 micro), CASSCF E = -169.888190714315  dE = -9.2481755e-06  S^2 = 0.0000000
               |grad[o]|=0.000772  |grad[c]|= 0.003037602952056294  |ddm|=0.00128  |maxRot[o]|=0.025
macro iter 111 (7 JK  2 micro), CASSCF E = -169.888207857019  dE = -1.7142704e-05  S^2 = 0.0000000
               |grad[o]|=0.000786  |grad[c]|= 0.0017546595168288009  |ddm|=0.000768  |maxRot[o]|=0.0314
macro iter 112 (12 JK  3 micro), CASSCF E = -169.888190063692  dE = 1.7793327e-05  S^2 = 0.0000000
               |grad[o]|=0.000734  |grad[c]|= 0.004453620445998833  |ddm|=0.00116  |maxRot[o]|=0.0317
macro iter 113 (37 JK  8 micro), CASSCF E = -169.888195087852  dE = -5.0241595e-06  S^2 = 0.0000000
               |grad[o]|=0.000809  |grad[c]|= 0.001985251253056599  |ddm|=0.00149  |maxRot[o]|=0.0257
macro iter 114 (22 JK  5 micro), CASSCF E = -169.888155014273  dE = 4.0073579e-05  S^2 = 0.0000000
               |grad[o]|=0.000829  |grad[c]|= 0.004893358661928395  |ddm|=0.00105  |maxRot[o]|=0.0375
macro iter 115 (37 JK  8 micro), CASSCF E = -169.888174340653  dE = -1.932638e-05  S^2 = 0.0000000
               |grad[o]|=0.00069  |grad[c]|= 0.00039447164397057004  |ddm|=0.00073  |maxRot[o]|=0.0193
macro iter 116 (7 JK  2 micro), CASSCF E = -169.888200197763  dE = -2.585711e-05  S^2 = 0.0000000
               |grad[o]|=0.000594  |grad[c]|= 0.0019059112595591575  |ddm|=0.000435  |maxRot[o]|=0.0257
macro iter 117 (7 JK  2 micro), CASSCF E = -169.888218537741  dE = -1.8339978e-05  S^2 = 0.0000000
               |grad[o]|=0.000598  |grad[c]|= 0.0032786857520923974  |ddm|=0.000865  |maxRot[o]|=0.0315
macro iter 118 (12 JK  3 micro), CASSCF E = -169.888208453168  dE = 1.0084573e-05  S^2 = 0.0000000
               |grad[o]|=0.000618  |grad[c]|= 0.002790533895682397  |ddm|=0.00115  |maxRot[o]|=0.0282
macro iter 119 (27 JK  6 micro), CASSCF E = -169.888207575586  dE = 8.775817e-07  S^2 = 0.0000000
               |grad[o]|=0.00114  |grad[c]|= 0.004370234870637898  |ddm|=0.00117  |maxRot[o]|=0.0294
macro iter 120 (35 JK  6 micro), CASSCF E = -169.88821666494  dE = -9.0893543e-06  S^2 = 0.0000000
               |grad[o]|=0.000733  |grad[c]|= 0.00023541320934293667  |ddm|=0.000925  |maxRot[o]|=0.0194
macro iter 121 (37 JK  8 micro), CASSCF E = -169.8881969509  dE = 1.971404e-05  S^2 = 0.0000000
               |grad[o]|=0.000646  |grad[c]|= 0.0068424437628601875  |ddm|=0.00163  |maxRot[o]|=0.0404
macro iter 122 (35 JK  6 micro), CASSCF E = -169.888208769392  dE = -1.1818492e-05  S^2 = 0.0000000
               |grad[o]|=0.000689  |grad[c]|= 0.0002602422142309164  |ddm|=0.000937  |maxRot[o]|=0.0207
macro iter 123 (22 JK  5 micro), CASSCF E = -169.888209382138  dE = -6.1274633e-07  S^2 = 0.0000000
               |grad[o]|=0.00061  |grad[c]|= 0.0038214225749367346  |ddm|=0.000672  |maxRot[o]|=0.0318
macro iter 124 (17 JK  4 micro), CASSCF E = -169.888164209213  dE = 4.5172926e-05  S^2 = 0.0000000
               |grad[o]|=0.000552  |grad[c]|= 0.004858786921099974  |ddm|=0.000441  |maxRot[o]|=0.0372
macro iter 125 (36 JK  7 micro), CASSCF E = -169.888181662479  dE = -1.7453267e-05  S^2 = 0.0000000
               |grad[o]|=0.000761  |grad[c]|= 0.0005517063254672915  |ddm|=0.000526  |maxRot[o]|=0.0241
macro iter 126 (7 JK  2 micro), CASSCF E = -169.888206253293  dE = -2.4590814e-05  S^2 = 0.0000000
               |grad[o]|=0.000538  |grad[c]|= 0.0013133140250070725  |ddm|=0.000262  |maxRot[o]|=0.0279
macro iter 127 (7 JK  2 micro), CASSCF E = -169.888228132876  dE = -2.1879582e-05  S^2 = 0.0000000
               |grad[o]|=0.000447  |grad[c]|= 0.00277534598420217  |ddm|=0.000542  |maxRot[o]|=0.0377
macro iter 128 (12 JK  3 micro), CASSCF E = -169.888207918379  dE = 2.0214497e-05  S^2 = 0.0000000
               |grad[o]|=0.000495  |grad[c]|= 0.0043356474647781515  |ddm|=0.000683  |maxRot[o]|=0.0389
macro iter 129 (22 JK  5 micro), CASSCF E = -169.888211824281  dE = -3.9059021e-06  S^2 = 0.0000000
               |grad[o]|=0.000795  |grad[c]|= 0.002176618002187007  |ddm|=0.000609  |maxRot[o]|=0.0204
macro iter 130 (7 JK  2 micro), CASSCF E = -169.888228437486  dE = -1.6613205e-05  S^2 = 0.0000000
               |grad[o]|=0.000547  |grad[c]|= 0.0010633432001798198  |ddm|=0.000558  |maxRot[o]|=0.0342
macro iter 131 (12 JK  3 micro), CASSCF E = -169.888202669036  dE = 2.576845e-05  S^2 = 0.0000000
               |grad[o]|=0.000596  |grad[c]|= 0.004128905060534182  |ddm|=0.000501  |maxRot[o]|=0.0325
macro iter 132 (37 JK  8 micro), CASSCF E = -169.888193165373  dE = 9.5036636e-06  S^2 = 0.0000000
               |grad[o]|=0.000884  |grad[c]|= 0.007330588781373847  |ddm|=0.00155  |maxRot[o]|=0.0429
macro iter 133 (35 JK  6 micro), CASSCF E = -169.888212569459  dE = -1.9404086e-05  S^2 = 0.0000000
               |grad[o]|=0.00085  |grad[c]|= 0.0004797381894030997  |ddm|=0.000832  |maxRot[o]|=0.0302
macro iter 134 (27 JK  6 micro), CASSCF E = -169.888221814676  dE = -9.2452167e-06  S^2 = 0.0000000
               |grad[o]|=0.000632  |grad[c]|= 0.0010089603662977772  |ddm|=0.00107  |maxRot[o]|=0.019
macro iter 135 (7 JK  2 micro), CASSCF E = -169.888236809985  dE = -1.4995309e-05  S^2 = 0.0000000
               |grad[o]|=0.000509  |grad[c]|= 0.001260284359854641  |ddm|=0.000606  |maxRot[o]|=0.035
macro iter 136 (12 JK  3 micro), CASSCF E = -169.888220529074  dE = 1.6280911e-05  S^2 = 0.0000000
               |grad[o]|=0.000535  |grad[c]|= 0.0044535672878419546  |ddm|=0.000895  |maxRot[o]|=0.0303
macro iter 137 (37 JK  8 micro), CASSCF E = -169.888233176967  dE = -1.2647893e-05  S^2 = 0.0000000
               |grad[o]|=0.000692  |grad[c]|= 0.0011015233940213298  |ddm|=0.00111  |maxRot[o]|=0.0169
macro iter 138 (5 JK  2 micro), CASSCF E = -169.88824045285  dE = -7.2758831e-06  S^2 = 0.0000000
               |grad[o]|=0.000523  |grad[c]|= 0.0010680762034506355  |ddm|=0.000474  |maxRot[o]|=0.0136
macro iter 139 (10 JK  3 micro), CASSCF E = -169.888221985136  dE = 1.8467714e-05  S^2 = 0.0000000
               |grad[o]|=0.000557  |grad[c]|= 0.007451538196165372  |ddm|=0.000614  |maxRot[o]|=0.0338
macro iter 140 (37 JK  8 micro), CASSCF E = -169.888222330898  dE = -3.4576229e-07  S^2 = 0.0000000
               |grad[o]|=0.000443  |grad[c]|= 0.008938229565830342  |ddm|=0.000934  |maxRot[o]|=0.0394
macro iter 141 (22 JK  5 micro), CASSCF E = -169.888173114692  dE = 4.9216206e-05  S^2 = 0.0000000
               |grad[o]|=0.000594  |grad[c]|= 0.009417392167607286  |ddm|=0.00082  |maxRot[o]|=0.0428
macro iter 142 (35 JK  6 micro), CASSCF E = -169.888193037854  dE = -1.9923162e-05  S^2 = 0.0000000
               |grad[o]|=0.000753  |grad[c]|= 0.00034126521092729136  |ddm|=0.000412  |maxRot[o]|=0.0236
macro iter 143 (7 JK  2 micro), CASSCF E = -169.888220539655  dE = -2.7501801e-05  S^2 = 0.0000000
               |grad[o]|=0.000558  |grad[c]|= 0.0019355197081486477  |ddm|=0.000299  |maxRot[o]|=0.0258
macro iter 144 (7 JK  2 micro), CASSCF E = -169.888246149236  dE = -2.5609582e-05  S^2 = 0.0000000
               |grad[o]|=0.00048  |grad[c]|= 0.004457703422909673  |ddm|=0.000579  |maxRot[o]|= 0.04
macro iter 145 (12 JK  3 micro), CASSCF E = -169.888207260393  dE = 3.8888843e-05  S^2 = 0.0000000
               |grad[o]|=0.000416  |grad[c]|= 0.013659543309725403  |ddm|=0.00094  |maxRot[o]|=0.0507
macro iter 146 (7 JK  2 micro), CASSCF E = -169.888227541406  dE = -2.0281013e-05  S^2 = 0.0000000
               |grad[o]|=0.000653  |grad[c]|= 0.0014786802894670933  |ddm|=0.000195  |maxRot[o]|=0.0164
macro iter 147 (7 JK  2 micro), CASSCF E = -169.888249854737  dE = -2.231333e-05  S^2 = 0.0000000
               |grad[o]|=0.000505  |grad[c]|= 0.005072920189023798  |ddm|=0.000584  |maxRot[o]|=0.0319
macro iter 148 (12 JK  3 micro), CASSCF E = -169.888227960779  dE = 2.1893958e-05  S^2 = 0.0000000
               |grad[o]|=0.000407  |grad[c]|= 0.008362654534916586  |ddm|=0.000842  |maxRot[o]|=0.0427
macro iter 149 (37 JK  8 micro), CASSCF E = -169.888233894432  dE = -5.9336537e-06  S^2 = 0.0000000
               |grad[o]|=0.000511  |grad[c]|= 0.0012876224459195586  |ddm|=0.000965  |maxRot[o]|=0.0198
macro iter 150 (7 JK  2 micro), CASSCF E = -169.888253886928  dE = -1.9992496e-05  S^2 = 0.0000000
               |grad[o]|=0.000573  |grad[c]|= 0.0025181566689407068  |ddm|=0.000719  |maxRot[o]|=0.032
macro iter 151 (11 JK  3 micro), CASSCF E = -169.88823342844  dE = 2.0458488e-05  S^2 = 0.0000000
               |grad[o]|=0.000618  |grad[c]|= 0.005227301123498061  |ddm|=0.000792  |maxRot[o]|=0.029
macro iter 152 (17 JK  4 micro), CASSCF E = -169.888247810405  dE = -1.4381965e-05  S^2 = 0.0000000
               |grad[o]|=0.000637  |grad[c]|= 0.0011952171898201515  |ddm|=0.000465  |maxRot[o]|=0.015
macro iter 153 (7 JK  2 micro), CASSCF E = -169.888261806856  dE = -1.3996451e-05  S^2 = 0.0000000
               |grad[o]|=0.000466  |grad[c]|= 0.0038200087719297334  |ddm|=0.00066  |maxRot[o]|=0.0276
macro iter 154 (18 JK  4 micro), CASSCF E = -169.888229474971  dE = 3.2331886e-05  S^2 = 0.0000000
               |grad[o]|=0.000521  |grad[c]|= 0.013638462004033184  |ddm|=0.0019  |maxRot[o]|=0.0511
macro iter 155 (37 JK  8 micro), CASSCF E = -169.888248255761  dE = -1.878079e-05  S^2 = 0.0000000
               |grad[o]|=0.000858  |grad[c]|= 0.0012893706659930393  |ddm|=0.00108  |maxRot[o]|=0.0161
macro iter 156 (6 JK  2 micro), CASSCF E = -169.888265628162  dE = -1.7372401e-05  S^2 = 0.0000000
               |grad[o]|=0.000566  |grad[c]|= 0.0024627587347201764  |ddm|=0.00057  |maxRot[o]|=0.0221
macro iter 157 (6 JK  2 micro), CASSCF E = -169.88827330014  dE = -7.6719783e-06  S^2 = 0.0000000
               |grad[o]|=0.000578  |grad[c]|= 0.0014774805785671117  |ddm|=0.000824  |maxRot[o]|=0.0196
macro iter 158 (10 JK  3 micro), CASSCF E = -169.888272227677  dE = 1.0724634e-06  S^2 = 0.0000000
               |grad[o]|=0.00059  |grad[c]|= 0.0027142203071910693  |ddm|=0.00116  |maxRot[o]|=0.0255
macro iter 159 (27 JK  6 micro), CASSCF E = -169.888277231376  dE = -5.0036996e-06  S^2 = 0.0000000
               |grad[o]|=0.000751  |grad[c]|= 0.0024448939383601848  |ddm|=0.00161  |maxRot[o]|=0.0213
macro iter 160 (17 JK  4 micro), CASSCF E = -169.888233083713  dE = 4.4147663e-05  S^2 = 0.0000000
               |grad[o]|=0.000602  |grad[c]|= 0.01228284718529059  |ddm|=0.000867  |maxRot[o]|=0.0582
macro iter 161 (36 JK  7 micro), CASSCF E = -169.888240714303  dE = -7.6305901e-06  S^2 = 0.0000000
               |grad[o]|=0.00074  |grad[c]|= 0.00046146788163629914  |ddm|=0.00084  |maxRot[o]|=0.013
macro iter 162 (7 JK  2 micro), CASSCF E = -169.888265987069  dE = -2.5272765e-05  S^2 = 0.0000000
               |grad[o]|=0.00056  |grad[c]|= 0.0025755877566591887  |ddm|=0.000345  |maxRot[o]|=0.027
macro iter 163 (7 JK  2 micro), CASSCF E = -169.888288514772  dE = -2.2527703e-05  S^2 = 0.0000000
               |grad[o]|=0.000509  |grad[c]|= 0.005310479374271839  |ddm|=0.00073  |maxRot[o]|=0.0388
macro iter 164 (12 JK  3 micro), CASSCF E = -169.888267213941  dE = 2.1300831e-05  S^2 = 0.0000000
               |grad[o]|=0.00053  |grad[c]|= 0.011522420628143676  |ddm|=0.00111  |maxRot[o]|=0.0504
macro iter 165 (37 JK  8 micro), CASSCF E = -169.888267432256  dE = -2.1831511e-07  S^2 = 0.0000000
               |grad[o]|=0.000799  |grad[c]|= 0.008562896909932633  |ddm|=0.00132  |maxRot[o]|=0.0439
macro iter 166 (22 JK  5 micro), CASSCF E = -169.888193818386  dE = 7.361387e-05  S^2 = 0.0000000
               |grad[o]|=0.000671  |grad[c]|= 0.014953725969438177  |ddm|=0.000855  |maxRot[o]|=0.0491
macro iter 167 (36 JK  7 micro), CASSCF E = -169.888228053617  dE = -3.4235231e-05  S^2 = 0.0000000
               |grad[o]|=0.000991  |grad[c]|= 0.0007219959180609281  |ddm|=0.000681  |maxRot[o]|=0.0304
macro iter 168 (7 JK  2 micro), CASSCF E = -169.888264601286  dE = -3.654767e-05  S^2 = 0.0000000
               |grad[o]|=0.000695  |grad[c]|= 0.0026285746511630344  |ddm|=0.000414  |maxRot[o]|=0.0267
macro iter 169 (7 JK  2 micro), CASSCF E = -169.888299748903  dE = -3.5147617e-05  S^2 = 0.0000000
               |grad[o]|=0.000628  |grad[c]|= 0.005013446075285734  |ddm|=0.000747  |maxRot[o]|=0.0432
macro iter 170 (12 JK  3 micro), CASSCF E = -169.888269012154  dE = 3.0736749e-05  S^2 = 0.0000000
               |grad[o]|=0.000604  |grad[c]|= 0.012410404998612602  |ddm|=0.000864  |maxRot[o]|=0.0421
macro iter 171 (7 JK  2 micro), CASSCF E = -169.88829021894  dE = -2.1206786e-05  S^2 = 0.0000000
               |grad[o]|=0.000644  |grad[c]|= 0.0018635147166802706  |ddm|=0.000306  |maxRot[o]|=0.0165
macro iter 172 (6 JK  2 micro), CASSCF E = -169.888311117105  dE = -2.0898165e-05  S^2 = 0.0000000
               |grad[o]|=0.000542  |grad[c]|= 0.0039012054383460986  |ddm|=0.000672  |maxRot[o]|=0.0239
macro iter 173 (12 JK  3 micro), CASSCF E = -169.88828751111  dE = 2.3605995e-05  S^2 = 0.0000000
               |grad[o]|=0.000562  |grad[c]|= 0.010445732678355614  |ddm|=0.000926  |maxRot[o]|=0.0394
macro iter 174 (17 JK  4 micro), CASSCF E = -169.888305213745  dE = -1.7702635e-05  S^2 = 0.0000000
               |grad[o]|=0.000593  |grad[c]|= 0.001944709105310692  |ddm|=0.000633  |maxRot[o]|=0.0154
macro iter 175 (6 JK  2 micro), CASSCF E = -169.888322246589  dE = -1.7032844e-05  S^2 = 0.0000000
               |grad[o]|=0.000554  |grad[c]|= 0.003204190205002885  |ddm|=0.000677  |maxRot[o]|=0.0229
macro iter 176 (12 JK  3 micro), CASSCF E = -169.888305653662  dE = 1.6592927e-05  S^2 = 0.0000000
               |grad[o]|=0.000593  |grad[c]|= 0.00772355604317049  |ddm|=0.00092  |maxRot[o]|=0.0364
macro iter 177 (27 JK  6 micro), CASSCF E = -169.888317564339  dE = -1.1910677e-05  S^2 = 0.0000000
               |grad[o]|=0.000614  |grad[c]|= 0.0026154192325421317  |ddm|=0.000958  |maxRot[o]|=0.0202
macro iter 178 (7 JK  2 micro), CASSCF E = -169.888335592195  dE = -1.8027856e-05  S^2 = 0.0000000
               |grad[o]|=0.000625  |grad[c]|= 0.002878716109478794  |ddm|=0.000918  |maxRot[o]|=0.0315
macro iter 179 (12 JK  3 micro), CASSCF E = -169.888319956296  dE = 1.56359e-05  S^2 = 0.0000000
               |grad[o]|=0.000695  |grad[c]|= 0.007208292636885086  |ddm|=0.00114  |maxRot[o]|=0.0387
macro iter 180 (37 JK  8 micro), CASSCF E = -169.888337735743  dE = -1.7779447e-05  S^2 = 0.0000000
               |grad[o]|=0.000741  |grad[c]|= 0.0014041688500709903  |ddm|=0.00156  |maxRot[o]|=0.0161
macro iter 181 (6 JK  2 micro), CASSCF E = -169.888350674711  dE = -1.2938968e-05  S^2 = 0.0000000
               |grad[o]|=0.000578  |grad[c]|= 0.0025038814302774334  |ddm|=0.000808  |maxRot[o]|=0.0221
macro iter 182 (11 JK  3 micro), CASSCF E = -169.888338564301  dE = 1.211041e-05  S^2 = 0.0000000
               |grad[o]|=0.00064  |grad[c]|= 0.007833598207594532  |ddm|=0.00109  |maxRot[o]|=0.0404
macro iter 183 (37 JK  8 micro), CASSCF E = -169.888335604323  dE = 2.9599777e-06  S^2 = 0.0000000
               |grad[o]|=0.000582  |grad[c]|= 0.010650627398591041  |ddm|=0.00137  |maxRot[o]|=0.046
macro iter 184 (35 JK  6 micro), CASSCF E = -169.888348737538  dE = -1.3133214e-05  S^2 = 0.0000000
               |grad[o]|=0.000704  |grad[c]|= 0.0004727592760009066  |ddm|=0.000961  |maxRot[o]|=0.0226
macro iter 185 (22 JK  5 micro), CASSCF E = -169.888355995942  dE = -7.2584041e-06  S^2 = 0.0000000
               |grad[o]|=0.00056  |grad[c]|= 0.0011946741514832905  |ddm|=0.00106  |maxRot[o]|=0.0244
macro iter 186 (7 JK  2 micro), CASSCF E = -169.888368367753  dE = -1.2371811e-05  S^2 = 0.0000000
               |grad[o]|=0.000512  |grad[c]|= 0.000991457902405333  |ddm|=0.000719  |maxRot[o]|=0.0314
macro iter 187 (12 JK  3 micro), CASSCF E = -169.88835583936  dE = 1.2528393e-05  S^2 = 0.0000000
               |grad[o]|=0.00058  |grad[c]|= 0.0019044033468832743  |ddm|=0.000999  |maxRot[o]|=0.0317
macro iter 188 (27 JK  6 micro), CASSCF E = -169.888342544749  dE = 1.3294611e-05  S^2 = 0.0000000
               |grad[o]|=0.000879  |grad[c]|= 0.0027024485833258395  |ddm|=0.00091  |maxRot[o]|=0.0221
macro iter 189 (35 JK  6 micro), CASSCF E = -169.888352355611  dE = -9.8108615e-06  S^2 = 0.0000000
               |grad[o]|=0.000528  |grad[c]|= 0.0002574756850444184  |ddm|=0.000798  |maxRot[o]|=0.0137
macro iter 190 (7 JK  2 micro), CASSCF E = -169.888368151041  dE = -1.5795431e-05  S^2 = 0.0000000
               |grad[o]|=0.000449  |grad[c]|= 0.0016780653297231436  |ddm|=0.000356  |maxRot[o]|=0.0169
macro iter 191 (7 JK  2 micro), CASSCF E = -169.888379789855  dE = -1.1638814e-05  S^2 = 0.0000000
               |grad[o]|=0.000453  |grad[c]|= 0.0022347330815485063  |ddm|=0.000608  |maxRot[o]|=0.0219
macro iter 192 (10 JK  2 micro), CASSCF E = -169.88837752854  dE = 2.2613155e-06  S^2 = 0.0000000
               |grad[o]|=0.000452  |grad[c]|= 0.002521937626779637  |ddm|=0.000396  |maxRot[o]|=0.00665
macro iter 193 (17 JK  4 micro), CASSCF E = -169.888368747825  dE = 8.7807148e-06  S^2 = 0.0000000
               |grad[o]|=0.000877  |grad[c]|= 0.0008903112016278124  |ddm|=0.000689  |maxRot[o]|=0.0188
macro iter 194 (35 JK  6 micro), CASSCF E = -169.888373535389  dE = -4.7875643e-06  S^2 = 0.0000000
               |grad[o]|=0.000445  |grad[c]|= 0.0005157189777288973  |ddm|=0.000678  |maxRot[o]|=0.0052
macro iter 195 (7 JK  2 micro), CASSCF E = -169.888383025185  dE = -9.4897954e-06  S^2 = 0.0000000
               |grad[o]|=0.000356  |grad[c]|= 0.0007646672960425054  |ddm|=0.0004  |maxRot[o]|=0.0177
macro iter 196 (13 JK  3 micro), CASSCF E = -169.88836289006  dE = 2.0135125e-05  S^2 = 0.0000000
               |grad[o]|=0.000317  |grad[c]|= 0.0021569352426523514  |ddm|=0.000724  |maxRot[o]|=0.0253
macro iter 197 (7 JK  2 micro), CASSCF E = -169.888375677295  dE = -1.2787235e-05  S^2 = 0.0000000
               |grad[o]|=0.000518  |grad[c]|= 0.000387883131743802  |ddm|=0.00021  |maxRot[o]|=0.0103
macro iter 198 (7 JK  2 micro), CASSCF E = -169.888386334479  dE = -1.0657184e-05  S^2 = 0.0000000
               |grad[o]|=0.000422  |grad[c]|= 0.0008627430726615765  |ddm|=0.000546  |maxRot[o]|=0.0206
macro iter 199 (18 JK  4 micro), CASSCF E = -169.888379991866  dE = 6.3426121e-06  S^2 = 0.0000000
               |grad[o]|=0.000312  |grad[c]|= 0.0016379796683766933  |ddm|=0.00111  |maxRot[o]|=0.0249
macro iter 200 (27 JK  6 micro), CASSCF E = -169.888379275043  dE = 7.1682371e-07  S^2 = 0.0000000
               |grad[o]|=0.000438  |grad[c]|= 0.0009569888931254138  |ddm|=0.000638  |maxRot[o]|=0.0257
1-step CASSCF not converged, 200 macro (4663 JK 1033 micro) steps
CASSCF canonicalization
Density matrix diagonal elements [1.9905064  1.89515974 1.9442448  1.97851086 1.92233809 1.99156837
 0.03650646 0.07871759 0.09449126 0.06795642]
CASSCF energy = -169.888379275043
CASCI E = -169.888379275043  E(CI) = -34.7359675947714  S^2 = 0.0000000


******** <class 'pyscf.scf.uhf.UHF'> ********
method = UHF
initial guess = minao
damping factor = 0
level_shift factor = 0
DIIS = <class 'pyscf.scf.diis.CDIIS'>
diis_start_cycle = 1
diis_space = 10
SCF conv_tol = 1e-09
SCF conv_tol_grad = None
SCF max_cycles = 1000
direct_scf = True
direct_scf_tol = 1e-13
chkfile to save SCF result = /scratch/global/yangjunjie/test/410949/tmp17wnzse2
max_memory 4000 MB (current use 596 MB)
number electrons alpha = 14  beta = 14
Set gradient conv threshold to 3.16228e-05
init E= -169.602472240056
  alpha nocc = 14  HOMO = 0.40860840773496  LUMO = 0.491227089397296
  beta  nocc = 14  HOMO = 0.408608407735776  LUMO = 0.491227089397293
cycle= 1 E= -169.59952539965  delta_E= 0.00295  |g|= 0.00217  |ddm|= 0.0255
  alpha nocc = 14  HOMO = 0.408696443218171  LUMO = 0.491178971907919
  beta  nocc = 14  HOMO = 0.408696443219128  LUMO = 0.491178971907912
cycle= 2 E= -169.599531459145  delta_E= -6.06e-06  |g|= 0.000933  |ddm|= 0.00424
  alpha nocc = 14  HOMO = 0.408715346423592  LUMO = 0.491164251637226
  beta  nocc = 14  HOMO = 0.408715346424796  LUMO = 0.491164251637218
cycle= 3 E= -169.599533188609  delta_E= -1.73e-06  |g|= 0.00036  |ddm|= 0.00241
  alpha nocc = 14  HOMO = 0.408713537263821  LUMO = 0.491157886801474
  beta  nocc = 14  HOMO = 0.408713537265331  LUMO = 0.491157886801464
cycle= 4 E= -169.599533443366  delta_E= -2.55e-07  |g|= 9.82e-05  |ddm|= 0.00117
  alpha nocc = 14  HOMO = 0.408713003995328  LUMO = 0.491158132119063
  beta  nocc = 14  HOMO = 0.408713003997176  LUMO = 0.49115813211905
cycle= 5 E= -169.59953346833  delta_E= -2.5e-08  |g|= 3.28e-05  |ddm|= 0.000736
  alpha nocc = 14  HOMO = 0.408713075066782  LUMO = 0.491158000921705
  beta  nocc = 14  HOMO = 0.408713075068852  LUMO = 0.491158000921688
cycle= 6 E= -169.599533481785  delta_E= -1.35e-08  |g|= 3.96e-05  |ddm|= 0.000544
  alpha nocc = 14  HOMO = 0.408713141130764  LUMO = 0.491157849549722
  beta  nocc = 14  HOMO = 0.408713141132147  LUMO = 0.491157849549673
cycle= 7 E= -169.599533445426  delta_E= 3.64e-08  |g|= 1.1e-05  |ddm|= 0.00266
  alpha nocc = 14  HOMO = 0.408713197991713  LUMO = 0.491157821824556
  beta  nocc = 14  HOMO = 0.408713197993205  LUMO = 0.491157821824549
cycle= 8 E= -169.599533445986  delta_E= -5.6e-10  |g|= 1.24e-05  |ddm|= 0.000231
  alpha nocc = 14  HOMO = 0.408713186035729  LUMO = 0.491157826136513
  beta  nocc = 14  HOMO = 0.408713186037492  LUMO = 0.491157826136503
Extra cycle  E= -169.599533446666  delta_E= -6.8e-10  |g|= 1.49e-05  |ddm|= 0.000113
converged SCF energy = -169.599533446666  <S^2> = 4.9614611e-08  2S+1 = 1.0000001


******** <class 'pyscf.scf.uhf.UHF'> ********
method = UHF
initial guess = minao
damping factor = 0
level_shift factor = 0
DIIS = <class 'pyscf.scf.diis.CDIIS'>
diis_start_cycle = 1
diis_space = 10
SCF conv_tol = 1e-09
SCF conv_tol_grad = None
SCF max_cycles = 1000
direct_scf = True
direct_scf_tol = 1e-13
chkfile to save SCF result = /scratch/global/yangjunjie/test/410949/tmpawl0dwsc
max_memory 4000 MB (current use 596 MB)
number electrons alpha = 15  beta = 13
Set gradient conv threshold to 3.16228e-05
init E= -169.720681908507
  alpha nocc = 15  HOMO = 0.397872967145878  LUMO = 0.581416083473323
  beta  nocc = 13  HOMO = 0.415432841516477  LUMO = 0.517876108326246
cycle= 1 E= -169.717378698167  delta_E= 0.0033  |g|= 0.00214  |ddm|= 0.0255
  alpha nocc = 15  HOMO = 0.397852189561198  LUMO = 0.580873111032428
  beta  nocc = 13  HOMO = 0.415414604400775  LUMO = 0.518014350327551
cycle= 2 E= -169.717384655601  delta_E= -5.96e-06  |g|= 0.000916  |ddm|= 0.00397
  alpha nocc = 15  HOMO = 0.397829832874  LUMO = 0.580676283788786
  beta  nocc = 13  HOMO = 0.415393642556563  LUMO = 0.518032830235853
cycle= 3 E= -169.71738640273  delta_E= -1.75e-06  |g|= 0.00029  |ddm|= 0.00247
  alpha nocc = 15  HOMO = 0.397826448632047  LUMO = 0.580537112841735
  beta  nocc = 13  HOMO = 0.41539040250345  LUMO = 0.518031502336894
cycle= 4 E= -169.717386574531  delta_E= -1.72e-07  |g|= 7.72e-05  |ddm|= 0.000934
  alpha nocc = 15  HOMO = 0.397826907257116  LUMO = 0.580550547787851
  beta  nocc = 13  HOMO = 0.415390772722397  LUMO = 0.518031802105932
cycle= 5 E= -169.71738658052  delta_E= -5.99e-09  |g|= 1.88e-05  |ddm|= 0.000149
  alpha nocc = 15  HOMO = 0.397826542184933  LUMO = 0.580545683325532
  beta  nocc = 13  HOMO = 0.415390333037674  LUMO = 0.518031796843037
cycle= 6 E= -169.717386581402  delta_E= -8.83e-10  |g|= 1.27e-05  |ddm|= 5.46e-05
  alpha nocc = 15  HOMO = 0.397826591763973  LUMO = 0.580546497736734
  beta  nocc = 13  HOMO = 0.415390378801143  LUMO = 0.51803177075883
Extra cycle  E= -169.717386581705  delta_E= -3.03e-10  |g|= 1.02e-05  |ddm|= 2.36e-05
converged SCF energy = -169.717386581705  <S^2> = 3.0006666  2S+1 = 3.605921
