

******** <class 'pyscf.scf.hf.RHF'> ********
method = RHF
initial guess = minao
damping factor = 0
level_shift factor = 0
DIIS = <class 'pyscf.scf.diis.CDIIS'>
diis_start_cycle = 1
diis_space = 10
SCF conv_tol = 1e-09
SCF conv_tol_grad = None
SCF max_cycles = 1000
direct_scf = True
direct_scf_tol = 1e-13
chkfile to save SCF result = /scratch/global/yangjunjie/test/410946/tmpysvfqujt
max_memory 4000 MB (current use 584 MB)
Set gradient conv threshold to 3.16228e-05
init E= -169.735549249195
  HOMO = 0.462250808980901  LUMO = 0.549817290942207
cycle= 1 E= -169.732022747016  delta_E= 0.00353  |g|= 0.00475  |ddm|= 0.0394
  HOMO = 0.462560162091702  LUMO = 0.550091374889924
cycle= 2 E= -169.732037785186  delta_E= -1.5e-05  |g|= 0.00269  |ddm|= 0.0147
  HOMO = 0.46249352662528  LUMO = 0.55000698447206
cycle= 3 E= -169.732041871158  delta_E= -4.09e-06  |g|= 0.0015  |ddm|= 0.00568
  HOMO = 0.462485057485688  LUMO = 0.549986897617191
cycle= 4 E= -169.732044268973  delta_E= -2.4e-06  |g|= 0.000489  |ddm|= 0.00595
  HOMO = 0.462477701924561  LUMO = 0.549972082630671
cycle= 5 E= -169.732044615322  delta_E= -3.46e-07  |g|= 0.000117  |ddm|= 0.00218
  HOMO = 0.462479988299653  LUMO = 0.549972767392935
cycle= 6 E= -169.732044633002  delta_E= -1.77e-08  |g|= 7.13e-06  |ddm|= 0.000582
  HOMO = 0.462479626688404  LUMO = 0.549972556553941
cycle= 7 E= -169.732044633063  delta_E= -6.17e-11  |g|= 2.14e-06  |ddm|= 3.62e-05
  HOMO = 0.462479583820938  LUMO = 0.549972551389815
Extra cycle  E= -169.732044633069  delta_E= -6.14e-12  |g|= 1.2e-06  |ddm|= 8.97e-06
converged SCF energy = -169.732044633069

******** CASCI flags ********
CAS (6e+6e, 10o), ncore = 8, nvir = 5
natorb = False
canonicalization = True
sorting_mo_energy = False
max_memory 4000 (MB)
******** <class 'pyscf.fci.direct_spin1.FCISolver'> ********
max. cycles = 200
conv_tol = 1e-08
davidson only = False
linear dependence = 1e-10
level shift = 0.001
max iter space = 12
max_memory 4000 MB
nroots = 1
pspace_size = 400
spin = None
Density matrix diagonal elements [1.99855919e+00 1.99929654e+00 1.99818670e+00 1.99804187e+00
 1.99200650e+00 1.99960083e+00 1.68283414e-04 5.30007979e-04
 1.33633457e-02 2.46747570e-04]
CASCI converged
CASCI E = -169.741461901165  E(CI) = -47.0867092674649  S^2 = 0.0000000

******** <class 'pyscf.mcscf.mc1step.CASSCF'> ********
CAS (6e+6e, 10o), ncore = 8, nvir = 5
max_cycle_macro = 50
max_cycle_micro = 4
conv_tol = 1e-07
conv_tol_grad = None
orbital rotation max_stepsize = 0.02
orbital rotation threshold for CI restart = 0.01
augmented hessian ah_max_cycle = 30
augmented hessian ah_conv_tol = 1e-12
augmented hessian ah_linear dependence = 1e-14
augmented hessian ah_level shift = 1e-08
augmented hessian ah_start_tol = 2.5
augmented hessian ah_start_cycle = 3
augmented hessian ah_grad_trust_region = 3
kf_trust_region = 3
kf_interval = 4
ci_response_space = 4
ci_grad_trust_region = 3
with_dep4 0
natorb = False
canonicalization = True
sorting_mo_energy = False
ao2mo_level = 2
chkfile = /scratch/global/yangjunjie/test/410946/tmpysvfqujt
max_memory 4000 MB (current use 584 MB)
internal_rotation = False
******** <class 'pyscf.fci.direct_spin1.FCISolver'> ********
max. cycles = 50
conv_tol = 1e-08
davidson only = False
linear dependence = 1e-10
level shift = 0.001
max iter space = 12
max_memory 4000 MB
nroots = 1
pspace_size = 400
spin = None
CASCI E = -169.741461901165  S^2 = 0.0000000
Set conv_tol_grad to 0.000316228
macro iter 1 (21 JK  4 micro), CASSCF E = -169.742395325481  dE = -0.00093342432  S^2 = 0.0000000
               |grad[o]|=0.0129  |grad[c]|= 0.024446713028009007  |ddm|=0.0072  |maxRot[o]|= 0.21
macro iter 2 (21 JK  4 micro), CASSCF E = -169.743810384102  dE = -0.0014150586  S^2 = 0.0000000
               |grad[o]|=0.00969  |grad[c]|= 0.028896623165441213  |ddm|=0.0243  |maxRot[o]|=0.212
macro iter 3 (21 JK  4 micro), CASSCF E = -169.747932136213  dE = -0.0041217521  S^2 = 0.0000000
               |grad[o]|=0.0108  |grad[c]|= 0.036739541504649254  |ddm|=0.0138  |maxRot[o]|=0.284
macro iter 4 (21 JK  4 micro), CASSCF E = -169.757927868249  dE = -0.009995732  S^2 = 0.0000000
               |grad[o]|=0.0192  |grad[c]|= 0.04150967585123814  |ddm|=0.0164  |maxRot[o]|=0.314
macro iter 5 (21 JK  4 micro), CASSCF E = -169.768467312229  dE = -0.010539444  S^2 = 0.0000000
               |grad[o]|=0.0342  |grad[c]|= 0.0366191056996998  |ddm|=0.0301  |maxRot[o]|=0.271
macro iter 6 (21 JK  4 micro), CASSCF E = -169.772393229213  dE = -0.003925917  S^2 = 0.0000000
               |grad[o]|=0.0358  |grad[c]|= 0.015399929828611304  |ddm|=0.0158  |maxRot[o]|=0.269
macro iter 7 (21 JK  4 micro), CASSCF E = -169.775729738534  dE = -0.0033365093  S^2 = 0.0000000
               |grad[o]|=0.0279  |grad[c]|= 0.01403928415959437  |ddm|=0.00577  |maxRot[o]|=0.315
macro iter 8 (21 JK  4 micro), CASSCF E = -169.782727595659  dE = -0.0069978571  S^2 = 0.0000000
               |grad[o]|=0.0241  |grad[c]|= 0.031463579520673905  |ddm|=0.0102  |maxRot[o]|=0.303
macro iter 9 (21 JK  4 micro), CASSCF E = -169.794197732794  dE = -0.011470137  S^2 = 0.0000000
               |grad[o]|=0.0205  |grad[c]|= 0.09213365891978521  |ddm|=0.0474  |maxRot[o]|=0.222
macro iter 10 (21 JK  4 micro), CASSCF E = -169.806104036773  dE = -0.011906304  S^2 = 0.0000000
               |grad[o]|=0.0301  |grad[c]|= 0.05313587991591573  |ddm|=0.0736  |maxRot[o]|=0.176
macro iter 11 (21 JK  4 micro), CASSCF E = -169.816238902521  dE = -0.010134866  S^2 = 0.0000000
               |grad[o]|=0.0347  |grad[c]|= 0.044884578424001106  |ddm|=0.0682  |maxRot[o]|=0.142
macro iter 12 (21 JK  4 micro), CASSCF E = -169.827131324328  dE = -0.010892422  S^2 = 0.0000000
               |grad[o]|=0.0338  |grad[c]|= 0.035543372226401436  |ddm|=0.0536  |maxRot[o]|=0.152
macro iter 13 (21 JK  4 micro), CASSCF E = -169.83554647921  dE = -0.0084151549  S^2 = 0.0000000
               |grad[o]|=0.0291  |grad[c]|= 0.03227965544420259  |ddm|=0.0465  |maxRot[o]|=0.148
macro iter 14 (21 JK  4 micro), CASSCF E = -169.84051322335  dE = -0.0049667441  S^2 = 0.0000000
               |grad[o]|=0.0226  |grad[c]|= 0.026778848129053373  |ddm|=0.0373  |maxRot[o]|=0.114
macro iter 15 (21 JK  4 micro), CASSCF E = -169.843374926384  dE = -0.002861703  S^2 = 0.0000000
               |grad[o]|=0.0174  |grad[c]|= 0.012984542458430084  |ddm|=0.0196  |maxRot[o]|=0.111
macro iter 16 (21 JK  4 micro), CASSCF E = -169.844762850043  dE = -0.0013879237  S^2 = 0.0000000
               |grad[o]|=0.014  |grad[c]|= 0.006462438119865413  |ddm|=0.00714  |maxRot[o]|=0.159
macro iter 17 (21 JK  4 micro), CASSCF E = -169.845990390145  dE = -0.0012275401  S^2 = 0.0000000
               |grad[o]|=0.0289  |grad[c]|= 0.010107462672377308  |ddm|=0.0058  |maxRot[o]|=0.106
macro iter 18 (21 JK  4 micro), CASSCF E = -169.846699996418  dE = -0.00070960627  S^2 = 0.0000000
               |grad[o]|=0.0147  |grad[c]|= 0.006993931383912087  |ddm|=0.00437  |maxRot[o]|=0.0562
macro iter 19 (21 JK  4 micro), CASSCF E = -169.847142787002  dE = -0.00044279058  S^2 = 0.0000000
               |grad[o]|=0.0113  |grad[c]|= 0.003865274942270329  |ddm|=0.00221  |maxRot[o]|=0.0534
macro iter 20 (12 JK  3 micro), CASSCF E = -169.847263033901  dE = -0.0001202469  S^2 = 0.0000000
               |grad[o]|=0.00983  |grad[c]|= 0.002415608274035969  |ddm|=0.00553  |maxRot[o]|=0.149
macro iter 21 (21 JK  4 micro), CASSCF E = -169.847859865405  dE = -0.0005968315  S^2 = 0.0000000
               |grad[o]|=0.0398  |grad[c]|= 0.00904826129546882  |ddm|=0.00228  |maxRot[o]|=0.0452
macro iter 22 (21 JK  4 micro), CASSCF E = -169.848310279637  dE = -0.00045041423  S^2 = 0.0000000
               |grad[o]|=0.0206  |grad[c]|= 0.016025805340633786  |ddm|=0.00138  |maxRot[o]|=0.111
macro iter 23 (21 JK  4 micro), CASSCF E = -169.848526777625  dE = -0.00021649799  S^2 = 0.0000000
               |grad[o]|=0.00908  |grad[c]|= 0.014485964478490907  |ddm|=0.00168  |maxRot[o]|=0.069
macro iter 24 (21 JK  4 micro), CASSCF E = -169.84864509202  dE = -0.00011831439  S^2 = 0.0000000
               |grad[o]|=0.00682  |grad[c]|= 0.013870170196755283  |ddm|=0.00195  |maxRot[o]|=0.0563
macro iter 25 (21 JK  4 micro), CASSCF E = -169.84871621816  dE = -7.112614e-05  S^2 = 0.0000000
               |grad[o]|=0.00578  |grad[c]|= 0.01413939209508712  |ddm|=0.00221  |maxRot[o]|=0.0518
macro iter 26 (21 JK  4 micro), CASSCF E = -169.84875984758  dE = -4.3629421e-05  S^2 = 0.0000000
               |grad[o]|=0.0054  |grad[c]|= 0.014794518105605276  |ddm|=0.00238  |maxRot[o]|=0.0473
macro iter 27 (21 JK  4 micro), CASSCF E = -169.848772571421  dE = -1.272384e-05  S^2 = 0.0000000
               |grad[o]|=0.00528  |grad[c]|= 0.01552872748366246  |ddm|=0.00246  |maxRot[o]|=0.0438
macro iter 28 (21 JK  4 micro), CASSCF E = -169.848794223695  dE = -2.1652274e-05  S^2 = 0.0000000
               |grad[o]|=0.00518  |grad[c]|= 0.016210095257038516  |ddm|=0.00248  |maxRot[o]|=0.0383
macro iter 29 (21 JK  4 micro), CASSCF E = -169.848820971601  dE = -2.6747906e-05  S^2 = 0.0000000
               |grad[o]|=0.0051  |grad[c]|= 0.01675536688511749  |ddm|=0.00244  |maxRot[o]|=0.0332
macro iter 30 (21 JK  4 micro), CASSCF E = -169.848848277012  dE = -2.7305411e-05  S^2 = 0.0000000
               |grad[o]|=0.00504  |grad[c]|= 0.01714767860800249  |ddm|=0.00234  |maxRot[o]|=0.0286
macro iter 31 (21 JK  4 micro), CASSCF E = -169.848877074081  dE = -2.8797069e-05  S^2 = 0.0000000
               |grad[o]|=0.00499  |grad[c]|= 0.01743316345301402  |ddm|=0.00222  |maxRot[o]|=0.0246
macro iter 32 (21 JK  4 micro), CASSCF E = -169.848908487183  dE = -3.1413102e-05  S^2 = 0.0000000
               |grad[o]|=0.00497  |grad[c]|= 0.017638462580830364  |ddm|=0.00213  |maxRot[o]|=0.0211
macro iter 33 (21 JK  4 micro), CASSCF E = -169.848942507416  dE = -3.4020234e-05  S^2 = 0.0000000
               |grad[o]|=0.00496  |grad[c]|= 0.017765474226670432  |ddm|=0.00203  |maxRot[o]|=0.0177
macro iter 34 (21 JK  4 micro), CASSCF E = -169.848985609423  dE = -4.3102006e-05  S^2 = 0.0000000
               |grad[o]|=0.00498  |grad[c]|= 0.017637179399539318  |ddm|=0.00188  |maxRot[o]|=0.0127
macro iter 35 (21 JK  4 micro), CASSCF E = -169.849041678941  dE = -5.6069518e-05  S^2 = 0.0000000
               |grad[o]|=0.00506  |grad[c]|= 0.017565515192614484  |ddm|=0.00184  |maxRot[o]|= 0.01
macro iter 36 (21 JK  4 micro), CASSCF E = -169.849110540751  dE = -6.8861811e-05  S^2 = 0.0000000
               |grad[o]|=0.00509  |grad[c]|= 0.01741048257523984  |ddm|=0.00177  |maxRot[o]|=0.00816
macro iter 37 (21 JK  4 micro), CASSCF E = -169.849200377925  dE = -8.9837174e-05  S^2 = 0.0000000
               |grad[o]|=0.00516  |grad[c]|= 0.01729107408571499  |ddm|=0.00168  |maxRot[o]|=0.0134
macro iter 38 (21 JK  4 micro), CASSCF E = -169.849316332304  dE = -0.00011595438  S^2 = 0.0000000
               |grad[o]|=0.00527  |grad[c]|= 0.017258204704061027  |ddm|=0.0016  |maxRot[o]|=0.0302
macro iter 39 (21 JK  4 micro), CASSCF E = -169.849485232325  dE = -0.00016890002  S^2 = 0.0000000
               |grad[o]|=0.00541  |grad[c]|= 0.01653149140921834  |ddm|=0.00159  |maxRot[o]|=0.0619
macro iter 40 (21 JK  4 micro), CASSCF E = -169.849609796535  dE = -0.00012456421  S^2 = 0.0000000
               |grad[o]|=0.00564  |grad[c]|= 0.016231931706272806  |ddm|=0.00168  |maxRot[o]|=0.0441
macro iter 41 (21 JK  4 micro), CASSCF E = -169.849654615815  dE = -4.481928e-05  S^2 = 0.0000000
               |grad[o]|=0.00583  |grad[c]|= 0.016251159597634898  |ddm|=0.00182  |maxRot[o]|=0.0326
macro iter 42 (21 JK  4 micro), CASSCF E = -169.849670944494  dE = -1.6328679e-05  S^2 = 0.0000000
               |grad[o]|=0.00592  |grad[c]|= 0.015633693529226608  |ddm|=0.00196  |maxRot[o]|=0.0168
macro iter 43 (21 JK  4 micro), CASSCF E = -169.849682218729  dE = -1.1274235e-05  S^2 = 0.0000000
               |grad[o]|=0.00596  |grad[c]|= 0.015552648167606159  |ddm|=0.00202  |maxRot[o]|=0.052
macro iter 44 (21 JK  4 micro), CASSCF E = -169.849725715929  dE = -4.34972e-05  S^2 = 0.0000000
               |grad[o]|=0.00603  |grad[c]|= 0.015435347616307563  |ddm|=0.00206  |maxRot[o]|=0.0751
macro iter 45 (21 JK  4 micro), CASSCF E = -169.849725546639  dE = 1.6928951e-07  S^2 = 0.0000000
               |grad[o]|=0.00612  |grad[c]|= 0.015419702571546429  |ddm|=0.00213  |maxRot[o]|=0.0623
macro iter 46 (21 JK  4 micro), CASSCF E = -169.85036149392  dE = -0.00063594728  S^2 = 0.0000000
               |grad[o]|=0.00613  |grad[c]|= 0.0044055615552809095  |ddm|=0.00229  |maxRot[o]|=0.048
macro iter 47 (21 JK  4 micro), CASSCF E = -169.851802917237  dE = -0.0014414233  S^2 = 0.0000000
               |grad[o]|=0.00703  |grad[c]|= 0.008772943057393555  |ddm|=0.00239  |maxRot[o]|=0.0875
macro iter 48 (12 JK  3 micro), CASSCF E = -169.853993871057  dE = -0.0021909538  S^2 = 0.0000000
               |grad[o]|=0.00878  |grad[c]|= 0.00437864285743583  |ddm|=0.00529  |maxRot[o]|=0.111
macro iter 49 (17 JK  4 micro), CASSCF E = -169.856870228976  dE = -0.0028763579  S^2 = 0.0000000
               |grad[o]|=0.0108  |grad[c]|= 0.023803555018465723  |ddm|=0.00702  |maxRot[o]|=0.113
macro iter 50 (21 JK  4 micro), CASSCF E = -169.857990056713  dE = -0.0011198277  S^2 = 0.0000000
               |grad[o]|=0.0117  |grad[c]|= 0.012983937323993451  |ddm|=0.00508  |maxRot[o]|=0.0558
1-step CASSCF not converged, 50 macro (1028 JK 198 micro) steps
CASSCF canonicalization
Density matrix diagonal elements [1.99841931 1.91919463 1.9851511  1.99361448 1.9321494  1.9985518
 0.00639743 0.07459062 0.07448843 0.0174428 ]
CASSCF energy = -169.857990056713
CASCI E = -169.857990056713  E(CI) = -51.3680587526944  S^2 = 0.0000000


******** <class 'pyscf.scf.uhf.UHF'> ********
method = UHF
initial guess = minao
damping factor = 0
level_shift factor = 0
DIIS = <class 'pyscf.scf.diis.CDIIS'>
diis_start_cycle = 1
diis_space = 10
SCF conv_tol = 1e-09
SCF conv_tol_grad = None
SCF max_cycles = 1000
direct_scf = True
direct_scf_tol = 1e-13
chkfile to save SCF result = /scratch/global/yangjunjie/test/410946/tmp2iibeapx
max_memory 4000 MB (current use 584 MB)
number electrons alpha = 14  beta = 14
Set gradient conv threshold to 3.16228e-05
init E= -169.598282586603
  alpha nocc = 14  HOMO = 0.408542960555896  LUMO = 0.491147723821497
  beta  nocc = 14  HOMO = 0.408542960556944  LUMO = 0.491147723821495
cycle= 1 E= -169.59511378474  delta_E= 0.00317  |g|= 0.00212  |ddm|= 0.0256
  alpha nocc = 14  HOMO = 0.408703351385064  LUMO = 0.491172521547851
  beta  nocc = 14  HOMO = 0.40870335138628  LUMO = 0.49117252154785
cycle= 2 E= -169.595119628708  delta_E= -5.84e-06  |g|= 0.00091  |ddm|= 0.00413
  alpha nocc = 14  HOMO = 0.408721301671676  LUMO = 0.491155608414513
  beta  nocc = 14  HOMO = 0.4087213016732  LUMO = 0.49115560841451
cycle= 3 E= -169.595121340197  delta_E= -1.71e-06  |g|= 0.000315  |ddm|= 0.00264
  alpha nocc = 14  HOMO = 0.408718741015633  LUMO = 0.491150664342551
  beta  nocc = 14  HOMO = 0.408718741017506  LUMO = 0.491150664342552
cycle= 4 E= -169.595121592268  delta_E= -2.52e-07  |g|= 0.000115  |ddm|= 0.00184
  alpha nocc = 14  HOMO = 0.408718682622312  LUMO = 0.491151029242703
  beta  nocc = 14  HOMO = 0.408718682624473  LUMO = 0.491151029242705
cycle= 5 E= -169.595121699482  delta_E= -1.07e-07  |g|= 9.99e-05  |ddm|= 0.00181
  alpha nocc = 14  HOMO = 0.40871848842496  LUMO = 0.491151330321788
  beta  nocc = 14  HOMO = 0.408718488426545  LUMO = 0.491151330321815
cycle= 6 E= -169.595121530632  delta_E= 1.69e-07  |g|= 5.26e-05  |ddm|= 0.00387
  alpha nocc = 14  HOMO = 0.408718824327985  LUMO = 0.49115078796472
  beta  nocc = 14  HOMO = 0.408718824329369  LUMO = 0.491150787964741
cycle= 7 E= -169.595121513825  delta_E= 1.68e-08  |g|= 4e-05  |ddm|= 0.00338
  alpha nocc = 14  HOMO = 0.408718603610593  LUMO = 0.491150958831672
  beta  nocc = 14  HOMO = 0.408718603611389  LUMO = 0.491150958831761
cycle= 8 E= -169.595121503553  delta_E= 1.03e-08  |g|= 2.6e-05  |ddm|= 0.000611
  alpha nocc = 14  HOMO = 0.408719377330505  LUMO = 0.491150349504572
  beta  nocc = 14  HOMO = 0.408719377330733  LUMO = 0.491150349504477
cycle= 9 E= -169.595121498686  delta_E= 4.87e-09  |g|= 4.04e-06  |ddm|= 0.000654
  alpha nocc = 14  HOMO = 0.408718823106319  LUMO = 0.491150756229466
  beta  nocc = 14  HOMO = 0.408718823106333  LUMO = 0.491150756229528
cycle= 10 E= -169.595121498713  delta_E= -2.7e-11  |g|= 8.39e-07  |ddm|= 3.05e-05
  alpha nocc = 14  HOMO = 0.408718967466456  LUMO = 0.491150630081384
  beta  nocc = 14  HOMO = 0.408718967466509  LUMO = 0.491150630081395
Extra cycle  E= -169.595121498719  delta_E= -5.8e-12  |g|= 7.07e-07  |ddm|= 1.35e-05
converged SCF energy = -169.595121498719  <S^2> = 6.0618888e-10  2S+1 = 1


******** <class 'pyscf.scf.uhf.UHF'> ********
method = UHF
initial guess = minao
damping factor = 0
level_shift factor = 0
DIIS = <class 'pyscf.scf.diis.CDIIS'>
diis_start_cycle = 1
diis_space = 10
SCF conv_tol = 1e-09
SCF conv_tol_grad = None
SCF max_cycles = 1000
direct_scf = True
direct_scf_tol = 1e-13
chkfile to save SCF result = /scratch/global/yangjunjie/test/410946/tmp04ewfk9i
max_memory 4000 MB (current use 584 MB)
number electrons alpha = 15  beta = 13
Set gradient conv threshold to 3.16228e-05
init E= -169.726736162909
  alpha nocc = 15  HOMO = 0.414039156497652  LUMO = 0.771043314305427
  beta  nocc = 13  HOMO = 0.367592198451255  LUMO = 0.549285619348572
cycle= 1 E= -169.724453617109  delta_E= 0.00228  |g|= 0.00265  |ddm|= 0.0297
  alpha nocc = 15  HOMO = 0.413684765348884  LUMO = 0.770421790918867
  beta  nocc = 13  HOMO = 0.36755199311423  LUMO = 0.549019262844959
cycle= 2 E= -169.72446251771  delta_E= -8.9e-06  |g|= 0.00116  |ddm|= 0.00774
  alpha nocc = 15  HOMO = 0.413697608713016  LUMO = 0.770410542348359
  beta  nocc = 13  HOMO = 0.367565419466776  LUMO = 0.549038793516851
cycle= 3 E= -169.724465765441  delta_E= -3.25e-06  |g|= 0.00067  |ddm|= 0.00437
  alpha nocc = 15  HOMO = 0.413693620070843  LUMO = 0.770307344280925
  beta  nocc = 13  HOMO = 0.3674548609316  LUMO = 0.549041934674038
cycle= 4 E= -169.724467504697  delta_E= -1.74e-06  |g|= 0.000463  |ddm|= 0.00303
  alpha nocc = 15  HOMO = 0.413699635533811  LUMO = 0.770288824349059
  beta  nocc = 13  HOMO = 0.367536396574488  LUMO = 0.549047505600708
cycle= 5 E= -169.724468461535  delta_E= -9.57e-07  |g|= 0.000345  |ddm|= 0.00234
  alpha nocc = 15  HOMO = 0.413702512286798  LUMO = 0.770226104971273
  beta  nocc = 13  HOMO = 0.367608898466597  LUMO = 0.54905660045689
cycle= 6 E= -169.724469507136  delta_E= -1.05e-06  |g|= 0.000101  |ddm|= 0.00517
  alpha nocc = 15  HOMO = 0.413705239107728  LUMO = 0.770220122161294
  beta  nocc = 13  HOMO = 0.367647426273201  LUMO = 0.549057045364992
cycle= 7 E= -169.724469557737  delta_E= -5.06e-08  |g|= 4.21e-05  |ddm|= 0.00105
  alpha nocc = 15  HOMO = 0.413704431946165  LUMO = 0.770219340700312
  beta  nocc = 13  HOMO = 0.367655915765579  LUMO = 0.549056610598233
cycle= 8 E= -169.724469564559  delta_E= -6.82e-09  |g|= 3.31e-05  |ddm|= 0.000249
  alpha nocc = 15  HOMO = 0.413704354399331  LUMO = 0.770219459337208
  beta  nocc = 13  HOMO = 0.367658143430781  LUMO = 0.549056538290999
cycle= 9 E= -169.724469566726  delta_E= -2.17e-09  |g|= 3.46e-05  |ddm|= 5.74e-05
  alpha nocc = 15  HOMO = 0.413704163244837  LUMO = 0.770220223595069
  beta  nocc = 13  HOMO = 0.367661761737595  LUMO = 0.549056547537938
cycle= 10 E= -169.724469557373  delta_E= 9.35e-09  |g|= 1.96e-05  |ddm|= 0.000339
  alpha nocc = 15  HOMO = 0.413704197548499  LUMO = 0.770220296082039
  beta  nocc = 13  HOMO = 0.367662596076855  LUMO = 0.549056466421352
cycle= 11 E= -169.724469557623  delta_E= -2.5e-10  |g|= 1.37e-05  |ddm|= 0.000113
  alpha nocc = 15  HOMO = 0.413704212776628  LUMO = 0.770219837816356
  beta  nocc = 13  HOMO = 0.367662435178282  LUMO = 0.549056432981779
Extra cycle  E= -169.724469558126  delta_E= -5.03e-10  |g|= 1.17e-05  |ddm|= 4.2e-05
converged SCF energy = -169.724469558126  <S^2> = 4.0561805  2S+1 = 4.1502677
