

******** <class 'pyscf.scf.hf.RHF'> ********
method = RHF
initial guess = minao
damping factor = 0
level_shift factor = 0
DIIS = <class 'pyscf.scf.diis.CDIIS'>
diis_start_cycle = 1
diis_space = 10
SCF conv_tol = 1e-09
SCF conv_tol_grad = None
SCF max_cycles = 1000
direct_scf = True
direct_scf_tol = 1e-13
chkfile to save SCF result = /scratch/global/yangjunjie/test/410949/tmpmkif9e7f
max_memory 4000 MB (current use 578 MB)
Set gradient conv threshold to 3.16228e-05
init E= -169.749159649842
  HOMO = 0.464324811161892  LUMO = 0.552243126689034
cycle= 1 E= -169.747356158482  delta_E= 0.0018  |g|= 0.00457  |ddm|= 0.0379
  HOMO = 0.464447366377526  LUMO = 0.552430782092221
cycle= 2 E= -169.747370511694  delta_E= -1.44e-05  |g|= 0.00246  |ddm|= 0.0131
  HOMO = 0.464393976114412  LUMO = 0.552413839522521
cycle= 3 E= -169.747374651005  delta_E= -4.14e-06  |g|= 0.00158  |ddm|= 0.00582
  HOMO = 0.464394382489493  LUMO = 0.552467280756887
cycle= 4 E= -169.747377106098  delta_E= -2.46e-06  |g|= 0.000528  |ddm|= 0.00534
  HOMO = 0.46438331497451  LUMO = 0.552484824080515
cycle= 5 E= -169.747377548307  delta_E= -4.42e-07  |g|= 0.000126  |ddm|= 0.00248
  HOMO = 0.464385022687247  LUMO = 0.552485538430129
cycle= 6 E= -169.747377570238  delta_E= -2.19e-08  |g|= 7.92e-06  |ddm|= 0.000698
  HOMO = 0.464385019770471  LUMO = 0.552485773463948
cycle= 7 E= -169.747377570363  delta_E= -1.25e-10  |g|= 2.54e-06  |ddm|= 5.09e-05
  HOMO = 0.464385034328729  LUMO = 0.552485859490925
Extra cycle  E= -169.747377570377  delta_E= -1.32e-11  |g|= 1.35e-06  |ddm|= 1.29e-05
converged SCF energy = -169.747377570377

******** CASCI flags ********
CAS (6e+6e, 9o), ncore = 8, nvir = 6
natorb = False
canonicalization = True
sorting_mo_energy = False
max_memory 4000 (MB)
******** <class 'pyscf.fci.direct_spin1.FCISolver'> ********
max. cycles = 200
conv_tol = 1e-08
davidson only = False
linear dependence = 1e-10
level shift = 0.001
max iter space = 12
max_memory 4000 MB
nroots = 1
pspace_size = 400
spin = None
Density matrix diagonal elements [1.99871096e+00 1.99835912e+00 1.99538265e+00 1.99862032e+00
 1.99862037e+00 1.99102271e+00 8.55323756e-03 1.32995785e-03
 9.40068344e-03]
CASCI converged
CASCI E = -169.756881102677  E(CI) = -46.7495646185838  S^2 = 0.0000000

******** <class 'pyscf.mcscf.mc1step.CASSCF'> ********
CAS (6e+6e, 9o), ncore = 8, nvir = 6
max_cycle_macro = 200
max_cycle_micro = 200
conv_tol = 1e-07
conv_tol_grad = None
orbital rotation max_stepsize = 0.02
orbital rotation threshold for CI restart = 0.01
augmented hessian ah_max_cycle = 30
augmented hessian ah_conv_tol = 1e-12
augmented hessian ah_linear dependence = 1e-14
augmented hessian ah_level shift = 1e-08
augmented hessian ah_start_tol = 2.5
augmented hessian ah_start_cycle = 3
augmented hessian ah_grad_trust_region = 3
kf_trust_region = 3
kf_interval = 4
ci_response_space = 4
ci_grad_trust_region = 3
with_dep4 0
natorb = False
canonicalization = True
sorting_mo_energy = False
ao2mo_level = 2
chkfile = /scratch/global/yangjunjie/test/410949/tmpmkif9e7f
max_memory 4000 MB (current use 578 MB)
internal_rotation = False
******** <class 'pyscf.fci.direct_spin1.FCISolver'> ********
max. cycles = 200
conv_tol = 1e-08
davidson only = False
linear dependence = 1e-10
level shift = 0.001
max iter space = 12
max_memory 4000 MB
nroots = 1
pspace_size = 400
spin = None
CASCI E = -169.756881102677  S^2 = 0.0000000
Set conv_tol_grad to 0.000316228
macro iter 1 (37 JK  8 micro), CASSCF E = -169.766237885409  dE = -0.0093567827  S^2 = 0.0000000
               |grad[o]|=0.0127  |grad[c]|= 0.0585955376277004  |ddm|=0.075  |maxRot[o]|=0.531
macro iter 2 (37 JK  8 micro), CASSCF E = -169.778588344643  dE = -0.012350459  S^2 = 0.0000000
               |grad[o]|=0.0168  |grad[c]|= 0.06636052871124334  |ddm|=0.0358  |maxRot[o]|=0.265
macro iter 3 (37 JK  8 micro), CASSCF E = -169.803039802197  dE = -0.024451458  S^2 = 0.0000000
               |grad[o]|=0.0262  |grad[c]|= 0.10929602789715359  |ddm|=0.058  |maxRot[o]|=0.284
macro iter 4 (37 JK  8 micro), CASSCF E = -169.815353212008  dE = -0.01231341  S^2 = 0.0000000
               |grad[o]|=0.0382  |grad[c]|= 0.04202949131095461  |ddm|=0.0439  |maxRot[o]|=0.241
macro iter 5 (37 JK  8 micro), CASSCF E = -169.827263321074  dE = -0.011910109  S^2 = 0.0000000
               |grad[o]|=0.0311  |grad[c]|= 0.08389659690217549  |ddm|=0.108  |maxRot[o]|=0.237
macro iter 6 (37 JK  8 micro), CASSCF E = -169.836517606229  dE = -0.0092542852  S^2 = 0.0000000
               |grad[o]|=0.0358  |grad[c]|= 0.026376052918789555  |ddm|=0.0583  |maxRot[o]|=0.139
macro iter 7 (37 JK  8 micro), CASSCF E = -169.844277135274  dE = -0.007759529  S^2 = 0.0000000
               |grad[o]|=0.036  |grad[c]|= 0.019770918120454756  |ddm|=0.0597  |maxRot[o]|=0.0862
macro iter 8 (37 JK  8 micro), CASSCF E = -169.85098599848  dE = -0.0067088632  S^2 = 0.0000000
               |grad[o]|=0.0353  |grad[c]|= 0.017460654957396435  |ddm|=0.0527  |maxRot[o]|=0.0798
macro iter 9 (37 JK  8 micro), CASSCF E = -169.857029277613  dE = -0.0060432791  S^2 = 0.0000000
               |grad[o]|=0.034  |grad[c]|= 0.01611786121959076  |ddm|=0.0488  |maxRot[o]|=0.0799
macro iter 10 (37 JK  8 micro), CASSCF E = -169.864456173335  dE = -0.0074268957  S^2 = 0.0000000
               |grad[o]|=0.032  |grad[c]|= 0.02017278712578105  |ddm|=0.0585  |maxRot[o]|=0.109
macro iter 11 (37 JK  8 micro), CASSCF E = -169.87001729161  dE = -0.0055611183  S^2 = 0.0000000
               |grad[o]|=0.0284  |grad[c]|= 0.0146636760198811  |ddm|=0.0438  |maxRot[o]|=0.0936
macro iter 12 (12 JK  3 micro), CASSCF E = -169.874736599107  dE = -0.0047193075  S^2 = 0.0000000
               |grad[o]|=0.0244  |grad[c]|= 0.031037073714215723  |ddm|=0.0446  |maxRot[o]|=0.0906
macro iter 13 (37 JK  8 micro), CASSCF E = -169.877964735871  dE = -0.0032281368  S^2 = 0.0000000
               |grad[o]|=0.0196  |grad[c]|= 0.01401864917205689  |ddm|=0.0324  |maxRot[o]|=0.082
macro iter 14 (37 JK  8 micro), CASSCF E = -169.88019845862  dE = -0.0022337227  S^2 = 0.0000000
               |grad[o]|=0.0152  |grad[c]|= 0.027383736181239376  |ddm|=0.0392  |maxRot[o]|=0.0825
macro iter 15 (37 JK  8 micro), CASSCF E = -169.881326791111  dE = -0.0011283325  S^2 = 0.0000000
               |grad[o]|=0.0108  |grad[c]|= 0.00790753612586861  |ddm|=0.0164  |maxRot[o]|=0.059
macro iter 16 (22 JK  5 micro), CASSCF E = -169.881984858409  dE = -0.0006580673  S^2 = 0.0000000
               |grad[o]|=0.00726  |grad[c]|= 0.020250113832412826  |ddm|=0.0176  |maxRot[o]|=0.0849
macro iter 17 (12 JK  3 micro), CASSCF E = -169.882199869231  dE = -0.00021501082  S^2 = 0.0000000
               |grad[o]|=0.00452  |grad[c]|= 0.013890240739241418  |ddm|=0.00578  |maxRot[o]|=0.0662
macro iter 18 (22 JK  5 micro), CASSCF E = -169.882152357681  dE = 4.751155e-05  S^2 = 0.0000000
               |grad[o]|=0.0035  |grad[c]|= 0.03572578635517951  |ddm|=0.0104  |maxRot[o]|=0.0832
macro iter 19 (37 JK  8 micro), CASSCF E = -169.882309169241  dE = -0.00015681156  S^2 = 0.0000000
               |grad[o]|=0.00264  |grad[c]|= 0.0041073090864768265  |ddm|=0.00149  |maxRot[o]|=0.0772
macro iter 20 (37 JK  8 micro), CASSCF E = -169.882383903649  dE = -7.4734408e-05  S^2 = 0.0000000
               |grad[o]|=0.00214  |grad[c]|= 0.0014432271938805347  |ddm|=0.00171  |maxRot[o]|=0.0402
macro iter 21 (37 JK  8 micro), CASSCF E = -169.882397931435  dE = -1.4027786e-05  S^2 = 0.0000000
               |grad[o]|=0.00175  |grad[c]|= 0.0010689955734182242  |ddm|=0.00186  |maxRot[o]|=0.0181
macro iter 22 (22 JK  5 micro), CASSCF E = -169.882432578847  dE = -3.4647412e-05  S^2 = 0.0000000
               |grad[o]|=0.00143  |grad[c]|= 0.006040723933011094  |ddm|=0.00131  |maxRot[o]|=0.0429
macro iter 23 (7 JK  2 micro), CASSCF E = -169.8825086117  dE = -7.6032853e-05  S^2 = 0.0000000
               |grad[o]|=0.00124  |grad[c]|= 0.005133693570267957  |ddm|=0.00113  |maxRot[o]|=0.0649
macro iter 24 (7 JK  2 micro), CASSCF E = -169.88256069946  dE = -5.208776e-05  S^2 = 0.0000000
               |grad[o]|=0.00106  |grad[c]|= 0.005280125528044749  |ddm|=0.00155  |maxRot[o]|=0.0674
macro iter 25 (5 JK  2 micro), CASSCF E = -169.882574592935  dE = -1.3893476e-05  S^2 = 0.0000000
               |grad[o]|=0.000892  |grad[c]|= 0.0012666238601671074  |ddm|=0.00102  |maxRot[o]|=0.0294
macro iter 26 (5 JK  2 micro), CASSCF E = -169.882582901053  dE = -8.3081182e-06  S^2 = 0.0000000
               |grad[o]|=0.000739  |grad[c]|= 0.001044418894322263  |ddm|=0.00123  |maxRot[o]|=0.0288
macro iter 27 (3 JK  1 micro), CASSCF E = -169.882585576363  dE = -2.6753099e-06  S^2 = 0.0000000
               |grad[o]|=0.00052  |grad[c]|= 0.001588045051989571  |ddm|=0.000878  |maxRot[o]|=0.0182
macro iter 28 (3 JK  1 micro), CASSCF E = -169.882586182324  dE = -6.0596057e-07  S^2 = 0.0000000
               |grad[o]|=0.000311  |grad[c]|= 0.0006184544192837769  |ddm|=0.000522  |maxRot[o]|=0.0062
macro iter 29 (3 JK  1 micro), CASSCF E = -169.8825865319  dE = -3.4957634e-07  S^2 = 0.0000000
               |grad[o]|=0.00019  |grad[c]|= 0.0003846590499265062  |ddm|=0.000334  |maxRot[o]|=0.00308
macro iter 30 (3 JK  1 micro), CASSCF E = -169.88258694022  dE = -4.0832003e-07  S^2 = 0.0000000
               |grad[o]|=0.000133  |grad[c]|= 0.0003976978363179205  |ddm|=0.000227  |maxRot[o]|=0.00442
macro iter 31 (3 JK  1 micro), CASSCF E = -169.882587542927  dE = -6.0270659e-07  S^2 = 0.0000000
               |grad[o]|=0.000105  |grad[c]|= 0.00048465339911087356  |ddm|=0.000158  |maxRot[o]|=0.00589
macro iter 32 (3 JK  1 micro), CASSCF E = -169.882588481907  dE = -9.3898066e-07  S^2 = 0.0000000
               |grad[o]|=9.96e-05  |grad[c]|= 0.0006084337315006034  |ddm|=0.00013  |maxRot[o]|=0.0075
macro iter 33 (3 JK  1 micro), CASSCF E = -169.882589988308  dE = -1.5064004e-06  S^2 = 0.0000000
               |grad[o]|=0.000105  |grad[c]|= 0.0007707961246838076  |ddm|=0.000114  |maxRot[o]|=0.00943
macro iter 34 (3 JK  1 micro), CASSCF E = -169.882592434248  dE = -2.4459399e-06  S^2 = 0.0000000
               |grad[o]|=0.00013  |grad[c]|= 0.0009885847297801005  |ddm|=0.000111  |maxRot[o]|=0.0116
macro iter 35 (3 JK  1 micro), CASSCF E = -169.882596451376  dE = -4.0171282e-06  S^2 = 0.0000000
               |grad[o]|=0.000164  |grad[c]|= 0.0012786049823326653  |ddm|=0.000164  |maxRot[o]|=0.0145
macro iter 36 (3 JK  1 micro), CASSCF E = -169.882603119959  dE = -6.6685834e-06  S^2 = 0.0000000
               |grad[o]|=0.000211  |grad[c]|= 0.001671657507664168  |ddm|=0.000218  |maxRot[o]|=0.0184
macro iter 37 (9 JK  3 micro), CASSCF E = -169.882620742745  dE = -1.7622786e-05  S^2 = 0.0000000
               |grad[o]|=0.00027  |grad[c]|= 0.009488414812806581  |ddm|=0.00147  |maxRot[o]|=0.0505
macro iter 38 (5 JK  2 micro), CASSCF E = -169.882643624004  dE = -2.2881259e-05  S^2 = 0.0000000
               |grad[o]|=0.000709  |grad[c]|= 0.0034966635246675096  |ddm|=0.000942  |maxRot[o]|= 0.03
macro iter 39 (5 JK  2 micro), CASSCF E = -169.882671564407  dE = -2.7940403e-05  S^2 = 0.0000000
               |grad[o]|=0.000546  |grad[c]|= 0.0024079829441249596  |ddm|=0.00103  |maxRot[o]|= 0.03
macro iter 40 (6 JK  2 micro), CASSCF E = -169.882724185144  dE = -5.2620737e-05  S^2 = 0.0000000
               |grad[o]|=0.000677  |grad[c]|= 0.0024214151498981743  |ddm|=0.00168  |maxRot[o]|= 0.05
macro iter 41 (11 JK  3 micro), CASSCF E = -169.882737590107  dE = -1.3404962e-05  S^2 = 0.0000000
               |grad[o]|=0.000893  |grad[c]|= 0.01323700567250139  |ddm|=0.00197  |maxRot[o]|=0.0661
macro iter 42 (7 JK  2 micro), CASSCF E = -169.882839022856  dE = -0.00010143275  S^2 = 0.0000000
               |grad[o]|=0.00117  |grad[c]|= 0.00277276674113778  |ddm|=0.00239  |maxRot[o]|=0.0699
macro iter 43 (7 JK  2 micro), CASSCF E = -169.88296489483  dE = -0.00012587197  S^2 = 0.0000000
               |grad[o]|=0.00123  |grad[c]|= 0.0019518428817193324  |ddm|=0.00295  |maxRot[o]|=0.0699
macro iter 44 (7 JK  2 micro), CASSCF E = -169.883118978296  dE = -0.00015408347  S^2 = 0.0000000
               |grad[o]|=0.00155  |grad[c]|= 0.0016454060546054886  |ddm|=0.00336  |maxRot[o]|=0.0699
macro iter 45 (7 JK  2 micro), CASSCF E = -169.883295523335  dE = -0.00017654504  S^2 = 0.0000000
               |grad[o]|=0.00184  |grad[c]|= 0.001408868088721769  |ddm|=0.00351  |maxRot[o]|=0.0699
macro iter 46 (7 JK  2 micro), CASSCF E = -169.883488401978  dE = -0.00019287864  S^2 = 0.0000000
               |grad[o]|=0.00209  |grad[c]|= 0.0012341417972889263  |ddm|=0.00354  |maxRot[o]|=0.0699
macro iter 47 (7 JK  2 micro), CASSCF E = -169.883690901593  dE = -0.00020249961  S^2 = 0.0000000
               |grad[o]|=0.00229  |grad[c]|= 0.0011638304473396946  |ddm|=0.00349  |maxRot[o]|=0.0699
macro iter 48 (7 JK  2 micro), CASSCF E = -169.883896027158  dE = -0.00020512556  S^2 = 0.0000000
               |grad[o]|=0.00243  |grad[c]|= 0.0011282431183273207  |ddm|=0.00339  |maxRot[o]|=0.0699
macro iter 49 (7 JK  2 micro), CASSCF E = -169.884097416449  dE = -0.00020138929  S^2 = 0.0000000
               |grad[o]|=0.00252  |grad[c]|= 0.0011775274238194566  |ddm|=0.00323  |maxRot[o]|=0.0699
macro iter 50 (7 JK  2 micro), CASSCF E = -169.88428752692  dE = -0.00019011047  S^2 = 0.0000000
               |grad[o]|=0.00256  |grad[c]|= 0.0014428551134609753  |ddm|=0.00302  |maxRot[o]|=0.0699
macro iter 51 (7 JK  2 micro), CASSCF E = -169.884461913681  dE = -0.00017438676  S^2 = 0.0000000
               |grad[o]|=0.00253  |grad[c]|= 0.0019948619043202226  |ddm|=0.00284  |maxRot[o]|=0.0699
macro iter 52 (7 JK  2 micro), CASSCF E = -169.88461358714  dE = -0.00015167346  S^2 = 0.0000000
               |grad[o]|=0.00246  |grad[c]|= 0.0027439629492664484  |ddm|=0.00256  |maxRot[o]|=0.0699
macro iter 53 (7 JK  2 micro), CASSCF E = -169.884733246194  dE = -0.00011965905  S^2 = 0.0000000
               |grad[o]|=0.00228  |grad[c]|= 0.002711205552015064  |ddm|=0.00194  |maxRot[o]|=0.0617
macro iter 54 (37 JK  8 micro), CASSCF E = -169.884965871818  dE = -0.00023262562  S^2 = 0.0000000
               |grad[o]|=0.00228  |grad[c]|= 0.0032670595116030617  |ddm|=0.0161  |maxRot[o]|=0.344
macro iter 55 (7 JK  2 micro), CASSCF E = -169.885065160057  dE = -9.9288239e-05  S^2 = 0.0000000
               |grad[o]|=0.00544  |grad[c]|= 0.0038651817300532345  |ddm|=0.00151  |maxRot[o]|=0.0699
macro iter 56 (17 JK  4 micro), CASSCF E = -169.885013089891  dE = 5.2070166e-05  S^2 = 0.0000000
               |grad[o]|=0.00367  |grad[c]|= 0.025473933214652716  |ddm|=0.00853  |maxRot[o]|=  0.1
macro iter 57 (37 JK  8 micro), CASSCF E = -169.885069484319  dE = -5.6394428e-05  S^2 = 0.0000000
               |grad[o]|=0.00222  |grad[c]|= 0.0002245813889159379  |ddm|=0.00339  |maxRot[o]|=0.0558
macro iter 58 (27 JK  6 micro), CASSCF E = -169.885126050353  dE = -5.6566034e-05  S^2 = 0.0000000
               |grad[o]|=0.00207  |grad[c]|= 0.006628178940117048  |ddm|=0.00554  |maxRot[o]|=0.0858
macro iter 59 (7 JK  2 micro), CASSCF E = -169.885197865732  dE = -7.1815379e-05  S^2 = 0.0000000
               |grad[o]|=0.00195  |grad[c]|= 0.00528053516412373  |ddm|=0.00249  |maxRot[o]|=0.0506
macro iter 60 (7 JK  2 micro), CASSCF E = -169.885235320969  dE = -3.7455237e-05  S^2 = 0.0000000
               |grad[o]|=0.0011  |grad[c]|= 0.008581333417209175  |ddm|=0.00299  |maxRot[o]|=0.0602
macro iter 61 (6 JK  2 micro), CASSCF E = -169.88524945352  dE = -1.4132551e-05  S^2 = 0.0000000
               |grad[o]|=0.000837  |grad[c]|= 0.005164994624575631  |ddm|=0.00212  |maxRot[o]|=0.0464
macro iter 62 (9 JK  3 micro), CASSCF E = -169.885244580223  dE = 4.8732963e-06  S^2 = 0.0000000
               |grad[o]|=0.000556  |grad[c]|= 0.0053537209813998244  |ddm|=0.0011  |maxRot[o]|=0.0481
macro iter 63 (27 JK  6 micro), CASSCF E = -169.885248621096  dE = -4.0408731e-06  S^2 = 0.0000000
               |grad[o]|=0.000441  |grad[c]|= 0.0015371209446400835  |ddm|=0.00109  |maxRot[o]|=0.0202
macro iter 64 (7 JK  2 micro), CASSCF E = -169.885252337519  dE = -3.7164228e-06  S^2 = 0.0000000
               |grad[o]|=0.000305  |grad[c]|= 0.002883001203362173  |ddm|=0.000843  |maxRot[o]|=0.0376
macro iter 65 (4 JK  1 micro), CASSCF E = -169.885253033086  dE = -6.9556648e-07  S^2 = 0.0000000
               |grad[o]|=0.00017  |grad[c]|= 0.0008657076067085209  |ddm|=0.000249  |maxRot[o]|=0.0164
macro iter 66 (6 JK  1 micro), CASSCF E = -169.885253089968  dE = -5.6882612e-08  S^2 = 0.0000000
               |grad[o]|=6.75e-05  |grad[c]|= 0.00015262178617615583  |ddm|=0.00018  |maxRot[o]|=0.0028
1-step CASSCF converged in 66 macro (1091 JK 258 micro) steps
CASSCF canonicalization
Density matrix diagonal elements [1.99825606 1.89807233 1.92942745 1.99279958 1.99537724 1.94811921
 0.06284868 0.08637192 0.08872753]
CASSCF energy = -169.885253089968
CASCI E = -169.885253089968  E(CI) = -31.4672895230258  S^2 = 0.0000000


******** <class 'pyscf.scf.uhf.UHF'> ********
method = UHF
initial guess = minao
damping factor = 0
level_shift factor = 0
DIIS = <class 'pyscf.scf.diis.CDIIS'>
diis_start_cycle = 1
diis_space = 10
SCF conv_tol = 1e-09
SCF conv_tol_grad = None
SCF max_cycles = 1000
direct_scf = True
direct_scf_tol = 1e-13
chkfile to save SCF result = /scratch/global/yangjunjie/test/410949/tmpf2cudyzs
max_memory 4000 MB (current use 578 MB)
number electrons alpha = 14  beta = 14
Set gradient conv threshold to 3.16228e-05
init E= -169.615675829443
  alpha nocc = 14  HOMO = 0.409047489736079  LUMO = 0.491739292213364
  beta  nocc = 14  HOMO = 0.409047489740545  LUMO = 0.49173929221417
cycle= 1 E= -169.614028681284  delta_E= 0.00165  |g|= 0.00252  |ddm|= 0.0252
  alpha nocc = 14  HOMO = 0.408722215050443  LUMO = 0.491277076225329
  beta  nocc = 14  HOMO = 0.408722215054311  LUMO = 0.491277076226039
cycle= 2 E= -169.614036255203  delta_E= -7.57e-06  |g|= 0.0011  |ddm|= 0.00504
  alpha nocc = 14  HOMO = 0.408742372399407  LUMO = 0.491272860723424
  beta  nocc = 14  HOMO = 0.408742372402739  LUMO = 0.491272860724036
cycle= 3 E= -169.614038188619  delta_E= -1.93e-06  |g|= 0.000582  |ddm|= 0.00217
  alpha nocc = 14  HOMO = 0.408746381248497  LUMO = 0.491261531524405
  beta  nocc = 14  HOMO = 0.40874638125112  LUMO = 0.491261531524885
cycle= 4 E= -169.614038900959  delta_E= -7.12e-07  |g|= 0.000111  |ddm|= 0.00182
  alpha nocc = 14  HOMO = 0.408744050050472  LUMO = 0.491261029951191
  beta  nocc = 14  HOMO = 0.408744050052626  LUMO = 0.491261029951581
cycle= 5 E= -169.614038926215  delta_E= -2.53e-08  |g|= 9.04e-06  |ddm|= 0.000409
  alpha nocc = 14  HOMO = 0.408744100376394  LUMO = 0.491260613108279
  beta  nocc = 14  HOMO = 0.408744100378209  LUMO = 0.491260613108602
cycle= 6 E= -169.614038926626  delta_E= -4.1e-10  |g|= 4.71e-06  |ddm|= 0.000112
  alpha nocc = 14  HOMO = 0.408744103049929  LUMO = 0.491260631492404
  beta  nocc = 14  HOMO = 0.408744103051532  LUMO = 0.491260631492684
Extra cycle  E= -169.614038927109  delta_E= -4.83e-10  |g|= 5.91e-06  |ddm|= 0.000128
converged SCF energy = -169.614038927109  <S^2> = 5.5682108e-08  2S+1 = 1.0000001


******** <class 'pyscf.scf.uhf.UHF'> ********
method = UHF
initial guess = minao
damping factor = 0
level_shift factor = 0
DIIS = <class 'pyscf.scf.diis.CDIIS'>
diis_start_cycle = 1
diis_space = 10
SCF conv_tol = 1e-09
SCF conv_tol_grad = None
SCF max_cycles = 1000
direct_scf = True
direct_scf_tol = 1e-13
chkfile to save SCF result = /scratch/global/yangjunjie/test/410949/tmpr1s5s5ra
max_memory 4000 MB (current use 578 MB)
number electrons alpha = 15  beta = 13
Set gradient conv threshold to 3.16228e-05
init E= -169.733289459881
  alpha nocc = 15  HOMO = 0.398592921360271  LUMO = 0.599224895538463
  beta  nocc = 13  HOMO = 0.416142644921127  LUMO = 0.518304781594959
cycle= 1 E= -169.731281620435  delta_E= 0.00201  |g|= 0.00246  |ddm|= 0.0255
  alpha nocc = 15  HOMO = 0.398166038599769  LUMO = 0.597547493215833
  beta  nocc = 13  HOMO = 0.415718703595982  LUMO = 0.518029418522969
cycle= 2 E= -169.731289087091  delta_E= -7.47e-06  |g|= 0.00107  |ddm|= 0.00458
  alpha nocc = 15  HOMO = 0.398155592894492  LUMO = 0.597582546906531
  beta  nocc = 13  HOMO = 0.415709868929546  LUMO = 0.51805135295056
cycle= 3 E= -169.73129111328  delta_E= -2.03e-06  |g|= 0.000549  |ddm|= 0.00232
  alpha nocc = 15  HOMO = 0.398144371455705  LUMO = 0.597301255924045
  beta  nocc = 13  HOMO = 0.415699363708263  LUMO = 0.518054324501253
cycle= 4 E= -169.731291699516  delta_E= -5.86e-07  |g|= 0.000114  |ddm|= 0.0016
  alpha nocc = 15  HOMO = 0.398144851195961  LUMO = 0.597283921301422
  beta  nocc = 13  HOMO = 0.415699653642484  LUMO = 0.518052842192698
cycle= 5 E= -169.731291724554  delta_E= -2.5e-08  |g|= 2.09e-05  |ddm|= 0.000384
  alpha nocc = 15  HOMO = 0.398144371770203  LUMO = 0.597277621609651
  beta  nocc = 13  HOMO = 0.415699038240861  LUMO = 0.518052723765589
cycle= 6 E= -169.731291725687  delta_E= -1.13e-09  |g|= 1.42e-05  |ddm|= 6.31e-05
  alpha nocc = 15  HOMO = 0.398144487650709  LUMO = 0.597278817747523
  beta  nocc = 13  HOMO = 0.415699076363262  LUMO = 0.518052684847569
cycle= 7 E= -169.731291726806  delta_E= -1.12e-09  |g|= 6.05e-06  |ddm|= 0.000102
  alpha nocc = 15  HOMO = 0.398144453550975  LUMO = 0.597279215993212
  beta  nocc = 13  HOMO = 0.415699055013762  LUMO = 0.51805256664634
cycle= 8 E= -169.731291727019  delta_E= -2.13e-10  |g|= 1.73e-06  |ddm|= 5.49e-05
  alpha nocc = 15  HOMO = 0.398144459623228  LUMO = 0.597279306986714
  beta  nocc = 13  HOMO = 0.4156990598365  LUMO = 0.518052574785039
Extra cycle  E= -169.731291727024  delta_E= -5.29e-12  |g|= 1.15e-06  |ddm|= 3.65e-06
converged SCF energy = -169.731291727024  <S^2> = 3.000913  2S+1 = 3.6060577
